16:43:04 INFO  : Registering command handlers for SDK TCF services
16:43:04 INFO  : Launching XSCT server: xsct.bat -interactive C:\TEMP\3610_4\TP4\TP4.sdk\temp_xsdb_launch_script.tcl
16:43:06 INFO  : XSCT server has started successfully.
16:43:10 INFO  : Successfully done setting XSCT server connection channel  
16:43:10 INFO  : Processing command line option -hwspec C:/TEMP/3610_4/TP4/TP4.sdk/design_1_wrapper.hdf.
16:43:10 INFO  : Successfully done setting SDK workspace  
16:45:33 INFO  : Connected to target on host '127.0.0.1' and port '3121'.
16:45:34 INFO  : 'targets -set -filter {jtag_cable_name =~ "Digilent Zed 210248685295" && level==0} -index 1' command is executed.
16:45:36 INFO  : FPGA configured successfully with bitstream "C:/TEMP/3610_4/TP4/TP4.sdk/design_1_wrapper_hw_platform_0/design_1_wrapper.bit"
16:45:48 INFO  : 'targets -set -filter {jtag_cable_name =~ "Digilent Zed 210248685295" && level==0} -index 1' command is executed.
16:45:48 INFO  : 'fpga -state' command is executed.
16:45:48 INFO  : Connected to target on host '127.0.0.1' and port '3121'.
16:45:48 INFO  : Jtag cable 'Digilent Zed 210248685295' is selected.
16:45:48 INFO  : 'jtag frequency' command is executed.
16:45:48 INFO  : Sourcing of 'C:/TEMP/3610_4/TP4/TP4.sdk/design_1_wrapper_hw_platform_0/ps7_init.tcl' is done.
16:45:48 INFO  : Context for 'APU' is selected.
16:45:48 INFO  : Hardware design information is loaded from 'C:/TEMP/3610_4/TP4/TP4.sdk/design_1_wrapper_hw_platform_0/system.hdf'.
16:45:48 INFO  : 'configparams force-mem-access 1' command is executed.
16:45:49 INFO  : Context for 'APU' is selected.
16:45:49 INFO  : 'stop' command is executed.
16:45:49 INFO  : 'ps7_init' command is executed.
16:45:49 INFO  : 'ps7_post_config' command is executed.
16:45:49 INFO  : Context for processor 'ps7_cortexa9_0' is selected.
16:45:49 INFO  : Processor reset is completed for 'ps7_cortexa9_0'.
16:45:50 INFO  : Context for processor 'ps7_cortexa9_0' is selected.
16:45:50 INFO  : The application 'C:/TEMP/3610_4/TP4/TP4.sdk/malheur/Debug/malheur.elf' is downloaded to processor 'ps7_cortexa9_0'.
16:45:50 INFO  : 'configparams force-mem-access 0' command is executed.
16:45:50 INFO  : ----------------XSDB Script----------------
connect -url tcp:127.0.0.1:3121
source C:/TEMP/3610_4/TP4/TP4.sdk/design_1_wrapper_hw_platform_0/ps7_init.tcl
targets -set -nocase -filter {name =~"APU*" && jtag_cable_name =~ "Digilent Zed 210248685295"} -index 0
loadhw -hw C:/TEMP/3610_4/TP4/TP4.sdk/design_1_wrapper_hw_platform_0/system.hdf -mem-ranges [list {0x40000000 0xbfffffff}]
configparams force-mem-access 1
targets -set -nocase -filter {name =~"APU*" && jtag_cable_name =~ "Digilent Zed 210248685295"} -index 0
stop
ps7_init
ps7_post_config
targets -set -nocase -filter {name =~ "ARM*#0" && jtag_cable_name =~ "Digilent Zed 210248685295"} -index 0
rst -processor
targets -set -nocase -filter {name =~ "ARM*#0" && jtag_cable_name =~ "Digilent Zed 210248685295"} -index 0
dow C:/TEMP/3610_4/TP4/TP4.sdk/malheur/Debug/malheur.elf
configparams force-mem-access 0
----------------End of Script----------------

16:45:50 INFO  : Memory regions updated for context APU
16:45:50 INFO  : Context for processor 'ps7_cortexa9_0' is selected.
16:45:50 INFO  : 'con' command is executed.
16:45:50 INFO  : ----------------XSDB Script (After Launch)----------------
targets -set -nocase -filter {name =~ "ARM*#0" && jtag_cable_name =~ "Digilent Zed 210248685295"} -index 0
con
----------------End of Script----------------

16:45:50 INFO  : Launch script is exported to file 'C:\TEMP\3610_4\TP4\TP4.sdk\.sdk\launch_scripts\xilinx_c-c++_application_(system_debugger)\system_debugger_using_debug_malheur.elf_on_local.tcl'
16:46:52 INFO  : Connected to target on host '127.0.0.1' and port '3121'.
16:46:52 INFO  : 'targets -set -filter {jtag_cable_name =~ "Digilent Zed 210248685295" && level==0} -index 1' command is executed.
16:46:54 INFO  : FPGA configured successfully with bitstream "C:/TEMP/3610_4/TP4/TP4.sdk/design_1_wrapper_hw_platform_0/design_1_wrapper.bit"
16:47:04 INFO  : Disconnected from the channel tcfchan#1.
16:47:05 INFO  : 'targets -set -filter {jtag_cable_name =~ "Digilent Zed 210248685295" && level==0} -index 1' command is executed.
16:47:05 INFO  : 'fpga -state' command is executed.
16:47:05 INFO  : Connected to target on host '127.0.0.1' and port '3121'.
16:47:06 INFO  : Jtag cable 'Digilent Zed 210248685295' is selected.
16:47:06 INFO  : 'jtag frequency' command is executed.
16:47:06 INFO  : Sourcing of 'C:/TEMP/3610_4/TP4/TP4.sdk/design_1_wrapper_hw_platform_0/ps7_init.tcl' is done.
16:47:06 INFO  : Context for 'APU' is selected.
16:47:09 INFO  : Hardware design information is loaded from 'C:/TEMP/3610_4/TP4/TP4.sdk/design_1_wrapper_hw_platform_0/system.hdf'.
16:47:09 INFO  : 'configparams force-mem-access 1' command is executed.
16:47:09 INFO  : Context for 'APU' is selected.
16:47:09 INFO  : 'stop' command is executed.
16:47:10 INFO  : 'ps7_init' command is executed.
16:47:10 INFO  : 'ps7_post_config' command is executed.
16:47:10 INFO  : Context for processor 'ps7_cortexa9_0' is selected.
16:47:10 INFO  : Processor reset is completed for 'ps7_cortexa9_0'.
16:47:10 INFO  : Context for processor 'ps7_cortexa9_0' is selected.
16:47:10 INFO  : The application 'C:/TEMP/3610_4/TP4/TP4.sdk/malheur/Debug/malheur.elf' is downloaded to processor 'ps7_cortexa9_0'.
16:47:10 INFO  : 'configparams force-mem-access 0' command is executed.
16:47:10 INFO  : ----------------XSDB Script----------------
connect -url tcp:127.0.0.1:3121
source C:/TEMP/3610_4/TP4/TP4.sdk/design_1_wrapper_hw_platform_0/ps7_init.tcl
targets -set -nocase -filter {name =~"APU*" && jtag_cable_name =~ "Digilent Zed 210248685295"} -index 0
loadhw -hw C:/TEMP/3610_4/TP4/TP4.sdk/design_1_wrapper_hw_platform_0/system.hdf -mem-ranges [list {0x40000000 0xbfffffff}]
configparams force-mem-access 1
targets -set -nocase -filter {name =~"APU*" && jtag_cable_name =~ "Digilent Zed 210248685295"} -index 0
stop
ps7_init
ps7_post_config
targets -set -nocase -filter {name =~ "ARM*#0" && jtag_cable_name =~ "Digilent Zed 210248685295"} -index 0
rst -processor
targets -set -nocase -filter {name =~ "ARM*#0" && jtag_cable_name =~ "Digilent Zed 210248685295"} -index 0
dow C:/TEMP/3610_4/TP4/TP4.sdk/malheur/Debug/malheur.elf
configparams force-mem-access 0
----------------End of Script----------------

16:47:11 INFO  : Memory regions updated for context APU
16:47:11 INFO  : Context for processor 'ps7_cortexa9_0' is selected.
16:47:11 INFO  : 'con' command is executed.
16:47:11 INFO  : ----------------XSDB Script (After Launch)----------------
targets -set -nocase -filter {name =~ "ARM*#0" && jtag_cable_name =~ "Digilent Zed 210248685295"} -index 0
con
----------------End of Script----------------

16:47:11 INFO  : Launch script is exported to file 'C:\TEMP\3610_4\TP4\TP4.sdk\.sdk\launch_scripts\xilinx_c-c++_application_(system_debugger)\system_debugger_using_debug_malheur.elf_on_local.tcl'
16:59:21 INFO  : Connected to target on host '127.0.0.1' and port '3121'.
16:59:21 INFO  : 'targets -set -filter {jtag_cable_name =~ "Digilent Zed 210248685295" && level==0} -index 1' command is executed.
16:59:24 INFO  : FPGA configured successfully with bitstream "C:/TEMP/3610_4/TP4/TP4.sdk/design_1_wrapper_hw_platform_0/design_1_wrapper.bit"
16:59:34 INFO  : Disconnected from the channel tcfchan#2.
16:59:35 INFO  : 'targets -set -filter {jtag_cable_name =~ "Digilent Zed 210248685295" && level==0} -index 1' command is executed.
16:59:35 INFO  : 'fpga -state' command is executed.
16:59:35 INFO  : Connected to target on host '127.0.0.1' and port '3121'.
16:59:36 INFO  : Jtag cable 'Digilent Zed 210248685295' is selected.
16:59:36 INFO  : 'jtag frequency' command is executed.
16:59:36 INFO  : Sourcing of 'C:/TEMP/3610_4/TP4/TP4.sdk/design_1_wrapper_hw_platform_0/ps7_init.tcl' is done.
16:59:36 INFO  : Context for 'APU' is selected.
16:59:39 INFO  : Hardware design information is loaded from 'C:/TEMP/3610_4/TP4/TP4.sdk/design_1_wrapper_hw_platform_0/system.hdf'.
16:59:39 INFO  : 'configparams force-mem-access 1' command is executed.
16:59:39 INFO  : Context for 'APU' is selected.
16:59:39 INFO  : 'stop' command is executed.
16:59:41 INFO  : 'ps7_init' command is executed.
16:59:41 INFO  : 'ps7_post_config' command is executed.
16:59:42 INFO  : Context for processor 'ps7_cortexa9_0' is selected.
16:59:42 INFO  : Processor reset is completed for 'ps7_cortexa9_0'.
16:59:42 INFO  : Context for processor 'ps7_cortexa9_0' is selected.
16:59:44 ERROR : Memory write error at 0x100000. AP transaction timeout
16:59:44 INFO  : ----------------XSDB Script----------------
connect -url tcp:127.0.0.1:3121
source C:/TEMP/3610_4/TP4/TP4.sdk/design_1_wrapper_hw_platform_0/ps7_init.tcl
targets -set -nocase -filter {name =~"APU*" && jtag_cable_name =~ "Digilent Zed 210248685295"} -index 0
loadhw -hw C:/TEMP/3610_4/TP4/TP4.sdk/design_1_wrapper_hw_platform_0/system.hdf -mem-ranges [list {0x40000000 0xbfffffff}]
configparams force-mem-access 1
targets -set -nocase -filter {name =~"APU*" && jtag_cable_name =~ "Digilent Zed 210248685295"} -index 0
stop
ps7_init
ps7_post_config
targets -set -nocase -filter {name =~ "ARM*#0" && jtag_cable_name =~ "Digilent Zed 210248685295"} -index 0
rst -processor
targets -set -nocase -filter {name =~ "ARM*#0" && jtag_cable_name =~ "Digilent Zed 210248685295"} -index 0
dow C:/TEMP/3610_4/TP4/TP4.sdk/malheur/Debug/malheur.elf
----------------End of Script----------------

16:59:57 INFO  : Connected to target on host '127.0.0.1' and port '3121'.
16:59:58 INFO  : 'targets -set -filter {jtag_cable_name =~ "Digilent Zed 210248685295" && level==0} -index 1' command is executed.
17:00:00 INFO  : FPGA configured successfully with bitstream "C:/TEMP/3610_4/TP4/TP4.sdk/design_1_wrapper_hw_platform_0/design_1_wrapper.bit"
17:00:04 INFO  : 'targets -set -filter {jtag_cable_name =~ "Digilent Zed 210248685295" && level==0} -index 1' command is executed.
17:00:04 INFO  : 'fpga -state' command is executed.
17:00:04 INFO  : Connected to target on host '127.0.0.1' and port '3121'.
17:00:04 INFO  : Jtag cable 'Digilent Zed 210248685295' is selected.
17:00:04 INFO  : 'jtag frequency' command is executed.
17:00:04 INFO  : Sourcing of 'C:/TEMP/3610_4/TP4/TP4.sdk/design_1_wrapper_hw_platform_0/ps7_init.tcl' is done.
17:00:04 INFO  : Context for 'APU' is selected.
17:00:04 INFO  : Hardware design information is loaded from 'C:/TEMP/3610_4/TP4/TP4.sdk/design_1_wrapper_hw_platform_0/system.hdf'.
17:00:04 INFO  : 'configparams force-mem-access 1' command is executed.
17:00:04 INFO  : Context for 'APU' is selected.
17:00:04 INFO  : 'stop' command is executed.
17:00:05 INFO  : 'ps7_init' command is executed.
17:00:05 INFO  : 'ps7_post_config' command is executed.
17:00:05 INFO  : Context for processor 'ps7_cortexa9_0' is selected.
17:00:05 INFO  : Processor reset is completed for 'ps7_cortexa9_0'.
17:00:05 INFO  : Context for processor 'ps7_cortexa9_0' is selected.
17:00:06 INFO  : The application 'C:/TEMP/3610_4/TP4/TP4.sdk/malheur/Debug/malheur.elf' is downloaded to processor 'ps7_cortexa9_0'.
17:00:06 INFO  : 'configparams force-mem-access 0' command is executed.
17:00:06 INFO  : ----------------XSDB Script----------------
connect -url tcp:127.0.0.1:3121
source C:/TEMP/3610_4/TP4/TP4.sdk/design_1_wrapper_hw_platform_0/ps7_init.tcl
targets -set -nocase -filter {name =~"APU*" && jtag_cable_name =~ "Digilent Zed 210248685295"} -index 0
loadhw -hw C:/TEMP/3610_4/TP4/TP4.sdk/design_1_wrapper_hw_platform_0/system.hdf -mem-ranges [list {0x40000000 0xbfffffff}]
configparams force-mem-access 1
targets -set -nocase -filter {name =~"APU*" && jtag_cable_name =~ "Digilent Zed 210248685295"} -index 0
stop
ps7_init
ps7_post_config
targets -set -nocase -filter {name =~ "ARM*#0" && jtag_cable_name =~ "Digilent Zed 210248685295"} -index 0
rst -processor
targets -set -nocase -filter {name =~ "ARM*#0" && jtag_cable_name =~ "Digilent Zed 210248685295"} -index 0
dow C:/TEMP/3610_4/TP4/TP4.sdk/malheur/Debug/malheur.elf
configparams force-mem-access 0
----------------End of Script----------------

17:00:06 INFO  : Memory regions updated for context APU
17:00:06 INFO  : Context for processor 'ps7_cortexa9_0' is selected.
17:00:06 INFO  : 'con' command is executed.
17:00:06 INFO  : ----------------XSDB Script (After Launch)----------------
targets -set -nocase -filter {name =~ "ARM*#0" && jtag_cable_name =~ "Digilent Zed 210248685295"} -index 0
con
----------------End of Script----------------

17:00:06 INFO  : Launch script is exported to file 'C:\TEMP\3610_4\TP4\TP4.sdk\.sdk\launch_scripts\xilinx_c-c++_application_(system_debugger)\system_debugger_using_debug_malheur.elf_on_local.tcl'
17:01:36 INFO  : SDK has detected change in the last modified timestamps for source hardware specification file Source:1523912464962,  Project:1523910591258
17:01:36 INFO  : Project design_1_wrapper_hw_platform_0's source hardware specification located at C:/TEMP/3610_4/TP4/TP4.sdk/design_1_wrapper.hdf is now different from the local copy.
		 The local copy will be replaced with the source specification and your workspace will be updated.
17:01:39 INFO  : Copied contents of C:/TEMP/3610_4/TP4/TP4.sdk/design_1_wrapper.hdf into \design_1_wrapper_hw_platform_0\system.hdf.
17:01:45 INFO  : Synchronizing projects in the workspace with the hardware platform specification changes.
17:01:48 INFO  : 
17:01:49 INFO  : Updating hardware inferred compiler options for malheur.
17:01:49 INFO  : Clearing existing target manager status.
17:01:51 INFO  : Closing and re-opening the MSS file of ther project standalone_bsp_0
17:01:52 INFO  : Workspace synchronized with the new hardware specification file. Cleaning dependent projects...
17:01:56 WARN  : Linker script will not be updated automatically. Users need to update it manually.
17:05:48 INFO  : Connected to target on host '127.0.0.1' and port '3121'.
17:05:48 INFO  : 'targets -set -filter {jtag_cable_name =~ "Digilent Zed 210248685295" && level==0} -index 1' command is executed.
17:05:50 INFO  : FPGA configured successfully with bitstream "C:/TEMP/3610_4/TP4/TP4.sdk/design_1_wrapper_hw_platform_0/design_1_wrapper.bit"
17:08:07 INFO  : Disconnected from the channel tcfchan#3.
17:08:09 INFO  : 'targets -set -filter {jtag_cable_name =~ "Digilent Zed 210248685295" && level==0} -index 1' command is executed.
17:08:09 INFO  : 'fpga -state' command is executed.
17:08:09 INFO  : Connected to target on host '127.0.0.1' and port '3121'.
17:08:10 INFO  : Jtag cable 'Digilent Zed 210248685295' is selected.
17:08:10 INFO  : 'jtag frequency' command is executed.
17:08:10 INFO  : Sourcing of 'C:/TEMP/3610_4/TP4/TP4.sdk/design_1_wrapper_hw_platform_0/ps7_init.tcl' is done.
17:08:10 INFO  : Context for 'APU' is selected.
17:08:10 INFO  : Hardware design information is loaded from 'C:/TEMP/3610_4/TP4/TP4.sdk/design_1_wrapper_hw_platform_0/system.hdf'.
17:08:10 INFO  : 'configparams force-mem-access 1' command is executed.
17:08:10 INFO  : Context for 'APU' is selected.
17:08:10 INFO  : 'stop' command is executed.
17:08:10 INFO  : 'ps7_init' command is executed.
17:08:10 INFO  : 'ps7_post_config' command is executed.
17:08:11 INFO  : Context for processor 'ps7_cortexa9_0' is selected.
17:08:11 INFO  : Processor reset is completed for 'ps7_cortexa9_0'.
17:08:11 INFO  : Context for processor 'ps7_cortexa9_0' is selected.
17:08:11 INFO  : The application 'C:/TEMP/3610_4/TP4/TP4.sdk/malheur/Debug/malheur.elf' is downloaded to processor 'ps7_cortexa9_0'.
17:08:11 INFO  : 'configparams force-mem-access 0' command is executed.
17:08:11 INFO  : ----------------XSDB Script----------------
connect -url tcp:127.0.0.1:3121
source C:/TEMP/3610_4/TP4/TP4.sdk/design_1_wrapper_hw_platform_0/ps7_init.tcl
targets -set -nocase -filter {name =~"APU*" && jtag_cable_name =~ "Digilent Zed 210248685295"} -index 0
loadhw -hw C:/TEMP/3610_4/TP4/TP4.sdk/design_1_wrapper_hw_platform_0/system.hdf -mem-ranges [list {0x40000000 0xbfffffff}]
configparams force-mem-access 1
targets -set -nocase -filter {name =~"APU*" && jtag_cable_name =~ "Digilent Zed 210248685295"} -index 0
stop
ps7_init
ps7_post_config
targets -set -nocase -filter {name =~ "ARM*#0" && jtag_cable_name =~ "Digilent Zed 210248685295"} -index 0
rst -processor
targets -set -nocase -filter {name =~ "ARM*#0" && jtag_cable_name =~ "Digilent Zed 210248685295"} -index 0
dow C:/TEMP/3610_4/TP4/TP4.sdk/malheur/Debug/malheur.elf
configparams force-mem-access 0
----------------End of Script----------------

17:08:11 INFO  : Memory regions updated for context APU
17:08:11 INFO  : Context for processor 'ps7_cortexa9_0' is selected.
17:08:11 INFO  : 'con' command is executed.
17:08:11 INFO  : ----------------XSDB Script (After Launch)----------------
targets -set -nocase -filter {name =~ "ARM*#0" && jtag_cable_name =~ "Digilent Zed 210248685295"} -index 0
con
----------------End of Script----------------

17:08:11 INFO  : Launch script is exported to file 'C:\TEMP\3610_4\TP4\TP4.sdk\.sdk\launch_scripts\xilinx_c-c++_application_(system_debugger)\system_debugger_using_debug_malheur.elf_on_local.tcl'
17:10:01 INFO  : Connected to target on host '127.0.0.1' and port '3121'.
17:10:02 INFO  : 'targets -set -filter {jtag_cable_name =~ "Digilent Zed 210248685295" && level==0} -index 1' command is executed.
17:10:05 INFO  : FPGA configured successfully with bitstream "C:/TEMP/3610_4/TP4/TP4.sdk/design_1_wrapper_hw_platform_0/design_1_wrapper.bit"
17:10:11 INFO  : Disconnected from the channel tcfchan#4.
17:10:12 INFO  : 'targets -set -filter {jtag_cable_name =~ "Digilent Zed 210248685295" && level==0} -index 1' command is executed.
17:10:12 INFO  : 'fpga -state' command is executed.
17:10:12 INFO  : Connected to target on host '127.0.0.1' and port '3121'.
17:10:12 INFO  : Jtag cable 'Digilent Zed 210248685295' is selected.
17:10:12 INFO  : 'jtag frequency' command is executed.
17:10:13 INFO  : Sourcing of 'C:/TEMP/3610_4/TP4/TP4.sdk/design_1_wrapper_hw_platform_0/ps7_init.tcl' is done.
17:10:13 INFO  : Context for 'APU' is selected.
17:10:16 INFO  : Hardware design information is loaded from 'C:/TEMP/3610_4/TP4/TP4.sdk/design_1_wrapper_hw_platform_0/system.hdf'.
17:10:16 INFO  : 'configparams force-mem-access 1' command is executed.
17:10:16 INFO  : Context for 'APU' is selected.
17:10:16 INFO  : 'stop' command is executed.
17:10:16 INFO  : 'ps7_init' command is executed.
17:10:16 INFO  : 'ps7_post_config' command is executed.
17:10:17 INFO  : Context for processor 'ps7_cortexa9_0' is selected.
17:10:17 INFO  : Processor reset is completed for 'ps7_cortexa9_0'.
17:10:17 INFO  : Context for processor 'ps7_cortexa9_0' is selected.
17:10:17 INFO  : The application 'C:/TEMP/3610_4/TP4/TP4.sdk/malheur/Debug/malheur.elf' is downloaded to processor 'ps7_cortexa9_0'.
17:10:17 INFO  : 'configparams force-mem-access 0' command is executed.
17:10:17 INFO  : ----------------XSDB Script----------------
connect -url tcp:127.0.0.1:3121
source C:/TEMP/3610_4/TP4/TP4.sdk/design_1_wrapper_hw_platform_0/ps7_init.tcl
targets -set -nocase -filter {name =~"APU*" && jtag_cable_name =~ "Digilent Zed 210248685295"} -index 0
loadhw -hw C:/TEMP/3610_4/TP4/TP4.sdk/design_1_wrapper_hw_platform_0/system.hdf -mem-ranges [list {0x40000000 0xbfffffff}]
configparams force-mem-access 1
targets -set -nocase -filter {name =~"APU*" && jtag_cable_name =~ "Digilent Zed 210248685295"} -index 0
stop
ps7_init
ps7_post_config
targets -set -nocase -filter {name =~ "ARM*#0" && jtag_cable_name =~ "Digilent Zed 210248685295"} -index 0
rst -processor
targets -set -nocase -filter {name =~ "ARM*#0" && jtag_cable_name =~ "Digilent Zed 210248685295"} -index 0
dow C:/TEMP/3610_4/TP4/TP4.sdk/malheur/Debug/malheur.elf
configparams force-mem-access 0
----------------End of Script----------------

17:10:17 INFO  : Memory regions updated for context APU
17:10:17 INFO  : Context for processor 'ps7_cortexa9_0' is selected.
17:10:17 INFO  : 'con' command is executed.
17:10:17 INFO  : ----------------XSDB Script (After Launch)----------------
targets -set -nocase -filter {name =~ "ARM*#0" && jtag_cable_name =~ "Digilent Zed 210248685295"} -index 0
con
----------------End of Script----------------

17:10:17 INFO  : Launch script is exported to file 'C:\TEMP\3610_4\TP4\TP4.sdk\.sdk\launch_scripts\xilinx_c-c++_application_(system_debugger)\system_debugger_using_debug_malheur.elf_on_local.tcl'
17:31:02 INFO  : SDK has detected change in the last modified timestamps for source hardware specification file Source:1523914120753,  Project:1523912464962
17:31:02 INFO  : Project design_1_wrapper_hw_platform_0's source hardware specification located at C:/TEMP/3610_4/TP4/TP4.sdk/design_1_wrapper.hdf is now different from the local copy.
		 The local copy will be replaced with the source specification and your workspace will be updated.
17:31:04 INFO  : Copied contents of C:/TEMP/3610_4/TP4/TP4.sdk/design_1_wrapper.hdf into \design_1_wrapper_hw_platform_0\system.hdf.
17:31:09 INFO  : Synchronizing projects in the workspace with the hardware platform specification changes.
17:31:12 INFO  : 
17:31:13 INFO  : Updating hardware inferred compiler options for malheur.
17:31:13 INFO  : Clearing existing target manager status.
17:31:13 INFO  : Closing and re-opening the MSS file of ther project standalone_bsp_0
17:31:14 INFO  : Workspace synchronized with the new hardware specification file. Cleaning dependent projects...
17:31:18 WARN  : Linker script will not be updated automatically. Users need to update it manually.
17:32:42 INFO  : Connected to target on host '127.0.0.1' and port '3121'.
17:32:42 INFO  : 'targets -set -filter {jtag_cable_name =~ "Digilent Zed 210248685295" && level==0} -index 1' command is executed.
17:32:45 INFO  : FPGA configured successfully with bitstream "C:/TEMP/3610_4/TP4/TP4.sdk/design_1_wrapper_hw_platform_0/design_1_wrapper.bit"
17:33:08 INFO  : Disconnected from the channel tcfchan#5.
17:33:09 INFO  : 'targets -set -filter {jtag_cable_name =~ "Digilent Zed 210248685295" && level==0} -index 1' command is executed.
17:33:10 INFO  : 'fpga -state' command is executed.
17:33:10 INFO  : Connected to target on host '127.0.0.1' and port '3121'.
17:33:10 INFO  : Jtag cable 'Digilent Zed 210248685295' is selected.
17:33:10 INFO  : 'jtag frequency' command is executed.
17:33:10 INFO  : Sourcing of 'C:/TEMP/3610_4/TP4/TP4.sdk/design_1_wrapper_hw_platform_0/ps7_init.tcl' is done.
17:33:10 INFO  : Context for 'APU' is selected.
17:33:10 INFO  : Hardware design information is loaded from 'C:/TEMP/3610_4/TP4/TP4.sdk/design_1_wrapper_hw_platform_0/system.hdf'.
17:33:10 INFO  : 'configparams force-mem-access 1' command is executed.
17:33:10 INFO  : Context for 'APU' is selected.
17:33:10 INFO  : 'stop' command is executed.
17:33:11 INFO  : 'ps7_init' command is executed.
17:33:11 INFO  : 'ps7_post_config' command is executed.
17:33:11 INFO  : Context for processor 'ps7_cortexa9_0' is selected.
17:33:11 INFO  : Processor reset is completed for 'ps7_cortexa9_0'.
17:33:11 INFO  : Context for processor 'ps7_cortexa9_0' is selected.
17:33:11 INFO  : The application 'C:/TEMP/3610_4/TP4/TP4.sdk/malheur/Debug/malheur.elf' is downloaded to processor 'ps7_cortexa9_0'.
17:33:11 INFO  : 'configparams force-mem-access 0' command is executed.
17:33:11 INFO  : ----------------XSDB Script----------------
connect -url tcp:127.0.0.1:3121
source C:/TEMP/3610_4/TP4/TP4.sdk/design_1_wrapper_hw_platform_0/ps7_init.tcl
targets -set -nocase -filter {name =~"APU*" && jtag_cable_name =~ "Digilent Zed 210248685295"} -index 0
loadhw -hw C:/TEMP/3610_4/TP4/TP4.sdk/design_1_wrapper_hw_platform_0/system.hdf -mem-ranges [list {0x40000000 0xbfffffff}]
configparams force-mem-access 1
targets -set -nocase -filter {name =~"APU*" && jtag_cable_name =~ "Digilent Zed 210248685295"} -index 0
stop
ps7_init
ps7_post_config
targets -set -nocase -filter {name =~ "ARM*#0" && jtag_cable_name =~ "Digilent Zed 210248685295"} -index 0
rst -processor
targets -set -nocase -filter {name =~ "ARM*#0" && jtag_cable_name =~ "Digilent Zed 210248685295"} -index 0
dow C:/TEMP/3610_4/TP4/TP4.sdk/malheur/Debug/malheur.elf
configparams force-mem-access 0
----------------End of Script----------------

17:33:12 INFO  : Memory regions updated for context APU
17:33:12 INFO  : Context for processor 'ps7_cortexa9_0' is selected.
17:33:12 INFO  : 'con' command is executed.
17:33:12 INFO  : ----------------XSDB Script (After Launch)----------------
targets -set -nocase -filter {name =~ "ARM*#0" && jtag_cable_name =~ "Digilent Zed 210248685295"} -index 0
con
----------------End of Script----------------

17:33:12 INFO  : Launch script is exported to file 'C:\TEMP\3610_4\TP4\TP4.sdk\.sdk\launch_scripts\xilinx_c-c++_application_(system_debugger)\system_debugger_using_debug_malheur.elf_on_local.tcl'
17:47:27 INFO  : SDK has detected change in the last modified timestamps for source hardware specification file Source:1523915189669,  Project:1523914120753
17:47:27 INFO  : Project design_1_wrapper_hw_platform_0's source hardware specification located at C:/TEMP/3610_4/TP4/TP4.sdk/design_1_wrapper.hdf is now different from the local copy.
		 The local copy will be replaced with the source specification and your workspace will be updated.
17:47:30 INFO  : Copied contents of C:/TEMP/3610_4/TP4/TP4.sdk/design_1_wrapper.hdf into \design_1_wrapper_hw_platform_0\system.hdf.
17:47:35 INFO  : Synchronizing projects in the workspace with the hardware platform specification changes.
17:47:38 INFO  : 
17:47:39 INFO  : Updating hardware inferred compiler options for malheur.
17:47:39 INFO  : Clearing existing target manager status.
17:47:39 INFO  : Closing and re-opening the MSS file of ther project standalone_bsp_0
17:47:39 INFO  : Workspace synchronized with the new hardware specification file. Cleaning dependent projects...
17:47:44 WARN  : Linker script will not be updated automatically. Users need to update it manually.
17:57:54 INFO  : Connected to target on host '127.0.0.1' and port '3121'.
17:57:57 INFO  : 'targets -set -filter {jtag_cable_name =~ "Digilent Zed 210248685295" && level==0} -index 1' command is executed.
17:58:00 INFO  : FPGA configured successfully with bitstream "C:/TEMP/3610_4/TP4/TP4.sdk/design_1_wrapper_hw_platform_0/design_1_wrapper.bit"
17:58:03 INFO  : Disconnected from the channel tcfchan#6.
17:58:04 INFO  : 'targets -set -filter {jtag_cable_name =~ "Digilent Zed 210248685295" && level==0} -index 1' command is executed.
17:58:05 INFO  : 'fpga -state' command is executed.
17:58:05 INFO  : Connected to target on host '127.0.0.1' and port '3121'.
17:58:05 INFO  : Jtag cable 'Digilent Zed 210248685295' is selected.
17:58:05 INFO  : 'jtag frequency' command is executed.
17:58:05 INFO  : Sourcing of 'C:/TEMP/3610_4/TP4/TP4.sdk/design_1_wrapper_hw_platform_0/ps7_init.tcl' is done.
17:58:05 INFO  : Context for 'APU' is selected.
17:58:05 INFO  : Hardware design information is loaded from 'C:/TEMP/3610_4/TP4/TP4.sdk/design_1_wrapper_hw_platform_0/system.hdf'.
17:58:05 INFO  : 'configparams force-mem-access 1' command is executed.
17:58:05 INFO  : Context for 'APU' is selected.
17:58:05 INFO  : 'stop' command is executed.
17:58:06 INFO  : 'ps7_init' command is executed.
17:58:06 INFO  : 'ps7_post_config' command is executed.
17:58:06 INFO  : Context for processor 'ps7_cortexa9_0' is selected.
17:58:06 INFO  : Processor reset is completed for 'ps7_cortexa9_0'.
17:58:06 INFO  : Context for processor 'ps7_cortexa9_0' is selected.
17:58:07 INFO  : The application 'C:/TEMP/3610_4/TP4/TP4.sdk/malheur/Debug/malheur.elf' is downloaded to processor 'ps7_cortexa9_0'.
17:58:07 INFO  : 'configparams force-mem-access 0' command is executed.
17:58:07 INFO  : ----------------XSDB Script----------------
connect -url tcp:127.0.0.1:3121
source C:/TEMP/3610_4/TP4/TP4.sdk/design_1_wrapper_hw_platform_0/ps7_init.tcl
targets -set -nocase -filter {name =~"APU*" && jtag_cable_name =~ "Digilent Zed 210248685295"} -index 0
loadhw -hw C:/TEMP/3610_4/TP4/TP4.sdk/design_1_wrapper_hw_platform_0/system.hdf -mem-ranges [list {0x40000000 0xbfffffff}]
configparams force-mem-access 1
targets -set -nocase -filter {name =~"APU*" && jtag_cable_name =~ "Digilent Zed 210248685295"} -index 0
stop
ps7_init
ps7_post_config
targets -set -nocase -filter {name =~ "ARM*#0" && jtag_cable_name =~ "Digilent Zed 210248685295"} -index 0
rst -processor
targets -set -nocase -filter {name =~ "ARM*#0" && jtag_cable_name =~ "Digilent Zed 210248685295"} -index 0
dow C:/TEMP/3610_4/TP4/TP4.sdk/malheur/Debug/malheur.elf
configparams force-mem-access 0
----------------End of Script----------------

17:58:07 INFO  : Memory regions updated for context APU
17:58:07 INFO  : Context for processor 'ps7_cortexa9_0' is selected.
17:58:07 INFO  : 'con' command is executed.
17:58:07 INFO  : ----------------XSDB Script (After Launch)----------------
targets -set -nocase -filter {name =~ "ARM*#0" && jtag_cable_name =~ "Digilent Zed 210248685295"} -index 0
con
----------------End of Script----------------

17:58:07 INFO  : Launch script is exported to file 'C:\TEMP\3610_4\TP4\TP4.sdk\.sdk\launch_scripts\xilinx_c-c++_application_(system_debugger)\system_debugger_using_debug_malheur.elf_on_local.tcl'
