
*** Running vivado
    with args -log design_1_auto_pc_1.vds -m64 -product Vivado -mode batch -messageDb vivado.pb -notrace -source design_1_auto_pc_1.tcl


****** Vivado v2017.2 (64-bit)
  **** SW Build 1909853 on Thu Jun 15 18:39:09 MDT 2017
  **** IP Build 1909766 on Thu Jun 15 19:58:00 MDT 2017
    ** Copyright 1986-2017 Xilinx, Inc. All Rights Reserved.

source design_1_auto_pc_1.tcl -notrace
Starting RTL Elaboration : Time (s): cpu = 00:00:09 ; elapsed = 00:00:10 . Memory (MB): peak = 347.008 ; gain = 81.133
INFO: [Synth 8-638] synthesizing module 'design_1_auto_pc_1' [c:/TEMP/3610_4/TP4/TP4.srcs/sources_1/bd/design_1/ip/design_1_auto_pc_1/synth/design_1_auto_pc_1.v:58]
INFO: [Synth 8-638] synthesizing module 'axi_protocol_converter_v2_1_13_axi_protocol_converter' [c:/TEMP/3610_4/TP4/TP4.srcs/sources_1/bd/design_1/ipshared/f0ae/hdl/axi_protocol_converter_v2_1_vl_rfs.v:4811]
INFO: [Synth 8-638] synthesizing module 'axi_protocol_converter_v2_1_13_axi3_conv' [c:/TEMP/3610_4/TP4/TP4.srcs/sources_1/bd/design_1/ipshared/f0ae/hdl/axi_protocol_converter_v2_1_vl_rfs.v:954]
INFO: [Synth 8-638] synthesizing module 'axi_protocol_converter_v2_1_13_a_axi3_conv' [c:/TEMP/3610_4/TP4/TP4.srcs/sources_1/bd/design_1/ipshared/f0ae/hdl/axi_protocol_converter_v2_1_vl_rfs.v:62]
INFO: [Synth 8-638] synthesizing module 'axi_data_fifo_v2_1_12_axic_fifo' [c:/TEMP/3610_4/TP4/TP4.srcs/sources_1/bd/design_1/ipshared/95b9/hdl/axi_data_fifo_v2_1_vl_rfs.v:64]
INFO: [Synth 8-638] synthesizing module 'axi_data_fifo_v2_1_12_fifo_gen' [c:/TEMP/3610_4/TP4/TP4.srcs/sources_1/bd/design_1/ipshared/95b9/hdl/axi_data_fifo_v2_1_vl_rfs.v:168]
INFO: [Synth 8-256] done synthesizing module 'axi_data_fifo_v2_1_12_fifo_gen' (19#1) [c:/TEMP/3610_4/TP4/TP4.srcs/sources_1/bd/design_1/ipshared/95b9/hdl/axi_data_fifo_v2_1_vl_rfs.v:168]
INFO: [Synth 8-256] done synthesizing module 'axi_data_fifo_v2_1_12_axic_fifo' (20#1) [c:/TEMP/3610_4/TP4/TP4.srcs/sources_1/bd/design_1/ipshared/95b9/hdl/axi_data_fifo_v2_1_vl_rfs.v:64]
INFO: [Synth 8-256] done synthesizing module 'axi_protocol_converter_v2_1_13_a_axi3_conv' (21#1) [c:/TEMP/3610_4/TP4/TP4.srcs/sources_1/bd/design_1/ipshared/f0ae/hdl/axi_protocol_converter_v2_1_vl_rfs.v:62]
INFO: [Synth 8-638] synthesizing module 'axi_protocol_converter_v2_1_13_r_axi3_conv' [c:/TEMP/3610_4/TP4/TP4.srcs/sources_1/bd/design_1/ipshared/f0ae/hdl/axi_protocol_converter_v2_1_vl_rfs.v:1789]
INFO: [Synth 8-256] done synthesizing module 'axi_protocol_converter_v2_1_13_r_axi3_conv' (22#1) [c:/TEMP/3610_4/TP4/TP4.srcs/sources_1/bd/design_1/ipshared/f0ae/hdl/axi_protocol_converter_v2_1_vl_rfs.v:1789]
INFO: [Synth 8-256] done synthesizing module 'axi_protocol_converter_v2_1_13_axi3_conv' (23#1) [c:/TEMP/3610_4/TP4/TP4.srcs/sources_1/bd/design_1/ipshared/f0ae/hdl/axi_protocol_converter_v2_1_vl_rfs.v:954]
INFO: [Synth 8-256] done synthesizing module 'axi_protocol_converter_v2_1_13_axi_protocol_converter' (24#1) [c:/TEMP/3610_4/TP4/TP4.srcs/sources_1/bd/design_1/ipshared/f0ae/hdl/axi_protocol_converter_v2_1_vl_rfs.v:4811]
INFO: [Synth 8-256] done synthesizing module 'design_1_auto_pc_1' (25#1) [c:/TEMP/3610_4/TP4/TP4.srcs/sources_1/bd/design_1/ip/design_1_auto_pc_1/synth/design_1_auto_pc_1.v:58]
Finished RTL Elaboration : Time (s): cpu = 00:00:54 ; elapsed = 00:00:55 . Memory (MB): peak = 467.898 ; gain = 202.023
Finished RTL Optimization Phase 1 : Time (s): cpu = 00:00:55 ; elapsed = 00:00:56 . Memory (MB): peak = 467.898 ; gain = 202.023
INFO: [Device 21-403] Loading part xc7z020clg484-1
Constraint Validation Runtime : Time (s): cpu = 00:00:00 ; elapsed = 00:00:00.052 . Memory (MB): peak = 715.043 ; gain = 0.000
Finished Constraint Validation : Time (s): cpu = 00:01:11 ; elapsed = 00:02:13 . Memory (MB): peak = 715.043 ; gain = 449.168
Finished Loading Part and Timing Information : Time (s): cpu = 00:01:11 ; elapsed = 00:02:13 . Memory (MB): peak = 715.043 ; gain = 449.168
Finished applying 'set_property' XDC Constraints : Time (s): cpu = 00:01:11 ; elapsed = 00:02:13 . Memory (MB): peak = 715.043 ; gain = 449.168
Finished RTL Optimization Phase 2 : Time (s): cpu = 00:01:12 ; elapsed = 00:02:14 . Memory (MB): peak = 715.043 ; gain = 449.168
Finished Cross Boundary and Area Optimization : Time (s): cpu = 00:01:14 ; elapsed = 00:02:16 . Memory (MB): peak = 715.043 ; gain = 449.168
---------------------------------------------------------------------------------
Start ROM, RAM, DSP and Shift Register Reporting
---------------------------------------------------------------------------------

Distributed RAM: Preliminary Mapping  Report (see note below)
+-------------------------------------------------------------------------------------------------------------------+-------------------------------------------------------------------------------+----------------+----------------------+----------------+
|Module Name                                                                                                        | RTL Object                                                                    | Inference      | Size (Depth x Width) | Primitives     | 
+-------------------------------------------------------------------------------------------------------------------+-------------------------------------------------------------------------------+----------------+----------------------+----------------+
|inst/\gen_axi4_axi3.axi3_conv_inst/USE_READ.USE_SPLIT_R.read_addr_inst/USE_R_CHANNEL.cmd_queue/inst/fifo_gen_inst  | inst_fifo_gen/gconvfifo.rf/grf.rf/gntv_or_sync_fifo.mem/gdm.dm_gen.dm/RAM_reg | User Attribute | 32 x 1               | RAM32X1D x 1   | 
+-------------------------------------------------------------------------------------------------------------------+-------------------------------------------------------------------------------+----------------+----------------------+----------------+

Note: The table above is a preliminary report that shows the Distributed RAMs at the current stage of the synthesis flow. Some Distributed RAMs may be reimplemented as non Distributed RAM primitives later in the synthesis flow. Multiple instantiated RAMs are reported only once.
---------------------------------------------------------------------------------
Finished ROM, RAM, DSP and Shift Register Reporting
---------------------------------------------------------------------------------
Finished Applying XDC Timing Constraints : Time (s): cpu = 00:01:32 ; elapsed = 00:02:34 . Memory (MB): peak = 715.043 ; gain = 449.168
Finished Timing Optimization : Time (s): cpu = 00:01:32 ; elapsed = 00:02:35 . Memory (MB): peak = 715.043 ; gain = 449.168
Finished Technology Mapping : Time (s): cpu = 00:01:33 ; elapsed = 00:02:35 . Memory (MB): peak = 715.043 ; gain = 449.168
Finished IO Insertion : Time (s): cpu = 00:01:34 ; elapsed = 00:02:36 . Memory (MB): peak = 715.043 ; gain = 449.168
Finished Renaming Generated Instances : Time (s): cpu = 00:01:34 ; elapsed = 00:02:36 . Memory (MB): peak = 715.043 ; gain = 449.168
Finished Rebuilding User Hierarchy : Time (s): cpu = 00:01:34 ; elapsed = 00:02:36 . Memory (MB): peak = 715.043 ; gain = 449.168
Finished Renaming Generated Ports : Time (s): cpu = 00:01:34 ; elapsed = 00:02:36 . Memory (MB): peak = 715.043 ; gain = 449.168
Finished Handling Custom Attributes : Time (s): cpu = 00:01:34 ; elapsed = 00:02:36 . Memory (MB): peak = 715.043 ; gain = 449.168
Finished Renaming Generated Nets : Time (s): cpu = 00:01:34 ; elapsed = 00:02:36 . Memory (MB): peak = 715.043 ; gain = 449.168

Report Cell Usage: 
+------+---------+------+
|      |Cell     |Count |
+------+---------+------+
|1     |CARRY4   |     8|
|2     |LUT1     |     8|
|3     |LUT2     |    21|
|4     |LUT3     |    25|
|5     |LUT4     |    26|
|6     |LUT5     |    71|
|7     |LUT6     |    31|
|8     |RAM32X1D |     1|
|9     |FDCE     |    23|
|10    |FDPE     |    21|
|11    |FDRE     |   146|
|12    |FDSE     |     1|
+------+---------+------+
Finished Writing Synthesis Report : Time (s): cpu = 00:01:34 ; elapsed = 00:02:36 . Memory (MB): peak = 715.043 ; gain = 449.168
synth_design: Time (s): cpu = 00:01:35 ; elapsed = 00:02:39 . Memory (MB): peak = 715.043 ; gain = 455.805
