13:51:48 INFO  : Registering command handlers for SDK TCF services
13:51:50 INFO  : Launching XSCT server: xsct.bat -interactive C:\TEMP\3610_4\TP4\TP4.sdk\temp_xsdb_launch_script.tcl
13:51:54 INFO  : XSCT server has started successfully.
13:52:06 INFO  : Successfully done setting XSCT server connection channel  
13:52:06 INFO  : Successfully done setting SDK workspace  
13:52:06 INFO  : Processing command line option -hwspec C:/TEMP/3610_4/TP4/TP4.sdk/design_1_wrapper.hdf.
13:29:47 INFO  : Launching XSCT server: xsct.bat -interactive C:\TEMP\3610_4\TP4\TP4.sdk\temp_xsdb_launch_script.tcl
13:29:49 INFO  : XSCT server has started successfully.
13:29:49 INFO  : Successfully done setting XSCT server connection channel  
13:29:51 INFO  : Successfully done setting SDK workspace  
13:29:53 INFO  : Registering command handlers for SDK TCF services
13:29:58 INFO  : Processing command line option -hwspec C:/TEMP/3610_4/TP4/TP4.sdk/design_1_wrapper.hdf.
13:29:58 INFO  : Checking for hwspec changes in the project design_1_wrapper_hw_platform_0.
13:29:58 INFO  : SDK has detected change in the last modified timestamps for source hardware specification file Source:1523295618000,  Project:1523295616853
13:29:58 INFO  : The hardware specification for project 'design_1_wrapper_hw_platform_0' is different from C:/TEMP/3610_4/TP4/TP4.sdk/design_1_wrapper.hdf.
13:29:58 INFO  : Copied contents of C:/TEMP/3610_4/TP4/TP4.sdk/design_1_wrapper.hdf into \design_1_wrapper_hw_platform_0\system.hdf.
13:30:03 INFO  : Synchronizing projects in the workspace with the hardware platform specification changes.
13:30:03 INFO  : Clearing existing target manager status.
13:30:07 INFO  : Workspace synchronized with the new hardware specification file. Cleaning dependent projects...
13:30:07 WARN  : Linker script will not be updated automatically. Users need to update it manually.
13:30:42 INFO  : Connected to target on host '127.0.0.1' and port '3121'.
13:30:42 INFO  : 'targets -set -filter {jtag_cable_name =~ "Digilent Zed 210248685294" && level==0} -index 1' command is executed.
13:30:45 INFO  : FPGA configured successfully with bitstream "C:/TEMP/3610_4/TP4/TP4.sdk/design_1_wrapper_hw_platform_0/design_1_wrapper.bit"
13:37:05 INFO  : Connected to target on host '127.0.0.1' and port '3121'.
13:37:05 INFO  : 'targets -set -filter {jtag_cable_name =~ "Digilent Zed 210248685294" && level==0} -index 1' command is executed.
13:37:07 INFO  : FPGA configured successfully with bitstream "C:/TEMP/3610_4/TP4/TP4.sdk/design_1_wrapper_hw_platform_0/design_1_wrapper.bit"
13:37:22 INFO  : 'targets -set -filter {jtag_cable_name =~ "Digilent Zed 210248685294" && level==0} -index 1' command is executed.
13:37:22 INFO  : 'fpga -state' command is executed.
13:37:22 INFO  : Connected to target on host '127.0.0.1' and port '3121'.
13:37:22 INFO  : Jtag cable 'Digilent Zed 210248685294' is selected.
13:37:22 INFO  : 'jtag frequency' command is executed.
13:37:22 INFO  : Sourcing of 'C:/TEMP/3610_4/TP4/TP4.sdk/design_1_wrapper_hw_platform_0/ps7_init.tcl' is done.
13:37:23 INFO  : Context for 'APU' is selected.
13:37:23 INFO  : Hardware design information is loaded from 'C:/TEMP/3610_4/TP4/TP4.sdk/design_1_wrapper_hw_platform_0/system.hdf'.
13:37:23 INFO  : 'configparams force-mem-access 1' command is executed.
13:37:23 INFO  : Context for 'APU' is selected.
13:37:23 INFO  : 'stop' command is executed.
13:37:23 INFO  : 'ps7_init' command is executed.
13:37:23 INFO  : 'ps7_post_config' command is executed.
13:37:23 INFO  : Context for processor 'ps7_cortexa9_0' is selected.
13:37:23 INFO  : Processor reset is completed for 'ps7_cortexa9_0'.
13:37:24 INFO  : Context for processor 'ps7_cortexa9_0' is selected.
13:37:24 INFO  : The application 'C:/TEMP/3610_4/TP4/TP4.sdk/lab4/Debug/lab4.elf' is downloaded to processor 'ps7_cortexa9_0'.
13:37:24 INFO  : 'configparams force-mem-access 0' command is executed.
13:37:24 INFO  : ----------------XSDB Script----------------
connect -url tcp:127.0.0.1:3121
source C:/TEMP/3610_4/TP4/TP4.sdk/design_1_wrapper_hw_platform_0/ps7_init.tcl
targets -set -nocase -filter {name =~"APU*" && jtag_cable_name =~ "Digilent Zed 210248685294"} -index 0
loadhw -hw C:/TEMP/3610_4/TP4/TP4.sdk/design_1_wrapper_hw_platform_0/system.hdf -mem-ranges [list {0x40000000 0xbfffffff}]
configparams force-mem-access 1
targets -set -nocase -filter {name =~"APU*" && jtag_cable_name =~ "Digilent Zed 210248685294"} -index 0
stop
ps7_init
ps7_post_config
targets -set -nocase -filter {name =~ "ARM*#0" && jtag_cable_name =~ "Digilent Zed 210248685294"} -index 0
rst -processor
targets -set -nocase -filter {name =~ "ARM*#0" && jtag_cable_name =~ "Digilent Zed 210248685294"} -index 0
dow C:/TEMP/3610_4/TP4/TP4.sdk/lab4/Debug/lab4.elf
configparams force-mem-access 0
----------------End of Script----------------

13:37:24 INFO  : Memory regions updated for context APU
13:37:24 INFO  : Context for processor 'ps7_cortexa9_0' is selected.
13:37:24 INFO  : 'con' command is executed.
13:37:24 INFO  : ----------------XSDB Script (After Launch)----------------
targets -set -nocase -filter {name =~ "ARM*#0" && jtag_cable_name =~ "Digilent Zed 210248685294"} -index 0
con
----------------End of Script----------------

13:37:24 INFO  : Launch script is exported to file 'C:\TEMP\3610_4\TP4\TP4.sdk\.sdk\launch_scripts\xilinx_c-c++_application_(system_debugger)\system_debugger_using_debug_lab4.elf_on_local.tcl'
13:37:47 INFO  : Disconnected from the channel tcfchan#1.
13:37:48 INFO  : 'targets -set -filter {jtag_cable_name =~ "Digilent Zed 210248685294" && level==0} -index 1' command is executed.
13:37:48 INFO  : 'fpga -state' command is executed.
13:37:48 INFO  : Connected to target on host '127.0.0.1' and port '3121'.
13:37:49 INFO  : Jtag cable 'Digilent Zed 210248685294' is selected.
13:37:49 INFO  : 'jtag frequency' command is executed.
13:37:49 INFO  : Sourcing of 'C:/TEMP/3610_4/TP4/TP4.sdk/design_1_wrapper_hw_platform_0/ps7_init.tcl' is done.
13:37:49 INFO  : Context for 'APU' is selected.
13:37:51 INFO  : Hardware design information is loaded from 'C:/TEMP/3610_4/TP4/TP4.sdk/design_1_wrapper_hw_platform_0/system.hdf'.
13:37:51 INFO  : 'configparams force-mem-access 1' command is executed.
13:37:51 INFO  : Context for 'APU' is selected.
13:37:51 INFO  : 'stop' command is executed.
13:37:52 INFO  : 'ps7_init' command is executed.
13:37:52 INFO  : 'ps7_post_config' command is executed.
13:37:52 INFO  : Context for processor 'ps7_cortexa9_0' is selected.
13:37:52 INFO  : Processor reset is completed for 'ps7_cortexa9_0'.
13:37:52 INFO  : Context for processor 'ps7_cortexa9_0' is selected.
13:37:53 INFO  : The application 'C:/TEMP/3610_4/TP4/TP4.sdk/lab4/Debug/lab4.elf' is downloaded to processor 'ps7_cortexa9_0'.
13:37:53 INFO  : 'configparams force-mem-access 0' command is executed.
13:37:53 INFO  : ----------------XSDB Script----------------
connect -url tcp:127.0.0.1:3121
source C:/TEMP/3610_4/TP4/TP4.sdk/design_1_wrapper_hw_platform_0/ps7_init.tcl
targets -set -nocase -filter {name =~"APU*" && jtag_cable_name =~ "Digilent Zed 210248685294"} -index 0
loadhw -hw C:/TEMP/3610_4/TP4/TP4.sdk/design_1_wrapper_hw_platform_0/system.hdf -mem-ranges [list {0x40000000 0xbfffffff}]
configparams force-mem-access 1
targets -set -nocase -filter {name =~"APU*" && jtag_cable_name =~ "Digilent Zed 210248685294"} -index 0
stop
ps7_init
ps7_post_config
targets -set -nocase -filter {name =~ "ARM*#0" && jtag_cable_name =~ "Digilent Zed 210248685294"} -index 0
rst -processor
targets -set -nocase -filter {name =~ "ARM*#0" && jtag_cable_name =~ "Digilent Zed 210248685294"} -index 0
dow C:/TEMP/3610_4/TP4/TP4.sdk/lab4/Debug/lab4.elf
configparams force-mem-access 0
----------------End of Script----------------

13:37:53 INFO  : Memory regions updated for context APU
13:37:53 INFO  : Context for processor 'ps7_cortexa9_0' is selected.
13:37:53 INFO  : 'con' command is executed.
13:37:53 INFO  : ----------------XSDB Script (After Launch)----------------
targets -set -nocase -filter {name =~ "ARM*#0" && jtag_cable_name =~ "Digilent Zed 210248685294"} -index 0
con
----------------End of Script----------------

13:37:53 INFO  : Launch script is exported to file 'C:\TEMP\3610_4\TP4\TP4.sdk\.sdk\launch_scripts\xilinx_c-c++_application_(system_debugger)\system_debugger_using_debug_lab4.elf_on_local.tcl'
13:38:13 INFO  : Connected to target on host '127.0.0.1' and port '3121'.
13:38:16 INFO  : 'targets -set -filter {jtag_cable_name =~ "Digilent Zed 210248685294" && level==0} -index 1' command is executed.
13:38:18 INFO  : FPGA configured successfully with bitstream "C:/TEMP/3610_4/TP4/TP4.sdk/design_1_wrapper_hw_platform_0/design_1_wrapper.bit"
13:38:24 INFO  : Disconnected from the channel tcfchan#2.
13:38:25 INFO  : 'targets -set -filter {jtag_cable_name =~ "Digilent Zed 210248685294" && level==0} -index 1' command is executed.
13:38:25 INFO  : 'fpga -state' command is executed.
13:38:25 INFO  : Connected to target on host '127.0.0.1' and port '3121'.
13:38:25 INFO  : Jtag cable 'Digilent Zed 210248685294' is selected.
13:38:25 INFO  : 'jtag frequency' command is executed.
13:38:25 INFO  : Sourcing of 'C:/TEMP/3610_4/TP4/TP4.sdk/design_1_wrapper_hw_platform_0/ps7_init.tcl' is done.
13:38:25 INFO  : Context for 'APU' is selected.
13:38:25 INFO  : Hardware design information is loaded from 'C:/TEMP/3610_4/TP4/TP4.sdk/design_1_wrapper_hw_platform_0/system.hdf'.
13:38:25 INFO  : 'configparams force-mem-access 1' command is executed.
13:38:25 INFO  : Context for 'APU' is selected.
13:38:25 INFO  : 'stop' command is executed.
13:38:26 INFO  : 'ps7_init' command is executed.
13:38:26 INFO  : 'ps7_post_config' command is executed.
13:38:26 INFO  : Context for processor 'ps7_cortexa9_0' is selected.
13:38:26 INFO  : Processor reset is completed for 'ps7_cortexa9_0'.
13:38:26 INFO  : Context for processor 'ps7_cortexa9_0' is selected.
13:38:27 INFO  : The application 'C:/TEMP/3610_4/TP4/TP4.sdk/lab4/Debug/lab4.elf' is downloaded to processor 'ps7_cortexa9_0'.
13:38:27 INFO  : 'configparams force-mem-access 0' command is executed.
13:38:27 INFO  : ----------------XSDB Script----------------
connect -url tcp:127.0.0.1:3121
source C:/TEMP/3610_4/TP4/TP4.sdk/design_1_wrapper_hw_platform_0/ps7_init.tcl
targets -set -nocase -filter {name =~"APU*" && jtag_cable_name =~ "Digilent Zed 210248685294"} -index 0
loadhw -hw C:/TEMP/3610_4/TP4/TP4.sdk/design_1_wrapper_hw_platform_0/system.hdf -mem-ranges [list {0x40000000 0xbfffffff}]
configparams force-mem-access 1
targets -set -nocase -filter {name =~"APU*" && jtag_cable_name =~ "Digilent Zed 210248685294"} -index 0
stop
ps7_init
ps7_post_config
targets -set -nocase -filter {name =~ "ARM*#0" && jtag_cable_name =~ "Digilent Zed 210248685294"} -index 0
rst -processor
targets -set -nocase -filter {name =~ "ARM*#0" && jtag_cable_name =~ "Digilent Zed 210248685294"} -index 0
dow C:/TEMP/3610_4/TP4/TP4.sdk/lab4/Debug/lab4.elf
configparams force-mem-access 0
----------------End of Script----------------

13:38:27 INFO  : Memory regions updated for context APU
13:38:27 INFO  : Context for processor 'ps7_cortexa9_0' is selected.
13:38:27 INFO  : 'con' command is executed.
13:38:27 INFO  : ----------------XSDB Script (After Launch)----------------
targets -set -nocase -filter {name =~ "ARM*#0" && jtag_cable_name =~ "Digilent Zed 210248685294"} -index 0
con
----------------End of Script----------------

13:38:27 INFO  : Launch script is exported to file 'C:\TEMP\3610_4\TP4\TP4.sdk\.sdk\launch_scripts\xilinx_c-c++_application_(system_debugger)\system_debugger_using_debug_lab4.elf_on_local.tcl'
15:11:19 INFO  : SDK has detected change in the last modified timestamps for source hardware specification file Source:1523473866491,  Project:1523295618000
15:11:19 INFO  : Project design_1_wrapper_hw_platform_0's source hardware specification located at C:/TEMP/3610_4/TP4/TP4.sdk/design_1_wrapper.hdf is now different from the local copy.
		 The local copy will be replaced with the source specification and your workspace will be updated.
15:13:03 INFO  : Copied contents of C:/TEMP/3610_4/TP4/TP4.sdk/design_1_wrapper.hdf into \design_1_wrapper_hw_platform_0\system.hdf.
15:13:08 INFO  : Synchronizing projects in the workspace with the hardware platform specification changes.
15:13:12 INFO  : 
15:13:13 INFO  : Updating hardware inferred compiler options for lab4.
15:13:13 INFO  : Clearing existing target manager status.
15:13:13 INFO  : Workspace synchronized with the new hardware specification file. Cleaning dependent projects...
15:13:18 WARN  : Linker script will not be updated automatically. Users need to update it manually.
15:13:24 INFO  : Disconnected from the channel tcfchan#3.
15:15:18 ERROR : Unexpected error while parsing XMD response ?: com.google.gson.JsonSyntaxException: com.google.gson.stream.MalformedJsonException: invalid number or unquoted string near 
