

================================================================
== Vivado HLS Report for 'sobel_filter'
================================================================
* Date:           Mon Apr 16 18:05:52 2018

* Version:        2017.2 (Build 1909853 on Thu Jun 15 18:55:24 MDT 2017)
* Project:        SobelLab4
* Solution:       solution1
* Product family: zynq
* Target device:  xc7z020clg484-1


================================================================
== Performance Estimates
================================================================
+ Timing (ns): 
    * Summary: 
    +--------+-------+----------+------------+
    |  Clock | Target| Estimated| Uncertainty|
    +--------+-------+----------+------------+
    |ap_clk  |  10.00|      8.75|        1.25|
    +--------+-------+----------+------------+

+ Latency (clock cycles): 
    * Summary: 
    +-----------+-----------+-----------+-----------+---------+
    |        Latency        |        Interval       | Pipeline|
    |    min    |    max    |    min    |    max    |   Type  |
    +-----------+-----------+-----------+-----------+---------+
    |  165442899|  165442899|  165442900|  165442900|   none  |
    +-----------+-----------+-----------+-----------+---------+

    + Detail: 
        * Instance: 
        N/A

        * Loop: 
        +--------------------------+-----------+-----------+----------+-----------+-----------+---------+----------+
        |                          |        Latency        | Iteration|  Initiation Interval  |   Trip  |          |
        |         Loop Name        |    min    |    max    |  Latency |  achieved |   target  |  Count  | Pipelined|
        +--------------------------+-----------+-----------+----------+-----------+-----------+---------+----------+
        |- Loop 1                  |       1920|       1920|         1|          -|          -|     1920|    no    |
        |- Loop 2                  |      15360|      15360|         8|          -|          -|     1920|    no    |
        |- Loop 3                  |       8640|       8640|         8|          -|          -|     1080|    no    |
        |- Loop 4                  |       8640|       8640|         8|          -|          -|     1080|    no    |
        |- sobel_line_sobel_point  |  165408328|  165408328|        89|         80|          1|  2067604|    yes   |
        +--------------------------+-----------+-----------+----------+-----------+-----------+---------+----------+

============================================================
+ Verbose Summary: Synthesis Manager
============================================================
InlineROM: 1
ExposeGlobal: 0
============================================================
+ Verbose Summary: CDFG Model
============================================================
IsTopModel: 1
ResetActiveHigh: 1
IsCombinational: 0
IsDatapathOnly: 0
HasWiredReturn: 1
HasMFsm: 0
HasVarLatency: 1
IsPipeline: 0
IsRtlPipelined: 0
IsInstanceOverlapped: 0
IsDontTouch: 0
HasImplIP: 0
IsGatedGlobalClock: 0

+ Individual pipeline summary: 
  * Pipeline-0: initiation interval (II) = 80, depth = 89


============================================================
+ Verbose Summary: Schedule
============================================================
* Number of FSM states: 121
* Pipeline: 1
  Pipeline-0: II = 80, D = 89, States = { 32 33 34 35 36 37 38 39 40 41 42 43 44 45 46 47 48 49 50 51 52 53 54 55 56 57 58 59 60 61 62 63 64 65 66 67 68 69 70 71 72 73 74 75 76 77 78 79 80 81 82 83 84 85 86 87 88 89 90 91 92 93 94 95 96 97 98 99 100 101 102 103 104 105 106 107 108 109 110 111 112 113 114 115 116 117 118 119 120 }
* Dataflow Pipeline: 0

* FSM state transitions: 
1 --> 
	2  / true
2 --> 
	3  / true
3 --> 
	4  / (tmp)
	3  / (!tmp)
4 --> 
	5  / true
5 --> 
	6  / true
6 --> 
	7  / true
7 --> 
	8  / true
8 --> 
	9  / (!exitcond2)
	16  / (exitcond2)
9 --> 
	10  / true
10 --> 
	11  / true
11 --> 
	12  / true
12 --> 
	13  / true
13 --> 
	14  / true
14 --> 
	15  / true
15 --> 
	8  / true
16 --> 
	17  / (tmp_3)
	24  / (!tmp_3)
17 --> 
	18  / true
18 --> 
	19  / true
19 --> 
	20  / true
20 --> 
	21  / true
21 --> 
	22  / true
22 --> 
	23  / true
23 --> 
	16  / true
24 --> 
	25  / (tmp_5)
	32  / (!tmp_5)
25 --> 
	26  / true
26 --> 
	27  / true
27 --> 
	28  / true
28 --> 
	29  / true
29 --> 
	30  / true
30 --> 
	31  / true
31 --> 
	24  / true
32 --> 
	121  / (exitcond_flatten)
	33  / (!exitcond_flatten)
33 --> 
	34  / true
34 --> 
	35  / true
35 --> 
	36  / true
36 --> 
	37  / true
37 --> 
	38  / true
38 --> 
	39  / true
39 --> 
	40  / true
40 --> 
	41  / true
41 --> 
	42  / true
42 --> 
	43  / true
43 --> 
	44  / true
44 --> 
	45  / true
45 --> 
	46  / true
46 --> 
	47  / true
47 --> 
	48  / true
48 --> 
	49  / true
49 --> 
	50  / true
50 --> 
	51  / true
51 --> 
	52  / true
52 --> 
	53  / true
53 --> 
	54  / true
54 --> 
	55  / true
55 --> 
	56  / true
56 --> 
	57  / true
57 --> 
	58  / true
58 --> 
	59  / true
59 --> 
	60  / true
60 --> 
	61  / true
61 --> 
	62  / true
62 --> 
	63  / true
63 --> 
	64  / true
64 --> 
	65  / true
65 --> 
	66  / true
66 --> 
	67  / true
67 --> 
	68  / true
68 --> 
	69  / true
69 --> 
	70  / true
70 --> 
	71  / true
71 --> 
	72  / true
72 --> 
	73  / true
73 --> 
	74  / true
74 --> 
	75  / true
75 --> 
	76  / true
76 --> 
	77  / true
77 --> 
	78  / true
78 --> 
	79  / true
79 --> 
	80  / true
80 --> 
	81  / true
81 --> 
	82  / true
82 --> 
	83  / true
83 --> 
	84  / true
84 --> 
	85  / true
85 --> 
	86  / true
86 --> 
	87  / true
87 --> 
	88  / true
88 --> 
	89  / true
89 --> 
	90  / true
90 --> 
	91  / true
91 --> 
	92  / true
92 --> 
	93  / true
93 --> 
	94  / true
94 --> 
	95  / true
95 --> 
	96  / true
96 --> 
	97  / true
97 --> 
	98  / true
98 --> 
	99  / true
99 --> 
	100  / true
100 --> 
	101  / true
101 --> 
	102  / true
102 --> 
	103  / true
103 --> 
	104  / true
104 --> 
	105  / true
105 --> 
	106  / true
106 --> 
	107  / true
107 --> 
	108  / true
108 --> 
	109  / true
109 --> 
	110  / true
110 --> 
	111  / true
111 --> 
	112  / true
112 --> 
	113  / true
113 --> 
	114  / true
114 --> 
	115  / true
115 --> 
	116  / true
116 --> 
	117  / true
117 --> 
	118  / true
118 --> 
	119  / true
119 --> 
	120  / true
120 --> 
	32  / true
121 --> 
* FSM state operations: 

 <State 1>: 1.00ns
ST_1: out_pix_read (5)  [1/1] 1.00ns
:0  %out_pix_read = call i32 @_ssdm_op_Read.s_axilite.i32(i32 %out_pix)

ST_1: inter_pix_read (6)  [1/1] 1.00ns
:1  %inter_pix_read = call i32 @_ssdm_op_Read.s_axilite.i32(i32 %inter_pix)

ST_1: out_pix3 (7)  [1/1] 0.00ns
:2  %out_pix3 = call i30 @_ssdm_op_PartSelect.i30.i32.i32.i32(i32 %out_pix_read, i32 2, i32 31)


 <State 2>: 8.75ns
ST_2: tmp_1 (8)  [1/1] 0.00ns
:3  %tmp_1 = zext i30 %out_pix3 to i32

ST_2: tmp_1_cast (9)  [1/1] 0.00ns
:4  %tmp_1_cast = zext i30 %out_pix3 to i31

ST_2: gmem2_addr (10)  [1/1] 0.00ns
:5  %gmem2_addr = getelementptr i32* %gmem2, i32 %tmp_1

ST_2: StgValue_128 (11)  [1/1] 0.00ns
:6  call void (...)* @_ssdm_op_SpecBitsMap(i32* %gmem2), !map !26

ST_2: StgValue_129 (12)  [1/1] 0.00ns
:7  call void (...)* @_ssdm_op_SpecBitsMap(i8* %gmem), !map !32

ST_2: StgValue_130 (13)  [1/1] 0.00ns
:8  call void (...)* @_ssdm_op_SpecTopModule([13 x i8]* @sobel_filter_str) nounwind

ST_2: StgValue_131 (14)  [1/1] 0.00ns
:9  call void (...)* @_ssdm_op_SpecInterface(i8* %gmem, [6 x i8]* @p_str1, i32 0, i32 0, [1 x i8]* @p_str, i32 0, i32 0, [1 x i8]* @p_str, [6 x i8]* @p_str2, [1 x i8]* @p_str, i32 16, i32 16, i32 16, i32 16, [1 x i8]* @p_str, [1 x i8]* @p_str)

ST_2: StgValue_132 (15)  [1/1] 0.00ns
:10  call void (...)* @_ssdm_op_SpecInterface(i32 %inter_pix, [10 x i8]* @mode, i32 0, i32 0, [1 x i8]* @p_str, i32 0, i32 0, [1 x i8]* @bundle, [6 x i8]* @p_str2, [1 x i8]* @p_str, i32 16, i32 16, i32 16, i32 16, [1 x i8]* @p_str, [1 x i8]* @p_str)

ST_2: StgValue_133 (16)  [1/1] 0.00ns
:11  call void (...)* @_ssdm_op_SpecInterface(i32* %gmem2, [6 x i8]* @p_str1, i32 0, i32 0, [1 x i8]* @p_str, i32 0, i32 0, [1 x i8]* @p_str, [6 x i8]* @p_str2, [1 x i8]* @p_str, i32 16, i32 16, i32 16, i32 16, [1 x i8]* @p_str, [1 x i8]* @p_str)

ST_2: StgValue_134 (17)  [1/1] 0.00ns
:12  call void (...)* @_ssdm_op_SpecInterface(i32 %out_pix, [10 x i8]* @mode5, i32 0, i32 0, [1 x i8]* @p_str, i32 0, i32 0, [1 x i8]* @bundle6, [6 x i8]* @p_str2, [1 x i8]* @p_str, i32 16, i32 16, i32 16, i32 16, [1 x i8]* @p_str, [1 x i8]* @p_str)

ST_2: StgValue_135 (18)  [1/1] 0.00ns  loc: SobelLab4/Sobel.cpp:29
:13  call void (...)* @_ssdm_op_SpecInterface(i32 0, [10 x i8]* @p_str3, i32 0, i32 0, [1 x i8]* @p_str, i32 0, i32 0, [1 x i8]* @p_str, [1 x i8]* @p_str, [1 x i8]* @p_str, i32 0, i32 0, i32 0, i32 0, [1 x i8]* @p_str, [1 x i8]* @p_str) nounwind

ST_2: gmem2_addr_wr_req (19)  [1/1] 8.75ns  loc: SobelLab4/Sobel.cpp:36
:14  %gmem2_addr_wr_req = call i1 @_ssdm_op_WriteReq.m_axi.i32P(i32* %gmem2_addr, i32 1920)

ST_2: StgValue_137 (20)  [1/1] 1.59ns  loc: SobelLab4/Sobel.cpp:35
:15  br label %1


 <State 3>: 8.75ns
ST_3: i (22)  [1/1] 0.00ns
:0  %i = phi i11 [ 0, %0 ], [ %i_1, %2 ]

ST_3: tmp (23)  [1/1] 2.94ns  loc: SobelLab4/Sobel.cpp:35
:1  %tmp = icmp eq i11 %i, -128

ST_3: empty (24)  [1/1] 0.00ns
:2  %empty = call i32 (...)* @_ssdm_op_SpecLoopTripCount(i64 1920, i64 1920, i64 1920) nounwind

ST_3: i_1 (25)  [1/1] 2.33ns  loc: SobelLab4/Sobel.cpp:35
:3  %i_1 = add i11 %i, 1

ST_3: StgValue_142 (26)  [1/1] 0.00ns  loc: SobelLab4/Sobel.cpp:35
:4  br i1 %tmp, label %.preheader5.preheader, label %2

ST_3: StgValue_143 (28)  [1/1] 8.75ns  loc: SobelLab4/Sobel.cpp:36
:0  call void @_ssdm_op_Write.m_axi.i32P(i32* %gmem2_addr, i32 0, i4 -1)

ST_3: StgValue_144 (29)  [1/1] 0.00ns  loc: SobelLab4/Sobel.cpp:35
:1  br label %1

ST_3: gmem2_addr_wr_resp (31)  [5/5] 8.75ns  loc: SobelLab4/Sobel.cpp:36
.preheader5.preheader:0  %gmem2_addr_wr_resp = call i1 @_ssdm_op_WriteResp.m_axi.i32P(i32* %gmem2_addr)


 <State 4>: 8.75ns
ST_4: gmem2_addr_wr_resp (31)  [4/5] 8.75ns  loc: SobelLab4/Sobel.cpp:36
.preheader5.preheader:0  %gmem2_addr_wr_resp = call i1 @_ssdm_op_WriteResp.m_axi.i32P(i32* %gmem2_addr)


 <State 5>: 8.75ns
ST_5: gmem2_addr_wr_resp (31)  [3/5] 8.75ns  loc: SobelLab4/Sobel.cpp:36
.preheader5.preheader:0  %gmem2_addr_wr_resp = call i1 @_ssdm_op_WriteResp.m_axi.i32P(i32* %gmem2_addr)


 <State 6>: 8.75ns
ST_6: gmem2_addr_wr_resp (31)  [2/5] 8.75ns  loc: SobelLab4/Sobel.cpp:36
.preheader5.preheader:0  %gmem2_addr_wr_resp = call i1 @_ssdm_op_WriteResp.m_axi.i32P(i32* %gmem2_addr)


 <State 7>: 8.75ns
ST_7: gmem2_addr_wr_resp (31)  [1/5] 8.75ns  loc: SobelLab4/Sobel.cpp:36
.preheader5.preheader:0  %gmem2_addr_wr_resp = call i1 @_ssdm_op_WriteResp.m_axi.i32P(i32* %gmem2_addr)

ST_7: StgValue_150 (32)  [1/1] 1.59ns  loc: SobelLab4/Sobel.cpp:37
.preheader5.preheader:1  br label %.preheader5


 <State 8>: 5.10ns
ST_8: i1 (34)  [1/1] 0.00ns
.preheader5:0  %i1 = phi i16 [ %i_2, %3 ], [ -25472, %.preheader5.preheader ]

ST_8: i1_cast (35)  [1/1] 0.00ns  loc: SobelLab4/Sobel.cpp:37
.preheader5:1  %i1_cast = sext i16 %i1 to i21

ST_8: i1_cast7_cast (36)  [1/1] 0.00ns  loc: SobelLab4/Sobel.cpp:37
.preheader5:2  %i1_cast7_cast = zext i21 %i1_cast to i31

ST_8: exitcond2 (37)  [1/1] 3.03ns  loc: SobelLab4/Sobel.cpp:37
.preheader5:3  %exitcond2 = icmp eq i16 %i1, -23552

ST_8: empty_4 (38)  [1/1] 0.00ns
.preheader5:4  %empty_4 = call i32 (...)* @_ssdm_op_SpecLoopTripCount(i64 1920, i64 1920, i64 1920) nounwind

ST_8: StgValue_156 (39)  [1/1] 0.00ns  loc: SobelLab4/Sobel.cpp:37
.preheader5:5  br i1 %exitcond2, label %.preheader4.preheader, label %3

ST_8: out_pix4_sum5 (41)  [1/1] 2.82ns  loc: SobelLab4/Sobel.cpp:37
:0  %out_pix4_sum5 = add i31 %tmp_1_cast, %i1_cast7_cast

ST_8: i_2 (47)  [1/1] 2.39ns  loc: SobelLab4/Sobel.cpp:37
:6  %i_2 = add i16 %i1, 1

ST_8: StgValue_159 (50)  [1/1] 1.59ns  loc: SobelLab4/Sobel.cpp:39
.preheader4.preheader:0  br label %.preheader4


 <State 9>: 8.75ns
ST_9: out_pix4_sum5_cast (42)  [1/1] 0.00ns  loc: SobelLab4/Sobel.cpp:37
:1  %out_pix4_sum5_cast = zext i31 %out_pix4_sum5 to i32

ST_9: gmem2_addr_1 (43)  [1/1] 0.00ns  loc: SobelLab4/Sobel.cpp:37
:2  %gmem2_addr_1 = getelementptr i32* %gmem2, i32 %out_pix4_sum5_cast

ST_9: gmem2_addr_2_req (44)  [1/1] 8.75ns  loc: SobelLab4/Sobel.cpp:38
:3  %gmem2_addr_2_req = call i1 @_ssdm_op_WriteReq.m_axi.i32P(i32* %gmem2_addr_1, i32 1)


 <State 10>: 8.75ns
ST_10: StgValue_163 (45)  [1/1] 8.75ns  loc: SobelLab4/Sobel.cpp:38
:4  call void @_ssdm_op_Write.m_axi.i32P(i32* %gmem2_addr_1, i32 0, i4 -1)


 <State 11>: 8.75ns
ST_11: gmem2_addr_2_resp (46)  [5/5] 8.75ns  loc: SobelLab4/Sobel.cpp:38
:5  %gmem2_addr_2_resp = call i1 @_ssdm_op_WriteResp.m_axi.i32P(i32* %gmem2_addr_1)


 <State 12>: 8.75ns
ST_12: gmem2_addr_2_resp (46)  [4/5] 8.75ns  loc: SobelLab4/Sobel.cpp:38
:5  %gmem2_addr_2_resp = call i1 @_ssdm_op_WriteResp.m_axi.i32P(i32* %gmem2_addr_1)


 <State 13>: 8.75ns
ST_13: gmem2_addr_2_resp (46)  [3/5] 8.75ns  loc: SobelLab4/Sobel.cpp:38
:5  %gmem2_addr_2_resp = call i1 @_ssdm_op_WriteResp.m_axi.i32P(i32* %gmem2_addr_1)


 <State 14>: 8.75ns
ST_14: gmem2_addr_2_resp (46)  [2/5] 8.75ns  loc: SobelLab4/Sobel.cpp:38
:5  %gmem2_addr_2_resp = call i1 @_ssdm_op_WriteResp.m_axi.i32P(i32* %gmem2_addr_1)


 <State 15>: 8.75ns
ST_15: gmem2_addr_2_resp (46)  [1/5] 8.75ns  loc: SobelLab4/Sobel.cpp:38
:5  %gmem2_addr_2_resp = call i1 @_ssdm_op_WriteResp.m_axi.i32P(i32* %gmem2_addr_1)

ST_15: StgValue_169 (48)  [1/1] 0.00ns  loc: SobelLab4/Sobel.cpp:37
:7  br label %.preheader5


 <State 16>: 5.22ns
ST_16: i2 (52)  [1/1] 0.00ns
.preheader4:0  %i2 = phi i21 [ %i_3, %4 ], [ 0, %.preheader4.preheader ]

ST_16: i2_cast_cast (53)  [1/1] 0.00ns  loc: SobelLab4/Sobel.cpp:39
.preheader4:1  %i2_cast_cast = zext i21 %i2 to i31

ST_16: tmp_3 (54)  [1/1] 3.15ns  loc: SobelLab4/Sobel.cpp:39
.preheader4:2  %tmp_3 = icmp ult i21 %i2, -23552

ST_16: empty_5 (55)  [1/1] 0.00ns
.preheader4:3  %empty_5 = call i32 (...)* @_ssdm_op_SpecLoopTripCount(i64 1080, i64 1080, i64 1080) nounwind

ST_16: StgValue_174 (56)  [1/1] 0.00ns  loc: SobelLab4/Sobel.cpp:39
.preheader4:4  br i1 %tmp_3, label %4, label %.preheader3.preheader

ST_16: out_pix4_sum8 (58)  [1/1] 2.82ns  loc: SobelLab4/Sobel.cpp:39
:0  %out_pix4_sum8 = add i31 %tmp_1_cast, %i2_cast_cast

ST_16: i_3 (64)  [1/1] 2.59ns  loc: SobelLab4/Sobel.cpp:39
:6  %i_3 = add i21 %i2, 1920

ST_16: StgValue_177 (67)  [1/1] 1.59ns  loc: SobelLab4/Sobel.cpp:41
.preheader3.preheader:0  br label %.preheader3


 <State 17>: 8.75ns
ST_17: out_pix4_sum8_cast (59)  [1/1] 0.00ns  loc: SobelLab4/Sobel.cpp:39
:1  %out_pix4_sum8_cast = zext i31 %out_pix4_sum8 to i32

ST_17: gmem2_addr_2 (60)  [1/1] 0.00ns  loc: SobelLab4/Sobel.cpp:39
:2  %gmem2_addr_2 = getelementptr i32* %gmem2, i32 %out_pix4_sum8_cast

ST_17: gmem2_addr_3_req (61)  [1/1] 8.75ns  loc: SobelLab4/Sobel.cpp:40
:3  %gmem2_addr_3_req = call i1 @_ssdm_op_WriteReq.m_axi.i32P(i32* %gmem2_addr_2, i32 1)


 <State 18>: 8.75ns
ST_18: StgValue_181 (62)  [1/1] 8.75ns  loc: SobelLab4/Sobel.cpp:40
:4  call void @_ssdm_op_Write.m_axi.i32P(i32* %gmem2_addr_2, i32 0, i4 -1)


 <State 19>: 8.75ns
ST_19: gmem2_addr_3_resp (63)  [5/5] 8.75ns  loc: SobelLab4/Sobel.cpp:40
:5  %gmem2_addr_3_resp = call i1 @_ssdm_op_WriteResp.m_axi.i32P(i32* %gmem2_addr_2)


 <State 20>: 8.75ns
ST_20: gmem2_addr_3_resp (63)  [4/5] 8.75ns  loc: SobelLab4/Sobel.cpp:40
:5  %gmem2_addr_3_resp = call i1 @_ssdm_op_WriteResp.m_axi.i32P(i32* %gmem2_addr_2)


 <State 21>: 8.75ns
ST_21: gmem2_addr_3_resp (63)  [3/5] 8.75ns  loc: SobelLab4/Sobel.cpp:40
:5  %gmem2_addr_3_resp = call i1 @_ssdm_op_WriteResp.m_axi.i32P(i32* %gmem2_addr_2)


 <State 22>: 8.75ns
ST_22: gmem2_addr_3_resp (63)  [2/5] 8.75ns  loc: SobelLab4/Sobel.cpp:40
:5  %gmem2_addr_3_resp = call i1 @_ssdm_op_WriteResp.m_axi.i32P(i32* %gmem2_addr_2)


 <State 23>: 8.75ns
ST_23: gmem2_addr_3_resp (63)  [1/5] 8.75ns  loc: SobelLab4/Sobel.cpp:40
:5  %gmem2_addr_3_resp = call i1 @_ssdm_op_WriteResp.m_axi.i32P(i32* %gmem2_addr_2)

ST_23: StgValue_187 (65)  [1/1] 0.00ns  loc: SobelLab4/Sobel.cpp:39
:7  br label %.preheader4


 <State 24>: 5.22ns
ST_24: i3 (69)  [1/1] 0.00ns
.preheader3:0  %i3 = phi i21 [ %i_4, %5 ], [ 1919, %.preheader3.preheader ]

ST_24: i3_cast_cast (70)  [1/1] 0.00ns  loc: SobelLab4/Sobel.cpp:41
.preheader3:1  %i3_cast_cast = zext i21 %i3 to i31

ST_24: tmp_5 (71)  [1/1] 3.15ns  loc: SobelLab4/Sobel.cpp:41
.preheader3:2  %tmp_5 = icmp ult i21 %i3, -23552

ST_24: empty_6 (72)  [1/1] 0.00ns
.preheader3:3  %empty_6 = call i32 (...)* @_ssdm_op_SpecLoopTripCount(i64 1080, i64 1080, i64 1080) nounwind

ST_24: StgValue_192 (73)  [1/1] 0.00ns  loc: SobelLab4/Sobel.cpp:41
.preheader3:4  br i1 %tmp_5, label %5, label %.preheader.preheader.preheader

ST_24: out_pix4_sum7 (75)  [1/1] 2.82ns  loc: SobelLab4/Sobel.cpp:41
:0  %out_pix4_sum7 = add i31 %tmp_1_cast, %i3_cast_cast

ST_24: i_4 (81)  [1/1] 2.59ns  loc: SobelLab4/Sobel.cpp:41
:6  %i_4 = add i21 %i3, 1920

ST_24: StgValue_195 (84)  [1/1] 1.59ns  loc: SobelLab4/Sobel.cpp:15->SobelLab4/Sobel.cpp:57
.preheader.preheader.preheader:0  br label %.preheader.preheader


 <State 25>: 8.75ns
ST_25: out_pix4_sum7_cast (76)  [1/1] 0.00ns  loc: SobelLab4/Sobel.cpp:41
:1  %out_pix4_sum7_cast = zext i31 %out_pix4_sum7 to i32

ST_25: gmem2_addr_3 (77)  [1/1] 0.00ns  loc: SobelLab4/Sobel.cpp:41
:2  %gmem2_addr_3 = getelementptr i32* %gmem2, i32 %out_pix4_sum7_cast

ST_25: gmem2_addr_4_req (78)  [1/1] 8.75ns  loc: SobelLab4/Sobel.cpp:42
:3  %gmem2_addr_4_req = call i1 @_ssdm_op_WriteReq.m_axi.i32P(i32* %gmem2_addr_3, i32 1)


 <State 26>: 8.75ns
ST_26: StgValue_199 (79)  [1/1] 8.75ns  loc: SobelLab4/Sobel.cpp:42
:4  call void @_ssdm_op_Write.m_axi.i32P(i32* %gmem2_addr_3, i32 0, i4 -1)


 <State 27>: 8.75ns
ST_27: gmem2_addr_4_resp (80)  [5/5] 8.75ns  loc: SobelLab4/Sobel.cpp:42
:5  %gmem2_addr_4_resp = call i1 @_ssdm_op_WriteResp.m_axi.i32P(i32* %gmem2_addr_3)


 <State 28>: 8.75ns
ST_28: gmem2_addr_4_resp (80)  [4/5] 8.75ns  loc: SobelLab4/Sobel.cpp:42
:5  %gmem2_addr_4_resp = call i1 @_ssdm_op_WriteResp.m_axi.i32P(i32* %gmem2_addr_3)


 <State 29>: 8.75ns
ST_29: gmem2_addr_4_resp (80)  [3/5] 8.75ns  loc: SobelLab4/Sobel.cpp:42
:5  %gmem2_addr_4_resp = call i1 @_ssdm_op_WriteResp.m_axi.i32P(i32* %gmem2_addr_3)


 <State 30>: 8.75ns
ST_30: gmem2_addr_4_resp (80)  [2/5] 8.75ns  loc: SobelLab4/Sobel.cpp:42
:5  %gmem2_addr_4_resp = call i1 @_ssdm_op_WriteResp.m_axi.i32P(i32* %gmem2_addr_3)


 <State 31>: 8.75ns
ST_31: gmem2_addr_4_resp (80)  [1/5] 8.75ns  loc: SobelLab4/Sobel.cpp:42
:5  %gmem2_addr_4_resp = call i1 @_ssdm_op_WriteResp.m_axi.i32P(i32* %gmem2_addr_3)

ST_31: StgValue_205 (82)  [1/1] 0.00ns  loc: SobelLab4/Sobel.cpp:41
:7  br label %.preheader3


 <State 32>: 7.60ns
ST_32: indvar_flatten (86)  [1/1] 0.00ns
.preheader.preheader:0  %indvar_flatten = phi i21 [ %indvar_flatten_next, %.preheader ], [ 0, %.preheader.preheader.preheader ]

ST_32: y_assign (87)  [1/1] 0.00ns  loc: SobelLab4/Sobel.cpp:53
.preheader.preheader:1  %y_assign = phi i11 [ %y_assign_mid2, %.preheader ], [ 1, %.preheader.preheader.preheader ]

ST_32: x_assign (88)  [1/1] 0.00ns
.preheader.preheader:2  %x_assign = phi i11 [ %x, %.preheader ], [ 1, %.preheader.preheader.preheader ]

ST_32: p_shl (89)  [1/1] 0.00ns  loc: SobelLab4/Sobel.cpp:15->SobelLab4/Sobel.cpp:57
.preheader.preheader:3  %p_shl = call i22 @_ssdm_op_BitConcatenate.i22.i11.i11(i11 %y_assign, i11 0)

ST_32: p_shl_cast (90)  [1/1] 0.00ns  loc: SobelLab4/Sobel.cpp:15->SobelLab4/Sobel.cpp:57
.preheader.preheader:4  %p_shl_cast = zext i22 %p_shl to i23

ST_32: p_shl1 (91)  [1/1] 0.00ns  loc: SobelLab4/Sobel.cpp:15->SobelLab4/Sobel.cpp:57
.preheader.preheader:5  %p_shl1 = call i18 @_ssdm_op_BitConcatenate.i18.i11.i7(i11 %y_assign, i7 0)

ST_32: p_shl1_cast (92)  [1/1] 0.00ns  loc: SobelLab4/Sobel.cpp:15->SobelLab4/Sobel.cpp:57
.preheader.preheader:6  %p_shl1_cast = zext i18 %p_shl1 to i23

ST_32: tmp_8 (93)  [1/1] 2.59ns  loc: SobelLab4/Sobel.cpp:15->SobelLab4/Sobel.cpp:57
.preheader.preheader:7  %tmp_8 = sub i23 %p_shl_cast, %p_shl1_cast

ST_32: exitcond_flatten (94)  [1/1] 3.15ns
.preheader.preheader:8  %exitcond_flatten = icmp eq i21 %indvar_flatten, -29548

ST_32: indvar_flatten_next (95)  [1/1] 2.59ns
.preheader.preheader:9  %indvar_flatten_next = add i21 %indvar_flatten, 1

ST_32: StgValue_216 (96)  [1/1] 0.00ns
.preheader.preheader:10  br i1 %exitcond_flatten, label %6, label %.preheader

ST_32: exitcond (100)  [1/1] 2.94ns  loc: SobelLab4/Sobel.cpp:53
.preheader:2  %exitcond = icmp eq i11 %x_assign, -129

ST_32: x_assign_mid2 (101)  [1/1] 2.07ns  loc: SobelLab4/Sobel.cpp:53
.preheader:3  %x_assign_mid2 = select i1 %exitcond, i11 1, i11 %x_assign

ST_32: y9 (102)  [1/1] 2.33ns  loc: SobelLab4/Sobel.cpp:52
.preheader:4  %y9 = add i11 1, %y_assign

ST_32: p_shl_mid1 (103)  [1/1] 0.00ns  loc: SobelLab4/Sobel.cpp:15->SobelLab4/Sobel.cpp:57
.preheader:5  %p_shl_mid1 = call i22 @_ssdm_op_BitConcatenate.i22.i11.i11(i11 %y9, i11 0)

ST_32: p_shl_cast_mid1 (104)  [1/1] 0.00ns  loc: SobelLab4/Sobel.cpp:15->SobelLab4/Sobel.cpp:57
.preheader:6  %p_shl_cast_mid1 = zext i22 %p_shl_mid1 to i23

ST_32: p_shl1_mid1 (105)  [1/1] 0.00ns  loc: SobelLab4/Sobel.cpp:15->SobelLab4/Sobel.cpp:57
.preheader:7  %p_shl1_mid1 = call i18 @_ssdm_op_BitConcatenate.i18.i11.i7(i11 %y9, i7 0)

ST_32: p_shl1_cast_mid1 (106)  [1/1] 0.00ns  loc: SobelLab4/Sobel.cpp:15->SobelLab4/Sobel.cpp:57
.preheader:8  %p_shl1_cast_mid1 = zext i18 %p_shl1_mid1 to i23

ST_32: tmp_8_mid1 (107)  [1/1] 2.59ns  loc: SobelLab4/Sobel.cpp:15->SobelLab4/Sobel.cpp:57
.preheader:9  %tmp_8_mid1 = sub i23 %p_shl_cast_mid1, %p_shl1_cast_mid1

ST_32: tmp_8_mid2 (108)  [1/1] 0.00ns  loc: SobelLab4/Sobel.cpp:15->SobelLab4/Sobel.cpp:57 (grouped into LUT with out node fullIndex)
.preheader:10  %tmp_8_mid2 = select i1 %exitcond, i23 %tmp_8_mid1, i23 %tmp_8

ST_32: y_assign_mid2 (109)  [1/1] 2.07ns  loc: SobelLab4/Sobel.cpp:53
.preheader:11  %y_assign_mid2 = select i1 %exitcond, i11 %y9, i11 %y_assign

ST_32: x_assign_cast4 (110)  [1/1] 0.00ns  loc: SobelLab4/Sobel.cpp:53 (grouped into LUT with out node fullIndex)
.preheader:12  %x_assign_cast4 = zext i11 %x_assign_mid2 to i23

ST_32: fullIndex (114)  [1/1] 2.59ns  loc: SobelLab4/Sobel.cpp:15->SobelLab4/Sobel.cpp:57 (out node of the LUT)
.preheader:16  %fullIndex = add i23 %x_assign_cast4, %tmp_8_mid2

ST_32: x (172)  [1/1] 2.33ns  loc: SobelLab4/Sobel.cpp:53
.preheader:74  %x = add i11 1, %x_assign_mid2


 <State 33>: 6.41ns
ST_33: tmp_6 (116)  [10/10] 6.41ns  loc: SobelLab4/Sobel.cpp:97->SobelLab4/Sobel.cpp:58
.preheader:18  %tmp_6 = call fastcc zeroext i8 @getVal(i23 %fullIndex, i2 -1, i2 -1, i8* %gmem, i32 %inter_pix_read)


 <State 34>: 8.75ns
ST_34: tmp_6 (116)  [9/10] 8.75ns  loc: SobelLab4/Sobel.cpp:97->SobelLab4/Sobel.cpp:58
.preheader:18  %tmp_6 = call fastcc zeroext i8 @getVal(i23 %fullIndex, i2 -1, i2 -1, i8* %gmem, i32 %inter_pix_read)


 <State 35>: 8.75ns
ST_35: tmp_6 (116)  [8/10] 8.75ns  loc: SobelLab4/Sobel.cpp:97->SobelLab4/Sobel.cpp:58
.preheader:18  %tmp_6 = call fastcc zeroext i8 @getVal(i23 %fullIndex, i2 -1, i2 -1, i8* %gmem, i32 %inter_pix_read)


 <State 36>: 8.75ns
ST_36: tmp_6 (116)  [7/10] 8.75ns  loc: SobelLab4/Sobel.cpp:97->SobelLab4/Sobel.cpp:58
.preheader:18  %tmp_6 = call fastcc zeroext i8 @getVal(i23 %fullIndex, i2 -1, i2 -1, i8* %gmem, i32 %inter_pix_read)


 <State 37>: 8.75ns
ST_37: tmp_6 (116)  [6/10] 8.75ns  loc: SobelLab4/Sobel.cpp:97->SobelLab4/Sobel.cpp:58
.preheader:18  %tmp_6 = call fastcc zeroext i8 @getVal(i23 %fullIndex, i2 -1, i2 -1, i8* %gmem, i32 %inter_pix_read)


 <State 38>: 8.75ns
ST_38: tmp_6 (116)  [5/10] 8.75ns  loc: SobelLab4/Sobel.cpp:97->SobelLab4/Sobel.cpp:58
.preheader:18  %tmp_6 = call fastcc zeroext i8 @getVal(i23 %fullIndex, i2 -1, i2 -1, i8* %gmem, i32 %inter_pix_read)


 <State 39>: 8.75ns
ST_39: tmp_6 (116)  [4/10] 8.75ns  loc: SobelLab4/Sobel.cpp:97->SobelLab4/Sobel.cpp:58
.preheader:18  %tmp_6 = call fastcc zeroext i8 @getVal(i23 %fullIndex, i2 -1, i2 -1, i8* %gmem, i32 %inter_pix_read)


 <State 40>: 8.75ns
ST_40: tmp_6 (116)  [3/10] 8.75ns  loc: SobelLab4/Sobel.cpp:97->SobelLab4/Sobel.cpp:58
.preheader:18  %tmp_6 = call fastcc zeroext i8 @getVal(i23 %fullIndex, i2 -1, i2 -1, i8* %gmem, i32 %inter_pix_read)


 <State 41>: 8.75ns
ST_41: tmp_6 (116)  [2/10] 8.75ns  loc: SobelLab4/Sobel.cpp:97->SobelLab4/Sobel.cpp:58
.preheader:18  %tmp_6 = call fastcc zeroext i8 @getVal(i23 %fullIndex, i2 -1, i2 -1, i8* %gmem, i32 %inter_pix_read)


 <State 42>: 8.75ns
ST_42: tmp_6 (116)  [1/10] 8.75ns  loc: SobelLab4/Sobel.cpp:97->SobelLab4/Sobel.cpp:58
.preheader:18  %tmp_6 = call fastcc zeroext i8 @getVal(i23 %fullIndex, i2 -1, i2 -1, i8* %gmem, i32 %inter_pix_read)


 <State 43>: 6.41ns
ST_43: tmp_7 (118)  [10/10] 6.41ns  loc: SobelLab4/Sobel.cpp:97->SobelLab4/Sobel.cpp:58
.preheader:20  %tmp_7 = call fastcc zeroext i8 @getVal(i23 %fullIndex, i2 -1, i2 0, i8* %gmem, i32 %inter_pix_read)


 <State 44>: 8.75ns
ST_44: tmp_7 (118)  [9/10] 8.75ns  loc: SobelLab4/Sobel.cpp:97->SobelLab4/Sobel.cpp:58
.preheader:20  %tmp_7 = call fastcc zeroext i8 @getVal(i23 %fullIndex, i2 -1, i2 0, i8* %gmem, i32 %inter_pix_read)


 <State 45>: 8.75ns
ST_45: tmp_7 (118)  [8/10] 8.75ns  loc: SobelLab4/Sobel.cpp:97->SobelLab4/Sobel.cpp:58
.preheader:20  %tmp_7 = call fastcc zeroext i8 @getVal(i23 %fullIndex, i2 -1, i2 0, i8* %gmem, i32 %inter_pix_read)


 <State 46>: 8.75ns
ST_46: tmp_7 (118)  [7/10] 8.75ns  loc: SobelLab4/Sobel.cpp:97->SobelLab4/Sobel.cpp:58
.preheader:20  %tmp_7 = call fastcc zeroext i8 @getVal(i23 %fullIndex, i2 -1, i2 0, i8* %gmem, i32 %inter_pix_read)


 <State 47>: 8.75ns
ST_47: tmp_7 (118)  [6/10] 8.75ns  loc: SobelLab4/Sobel.cpp:97->SobelLab4/Sobel.cpp:58
.preheader:20  %tmp_7 = call fastcc zeroext i8 @getVal(i23 %fullIndex, i2 -1, i2 0, i8* %gmem, i32 %inter_pix_read)


 <State 48>: 8.75ns
ST_48: tmp_7 (118)  [5/10] 8.75ns  loc: SobelLab4/Sobel.cpp:97->SobelLab4/Sobel.cpp:58
.preheader:20  %tmp_7 = call fastcc zeroext i8 @getVal(i23 %fullIndex, i2 -1, i2 0, i8* %gmem, i32 %inter_pix_read)


 <State 49>: 8.75ns
ST_49: tmp_7 (118)  [4/10] 8.75ns  loc: SobelLab4/Sobel.cpp:97->SobelLab4/Sobel.cpp:58
.preheader:20  %tmp_7 = call fastcc zeroext i8 @getVal(i23 %fullIndex, i2 -1, i2 0, i8* %gmem, i32 %inter_pix_read)


 <State 50>: 8.75ns
ST_50: tmp_7 (118)  [3/10] 8.75ns  loc: SobelLab4/Sobel.cpp:97->SobelLab4/Sobel.cpp:58
.preheader:20  %tmp_7 = call fastcc zeroext i8 @getVal(i23 %fullIndex, i2 -1, i2 0, i8* %gmem, i32 %inter_pix_read)


 <State 51>: 8.75ns
ST_51: tmp_7 (118)  [2/10] 8.75ns  loc: SobelLab4/Sobel.cpp:97->SobelLab4/Sobel.cpp:58
.preheader:20  %tmp_7 = call fastcc zeroext i8 @getVal(i23 %fullIndex, i2 -1, i2 0, i8* %gmem, i32 %inter_pix_read)


 <State 52>: 8.75ns
ST_52: tmp_7 (118)  [1/10] 8.75ns  loc: SobelLab4/Sobel.cpp:97->SobelLab4/Sobel.cpp:58
.preheader:20  %tmp_7 = call fastcc zeroext i8 @getVal(i23 %fullIndex, i2 -1, i2 0, i8* %gmem, i32 %inter_pix_read)


 <State 53>: 6.41ns
ST_53: tmp_11 (121)  [10/10] 6.41ns  loc: SobelLab4/Sobel.cpp:97->SobelLab4/Sobel.cpp:58
.preheader:23  %tmp_11 = call fastcc zeroext i8 @getVal(i23 %fullIndex, i2 -1, i2 1, i8* %gmem, i32 %inter_pix_read)


 <State 54>: 8.75ns
ST_54: tmp_11 (121)  [9/10] 8.75ns  loc: SobelLab4/Sobel.cpp:97->SobelLab4/Sobel.cpp:58
.preheader:23  %tmp_11 = call fastcc zeroext i8 @getVal(i23 %fullIndex, i2 -1, i2 1, i8* %gmem, i32 %inter_pix_read)


 <State 55>: 8.75ns
ST_55: tmp_11 (121)  [8/10] 8.75ns  loc: SobelLab4/Sobel.cpp:97->SobelLab4/Sobel.cpp:58
.preheader:23  %tmp_11 = call fastcc zeroext i8 @getVal(i23 %fullIndex, i2 -1, i2 1, i8* %gmem, i32 %inter_pix_read)


 <State 56>: 8.75ns
ST_56: tmp_11 (121)  [7/10] 8.75ns  loc: SobelLab4/Sobel.cpp:97->SobelLab4/Sobel.cpp:58
.preheader:23  %tmp_11 = call fastcc zeroext i8 @getVal(i23 %fullIndex, i2 -1, i2 1, i8* %gmem, i32 %inter_pix_read)


 <State 57>: 8.75ns
ST_57: tmp_11 (121)  [6/10] 8.75ns  loc: SobelLab4/Sobel.cpp:97->SobelLab4/Sobel.cpp:58
.preheader:23  %tmp_11 = call fastcc zeroext i8 @getVal(i23 %fullIndex, i2 -1, i2 1, i8* %gmem, i32 %inter_pix_read)


 <State 58>: 8.75ns
ST_58: tmp_11 (121)  [5/10] 8.75ns  loc: SobelLab4/Sobel.cpp:97->SobelLab4/Sobel.cpp:58
.preheader:23  %tmp_11 = call fastcc zeroext i8 @getVal(i23 %fullIndex, i2 -1, i2 1, i8* %gmem, i32 %inter_pix_read)


 <State 59>: 8.75ns
ST_59: tmp_11 (121)  [4/10] 8.75ns  loc: SobelLab4/Sobel.cpp:97->SobelLab4/Sobel.cpp:58
.preheader:23  %tmp_11 = call fastcc zeroext i8 @getVal(i23 %fullIndex, i2 -1, i2 1, i8* %gmem, i32 %inter_pix_read)


 <State 60>: 8.75ns
ST_60: tmp_11 (121)  [3/10] 8.75ns  loc: SobelLab4/Sobel.cpp:97->SobelLab4/Sobel.cpp:58
.preheader:23  %tmp_11 = call fastcc zeroext i8 @getVal(i23 %fullIndex, i2 -1, i2 1, i8* %gmem, i32 %inter_pix_read)


 <State 61>: 8.75ns
ST_61: tmp_11 (121)  [2/10] 8.75ns  loc: SobelLab4/Sobel.cpp:97->SobelLab4/Sobel.cpp:58
.preheader:23  %tmp_11 = call fastcc zeroext i8 @getVal(i23 %fullIndex, i2 -1, i2 1, i8* %gmem, i32 %inter_pix_read)


 <State 62>: 8.75ns
ST_62: tmp_11 (121)  [1/10] 8.75ns  loc: SobelLab4/Sobel.cpp:97->SobelLab4/Sobel.cpp:58
.preheader:23  %tmp_11 = call fastcc zeroext i8 @getVal(i23 %fullIndex, i2 -1, i2 1, i8* %gmem, i32 %inter_pix_read)


 <State 63>: 6.41ns
ST_63: tmp_13 (125)  [10/10] 6.41ns  loc: SobelLab4/Sobel.cpp:97->SobelLab4/Sobel.cpp:58
.preheader:27  %tmp_13 = call fastcc zeroext i8 @getVal(i23 %fullIndex, i2 0, i2 -1, i8* %gmem, i32 %inter_pix_read)


 <State 64>: 8.75ns
ST_64: tmp_13 (125)  [9/10] 8.75ns  loc: SobelLab4/Sobel.cpp:97->SobelLab4/Sobel.cpp:58
.preheader:27  %tmp_13 = call fastcc zeroext i8 @getVal(i23 %fullIndex, i2 0, i2 -1, i8* %gmem, i32 %inter_pix_read)


 <State 65>: 8.75ns
ST_65: tmp_13 (125)  [8/10] 8.75ns  loc: SobelLab4/Sobel.cpp:97->SobelLab4/Sobel.cpp:58
.preheader:27  %tmp_13 = call fastcc zeroext i8 @getVal(i23 %fullIndex, i2 0, i2 -1, i8* %gmem, i32 %inter_pix_read)


 <State 66>: 8.75ns
ST_66: tmp_13 (125)  [7/10] 8.75ns  loc: SobelLab4/Sobel.cpp:97->SobelLab4/Sobel.cpp:58
.preheader:27  %tmp_13 = call fastcc zeroext i8 @getVal(i23 %fullIndex, i2 0, i2 -1, i8* %gmem, i32 %inter_pix_read)


 <State 67>: 8.75ns
ST_67: tmp_13 (125)  [6/10] 8.75ns  loc: SobelLab4/Sobel.cpp:97->SobelLab4/Sobel.cpp:58
.preheader:27  %tmp_13 = call fastcc zeroext i8 @getVal(i23 %fullIndex, i2 0, i2 -1, i8* %gmem, i32 %inter_pix_read)


 <State 68>: 8.75ns
ST_68: tmp_13 (125)  [5/10] 8.75ns  loc: SobelLab4/Sobel.cpp:97->SobelLab4/Sobel.cpp:58
.preheader:27  %tmp_13 = call fastcc zeroext i8 @getVal(i23 %fullIndex, i2 0, i2 -1, i8* %gmem, i32 %inter_pix_read)


 <State 69>: 8.75ns
ST_69: tmp_13 (125)  [4/10] 8.75ns  loc: SobelLab4/Sobel.cpp:97->SobelLab4/Sobel.cpp:58
.preheader:27  %tmp_13 = call fastcc zeroext i8 @getVal(i23 %fullIndex, i2 0, i2 -1, i8* %gmem, i32 %inter_pix_read)


 <State 70>: 8.75ns
ST_70: tmp_13 (125)  [3/10] 8.75ns  loc: SobelLab4/Sobel.cpp:97->SobelLab4/Sobel.cpp:58
.preheader:27  %tmp_13 = call fastcc zeroext i8 @getVal(i23 %fullIndex, i2 0, i2 -1, i8* %gmem, i32 %inter_pix_read)


 <State 71>: 8.75ns
ST_71: tmp_13 (125)  [2/10] 8.75ns  loc: SobelLab4/Sobel.cpp:97->SobelLab4/Sobel.cpp:58
.preheader:27  %tmp_13 = call fastcc zeroext i8 @getVal(i23 %fullIndex, i2 0, i2 -1, i8* %gmem, i32 %inter_pix_read)


 <State 72>: 8.75ns
ST_72: tmp_13 (125)  [1/10] 8.75ns  loc: SobelLab4/Sobel.cpp:97->SobelLab4/Sobel.cpp:58
.preheader:27  %tmp_13 = call fastcc zeroext i8 @getVal(i23 %fullIndex, i2 0, i2 -1, i8* %gmem, i32 %inter_pix_read)


 <State 73>: 6.41ns
ST_73: tmp_14 (129)  [10/10] 6.41ns  loc: SobelLab4/Sobel.cpp:97->SobelLab4/Sobel.cpp:58
.preheader:31  %tmp_14 = call fastcc zeroext i8 @getVal(i23 %fullIndex, i2 0, i2 1, i8* %gmem, i32 %inter_pix_read)


 <State 74>: 8.75ns
ST_74: tmp_14 (129)  [9/10] 8.75ns  loc: SobelLab4/Sobel.cpp:97->SobelLab4/Sobel.cpp:58
.preheader:31  %tmp_14 = call fastcc zeroext i8 @getVal(i23 %fullIndex, i2 0, i2 1, i8* %gmem, i32 %inter_pix_read)


 <State 75>: 8.75ns
ST_75: tmp_14 (129)  [8/10] 8.75ns  loc: SobelLab4/Sobel.cpp:97->SobelLab4/Sobel.cpp:58
.preheader:31  %tmp_14 = call fastcc zeroext i8 @getVal(i23 %fullIndex, i2 0, i2 1, i8* %gmem, i32 %inter_pix_read)


 <State 76>: 8.75ns
ST_76: tmp_14 (129)  [7/10] 8.75ns  loc: SobelLab4/Sobel.cpp:97->SobelLab4/Sobel.cpp:58
.preheader:31  %tmp_14 = call fastcc zeroext i8 @getVal(i23 %fullIndex, i2 0, i2 1, i8* %gmem, i32 %inter_pix_read)


 <State 77>: 8.75ns
ST_77: tmp_14 (129)  [6/10] 8.75ns  loc: SobelLab4/Sobel.cpp:97->SobelLab4/Sobel.cpp:58
.preheader:31  %tmp_14 = call fastcc zeroext i8 @getVal(i23 %fullIndex, i2 0, i2 1, i8* %gmem, i32 %inter_pix_read)


 <State 78>: 8.75ns
ST_78: tmp_14 (129)  [5/10] 8.75ns  loc: SobelLab4/Sobel.cpp:97->SobelLab4/Sobel.cpp:58
.preheader:31  %tmp_14 = call fastcc zeroext i8 @getVal(i23 %fullIndex, i2 0, i2 1, i8* %gmem, i32 %inter_pix_read)


 <State 79>: 8.75ns
ST_79: tmp_14 (129)  [4/10] 8.75ns  loc: SobelLab4/Sobel.cpp:97->SobelLab4/Sobel.cpp:58
.preheader:31  %tmp_14 = call fastcc zeroext i8 @getVal(i23 %fullIndex, i2 0, i2 1, i8* %gmem, i32 %inter_pix_read)


 <State 80>: 8.75ns
ST_80: tmp_14 (129)  [3/10] 8.75ns  loc: SobelLab4/Sobel.cpp:97->SobelLab4/Sobel.cpp:58
.preheader:31  %tmp_14 = call fastcc zeroext i8 @getVal(i23 %fullIndex, i2 0, i2 1, i8* %gmem, i32 %inter_pix_read)


 <State 81>: 8.75ns
ST_81: tmp_14 (129)  [2/10] 8.75ns  loc: SobelLab4/Sobel.cpp:97->SobelLab4/Sobel.cpp:58
.preheader:31  %tmp_14 = call fastcc zeroext i8 @getVal(i23 %fullIndex, i2 0, i2 1, i8* %gmem, i32 %inter_pix_read)


 <State 82>: 8.75ns
ST_82: tmp_14 (129)  [1/10] 8.75ns  loc: SobelLab4/Sobel.cpp:97->SobelLab4/Sobel.cpp:58
.preheader:31  %tmp_14 = call fastcc zeroext i8 @getVal(i23 %fullIndex, i2 0, i2 1, i8* %gmem, i32 %inter_pix_read)


 <State 83>: 6.41ns
ST_83: tmp_15 (137)  [10/10] 6.41ns  loc: SobelLab4/Sobel.cpp:97->SobelLab4/Sobel.cpp:58
.preheader:39  %tmp_15 = call fastcc zeroext i8 @getVal(i23 %fullIndex, i2 1, i2 -1, i8* %gmem, i32 %inter_pix_read)


 <State 84>: 8.75ns
ST_84: tmp_15 (137)  [9/10] 8.75ns  loc: SobelLab4/Sobel.cpp:97->SobelLab4/Sobel.cpp:58
.preheader:39  %tmp_15 = call fastcc zeroext i8 @getVal(i23 %fullIndex, i2 1, i2 -1, i8* %gmem, i32 %inter_pix_read)


 <State 85>: 8.75ns
ST_85: tmp_15 (137)  [8/10] 8.75ns  loc: SobelLab4/Sobel.cpp:97->SobelLab4/Sobel.cpp:58
.preheader:39  %tmp_15 = call fastcc zeroext i8 @getVal(i23 %fullIndex, i2 1, i2 -1, i8* %gmem, i32 %inter_pix_read)


 <State 86>: 8.75ns
ST_86: tmp_15 (137)  [7/10] 8.75ns  loc: SobelLab4/Sobel.cpp:97->SobelLab4/Sobel.cpp:58
.preheader:39  %tmp_15 = call fastcc zeroext i8 @getVal(i23 %fullIndex, i2 1, i2 -1, i8* %gmem, i32 %inter_pix_read)


 <State 87>: 8.75ns
ST_87: tmp_15 (137)  [6/10] 8.75ns  loc: SobelLab4/Sobel.cpp:97->SobelLab4/Sobel.cpp:58
.preheader:39  %tmp_15 = call fastcc zeroext i8 @getVal(i23 %fullIndex, i2 1, i2 -1, i8* %gmem, i32 %inter_pix_read)


 <State 88>: 8.75ns
ST_88: tmp_15 (137)  [5/10] 8.75ns  loc: SobelLab4/Sobel.cpp:97->SobelLab4/Sobel.cpp:58
.preheader:39  %tmp_15 = call fastcc zeroext i8 @getVal(i23 %fullIndex, i2 1, i2 -1, i8* %gmem, i32 %inter_pix_read)


 <State 89>: 8.75ns
ST_89: tmp_15 (137)  [4/10] 8.75ns  loc: SobelLab4/Sobel.cpp:97->SobelLab4/Sobel.cpp:58
.preheader:39  %tmp_15 = call fastcc zeroext i8 @getVal(i23 %fullIndex, i2 1, i2 -1, i8* %gmem, i32 %inter_pix_read)


 <State 90>: 8.75ns
ST_90: tmp_15 (137)  [3/10] 8.75ns  loc: SobelLab4/Sobel.cpp:97->SobelLab4/Sobel.cpp:58
.preheader:39  %tmp_15 = call fastcc zeroext i8 @getVal(i23 %fullIndex, i2 1, i2 -1, i8* %gmem, i32 %inter_pix_read)


 <State 91>: 8.75ns
ST_91: tmp_15 (137)  [2/10] 8.75ns  loc: SobelLab4/Sobel.cpp:97->SobelLab4/Sobel.cpp:58
.preheader:39  %tmp_15 = call fastcc zeroext i8 @getVal(i23 %fullIndex, i2 1, i2 -1, i8* %gmem, i32 %inter_pix_read)


 <State 92>: 8.75ns
ST_92: tmp_15 (137)  [1/10] 8.75ns  loc: SobelLab4/Sobel.cpp:97->SobelLab4/Sobel.cpp:58
.preheader:39  %tmp_15 = call fastcc zeroext i8 @getVal(i23 %fullIndex, i2 1, i2 -1, i8* %gmem, i32 %inter_pix_read)


 <State 93>: 6.41ns
ST_93: tmp_16 (141)  [10/10] 6.41ns  loc: SobelLab4/Sobel.cpp:97->SobelLab4/Sobel.cpp:58
.preheader:43  %tmp_16 = call fastcc zeroext i8 @getVal(i23 %fullIndex, i2 1, i2 0, i8* %gmem, i32 %inter_pix_read)


 <State 94>: 8.75ns
ST_94: tmp_16 (141)  [9/10] 8.75ns  loc: SobelLab4/Sobel.cpp:97->SobelLab4/Sobel.cpp:58
.preheader:43  %tmp_16 = call fastcc zeroext i8 @getVal(i23 %fullIndex, i2 1, i2 0, i8* %gmem, i32 %inter_pix_read)


 <State 95>: 8.75ns
ST_95: tmp_16 (141)  [8/10] 8.75ns  loc: SobelLab4/Sobel.cpp:97->SobelLab4/Sobel.cpp:58
.preheader:43  %tmp_16 = call fastcc zeroext i8 @getVal(i23 %fullIndex, i2 1, i2 0, i8* %gmem, i32 %inter_pix_read)


 <State 96>: 8.75ns
ST_96: tmp_16 (141)  [7/10] 8.75ns  loc: SobelLab4/Sobel.cpp:97->SobelLab4/Sobel.cpp:58
.preheader:43  %tmp_16 = call fastcc zeroext i8 @getVal(i23 %fullIndex, i2 1, i2 0, i8* %gmem, i32 %inter_pix_read)


 <State 97>: 8.75ns
ST_97: tmp_16 (141)  [6/10] 8.75ns  loc: SobelLab4/Sobel.cpp:97->SobelLab4/Sobel.cpp:58
.preheader:43  %tmp_16 = call fastcc zeroext i8 @getVal(i23 %fullIndex, i2 1, i2 0, i8* %gmem, i32 %inter_pix_read)


 <State 98>: 8.75ns
ST_98: tmp_16 (141)  [5/10] 8.75ns  loc: SobelLab4/Sobel.cpp:97->SobelLab4/Sobel.cpp:58
.preheader:43  %tmp_16 = call fastcc zeroext i8 @getVal(i23 %fullIndex, i2 1, i2 0, i8* %gmem, i32 %inter_pix_read)


 <State 99>: 8.75ns
ST_99: tmp_16 (141)  [4/10] 8.75ns  loc: SobelLab4/Sobel.cpp:97->SobelLab4/Sobel.cpp:58
.preheader:43  %tmp_16 = call fastcc zeroext i8 @getVal(i23 %fullIndex, i2 1, i2 0, i8* %gmem, i32 %inter_pix_read)


 <State 100>: 8.75ns
ST_100: tmp_16 (141)  [3/10] 8.75ns  loc: SobelLab4/Sobel.cpp:97->SobelLab4/Sobel.cpp:58
.preheader:43  %tmp_16 = call fastcc zeroext i8 @getVal(i23 %fullIndex, i2 1, i2 0, i8* %gmem, i32 %inter_pix_read)


 <State 101>: 8.75ns
ST_101: tmp_16 (141)  [2/10] 8.75ns  loc: SobelLab4/Sobel.cpp:97->SobelLab4/Sobel.cpp:58
.preheader:43  %tmp_16 = call fastcc zeroext i8 @getVal(i23 %fullIndex, i2 1, i2 0, i8* %gmem, i32 %inter_pix_read)


 <State 102>: 8.75ns
ST_102: tmp_16 (141)  [1/10] 8.75ns  loc: SobelLab4/Sobel.cpp:97->SobelLab4/Sobel.cpp:58
.preheader:43  %tmp_16 = call fastcc zeroext i8 @getVal(i23 %fullIndex, i2 1, i2 0, i8* %gmem, i32 %inter_pix_read)


 <State 103>: 8.40ns
ST_103: fullIndex_cast (115)  [1/1] 0.00ns  loc: SobelLab4/Sobel.cpp:15->SobelLab4/Sobel.cpp:57
.preheader:17  %fullIndex_cast = sext i23 %fullIndex to i32

ST_103: tmp_221_cast (117)  [1/1] 0.00ns  loc: SobelLab4/Sobel.cpp:97->SobelLab4/Sobel.cpp:58
.preheader:19  %tmp_221_cast = zext i8 %tmp_6 to i9

ST_103: tmp_28_0_1 (119)  [1/1] 0.00ns  loc: SobelLab4/Sobel.cpp:100->SobelLab4/Sobel.cpp:58
.preheader:21  %tmp_28_0_1 = call i9 @_ssdm_op_BitConcatenate.i9.i8.i1(i8 %tmp_7, i1 false)

ST_103: tmp_28_0_1_cast (120)  [1/1] 0.00ns  loc: SobelLab4/Sobel.cpp:100->SobelLab4/Sobel.cpp:58
.preheader:22  %tmp_28_0_1_cast = zext i9 %tmp_28_0_1 to i10

ST_103: tmp_22_0_2_cast (122)  [1/1] 0.00ns  loc: SobelLab4/Sobel.cpp:97->SobelLab4/Sobel.cpp:58
.preheader:24  %tmp_22_0_2_cast = zext i8 %tmp_11 to i9

ST_103: x_weight_0_2 (123)  [1/1] 2.32ns  loc: SobelLab4/Sobel.cpp:97->SobelLab4/Sobel.cpp:58
.preheader:25  %x_weight_0_2 = sub i9 %tmp_22_0_2_cast, %tmp_221_cast

ST_103: x_weight_0_2_cast (124)  [1/1] 0.00ns  loc: SobelLab4/Sobel.cpp:97->SobelLab4/Sobel.cpp:58
.preheader:26  %x_weight_0_2_cast = sext i9 %x_weight_0_2 to i11

ST_103: p_shl2 (126)  [1/1] 0.00ns  loc: SobelLab4/Sobel.cpp:97->SobelLab4/Sobel.cpp:58
.preheader:28  %p_shl2 = call i9 @_ssdm_op_BitConcatenate.i9.i8.i1(i8 %tmp_13, i1 false)

ST_103: p_shl2_cast (127)  [1/1] 0.00ns  loc: SobelLab4/Sobel.cpp:97->SobelLab4/Sobel.cpp:58
.preheader:29  %p_shl2_cast = zext i9 %p_shl2 to i11

ST_103: x_weight_1_1 (128)  [1/1] 2.32ns  loc: SobelLab4/Sobel.cpp:97->SobelLab4/Sobel.cpp:58
.preheader:30  %x_weight_1_1 = sub i11 %x_weight_0_2_cast, %p_shl2_cast

ST_103: tmp_24_1_2 (130)  [1/1] 0.00ns  loc: SobelLab4/Sobel.cpp:97->SobelLab4/Sobel.cpp:58
.preheader:32  %tmp_24_1_2 = call i9 @_ssdm_op_BitConcatenate.i9.i8.i1(i8 %tmp_14, i1 false)

ST_103: tmp_24_1_2_cast (131)  [1/1] 0.00ns  loc: SobelLab4/Sobel.cpp:97->SobelLab4/Sobel.cpp:58
.preheader:33  %tmp_24_1_2_cast = zext i9 %tmp_24_1_2 to i11

ST_103: x_weight_1_2 (132)  [1/1] 1.88ns  loc: SobelLab4/Sobel.cpp:97->SobelLab4/Sobel.cpp:58
.preheader:34  %x_weight_1_2 = add i11 %x_weight_1_1, %tmp_24_1_2_cast

ST_103: tmp1 (133)  [1/1] 2.32ns  loc: SobelLab4/Sobel.cpp:100->SobelLab4/Sobel.cpp:58
.preheader:35  %tmp1 = add i9 %tmp_22_0_2_cast, %tmp_221_cast

ST_103: tmp1_cast (134)  [1/1] 0.00ns  loc: SobelLab4/Sobel.cpp:100->SobelLab4/Sobel.cpp:58
.preheader:36  %tmp1_cast = zext i9 %tmp1 to i10

ST_103: y_weight_1_2 (135)  [1/1] 2.32ns  loc: SobelLab4/Sobel.cpp:100->SobelLab4/Sobel.cpp:58
.preheader:37  %y_weight_1_2 = add i10 %tmp_28_0_1_cast, %tmp1_cast

ST_103: y_weight_1_2_cast (136)  [1/1] 0.00ns  loc: SobelLab4/Sobel.cpp:100->SobelLab4/Sobel.cpp:58
.preheader:38  %y_weight_1_2_cast = zext i10 %y_weight_1_2 to i11

ST_103: tmp_22_2_cast (138)  [1/1] 0.00ns  loc: SobelLab4/Sobel.cpp:97->SobelLab4/Sobel.cpp:58
.preheader:40  %tmp_22_2_cast = zext i8 %tmp_15 to i11

ST_103: x_weight_2 (139)  [1/1] 1.88ns  loc: SobelLab4/Sobel.cpp:97->SobelLab4/Sobel.cpp:58
.preheader:41  %x_weight_2 = sub i11 %x_weight_1_2, %tmp_22_2_cast

ST_103: y_weight_2 (140)  [1/1] 2.32ns  loc: SobelLab4/Sobel.cpp:100->SobelLab4/Sobel.cpp:58
.preheader:42  %y_weight_2 = sub i11 %y_weight_1_2_cast, %tmp_22_2_cast

ST_103: tmp_17 (145)  [10/10] 6.41ns  loc: SobelLab4/Sobel.cpp:97->SobelLab4/Sobel.cpp:58
.preheader:47  %tmp_17 = call fastcc zeroext i8 @getVal(i23 %fullIndex, i2 1, i2 1, i8* %gmem, i32 %inter_pix_read)

ST_103: tmp_18 (147)  [1/1] 0.00ns  loc: SobelLab4/Sobel.cpp:97->SobelLab4/Sobel.cpp:58
.preheader:49  %tmp_18 = trunc i11 %x_weight_2 to i8

ST_103: out_pix4_sum6 (166)  [1/1] 2.82ns  loc: SobelLab4/Sobel.cpp:15->SobelLab4/Sobel.cpp:57
.preheader:68  %out_pix4_sum6 = add i32 %fullIndex_cast, %tmp_1


 <State 104>: 8.75ns
ST_104: tmp_17 (145)  [9/10] 8.75ns  loc: SobelLab4/Sobel.cpp:97->SobelLab4/Sobel.cpp:58
.preheader:47  %tmp_17 = call fastcc zeroext i8 @getVal(i23 %fullIndex, i2 1, i2 1, i8* %gmem, i32 %inter_pix_read)


 <State 105>: 8.75ns
ST_105: tmp_17 (145)  [8/10] 8.75ns  loc: SobelLab4/Sobel.cpp:97->SobelLab4/Sobel.cpp:58
.preheader:47  %tmp_17 = call fastcc zeroext i8 @getVal(i23 %fullIndex, i2 1, i2 1, i8* %gmem, i32 %inter_pix_read)


 <State 106>: 8.75ns
ST_106: tmp_17 (145)  [7/10] 8.75ns  loc: SobelLab4/Sobel.cpp:97->SobelLab4/Sobel.cpp:58
.preheader:47  %tmp_17 = call fastcc zeroext i8 @getVal(i23 %fullIndex, i2 1, i2 1, i8* %gmem, i32 %inter_pix_read)


 <State 107>: 8.75ns
ST_107: tmp_17 (145)  [6/10] 8.75ns  loc: SobelLab4/Sobel.cpp:97->SobelLab4/Sobel.cpp:58
.preheader:47  %tmp_17 = call fastcc zeroext i8 @getVal(i23 %fullIndex, i2 1, i2 1, i8* %gmem, i32 %inter_pix_read)


 <State 108>: 8.75ns
ST_108: tmp_17 (145)  [5/10] 8.75ns  loc: SobelLab4/Sobel.cpp:97->SobelLab4/Sobel.cpp:58
.preheader:47  %tmp_17 = call fastcc zeroext i8 @getVal(i23 %fullIndex, i2 1, i2 1, i8* %gmem, i32 %inter_pix_read)


 <State 109>: 8.75ns
ST_109: tmp_17 (145)  [4/10] 8.75ns  loc: SobelLab4/Sobel.cpp:97->SobelLab4/Sobel.cpp:58
.preheader:47  %tmp_17 = call fastcc zeroext i8 @getVal(i23 %fullIndex, i2 1, i2 1, i8* %gmem, i32 %inter_pix_read)


 <State 110>: 8.75ns
ST_110: tmp_17 (145)  [3/10] 8.75ns  loc: SobelLab4/Sobel.cpp:97->SobelLab4/Sobel.cpp:58
.preheader:47  %tmp_17 = call fastcc zeroext i8 @getVal(i23 %fullIndex, i2 1, i2 1, i8* %gmem, i32 %inter_pix_read)


 <State 111>: 8.75ns
ST_111: tmp_17 (145)  [2/10] 8.75ns  loc: SobelLab4/Sobel.cpp:97->SobelLab4/Sobel.cpp:58
.preheader:47  %tmp_17 = call fastcc zeroext i8 @getVal(i23 %fullIndex, i2 1, i2 1, i8* %gmem, i32 %inter_pix_read)


 <State 112>: 8.75ns
ST_112: tmp_17 (145)  [1/10] 8.75ns  loc: SobelLab4/Sobel.cpp:97->SobelLab4/Sobel.cpp:58
.preheader:47  %tmp_17 = call fastcc zeroext i8 @getVal(i23 %fullIndex, i2 1, i2 1, i8* %gmem, i32 %inter_pix_read)


 <State 113>: 6.69ns
ST_113: p_shl3 (142)  [1/1] 0.00ns  loc: SobelLab4/Sobel.cpp:100->SobelLab4/Sobel.cpp:58
.preheader:44  %p_shl3 = call i9 @_ssdm_op_BitConcatenate.i9.i8.i1(i8 %tmp_16, i1 false)

ST_113: p_shl3_cast (143)  [1/1] 0.00ns  loc: SobelLab4/Sobel.cpp:100->SobelLab4/Sobel.cpp:58
.preheader:45  %p_shl3_cast = zext i9 %p_shl3 to i11

ST_113: y_weight_2_1 (144)  [1/1] 1.88ns  loc: SobelLab4/Sobel.cpp:100->SobelLab4/Sobel.cpp:58
.preheader:46  %y_weight_2_1 = sub i11 %y_weight_2, %p_shl3_cast

ST_113: tmp_22_2_2_cast (146)  [1/1] 0.00ns  loc: SobelLab4/Sobel.cpp:97->SobelLab4/Sobel.cpp:58
.preheader:48  %tmp_22_2_2_cast = zext i8 %tmp_17 to i11

ST_113: x_weight_2_2 (148)  [1/1] 2.33ns  loc: SobelLab4/Sobel.cpp:97->SobelLab4/Sobel.cpp:58
.preheader:50  %x_weight_2_2 = add i11 %tmp_22_2_2_cast, %x_weight_2

ST_113: y_weight_2_2 (149)  [1/1] 1.88ns  loc: SobelLab4/Sobel.cpp:100->SobelLab4/Sobel.cpp:58
.preheader:51  %y_weight_2_2 = sub i11 %y_weight_2_1, %tmp_22_2_2_cast

ST_113: tmp_s (150)  [1/1] 2.94ns  loc: SobelLab4/Sobel.cpp:104->SobelLab4/Sobel.cpp:58
.preheader:52  %tmp_s = icmp sgt i11 %x_weight_2_2, 0

ST_113: tmp_20 (151)  [1/1] 2.32ns  loc: SobelLab4/Sobel.cpp:104->SobelLab4/Sobel.cpp:58
.preheader:53  %tmp_20 = add i8 %tmp_17, %tmp_18

ST_113: tmp_21 (152)  [1/1] 2.32ns  loc: SobelLab4/Sobel.cpp:104->SobelLab4/Sobel.cpp:58
.preheader:54  %tmp_21 = sub i8 0, %tmp_20

ST_113: tmp_4 (154)  [1/1] 2.94ns  loc: SobelLab4/Sobel.cpp:104->SobelLab4/Sobel.cpp:58
.preheader:56  %tmp_4 = icmp sgt i11 %y_weight_2_2, 0

ST_113: tmp_23 (155)  [1/1] 0.00ns  loc: SobelLab4/Sobel.cpp:104->SobelLab4/Sobel.cpp:58
.preheader:57  %tmp_23 = trunc i11 %y_weight_2_2 to i8

ST_113: tmp_24 (156)  [1/1] 2.32ns  loc: SobelLab4/Sobel.cpp:104->SobelLab4/Sobel.cpp:58
.preheader:58  %tmp_24 = sub i8 0, %tmp_23


 <State 114>: 8.75ns
ST_114: tmp_22 (153)  [1/1] 0.00ns  loc: SobelLab4/Sobel.cpp:104->SobelLab4/Sobel.cpp:58 (grouped into LUT with out node tmp_9)
.preheader:55  %tmp_22 = select i1 %tmp_s, i8 %tmp_20, i8 %tmp_21

ST_114: tmp_25 (157)  [1/1] 0.00ns  loc: SobelLab4/Sobel.cpp:104->SobelLab4/Sobel.cpp:58 (grouped into LUT with out node tmp_9)
.preheader:59  %tmp_25 = select i1 %tmp_4, i8 %tmp_23, i8 %tmp_24

ST_114: tmp_9 (158)  [1/1] 2.32ns  loc: SobelLab4/Sobel.cpp:106->SobelLab4/Sobel.cpp:58 (out node of the LUT)
.preheader:60  %tmp_9 = add i8 %tmp_22, %tmp_25

ST_114: edge_val (159)  [1/1] 0.00ns  loc: SobelLab4/Sobel.cpp:106->SobelLab4/Sobel.cpp:58 (grouped into LUT with out node edge_val_1_i)
.preheader:61  %edge_val = xor i8 %tmp_9, -1

ST_114: tmp_10 (160)  [1/1] 2.91ns  loc: SobelLab4/Sobel.cpp:109->SobelLab4/Sobel.cpp:58
.preheader:62  %tmp_10 = icmp ult i8 %tmp_9, 55

ST_114: tmp_12 (161)  [1/1] 2.91ns  loc: SobelLab4/Sobel.cpp:111->SobelLab4/Sobel.cpp:58
.preheader:63  %tmp_12 = icmp ugt i8 %tmp_9, -101

ST_114: p_i (162)  [1/1] 0.00ns  loc: SobelLab4/Sobel.cpp:109->SobelLab4/Sobel.cpp:58 (grouped into LUT with out node edge_val_1_i)
.preheader:64  %p_i = select i1 %tmp_10, i8 -1, i8 0

ST_114: tmp_26 (163)  [1/1] 0.00ns  loc: SobelLab4/Sobel.cpp:109->SobelLab4/Sobel.cpp:58 (grouped into LUT with out node edge_val_1_i)
.preheader:65  %tmp_26 = or i1 %tmp_10, %tmp_12

ST_114: edge_val_1_i (164)  [1/1] 2.07ns  loc: SobelLab4/Sobel.cpp:109->SobelLab4/Sobel.cpp:58 (out node of the LUT)
.preheader:66  %edge_val_1_i = select i1 %tmp_26, i8 %p_i, i8 %edge_val

ST_114: gmem2_addr_4 (167)  [1/1] 0.00ns  loc: SobelLab4/Sobel.cpp:15->SobelLab4/Sobel.cpp:57
.preheader:69  %gmem2_addr_4 = getelementptr i32* %gmem2, i32 %out_pix4_sum6

ST_114: gmem2_addr_5_req (168)  [1/1] 8.75ns  loc: SobelLab4/Sobel.cpp:58
.preheader:70  %gmem2_addr_5_req = call i1 @_ssdm_op_WriteReq.m_axi.i32P(i32* %gmem2_addr_4, i32 1)


 <State 115>: 8.75ns
ST_115: tmp_19 (165)  [1/1] 0.00ns  loc: SobelLab4/Sobel.cpp:114->SobelLab4/Sobel.cpp:58
.preheader:67  %tmp_19 = call i32 @_ssdm_op_BitConcatenate.i32.i8.i8.i8.i8(i8 %edge_val_1_i, i8 %edge_val_1_i, i8 %edge_val_1_i, i8 %edge_val_1_i)

ST_115: StgValue_356 (169)  [1/1] 8.75ns  loc: SobelLab4/Sobel.cpp:58
.preheader:71  call void @_ssdm_op_Write.m_axi.i32P(i32* %gmem2_addr_4, i32 %tmp_19, i4 -1)


 <State 116>: 8.75ns
ST_116: gmem2_addr_5_resp (170)  [5/5] 8.75ns  loc: SobelLab4/Sobel.cpp:58
.preheader:72  %gmem2_addr_5_resp = call i1 @_ssdm_op_WriteResp.m_axi.i32P(i32* %gmem2_addr_4)


 <State 117>: 8.75ns
ST_117: gmem2_addr_5_resp (170)  [4/5] 8.75ns  loc: SobelLab4/Sobel.cpp:58
.preheader:72  %gmem2_addr_5_resp = call i1 @_ssdm_op_WriteResp.m_axi.i32P(i32* %gmem2_addr_4)


 <State 118>: 8.75ns
ST_118: gmem2_addr_5_resp (170)  [3/5] 8.75ns  loc: SobelLab4/Sobel.cpp:58
.preheader:72  %gmem2_addr_5_resp = call i1 @_ssdm_op_WriteResp.m_axi.i32P(i32* %gmem2_addr_4)


 <State 119>: 8.75ns
ST_119: gmem2_addr_5_resp (170)  [2/5] 8.75ns  loc: SobelLab4/Sobel.cpp:58
.preheader:72  %gmem2_addr_5_resp = call i1 @_ssdm_op_WriteResp.m_axi.i32P(i32* %gmem2_addr_4)


 <State 120>: 8.75ns
ST_120: StgValue_361 (98)  [1/1] 0.00ns
.preheader:0  call void (...)* @_ssdm_op_SpecLoopName([23 x i8]* @sobel_line_sobel_poi)

ST_120: empty_7 (99)  [1/1] 0.00ns
.preheader:1  %empty_7 = call i32 (...)* @_ssdm_op_SpecLoopTripCount(i64 2067604, i64 2067604, i64 2067604) nounwind

ST_120: StgValue_363 (111)  [1/1] 0.00ns  loc: SobelLab4/Sobel.cpp:53
.preheader:13  call void (...)* @_ssdm_op_SpecLoopName([12 x i8]* @p_str5) nounwind

ST_120: tmp_2 (112)  [1/1] 0.00ns  loc: SobelLab4/Sobel.cpp:53
.preheader:14  %tmp_2 = call i32 (...)* @_ssdm_op_SpecRegionBegin([12 x i8]* @p_str5) nounwind

ST_120: StgValue_365 (113)  [1/1] 0.00ns  loc: SobelLab4/Sobel.cpp:55
.preheader:15  call void (...)* @_ssdm_op_SpecPipeline(i32 -1, i32 1, i32 1, i32 0, [1 x i8]* @p_str) nounwind

ST_120: gmem2_addr_5_resp (170)  [1/5] 8.75ns  loc: SobelLab4/Sobel.cpp:58
.preheader:72  %gmem2_addr_5_resp = call i1 @_ssdm_op_WriteResp.m_axi.i32P(i32* %gmem2_addr_4)

ST_120: empty_8 (171)  [1/1] 0.00ns  loc: SobelLab4/Sobel.cpp:61
.preheader:73  %empty_8 = call i32 (...)* @_ssdm_op_SpecRegionEnd([12 x i8]* @p_str5, i32 %tmp_2) nounwind

ST_120: StgValue_368 (173)  [1/1] 0.00ns  loc: SobelLab4/Sobel.cpp:53
.preheader:75  br label %.preheader.preheader


 <State 121>: 0.00ns
ST_121: StgValue_369 (175)  [1/1] 0.00ns  loc: SobelLab4/Sobel.cpp:63
:0  ret void



============================================================
+ Verbose Summary: Timing violations
============================================================
Target clock period: 10ns, clock uncertainty: 1.25ns.

 <State 1>: 1ns
The critical path consists of the following:
	s_axi read on port 'out_pix' [5]  (1 ns)

 <State 2>: 8.75ns
The critical path consists of the following:
	'getelementptr' operation ('gmem2_addr') [10]  (0 ns)
	bus request on port 'gmem2' (SobelLab4/Sobel.cpp:36) [19]  (8.75 ns)

 <State 3>: 8.75ns
The critical path consists of the following:
	bus write on port 'gmem2' (SobelLab4/Sobel.cpp:36) [28]  (8.75 ns)

 <State 4>: 8.75ns
The critical path consists of the following:
	bus access on port 'gmem2' (SobelLab4/Sobel.cpp:36) [31]  (8.75 ns)

 <State 5>: 8.75ns
The critical path consists of the following:
	bus access on port 'gmem2' (SobelLab4/Sobel.cpp:36) [31]  (8.75 ns)

 <State 6>: 8.75ns
The critical path consists of the following:
	bus access on port 'gmem2' (SobelLab4/Sobel.cpp:36) [31]  (8.75 ns)

 <State 7>: 8.75ns
The critical path consists of the following:
	bus access on port 'gmem2' (SobelLab4/Sobel.cpp:36) [31]  (8.75 ns)

 <State 8>: 5.1ns
The critical path consists of the following:
	'icmp' operation ('exitcond2', SobelLab4/Sobel.cpp:37) [37]  (3.03 ns)
	blocking operation 2.07 ns on control path)

 <State 9>: 8.75ns
The critical path consists of the following:
	'getelementptr' operation ('gmem2_addr_1', SobelLab4/Sobel.cpp:37) [43]  (0 ns)
	bus request on port 'gmem2' (SobelLab4/Sobel.cpp:38) [44]  (8.75 ns)

 <State 10>: 8.75ns
The critical path consists of the following:
	bus write on port 'gmem2' (SobelLab4/Sobel.cpp:38) [45]  (8.75 ns)

 <State 11>: 8.75ns
The critical path consists of the following:
	bus access on port 'gmem2' (SobelLab4/Sobel.cpp:38) [46]  (8.75 ns)

 <State 12>: 8.75ns
The critical path consists of the following:
	bus access on port 'gmem2' (SobelLab4/Sobel.cpp:38) [46]  (8.75 ns)

 <State 13>: 8.75ns
The critical path consists of the following:
	bus access on port 'gmem2' (SobelLab4/Sobel.cpp:38) [46]  (8.75 ns)

 <State 14>: 8.75ns
The critical path consists of the following:
	bus access on port 'gmem2' (SobelLab4/Sobel.cpp:38) [46]  (8.75 ns)

 <State 15>: 8.75ns
The critical path consists of the following:
	bus access on port 'gmem2' (SobelLab4/Sobel.cpp:38) [46]  (8.75 ns)

 <State 16>: 5.22ns
The critical path consists of the following:
	'icmp' operation ('tmp_3', SobelLab4/Sobel.cpp:39) [54]  (3.15 ns)
	blocking operation 2.07 ns on control path)

 <State 17>: 8.75ns
The critical path consists of the following:
	'getelementptr' operation ('gmem2_addr_2', SobelLab4/Sobel.cpp:39) [60]  (0 ns)
	bus request on port 'gmem2' (SobelLab4/Sobel.cpp:40) [61]  (8.75 ns)

 <State 18>: 8.75ns
The critical path consists of the following:
	bus write on port 'gmem2' (SobelLab4/Sobel.cpp:40) [62]  (8.75 ns)

 <State 19>: 8.75ns
The critical path consists of the following:
	bus access on port 'gmem2' (SobelLab4/Sobel.cpp:40) [63]  (8.75 ns)

 <State 20>: 8.75ns
The critical path consists of the following:
	bus access on port 'gmem2' (SobelLab4/Sobel.cpp:40) [63]  (8.75 ns)

 <State 21>: 8.75ns
The critical path consists of the following:
	bus access on port 'gmem2' (SobelLab4/Sobel.cpp:40) [63]  (8.75 ns)

 <State 22>: 8.75ns
The critical path consists of the following:
	bus access on port 'gmem2' (SobelLab4/Sobel.cpp:40) [63]  (8.75 ns)

 <State 23>: 8.75ns
The critical path consists of the following:
	bus access on port 'gmem2' (SobelLab4/Sobel.cpp:40) [63]  (8.75 ns)

 <State 24>: 5.22ns
The critical path consists of the following:
	'icmp' operation ('tmp_5', SobelLab4/Sobel.cpp:41) [71]  (3.15 ns)
	blocking operation 2.07 ns on control path)

 <State 25>: 8.75ns
The critical path consists of the following:
	'getelementptr' operation ('gmem2_addr_3', SobelLab4/Sobel.cpp:41) [77]  (0 ns)
	bus request on port 'gmem2' (SobelLab4/Sobel.cpp:42) [78]  (8.75 ns)

 <State 26>: 8.75ns
The critical path consists of the following:
	bus write on port 'gmem2' (SobelLab4/Sobel.cpp:42) [79]  (8.75 ns)

 <State 27>: 8.75ns
The critical path consists of the following:
	bus access on port 'gmem2' (SobelLab4/Sobel.cpp:42) [80]  (8.75 ns)

 <State 28>: 8.75ns
The critical path consists of the following:
	bus access on port 'gmem2' (SobelLab4/Sobel.cpp:42) [80]  (8.75 ns)

 <State 29>: 8.75ns
The critical path consists of the following:
	bus access on port 'gmem2' (SobelLab4/Sobel.cpp:42) [80]  (8.75 ns)

 <State 30>: 8.75ns
The critical path consists of the following:
	bus access on port 'gmem2' (SobelLab4/Sobel.cpp:42) [80]  (8.75 ns)

 <State 31>: 8.75ns
The critical path consists of the following:
	bus access on port 'gmem2' (SobelLab4/Sobel.cpp:42) [80]  (8.75 ns)

 <State 32>: 7.6ns
The critical path consists of the following:
	'phi' operation ('x') with incoming values : ('x', SobelLab4/Sobel.cpp:53) [88]  (0 ns)
	'icmp' operation ('exitcond', SobelLab4/Sobel.cpp:53) [100]  (2.94 ns)
	'select' operation ('x_assign_mid2', SobelLab4/Sobel.cpp:53) [101]  (2.07 ns)
	'add' operation ('fullIndex', SobelLab4/Sobel.cpp:15->SobelLab4/Sobel.cpp:57) [114]  (2.59 ns)

 <State 33>: 6.41ns
The critical path consists of the following:
	'call' operation ('tmp_6', SobelLab4/Sobel.cpp:97->SobelLab4/Sobel.cpp:58) to 'getVal' [116]  (6.41 ns)

 <State 34>: 8.75ns
The critical path consists of the following:
	'call' operation ('tmp_6', SobelLab4/Sobel.cpp:97->SobelLab4/Sobel.cpp:58) to 'getVal' [116]  (8.75 ns)

 <State 35>: 8.75ns
The critical path consists of the following:
	'call' operation ('tmp_6', SobelLab4/Sobel.cpp:97->SobelLab4/Sobel.cpp:58) to 'getVal' [116]  (8.75 ns)

 <State 36>: 8.75ns
The critical path consists of the following:
	'call' operation ('tmp_6', SobelLab4/Sobel.cpp:97->SobelLab4/Sobel.cpp:58) to 'getVal' [116]  (8.75 ns)

 <State 37>: 8.75ns
The critical path consists of the following:
	'call' operation ('tmp_6', SobelLab4/Sobel.cpp:97->SobelLab4/Sobel.cpp:58) to 'getVal' [116]  (8.75 ns)

 <State 38>: 8.75ns
The critical path consists of the following:
	'call' operation ('tmp_6', SobelLab4/Sobel.cpp:97->SobelLab4/Sobel.cpp:58) to 'getVal' [116]  (8.75 ns)

 <State 39>: 8.75ns
The critical path consists of the following:
	'call' operation ('tmp_6', SobelLab4/Sobel.cpp:97->SobelLab4/Sobel.cpp:58) to 'getVal' [116]  (8.75 ns)

 <State 40>: 8.75ns
The critical path consists of the following:
	'call' operation ('tmp_6', SobelLab4/Sobel.cpp:97->SobelLab4/Sobel.cpp:58) to 'getVal' [116]  (8.75 ns)

 <State 41>: 8.75ns
The critical path consists of the following:
	'call' operation ('tmp_6', SobelLab4/Sobel.cpp:97->SobelLab4/Sobel.cpp:58) to 'getVal' [116]  (8.75 ns)

 <State 42>: 8.75ns
The critical path consists of the following:
	'call' operation ('tmp_6', SobelLab4/Sobel.cpp:97->SobelLab4/Sobel.cpp:58) to 'getVal' [116]  (8.75 ns)

 <State 43>: 6.41ns
The critical path consists of the following:
	'call' operation ('tmp_7', SobelLab4/Sobel.cpp:97->SobelLab4/Sobel.cpp:58) to 'getVal' [118]  (6.41 ns)

 <State 44>: 8.75ns
The critical path consists of the following:
	'call' operation ('tmp_7', SobelLab4/Sobel.cpp:97->SobelLab4/Sobel.cpp:58) to 'getVal' [118]  (8.75 ns)

 <State 45>: 8.75ns
The critical path consists of the following:
	'call' operation ('tmp_7', SobelLab4/Sobel.cpp:97->SobelLab4/Sobel.cpp:58) to 'getVal' [118]  (8.75 ns)

 <State 46>: 8.75ns
The critical path consists of the following:
	'call' operation ('tmp_7', SobelLab4/Sobel.cpp:97->SobelLab4/Sobel.cpp:58) to 'getVal' [118]  (8.75 ns)

 <State 47>: 8.75ns
The critical path consists of the following:
	'call' operation ('tmp_7', SobelLab4/Sobel.cpp:97->SobelLab4/Sobel.cpp:58) to 'getVal' [118]  (8.75 ns)

 <State 48>: 8.75ns
The critical path consists of the following:
	'call' operation ('tmp_7', SobelLab4/Sobel.cpp:97->SobelLab4/Sobel.cpp:58) to 'getVal' [118]  (8.75 ns)

 <State 49>: 8.75ns
The critical path consists of the following:
	'call' operation ('tmp_7', SobelLab4/Sobel.cpp:97->SobelLab4/Sobel.cpp:58) to 'getVal' [118]  (8.75 ns)

 <State 50>: 8.75ns
The critical path consists of the following:
	'call' operation ('tmp_7', SobelLab4/Sobel.cpp:97->SobelLab4/Sobel.cpp:58) to 'getVal' [118]  (8.75 ns)

 <State 51>: 8.75ns
The critical path consists of the following:
	'call' operation ('tmp_7', SobelLab4/Sobel.cpp:97->SobelLab4/Sobel.cpp:58) to 'getVal' [118]  (8.75 ns)

 <State 52>: 8.75ns
The critical path consists of the following:
	'call' operation ('tmp_7', SobelLab4/Sobel.cpp:97->SobelLab4/Sobel.cpp:58) to 'getVal' [118]  (8.75 ns)

 <State 53>: 6.41ns
The critical path consists of the following:
	'call' operation ('tmp_11', SobelLab4/Sobel.cpp:97->SobelLab4/Sobel.cpp:58) to 'getVal' [121]  (6.41 ns)

 <State 54>: 8.75ns
The critical path consists of the following:
	'call' operation ('tmp_11', SobelLab4/Sobel.cpp:97->SobelLab4/Sobel.cpp:58) to 'getVal' [121]  (8.75 ns)

 <State 55>: 8.75ns
The critical path consists of the following:
	'call' operation ('tmp_11', SobelLab4/Sobel.cpp:97->SobelLab4/Sobel.cpp:58) to 'getVal' [121]  (8.75 ns)

 <State 56>: 8.75ns
The critical path consists of the following:
	'call' operation ('tmp_11', SobelLab4/Sobel.cpp:97->SobelLab4/Sobel.cpp:58) to 'getVal' [121]  (8.75 ns)

 <State 57>: 8.75ns
The critical path consists of the following:
	'call' operation ('tmp_11', SobelLab4/Sobel.cpp:97->SobelLab4/Sobel.cpp:58) to 'getVal' [121]  (8.75 ns)

 <State 58>: 8.75ns
The critical path consists of the following:
	'call' operation ('tmp_11', SobelLab4/Sobel.cpp:97->SobelLab4/Sobel.cpp:58) to 'getVal' [121]  (8.75 ns)

 <State 59>: 8.75ns
The critical path consists of the following:
	'call' operation ('tmp_11', SobelLab4/Sobel.cpp:97->SobelLab4/Sobel.cpp:58) to 'getVal' [121]  (8.75 ns)

 <State 60>: 8.75ns
The critical path consists of the following:
	'call' operation ('tmp_11', SobelLab4/Sobel.cpp:97->SobelLab4/Sobel.cpp:58) to 'getVal' [121]  (8.75 ns)

 <State 61>: 8.75ns
The critical path consists of the following:
	'call' operation ('tmp_11', SobelLab4/Sobel.cpp:97->SobelLab4/Sobel.cpp:58) to 'getVal' [121]  (8.75 ns)

 <State 62>: 8.75ns
The critical path consists of the following:
	'call' operation ('tmp_11', SobelLab4/Sobel.cpp:97->SobelLab4/Sobel.cpp:58) to 'getVal' [121]  (8.75 ns)

 <State 63>: 6.41ns
The critical path consists of the following:
	'call' operation ('tmp_13', SobelLab4/Sobel.cpp:97->SobelLab4/Sobel.cpp:58) to 'getVal' [125]  (6.41 ns)

 <State 64>: 8.75ns
The critical path consists of the following:
	'call' operation ('tmp_13', SobelLab4/Sobel.cpp:97->SobelLab4/Sobel.cpp:58) to 'getVal' [125]  (8.75 ns)

 <State 65>: 8.75ns
The critical path consists of the following:
	'call' operation ('tmp_13', SobelLab4/Sobel.cpp:97->SobelLab4/Sobel.cpp:58) to 'getVal' [125]  (8.75 ns)

 <State 66>: 8.75ns
The critical path consists of the following:
	'call' operation ('tmp_13', SobelLab4/Sobel.cpp:97->SobelLab4/Sobel.cpp:58) to 'getVal' [125]  (8.75 ns)

 <State 67>: 8.75ns
The critical path consists of the following:
	'call' operation ('tmp_13', SobelLab4/Sobel.cpp:97->SobelLab4/Sobel.cpp:58) to 'getVal' [125]  (8.75 ns)

 <State 68>: 8.75ns
The critical path consists of the following:
	'call' operation ('tmp_13', SobelLab4/Sobel.cpp:97->SobelLab4/Sobel.cpp:58) to 'getVal' [125]  (8.75 ns)

 <State 69>: 8.75ns
The critical path consists of the following:
	'call' operation ('tmp_13', SobelLab4/Sobel.cpp:97->SobelLab4/Sobel.cpp:58) to 'getVal' [125]  (8.75 ns)

 <State 70>: 8.75ns
The critical path consists of the following:
	'call' operation ('tmp_13', SobelLab4/Sobel.cpp:97->SobelLab4/Sobel.cpp:58) to 'getVal' [125]  (8.75 ns)

 <State 71>: 8.75ns
The critical path consists of the following:
	'call' operation ('tmp_13', SobelLab4/Sobel.cpp:97->SobelLab4/Sobel.cpp:58) to 'getVal' [125]  (8.75 ns)

 <State 72>: 8.75ns
The critical path consists of the following:
	'call' operation ('tmp_13', SobelLab4/Sobel.cpp:97->SobelLab4/Sobel.cpp:58) to 'getVal' [125]  (8.75 ns)

 <State 73>: 6.41ns
The critical path consists of the following:
	'call' operation ('tmp_14', SobelLab4/Sobel.cpp:97->SobelLab4/Sobel.cpp:58) to 'getVal' [129]  (6.41 ns)

 <State 74>: 8.75ns
The critical path consists of the following:
	'call' operation ('tmp_14', SobelLab4/Sobel.cpp:97->SobelLab4/Sobel.cpp:58) to 'getVal' [129]  (8.75 ns)

 <State 75>: 8.75ns
The critical path consists of the following:
	'call' operation ('tmp_14', SobelLab4/Sobel.cpp:97->SobelLab4/Sobel.cpp:58) to 'getVal' [129]  (8.75 ns)

 <State 76>: 8.75ns
The critical path consists of the following:
	'call' operation ('tmp_14', SobelLab4/Sobel.cpp:97->SobelLab4/Sobel.cpp:58) to 'getVal' [129]  (8.75 ns)

 <State 77>: 8.75ns
The critical path consists of the following:
	'call' operation ('tmp_14', SobelLab4/Sobel.cpp:97->SobelLab4/Sobel.cpp:58) to 'getVal' [129]  (8.75 ns)

 <State 78>: 8.75ns
The critical path consists of the following:
	'call' operation ('tmp_14', SobelLab4/Sobel.cpp:97->SobelLab4/Sobel.cpp:58) to 'getVal' [129]  (8.75 ns)

 <State 79>: 8.75ns
The critical path consists of the following:
	'call' operation ('tmp_14', SobelLab4/Sobel.cpp:97->SobelLab4/Sobel.cpp:58) to 'getVal' [129]  (8.75 ns)

 <State 80>: 8.75ns
The critical path consists of the following:
	'call' operation ('tmp_14', SobelLab4/Sobel.cpp:97->SobelLab4/Sobel.cpp:58) to 'getVal' [129]  (8.75 ns)

 <State 81>: 8.75ns
The critical path consists of the following:
	'call' operation ('tmp_14', SobelLab4/Sobel.cpp:97->SobelLab4/Sobel.cpp:58) to 'getVal' [129]  (8.75 ns)

 <State 82>: 8.75ns
The critical path consists of the following:
	'call' operation ('tmp_14', SobelLab4/Sobel.cpp:97->SobelLab4/Sobel.cpp:58) to 'getVal' [129]  (8.75 ns)

 <State 83>: 6.41ns
The critical path consists of the following:
	'call' operation ('tmp_15', SobelLab4/Sobel.cpp:97->SobelLab4/Sobel.cpp:58) to 'getVal' [137]  (6.41 ns)

 <State 84>: 8.75ns
The critical path consists of the following:
	'call' operation ('tmp_15', SobelLab4/Sobel.cpp:97->SobelLab4/Sobel.cpp:58) to 'getVal' [137]  (8.75 ns)

 <State 85>: 8.75ns
The critical path consists of the following:
	'call' operation ('tmp_15', SobelLab4/Sobel.cpp:97->SobelLab4/Sobel.cpp:58) to 'getVal' [137]  (8.75 ns)

 <State 86>: 8.75ns
The critical path consists of the following:
	'call' operation ('tmp_15', SobelLab4/Sobel.cpp:97->SobelLab4/Sobel.cpp:58) to 'getVal' [137]  (8.75 ns)

 <State 87>: 8.75ns
The critical path consists of the following:
	'call' operation ('tmp_15', SobelLab4/Sobel.cpp:97->SobelLab4/Sobel.cpp:58) to 'getVal' [137]  (8.75 ns)

 <State 88>: 8.75ns
The critical path consists of the following:
	'call' operation ('tmp_15', SobelLab4/Sobel.cpp:97->SobelLab4/Sobel.cpp:58) to 'getVal' [137]  (8.75 ns)

 <State 89>: 8.75ns
The critical path consists of the following:
	'call' operation ('tmp_15', SobelLab4/Sobel.cpp:97->SobelLab4/Sobel.cpp:58) to 'getVal' [137]  (8.75 ns)

 <State 90>: 8.75ns
The critical path consists of the following:
	'call' operation ('tmp_15', SobelLab4/Sobel.cpp:97->SobelLab4/Sobel.cpp:58) to 'getVal' [137]  (8.75 ns)

 <State 91>: 8.75ns
The critical path consists of the following:
	'call' operation ('tmp_15', SobelLab4/Sobel.cpp:97->SobelLab4/Sobel.cpp:58) to 'getVal' [137]  (8.75 ns)

 <State 92>: 8.75ns
The critical path consists of the following:
	'call' operation ('tmp_15', SobelLab4/Sobel.cpp:97->SobelLab4/Sobel.cpp:58) to 'getVal' [137]  (8.75 ns)

 <State 93>: 6.41ns
The critical path consists of the following:
	'call' operation ('tmp_16', SobelLab4/Sobel.cpp:97->SobelLab4/Sobel.cpp:58) to 'getVal' [141]  (6.41 ns)

 <State 94>: 8.75ns
The critical path consists of the following:
	'call' operation ('tmp_16', SobelLab4/Sobel.cpp:97->SobelLab4/Sobel.cpp:58) to 'getVal' [141]  (8.75 ns)

 <State 95>: 8.75ns
The critical path consists of the following:
	'call' operation ('tmp_16', SobelLab4/Sobel.cpp:97->SobelLab4/Sobel.cpp:58) to 'getVal' [141]  (8.75 ns)

 <State 96>: 8.75ns
The critical path consists of the following:
	'call' operation ('tmp_16', SobelLab4/Sobel.cpp:97->SobelLab4/Sobel.cpp:58) to 'getVal' [141]  (8.75 ns)

 <State 97>: 8.75ns
The critical path consists of the following:
	'call' operation ('tmp_16', SobelLab4/Sobel.cpp:97->SobelLab4/Sobel.cpp:58) to 'getVal' [141]  (8.75 ns)

 <State 98>: 8.75ns
The critical path consists of the following:
	'call' operation ('tmp_16', SobelLab4/Sobel.cpp:97->SobelLab4/Sobel.cpp:58) to 'getVal' [141]  (8.75 ns)

 <State 99>: 8.75ns
The critical path consists of the following:
	'call' operation ('tmp_16', SobelLab4/Sobel.cpp:97->SobelLab4/Sobel.cpp:58) to 'getVal' [141]  (8.75 ns)

 <State 100>: 8.75ns
The critical path consists of the following:
	'call' operation ('tmp_16', SobelLab4/Sobel.cpp:97->SobelLab4/Sobel.cpp:58) to 'getVal' [141]  (8.75 ns)

 <State 101>: 8.75ns
The critical path consists of the following:
	'call' operation ('tmp_16', SobelLab4/Sobel.cpp:97->SobelLab4/Sobel.cpp:58) to 'getVal' [141]  (8.75 ns)

 <State 102>: 8.75ns
The critical path consists of the following:
	'call' operation ('tmp_16', SobelLab4/Sobel.cpp:97->SobelLab4/Sobel.cpp:58) to 'getVal' [141]  (8.75 ns)

 <State 103>: 8.4ns
The critical path consists of the following:
	'sub' operation ('x_weight_0_2', SobelLab4/Sobel.cpp:97->SobelLab4/Sobel.cpp:58) [123]  (2.32 ns)
	'sub' operation ('x_weight_1_1', SobelLab4/Sobel.cpp:97->SobelLab4/Sobel.cpp:58) [128]  (2.32 ns)
	'add' operation ('x_weight_1_2', SobelLab4/Sobel.cpp:97->SobelLab4/Sobel.cpp:58) [132]  (1.88 ns)
	'sub' operation ('x_weight_2', SobelLab4/Sobel.cpp:97->SobelLab4/Sobel.cpp:58) [139]  (1.88 ns)

 <State 104>: 8.75ns
The critical path consists of the following:
	'call' operation ('tmp_17', SobelLab4/Sobel.cpp:97->SobelLab4/Sobel.cpp:58) to 'getVal' [145]  (8.75 ns)

 <State 105>: 8.75ns
The critical path consists of the following:
	'call' operation ('tmp_17', SobelLab4/Sobel.cpp:97->SobelLab4/Sobel.cpp:58) to 'getVal' [145]  (8.75 ns)

 <State 106>: 8.75ns
The critical path consists of the following:
	'call' operation ('tmp_17', SobelLab4/Sobel.cpp:97->SobelLab4/Sobel.cpp:58) to 'getVal' [145]  (8.75 ns)

 <State 107>: 8.75ns
The critical path consists of the following:
	'call' operation ('tmp_17', SobelLab4/Sobel.cpp:97->SobelLab4/Sobel.cpp:58) to 'getVal' [145]  (8.75 ns)

 <State 108>: 8.75ns
The critical path consists of the following:
	'call' operation ('tmp_17', SobelLab4/Sobel.cpp:97->SobelLab4/Sobel.cpp:58) to 'getVal' [145]  (8.75 ns)

 <State 109>: 8.75ns
The critical path consists of the following:
	'call' operation ('tmp_17', SobelLab4/Sobel.cpp:97->SobelLab4/Sobel.cpp:58) to 'getVal' [145]  (8.75 ns)

 <State 110>: 8.75ns
The critical path consists of the following:
	'call' operation ('tmp_17', SobelLab4/Sobel.cpp:97->SobelLab4/Sobel.cpp:58) to 'getVal' [145]  (8.75 ns)

 <State 111>: 8.75ns
The critical path consists of the following:
	'call' operation ('tmp_17', SobelLab4/Sobel.cpp:97->SobelLab4/Sobel.cpp:58) to 'getVal' [145]  (8.75 ns)

 <State 112>: 8.75ns
The critical path consists of the following:
	'call' operation ('tmp_17', SobelLab4/Sobel.cpp:97->SobelLab4/Sobel.cpp:58) to 'getVal' [145]  (8.75 ns)

 <State 113>: 6.69ns
The critical path consists of the following:
	'sub' operation ('y_weight_2_1', SobelLab4/Sobel.cpp:100->SobelLab4/Sobel.cpp:58) [144]  (1.88 ns)
	'sub' operation ('y_weight_2_2', SobelLab4/Sobel.cpp:100->SobelLab4/Sobel.cpp:58) [149]  (1.88 ns)
	'icmp' operation ('tmp_4', SobelLab4/Sobel.cpp:104->SobelLab4/Sobel.cpp:58) [154]  (2.94 ns)

 <State 114>: 8.75ns
The critical path consists of the following:
	'getelementptr' operation ('gmem2_addr_4', SobelLab4/Sobel.cpp:15->SobelLab4/Sobel.cpp:57) [167]  (0 ns)
	bus request on port 'gmem2' (SobelLab4/Sobel.cpp:58) [168]  (8.75 ns)

 <State 115>: 8.75ns
The critical path consists of the following:
	bus write on port 'gmem2' (SobelLab4/Sobel.cpp:58) [169]  (8.75 ns)

 <State 116>: 8.75ns
The critical path consists of the following:
	bus access on port 'gmem2' (SobelLab4/Sobel.cpp:58) [170]  (8.75 ns)

 <State 117>: 8.75ns
The critical path consists of the following:
	bus access on port 'gmem2' (SobelLab4/Sobel.cpp:58) [170]  (8.75 ns)

 <State 118>: 8.75ns
The critical path consists of the following:
	bus access on port 'gmem2' (SobelLab4/Sobel.cpp:58) [170]  (8.75 ns)

 <State 119>: 8.75ns
The critical path consists of the following:
	bus access on port 'gmem2' (SobelLab4/Sobel.cpp:58) [170]  (8.75 ns)

 <State 120>: 8.75ns
The critical path consists of the following:
	bus access on port 'gmem2' (SobelLab4/Sobel.cpp:58) [170]  (8.75 ns)

 <State 121>: 0ns
The critical path consists of the following:


============================================================
+ Verbose Summary: Binding
============================================================
N/A
* FSMD analyzer results:
  - Output states:
 - Input state : 
  - Chain level:
	State 1
	State 2
	State 3
	State 4
	State 5
	State 6
	State 7
	State 8
	State 9
	State 10
	State 11
	State 12
	State 13
	State 14
	State 15
	State 16
	State 17
	State 18
	State 19
	State 20
	State 21
	State 22
	State 23
	State 24
	State 25
	State 26
	State 27
	State 28
	State 29
	State 30
	State 31
	State 32
	State 33
	State 34
	State 35
	State 36
	State 37
	State 38
	State 39
	State 40
	State 41
	State 42
	State 43
	State 44
	State 45
	State 46
	State 47
	State 48
	State 49
	State 50
	State 51
	State 52
	State 53
	State 54
	State 55
	State 56
	State 57
	State 58
	State 59
	State 60
	State 61
	State 62
	State 63
	State 64
	State 65
	State 66
	State 67
	State 68
	State 69
	State 70
	State 71
	State 72
	State 73
	State 74
	State 75
	State 76
	State 77
	State 78
	State 79
	State 80
	State 81
	State 82
	State 83
	State 84
	State 85
	State 86
	State 87
	State 88
	State 89
	State 90
	State 91
	State 92
	State 93
	State 94
	State 95
	State 96
	State 97
	State 98
	State 99
	State 100
	State 101
	State 102
	State 103
	State 104
	State 105
	State 106
	State 107
	State 108
	State 109
	State 110
	State 111
	State 112
	State 113
	State 114
	State 115
	State 116
	State 117
	State 118
	State 119
	State 120
	State 121


============================================================
+ Verbose Summary: Datapath Resource usage 
============================================================
N/A
