
*** Running vivado
    with args -log design_1_v_rgb2ycrcb_0_0.vds -m64 -product Vivado -mode batch -messageDb vivado.pb -notrace -source design_1_v_rgb2ycrcb_0_0.tcl


****** Vivado v2017.2 (64-bit)
  **** SW Build 1909853 on Thu Jun 15 18:39:09 MDT 2017
  **** IP Build 1909766 on Thu Jun 15 19:58:00 MDT 2017
    ** Copyright 1986-2017 Xilinx, Inc. All Rights Reserved.

source design_1_v_rgb2ycrcb_0_0.tcl -notrace
Starting RTL Elaboration : Time (s): cpu = 00:00:08 ; elapsed = 00:00:11 . Memory (MB): peak = 340.930 ; gain = 79.090
INFO: [Synth 8-638] synthesizing module 'design_1_v_rgb2ycrcb_0_0' [c:/TEMP/INF3610_4/1798345_1798492/bonheur/bonheur.srcs/sources_1/bd/design_1/ip/design_1_v_rgb2ycrcb_0_0/synth/design_1_v_rgb2ycrcb_0_0.vhd:77]
INFO: [Synth 8-256] done synthesizing module 'design_1_v_rgb2ycrcb_0_0' (21#1) [c:/TEMP/INF3610_4/1798345_1798492/bonheur/bonheur.srcs/sources_1/bd/design_1/ip/design_1_v_rgb2ycrcb_0_0/synth/design_1_v_rgb2ycrcb_0_0.vhd:77]
Finished RTL Elaboration : Time (s): cpu = 00:00:13 ; elapsed = 00:00:15 . Memory (MB): peak = 384.961 ; gain = 123.121
Finished RTL Optimization Phase 1 : Time (s): cpu = 00:00:13 ; elapsed = 00:00:16 . Memory (MB): peak = 384.961 ; gain = 123.121
INFO: [Device 21-403] Loading part xc7z020clg484-1
Constraint Validation Runtime : Time (s): cpu = 00:00:00 ; elapsed = 00:00:00.060 . Memory (MB): peak = 710.395 ; gain = 0.000
Finished Constraint Validation : Time (s): cpu = 00:00:31 ; elapsed = 00:01:35 . Memory (MB): peak = 710.395 ; gain = 448.555
Finished Loading Part and Timing Information : Time (s): cpu = 00:00:31 ; elapsed = 00:01:35 . Memory (MB): peak = 710.395 ; gain = 448.555
Finished applying 'set_property' XDC Constraints : Time (s): cpu = 00:00:31 ; elapsed = 00:01:35 . Memory (MB): peak = 710.395 ; gain = 448.555
Finished RTL Optimization Phase 2 : Time (s): cpu = 00:00:32 ; elapsed = 00:01:36 . Memory (MB): peak = 710.395 ; gain = 448.555
Finished Cross Boundary and Area Optimization : Time (s): cpu = 00:00:38 ; elapsed = 00:01:42 . Memory (MB): peak = 710.395 ; gain = 448.555
---------------------------------------------------------------------------------
Start ROM, RAM, DSP and Shift Register Reporting
---------------------------------------------------------------------------------

Distributed RAM: Preliminary Mapping  Report (see note below)
+------------+------------------------------------------------------------------------------------------+----------------+----------------------+--------------+
|Module Name | RTL Object                                                                               | Inference      | Size (Depth x Width) | Primitives   | 
+------------+------------------------------------------------------------------------------------------+----------------+----------------------+--------------+
|U0          | rgb2ycrcb_top_inst/axi_in_fifo/U_AXIS_SYNC_FIFO/mem1/GenerateDoutWriteFirstA.mem_reg     | User Attribute | 16 x 26              | RAM32M x 5   | 
|U0          | rgb2ycrcb_top_inst/axi_out_fifo/UOSD_AXIS_SYNC_FIFO/mem1/GenerateDoutWriteFirstA.mem_reg | User Attribute | 16 x 26              | RAM32M x 5   | 
+------------+------------------------------------------------------------------------------------------+----------------+----------------------+--------------+

Note: The table above is a preliminary report that shows the Distributed RAMs at the current stage of the synthesis flow. Some Distributed RAMs may be reimplemented as non Distributed RAM primitives later in the synthesis flow. Multiple instantiated RAMs are reported only once.

DSP: Preliminary Mapping  Report (see note below)
+------------+-----------------------+--------+--------+--------+--------+--------+------+------+------+------+-------+------+------+
|Module Name | DSP Mapping           | A Size | B Size | C Size | D Size | P Size | AREG | BREG | CREG | DREG | ADREG | MREG | PREG | 
+------------+-----------------------+--------+--------+--------+--------+--------+------+------+------+------+-------+------+------+
|mac         | (C+(A2*B2)'+CarryIn)' | 17     | 9      | 26     | -      | 26     | 1    | 1    | 0    | -    | -     | 1    | 1    | 
|mac         | (C+(A2*B2)'+CarryIn)' | 17     | 11     | 28     | -      | 28     | 1    | 1    | 0    | -    | -     | 1    | 1    | 
|mac         | (C+(A2*B2)'+CarryIn)' | 17     | 11     | 28     | -      | 28     | 1    | 1    | 0    | -    | -     | 1    | 1    | 
|v_rgb2ycrcb | (A*B)'                | 17     | 9      | -      | -      | 26     | 0    | 0    | -    | -    | -     | 1    | 1    | 
+------------+-----------------------+--------+--------+--------+--------+--------+------+------+------+------+-------+------+------+

Note: The table above is a preliminary report that shows the DSPs inferred at the current stage of the synthesis flow. Some DSP may be reimplemented as non DSP primitives later in the synthesis flow. Multiple instantiated DSPs are reported only once.
---------------------------------------------------------------------------------
Finished ROM, RAM, DSP and Shift Register Reporting
---------------------------------------------------------------------------------
Finished Applying XDC Timing Constraints : Time (s): cpu = 00:01:16 ; elapsed = 00:02:24 . Memory (MB): peak = 717.988 ; gain = 456.148
Finished Timing Optimization : Time (s): cpu = 00:01:18 ; elapsed = 00:02:26 . Memory (MB): peak = 745.160 ; gain = 483.320
Finished Technology Mapping : Time (s): cpu = 00:01:19 ; elapsed = 00:02:27 . Memory (MB): peak = 752.297 ; gain = 490.457
Finished IO Insertion : Time (s): cpu = 00:01:21 ; elapsed = 00:02:29 . Memory (MB): peak = 752.297 ; gain = 490.457
Finished Renaming Generated Instances : Time (s): cpu = 00:01:21 ; elapsed = 00:02:29 . Memory (MB): peak = 752.297 ; gain = 490.457
Finished Rebuilding User Hierarchy : Time (s): cpu = 00:01:21 ; elapsed = 00:02:29 . Memory (MB): peak = 752.297 ; gain = 490.457
Finished Renaming Generated Ports : Time (s): cpu = 00:01:21 ; elapsed = 00:02:29 . Memory (MB): peak = 752.297 ; gain = 490.457
Finished Handling Custom Attributes : Time (s): cpu = 00:01:21 ; elapsed = 00:02:29 . Memory (MB): peak = 752.297 ; gain = 490.457
Finished Renaming Generated Nets : Time (s): cpu = 00:01:21 ; elapsed = 00:02:29 . Memory (MB): peak = 752.297 ; gain = 490.457

Report Cell Usage: 
+------+----------+------+
|      |Cell      |Count |
+------+----------+------+
|1     |CARRY4    |    72|
|2     |DSP48E1   |     3|
|3     |DSP48E1_1 |     1|
|4     |LUT1      |    83|
|5     |LUT2      |   135|
|6     |LUT3      |    56|
|7     |LUT4      |   158|
|8     |LUT5      |    17|
|9     |LUT6      |    57|
|10    |RAM32M    |    10|
|11    |SRL16E    |    34|
|12    |FDRE      |   326|
|13    |FDSE      |     9|
+------+----------+------+
Finished Writing Synthesis Report : Time (s): cpu = 00:01:21 ; elapsed = 00:02:29 . Memory (MB): peak = 752.297 ; gain = 490.457
synth_design: Time (s): cpu = 00:01:25 ; elapsed = 00:02:34 . Memory (MB): peak = 752.297 ; gain = 492.078
