
*** Running vivado
    with args -log design_1_v_cresample_0_0.vds -m64 -product Vivado -mode batch -messageDb vivado.pb -notrace -source design_1_v_cresample_0_0.tcl


****** Vivado v2017.2 (64-bit)
  **** SW Build 1909853 on Thu Jun 15 18:39:09 MDT 2017
  **** IP Build 1909766 on Thu Jun 15 19:58:00 MDT 2017
    ** Copyright 1986-2017 Xilinx, Inc. All Rights Reserved.

source design_1_v_cresample_0_0.tcl -notrace
Command: synth_design -top design_1_v_cresample_0_0 -part xc7z020clg484-1 -mode out_of_context
Starting synth_design
Attempting to get a license for feature 'Synthesis' and/or device 'xc7z020-clg484'
INFO: [Common 17-349] Got license for feature 'Synthesis' and/or device 'xc7z020-clg484'
INFO: Launching helper process for spawning children vivado processes
INFO: Helper process launched with PID 30612 
---------------------------------------------------------------------------------
Starting RTL Elaboration : Time (s): cpu = 00:00:08 ; elapsed = 00:00:08 . Memory (MB): peak = 340.023 ; gain = 78.676
---------------------------------------------------------------------------------
INFO: [Synth 8-638] synthesizing module 'design_1_v_cresample_0_0' [c:/TEMP/INF3610_4/1798345_1798492/bonheur/bonheur.srcs/sources_1/bd/design_1/ip/design_1_v_cresample_0_0/synth/design_1_v_cresample_0_0.v:56]
INFO: [Synth 8-638] synthesizing module 'CrappyButFreeChromaResampler' [c:/TEMP/INF3610_4/1798345_1798492/bonheur/bonheur.srcs/sources_1/bd/design_1/ipshared/0131/hdl/verilog/CrappyButFreeChromaResampler.v:12]
	Parameter ap_ST_fsm_state1 bound to: 4'b0001 
	Parameter ap_ST_fsm_state2 bound to: 4'b0010 
	Parameter ap_ST_fsm_pp0_stage0 bound to: 4'b0100 
	Parameter ap_ST_fsm_state6 bound to: 4'b1000 
INFO: [Synth 8-5534] Detected attribute (* fsm_encoding = "none" *) [c:/TEMP/INF3610_4/1798345_1798492/bonheur/bonheur.srcs/sources_1/bd/design_1/ipshared/0131/hdl/verilog/CrappyButFreeChromaResampler.v:195]
WARNING: [Synth 8-589] replacing case/wildcard equality operator === with logical equality operator == [c:/TEMP/INF3610_4/1798345_1798492/bonheur/bonheur.srcs/sources_1/bd/design_1/ipshared/0131/hdl/verilog/CrappyButFreeChromaResampler.v:1094]
WARNING: [Synth 8-589] replacing case/wildcard equality operator === with logical equality operator == [c:/TEMP/INF3610_4/1798345_1798492/bonheur/bonheur.srcs/sources_1/bd/design_1/ipshared/0131/hdl/verilog/CrappyButFreeChromaResampler.v:1098]
WARNING: [Synth 8-6014] Unused sequential element ap_idle_pp0_reg was removed.  [c:/TEMP/INF3610_4/1798345_1798492/bonheur/bonheur.srcs/sources_1/bd/design_1/ipshared/0131/hdl/verilog/CrappyButFreeChromaResampler.v:836]
WARNING: [Synth 8-6014] Unused sequential element video_in_TDATA_blk_n_reg was removed.  [c:/TEMP/INF3610_4/1798345_1798492/bonheur/bonheur.srcs/sources_1/bd/design_1/ipshared/0131/hdl/verilog/CrappyButFreeChromaResampler.v:844]
WARNING: [Synth 8-6014] Unused sequential element video_out_TDATA_blk_n_reg was removed.  [c:/TEMP/INF3610_4/1798345_1798492/bonheur/bonheur.srcs/sources_1/bd/design_1/ipshared/0131/hdl/verilog/CrappyButFreeChromaResampler.v:932]
WARNING: [Synth 8-6014] Unused sequential element ap_block_pp0_stage0_flag00001001_reg was removed.  [c:/TEMP/INF3610_4/1798345_1798492/bonheur/bonheur.srcs/sources_1/bd/design_1/ipshared/0131/hdl/verilog/CrappyButFreeChromaResampler.v:1057]
WARNING: [Synth 8-6014] Unused sequential element ap_block_state4_pp0_stage0_iter1_reg was removed.  [c:/TEMP/INF3610_4/1798345_1798492/bonheur/bonheur.srcs/sources_1/bd/design_1/ipshared/0131/hdl/verilog/CrappyButFreeChromaResampler.v:1075]
WARNING: [Synth 8-3936] Found unconnected internal register 'video_in_V_keep_V_0_data_out_reg' and it is trimmed from '3' to '2' bits. [c:/TEMP/INF3610_4/1798345_1798492/bonheur/bonheur.srcs/sources_1/bd/design_1/ipshared/0131/hdl/verilog/CrappyButFreeChromaResampler.v:876]
WARNING: [Synth 8-3936] Found unconnected internal register 'video_in_V_strb_V_0_data_out_reg' and it is trimmed from '3' to '2' bits. [c:/TEMP/INF3610_4/1798345_1798492/bonheur/bonheur.srcs/sources_1/bd/design_1/ipshared/0131/hdl/verilog/CrappyButFreeChromaResampler.v:908]
WARNING: [Synth 8-6014] Unused sequential element video_in_V_keep_V_0_ack_out_reg was removed.  [c:/TEMP/INF3610_4/1798345_1798492/bonheur/bonheur.srcs/sources_1/bd/design_1/ipshared/0131/hdl/verilog/CrappyButFreeChromaResampler.v:868]
WARNING: [Synth 8-6014] Unused sequential element video_in_V_last_V_0_ack_out_reg was removed.  [c:/TEMP/INF3610_4/1798345_1798492/bonheur/bonheur.srcs/sources_1/bd/design_1/ipshared/0131/hdl/verilog/CrappyButFreeChromaResampler.v:884]
WARNING: [Synth 8-6014] Unused sequential element video_in_V_strb_V_0_ack_out_reg was removed.  [c:/TEMP/INF3610_4/1798345_1798492/bonheur/bonheur.srcs/sources_1/bd/design_1/ipshared/0131/hdl/verilog/CrappyButFreeChromaResampler.v:900]
WARNING: [Synth 8-6014] Unused sequential element video_in_V_user_V_0_ack_out_reg was removed.  [c:/TEMP/INF3610_4/1798345_1798492/bonheur/bonheur.srcs/sources_1/bd/design_1/ipshared/0131/hdl/verilog/CrappyButFreeChromaResampler.v:916]
WARNING: [Synth 8-6014] Unused sequential element video_out_V_data_V_1_vld_in_reg was removed.  [c:/TEMP/INF3610_4/1798345_1798492/bonheur/bonheur.srcs/sources_1/bd/design_1/ipshared/0131/hdl/verilog/CrappyButFreeChromaResampler.v:948]
WARNING: [Synth 8-6014] Unused sequential element video_out_V_keep_V_1_vld_in_reg was removed.  [c:/TEMP/INF3610_4/1798345_1798492/bonheur/bonheur.srcs/sources_1/bd/design_1/ipshared/0131/hdl/verilog/CrappyButFreeChromaResampler.v:964]
WARNING: [Synth 8-6014] Unused sequential element video_out_V_last_V_1_vld_in_reg was removed.  [c:/TEMP/INF3610_4/1798345_1798492/bonheur/bonheur.srcs/sources_1/bd/design_1/ipshared/0131/hdl/verilog/CrappyButFreeChromaResampler.v:980]
WARNING: [Synth 8-6014] Unused sequential element video_out_V_strb_V_1_vld_in_reg was removed.  [c:/TEMP/INF3610_4/1798345_1798492/bonheur/bonheur.srcs/sources_1/bd/design_1/ipshared/0131/hdl/verilog/CrappyButFreeChromaResampler.v:996]
WARNING: [Synth 8-6014] Unused sequential element video_out_V_user_V_1_vld_in_reg was removed.  [c:/TEMP/INF3610_4/1798345_1798492/bonheur/bonheur.srcs/sources_1/bd/design_1/ipshared/0131/hdl/verilog/CrappyButFreeChromaResampler.v:1012]
WARNING: [Synth 8-6014] Unused sequential element ap_block_pp0_stage0_flag00011011_reg was removed.  [c:/TEMP/INF3610_4/1798345_1798492/bonheur/bonheur.srcs/sources_1/bd/design_1/ipshared/0131/hdl/verilog/CrappyButFreeChromaResampler.v:1065]
INFO: [Synth 8-256] done synthesizing module 'CrappyButFreeChromaResampler' (1#1) [c:/TEMP/INF3610_4/1798345_1798492/bonheur/bonheur.srcs/sources_1/bd/design_1/ipshared/0131/hdl/verilog/CrappyButFreeChromaResampler.v:12]
INFO: [Synth 8-256] done synthesizing module 'design_1_v_cresample_0_0' (2#1) [c:/TEMP/INF3610_4/1798345_1798492/bonheur/bonheur.srcs/sources_1/bd/design_1/ip/design_1_v_cresample_0_0/synth/design_1_v_cresample_0_0.v:56]
---------------------------------------------------------------------------------
Finished RTL Elaboration : Time (s): cpu = 00:00:10 ; elapsed = 00:00:11 . Memory (MB): peak = 380.102 ; gain = 118.754
---------------------------------------------------------------------------------

Report Check Netlist: 
+------+------------------+-------+---------+-------+------------------+
|      |Item              |Errors |Warnings |Status |Description       |
+------+------------------+-------+---------+-------+------------------+
|1     |multi_driven_nets |      0|        0|Passed |Multi driven nets |
+------+------------------+-------+---------+-------+------------------+
---------------------------------------------------------------------------------
Finished RTL Optimization Phase 1 : Time (s): cpu = 00:00:10 ; elapsed = 00:00:11 . Memory (MB): peak = 380.102 ; gain = 118.754
---------------------------------------------------------------------------------
INFO: [Device 21-403] Loading part xc7z020clg484-1
INFO: [Project 1-570] Preparing netlist for logic optimization

Processing XDC Constraints
Initializing timing engine
Parsing XDC File [c:/TEMP/INF3610_4/1798345_1798492/bonheur/bonheur.srcs/sources_1/bd/design_1/ip/design_1_v_cresample_0_0/constraints/CrappyButFreeChromaResampler_ooc.xdc] for cell 'inst'
Finished Parsing XDC File [c:/TEMP/INF3610_4/1798345_1798492/bonheur/bonheur.srcs/sources_1/bd/design_1/ip/design_1_v_cresample_0_0/constraints/CrappyButFreeChromaResampler_ooc.xdc] for cell 'inst'
Parsing XDC File [C:/TEMP/INF3610_4/1798345_1798492/bonheur/bonheur.runs/design_1_v_cresample_0_0_synth_1/dont_touch.xdc]
Finished Parsing XDC File [C:/TEMP/INF3610_4/1798345_1798492/bonheur/bonheur.runs/design_1_v_cresample_0_0_synth_1/dont_touch.xdc]
Completed Processing XDC Constraints

INFO: [Project 1-111] Unisim Transformation Summary:
No Unisim elements were transformed.

Constraint Validation Runtime : Time (s): cpu = 00:00:00 ; elapsed = 00:00:00.082 . Memory (MB): peak = 705.730 ; gain = 0.000
---------------------------------------------------------------------------------
Finished Constraint Validation : Time (s): cpu = 00:00:28 ; elapsed = 00:01:31 . Memory (MB): peak = 705.730 ; gain = 444.383
---------------------------------------------------------------------------------
---------------------------------------------------------------------------------
Start Loading Part and Timing Information
---------------------------------------------------------------------------------
Loading part: xc7z020clg484-1
---------------------------------------------------------------------------------
Finished Loading Part and Timing Information : Time (s): cpu = 00:00:28 ; elapsed = 00:01:31 . Memory (MB): peak = 705.730 ; gain = 444.383
---------------------------------------------------------------------------------
---------------------------------------------------------------------------------
Start Applying 'set_property' XDC Constraints
---------------------------------------------------------------------------------
Applied set_property DONT_TOUCH = true for inst. (constraint file  C:/TEMP/INF3610_4/1798345_1798492/bonheur/bonheur.runs/design_1_v_cresample_0_0_synth_1/dont_touch.xdc, line 9).
---------------------------------------------------------------------------------
Finished applying 'set_property' XDC Constraints : Time (s): cpu = 00:00:28 ; elapsed = 00:01:31 . Memory (MB): peak = 705.730 ; gain = 444.383
---------------------------------------------------------------------------------
WARNING: [Synth 8-3936] Found unconnected internal register 'video_in_V_strb_V_0_payload_B_reg' and it is trimmed from '3' to '2' bits. [c:/TEMP/INF3610_4/1798345_1798492/bonheur/bonheur.srcs/sources_1/bd/design_1/ipshared/0131/hdl/verilog/CrappyButFreeChromaResampler.v:750]
WARNING: [Synth 8-3936] Found unconnected internal register 'video_in_V_strb_V_0_payload_A_reg' and it is trimmed from '3' to '2' bits. [c:/TEMP/INF3610_4/1798345_1798492/bonheur/bonheur.srcs/sources_1/bd/design_1/ipshared/0131/hdl/verilog/CrappyButFreeChromaResampler.v:744]
WARNING: [Synth 8-3936] Found unconnected internal register 'video_in_V_keep_V_0_payload_B_reg' and it is trimmed from '3' to '2' bits. [c:/TEMP/INF3610_4/1798345_1798492/bonheur/bonheur.srcs/sources_1/bd/design_1/ipshared/0131/hdl/verilog/CrappyButFreeChromaResampler.v:726]
WARNING: [Synth 8-3936] Found unconnected internal register 'video_in_V_keep_V_0_payload_A_reg' and it is trimmed from '3' to '2' bits. [c:/TEMP/INF3610_4/1798345_1798492/bonheur/bonheur.srcs/sources_1/bd/design_1/ipshared/0131/hdl/verilog/CrappyButFreeChromaResampler.v:720]
INFO: [Synth 8-4490] FSM extraction disabled for register 'ap_CS_fsm_reg' through user attribute
INFO: [Synth 8-5546] ROM "exitcond_fu_133_p2" won't be mapped to RAM because it is too sparse
WARNING: [Synth 8-6014] Unused sequential element i_reg_117_reg was removed.  [c:/TEMP/INF3610_4/1798345_1798492/bonheur/bonheur.srcs/sources_1/bd/design_1/ipshared/0131/hdl/verilog/CrappyButFreeChromaResampler.v:679]
---------------------------------------------------------------------------------
Finished RTL Optimization Phase 2 : Time (s): cpu = 00:00:30 ; elapsed = 00:01:32 . Memory (MB): peak = 705.730 ; gain = 444.383
---------------------------------------------------------------------------------

Report RTL Partitions: 
+-+--------------+------------+----------+
| |RTL Partition |Replication |Instances |
+-+--------------+------------+----------+
+-+--------------+------------+----------+
---------------------------------------------------------------------------------
Start RTL Component Statistics 
---------------------------------------------------------------------------------
Detailed RTL Component Info : 
+---Registers : 
	               24 Bit    Registers := 2     
	               16 Bit    Registers := 2     
	                8 Bit    Registers := 1     
	                4 Bit    Registers := 1     
	                2 Bit    Registers := 18    
	                1 Bit    Registers := 34    
+---Muxes : 
	   2 Input     24 Bit        Muxes := 1     
	   2 Input     16 Bit        Muxes := 2     
	   2 Input      8 Bit        Muxes := 1     
	   7 Input      4 Bit        Muxes := 1     
	   2 Input      2 Bit        Muxes := 29    
	   4 Input      2 Bit        Muxes := 5     
	   2 Input      1 Bit        Muxes := 19    
---------------------------------------------------------------------------------
Finished RTL Component Statistics 
---------------------------------------------------------------------------------
---------------------------------------------------------------------------------
Start RTL Hierarchical Component Statistics 
---------------------------------------------------------------------------------
Hierarchical RTL Component report 
Module CrappyButFreeChromaResampler 
Detailed RTL Component Info : 
+---Registers : 
	               24 Bit    Registers := 2     
	               16 Bit    Registers := 2     
	                8 Bit    Registers := 1     
	                4 Bit    Registers := 1     
	                2 Bit    Registers := 18    
	                1 Bit    Registers := 34    
+---Muxes : 
	   2 Input     24 Bit        Muxes := 1     
	   2 Input     16 Bit        Muxes := 2     
	   2 Input      8 Bit        Muxes := 1     
	   7 Input      4 Bit        Muxes := 1     
	   2 Input      2 Bit        Muxes := 29    
	   4 Input      2 Bit        Muxes := 5     
	   2 Input      1 Bit        Muxes := 19    
---------------------------------------------------------------------------------
Finished RTL Hierarchical Component Statistics
---------------------------------------------------------------------------------
---------------------------------------------------------------------------------
Start Part Resource Summary
---------------------------------------------------------------------------------
Part Resources:
DSPs: 220 (col length:60)
BRAMs: 280 (col length: RAMB18 60 RAMB36 30)
---------------------------------------------------------------------------------
Finished Part Resource Summary
---------------------------------------------------------------------------------
---------------------------------------------------------------------------------
Start Cross Boundary and Area Optimization
---------------------------------------------------------------------------------
INFO: [Synth 8-5546] ROM "exitcond_fu_133_p2" won't be mapped to RAM because it is too sparse
WARNING: [Synth 8-6014] Unused sequential element i_reg_117_reg was removed.  [c:/TEMP/INF3610_4/1798345_1798492/bonheur/bonheur.srcs/sources_1/bd/design_1/ipshared/0131/hdl/verilog/CrappyButFreeChromaResampler.v:679]
WARNING: [Synth 8-3331] design CrappyButFreeChromaResampler has unconnected port video_in_TKEEP[2]
WARNING: [Synth 8-3331] design CrappyButFreeChromaResampler has unconnected port video_in_TSTRB[2]
WARNING: [Synth 8-3332] Sequential element (ap_CS_fsm_reg[3]) is unused and will be removed from module CrappyButFreeChromaResampler.
---------------------------------------------------------------------------------
Finished Cross Boundary and Area Optimization : Time (s): cpu = 00:00:31 ; elapsed = 00:01:34 . Memory (MB): peak = 705.730 ; gain = 444.383
---------------------------------------------------------------------------------

Report RTL Partitions: 
+-+--------------+------------+----------+
| |RTL Partition |Replication |Instances |
+-+--------------+------------+----------+
+-+--------------+------------+----------+
---------------------------------------------------------------------------------
Start Applying XDC Timing Constraints
---------------------------------------------------------------------------------
---------------------------------------------------------------------------------
Finished Applying XDC Timing Constraints : Time (s): cpu = 00:00:57 ; elapsed = 00:02:01 . Memory (MB): peak = 705.730 ; gain = 444.383
---------------------------------------------------------------------------------
---------------------------------------------------------------------------------
Start Timing Optimization
---------------------------------------------------------------------------------
---------------------------------------------------------------------------------
Finished Timing Optimization : Time (s): cpu = 00:00:58 ; elapsed = 00:02:02 . Memory (MB): peak = 705.730 ; gain = 444.383
---------------------------------------------------------------------------------

Report RTL Partitions: 
+-+--------------+------------+----------+
| |RTL Partition |Replication |Instances |
+-+--------------+------------+----------+
+-+--------------+------------+----------+
---------------------------------------------------------------------------------
Start Technology Mapping
---------------------------------------------------------------------------------
---------------------------------------------------------------------------------
Finished Technology Mapping : Time (s): cpu = 00:00:58 ; elapsed = 00:02:03 . Memory (MB): peak = 705.730 ; gain = 444.383
---------------------------------------------------------------------------------

Report RTL Partitions: 
+-+--------------+------------+----------+
| |RTL Partition |Replication |Instances |
+-+--------------+------------+----------+
+-+--------------+------------+----------+
---------------------------------------------------------------------------------
Start IO Insertion
---------------------------------------------------------------------------------
---------------------------------------------------------------------------------
Start Flattening Before IO Insertion
---------------------------------------------------------------------------------
---------------------------------------------------------------------------------
Finished Flattening Before IO Insertion
---------------------------------------------------------------------------------
---------------------------------------------------------------------------------
Start Final Netlist Cleanup
---------------------------------------------------------------------------------
---------------------------------------------------------------------------------
Finished Final Netlist Cleanup
---------------------------------------------------------------------------------
---------------------------------------------------------------------------------
Finished IO Insertion : Time (s): cpu = 00:01:00 ; elapsed = 00:02:04 . Memory (MB): peak = 705.730 ; gain = 444.383
---------------------------------------------------------------------------------

Report Check Netlist: 
+------+------------------+-------+---------+-------+------------------+
|      |Item              |Errors |Warnings |Status |Description       |
+------+------------------+-------+---------+-------+------------------+
|1     |multi_driven_nets |      0|        0|Passed |Multi driven nets |
+------+------------------+-------+---------+-------+------------------+
---------------------------------------------------------------------------------
Start Renaming Generated Instances
---------------------------------------------------------------------------------
---------------------------------------------------------------------------------
Finished Renaming Generated Instances : Time (s): cpu = 00:01:00 ; elapsed = 00:02:04 . Memory (MB): peak = 705.730 ; gain = 444.383
---------------------------------------------------------------------------------

Report RTL Partitions: 
+-+--------------+------------+----------+
| |RTL Partition |Replication |Instances |
+-+--------------+------------+----------+
+-+--------------+------------+----------+
---------------------------------------------------------------------------------
Start Rebuilding User Hierarchy
---------------------------------------------------------------------------------
---------------------------------------------------------------------------------
Finished Rebuilding User Hierarchy : Time (s): cpu = 00:01:00 ; elapsed = 00:02:04 . Memory (MB): peak = 705.730 ; gain = 444.383
---------------------------------------------------------------------------------
---------------------------------------------------------------------------------
Start Renaming Generated Ports
---------------------------------------------------------------------------------
---------------------------------------------------------------------------------
Finished Renaming Generated Ports : Time (s): cpu = 00:01:00 ; elapsed = 00:02:04 . Memory (MB): peak = 705.730 ; gain = 444.383
---------------------------------------------------------------------------------
---------------------------------------------------------------------------------
Start Handling Custom Attributes
---------------------------------------------------------------------------------
---------------------------------------------------------------------------------
Finished Handling Custom Attributes : Time (s): cpu = 00:01:00 ; elapsed = 00:02:04 . Memory (MB): peak = 705.730 ; gain = 444.383
---------------------------------------------------------------------------------
---------------------------------------------------------------------------------
Start Renaming Generated Nets
---------------------------------------------------------------------------------
---------------------------------------------------------------------------------
Finished Renaming Generated Nets : Time (s): cpu = 00:01:00 ; elapsed = 00:02:04 . Memory (MB): peak = 705.730 ; gain = 444.383
---------------------------------------------------------------------------------
---------------------------------------------------------------------------------
Start Writing Synthesis Report
---------------------------------------------------------------------------------

Report BlackBoxes: 
+-+--------------+----------+
| |BlackBox name |Instances |
+-+--------------+----------+
+-+--------------+----------+

Report Cell Usage: 
+------+-------+------+
|      |Cell   |Count |
+------+-------+------+
|1     |CARRY4 |     6|
|2     |LUT1   |    22|
|3     |LUT2   |     5|
|4     |LUT3   |    55|
|5     |LUT4   |    27|
|6     |LUT5   |    36|
|7     |LUT6   |    15|
|8     |FDRE   |   181|
|9     |FDSE   |     1|
+------+-------+------+

Report Instance Areas: 
+------+---------+-----------------------------+------+
|      |Instance |Module                       |Cells |
+------+---------+-----------------------------+------+
|1     |top      |                             |   348|
|2     |  inst   |CrappyButFreeChromaResampler |   348|
+------+---------+-----------------------------+------+
---------------------------------------------------------------------------------
Finished Writing Synthesis Report : Time (s): cpu = 00:01:00 ; elapsed = 00:02:04 . Memory (MB): peak = 705.730 ; gain = 444.383
---------------------------------------------------------------------------------
Synthesis finished with 0 errors, 0 critical warnings and 9 warnings.
Synthesis Optimization Runtime : Time (s): cpu = 00:00:39 ; elapsed = 00:00:53 . Memory (MB): peak = 705.730 ; gain = 118.754
Synthesis Optimization Complete : Time (s): cpu = 00:01:00 ; elapsed = 00:02:04 . Memory (MB): peak = 705.730 ; gain = 444.383
INFO: [Project 1-571] Translating synthesized netlist
INFO: [Netlist 29-17] Analyzing 6 Unisim elements for replacement
INFO: [Netlist 29-28] Unisim Transformation completed in 0 CPU seconds
INFO: [Project 1-570] Preparing netlist for logic optimization
INFO: [Opt 31-138] Pushed 0 inverter(s) to 0 load pin(s).
INFO: [Project 1-111] Unisim Transformation Summary:
No Unisim elements were transformed.

18 Infos, 28 Warnings, 0 Critical Warnings and 0 Errors encountered.
synth_design completed successfully
synth_design: Time (s): cpu = 00:01:03 ; elapsed = 00:02:08 . Memory (MB): peak = 705.730 ; gain = 445.004
INFO: [Common 17-1381] The checkpoint 'C:/TEMP/INF3610_4/1798345_1798492/bonheur/bonheur.runs/design_1_v_cresample_0_0_synth_1/design_1_v_cresample_0_0.dcp' has been generated.
INFO: [Coretcl 2-1482] Added synthesis output to IP cache for IP c:/TEMP/INF3610_4/1798345_1798492/bonheur/bonheur.srcs/sources_1/bd/design_1/ip/design_1_v_cresample_0_0/design_1_v_cresample_0_0.xci
INFO: [Common 17-1381] The checkpoint 'C:/TEMP/INF3610_4/1798345_1798492/bonheur/bonheur.runs/design_1_v_cresample_0_0_synth_1/design_1_v_cresample_0_0.dcp' has been generated.
report_utilization: Time (s): cpu = 00:00:01 ; elapsed = 00:00:00.060 . Memory (MB): peak = 705.730 ; gain = 0.000
INFO: [Common 17-206] Exiting Vivado at Wed Mar 28 14:06:15 2018...
