
*** Running vivado
    with args -log design_1_xbar_0.vds -m64 -product Vivado -mode batch -messageDb vivado.pb -notrace -source design_1_xbar_0.tcl


****** Vivado v2017.2 (64-bit)
  **** SW Build 1909853 on Thu Jun 15 18:39:09 MDT 2017
  **** IP Build 1909766 on Thu Jun 15 19:58:00 MDT 2017
    ** Copyright 1986-2017 Xilinx, Inc. All Rights Reserved.

source design_1_xbar_0.tcl -notrace
Starting RTL Elaboration : Time (s): cpu = 00:00:12 ; elapsed = 00:00:16 . Memory (MB): peak = 355.262 ; gain = 81.480
INFO: [Synth 8-638] synthesizing module 'design_1_xbar_0' [c:/TEMP/INF3610_4/1798345_1798492/bonheur/bonheur.srcs/sources_1/bd/design_1/ip/design_1_xbar_0/synth/design_1_xbar_0.v:59]
INFO: [Synth 8-638] synthesizing module 'axi_crossbar_v2_1_14_axi_crossbar' [c:/TEMP/INF3610_4/1798345_1798492/bonheur/bonheur.srcs/sources_1/bd/design_1/ipshared/f582/hdl/axi_crossbar_v2_1_vl_rfs.v:4882]
INFO: [Synth 8-638] synthesizing module 'axi_crossbar_v2_1_14_crossbar_sasd' [c:/TEMP/INF3610_4/1798345_1798492/bonheur/bonheur.srcs/sources_1/bd/design_1/ipshared/f582/hdl/axi_crossbar_v2_1_vl_rfs.v:1240]
INFO: [Synth 8-638] synthesizing module 'axi_crossbar_v2_1_14_addr_decoder' [c:/TEMP/INF3610_4/1798345_1798492/bonheur/bonheur.srcs/sources_1/bd/design_1/ipshared/f582/hdl/axi_crossbar_v2_1_vl_rfs.v:794]
INFO: [Synth 8-638] synthesizing module 'generic_baseblocks_v2_1_0_comparator_static' [c:/TEMP/INF3610_4/1798345_1798492/bonheur/bonheur.srcs/sources_1/bd/design_1/ipshared/f9c1/hdl/generic_baseblocks_v2_1_vl_rfs.v:2133]
INFO: [Synth 8-638] synthesizing module 'generic_baseblocks_v2_1_0_carry_and' [c:/TEMP/INF3610_4/1798345_1798492/bonheur/bonheur.srcs/sources_1/bd/design_1/ipshared/f9c1/hdl/generic_baseblocks_v2_1_vl_rfs.v:62]
INFO: [Synth 8-256] done synthesizing module 'generic_baseblocks_v2_1_0_carry_and' (1#1) [c:/TEMP/INF3610_4/1798345_1798492/bonheur/bonheur.srcs/sources_1/bd/design_1/ipshared/f9c1/hdl/generic_baseblocks_v2_1_vl_rfs.v:62]
INFO: [Synth 8-256] done synthesizing module 'generic_baseblocks_v2_1_0_comparator_static' (2#1) [c:/TEMP/INF3610_4/1798345_1798492/bonheur/bonheur.srcs/sources_1/bd/design_1/ipshared/f9c1/hdl/generic_baseblocks_v2_1_vl_rfs.v:2133]
INFO: [Synth 8-638] synthesizing module 'generic_baseblocks_v2_1_0_comparator_static__parameterized0' [c:/TEMP/INF3610_4/1798345_1798492/bonheur/bonheur.srcs/sources_1/bd/design_1/ipshared/f9c1/hdl/generic_baseblocks_v2_1_vl_rfs.v:2133]
INFO: [Synth 8-256] done synthesizing module 'generic_baseblocks_v2_1_0_comparator_static__parameterized0' (2#1) [c:/TEMP/INF3610_4/1798345_1798492/bonheur/bonheur.srcs/sources_1/bd/design_1/ipshared/f9c1/hdl/generic_baseblocks_v2_1_vl_rfs.v:2133]
INFO: [Synth 8-638] synthesizing module 'generic_baseblocks_v2_1_0_comparator_static__parameterized1' [c:/TEMP/INF3610_4/1798345_1798492/bonheur/bonheur.srcs/sources_1/bd/design_1/ipshared/f9c1/hdl/generic_baseblocks_v2_1_vl_rfs.v:2133]
INFO: [Synth 8-256] done synthesizing module 'generic_baseblocks_v2_1_0_comparator_static__parameterized1' (2#1) [c:/TEMP/INF3610_4/1798345_1798492/bonheur/bonheur.srcs/sources_1/bd/design_1/ipshared/f9c1/hdl/generic_baseblocks_v2_1_vl_rfs.v:2133]
INFO: [Synth 8-256] done synthesizing module 'axi_crossbar_v2_1_14_addr_decoder' (3#1) [c:/TEMP/INF3610_4/1798345_1798492/bonheur/bonheur.srcs/sources_1/bd/design_1/ipshared/f582/hdl/axi_crossbar_v2_1_vl_rfs.v:794]
INFO: [Synth 8-638] synthesizing module 'axi_crossbar_v2_1_14_decerr_slave' [c:/TEMP/INF3610_4/1798345_1798492/bonheur/bonheur.srcs/sources_1/bd/design_1/ipshared/f582/hdl/axi_crossbar_v2_1_vl_rfs.v:3500]
INFO: [Synth 8-256] done synthesizing module 'axi_crossbar_v2_1_14_decerr_slave' (4#1) [c:/TEMP/INF3610_4/1798345_1798492/bonheur/bonheur.srcs/sources_1/bd/design_1/ipshared/f582/hdl/axi_crossbar_v2_1_vl_rfs.v:3500]
INFO: [Synth 8-638] synthesizing module 'axi_crossbar_v2_1_14_addr_arbiter_sasd' [c:/TEMP/INF3610_4/1798345_1798492/bonheur/bonheur.srcs/sources_1/bd/design_1/ipshared/f582/hdl/axi_crossbar_v2_1_vl_rfs.v:65]
INFO: [Synth 8-256] done synthesizing module 'axi_crossbar_v2_1_14_addr_arbiter_sasd' (5#1) [c:/TEMP/INF3610_4/1798345_1798492/bonheur/bonheur.srcs/sources_1/bd/design_1/ipshared/f582/hdl/axi_crossbar_v2_1_vl_rfs.v:65]
INFO: [Synth 8-638] synthesizing module 'axi_crossbar_v2_1_14_splitter' [c:/TEMP/INF3610_4/1798345_1798492/bonheur/bonheur.srcs/sources_1/bd/design_1/ipshared/f582/hdl/axi_crossbar_v2_1_vl_rfs.v:4459]
INFO: [Synth 8-256] done synthesizing module 'axi_crossbar_v2_1_14_splitter' (6#1) [c:/TEMP/INF3610_4/1798345_1798492/bonheur/bonheur.srcs/sources_1/bd/design_1/ipshared/f582/hdl/axi_crossbar_v2_1_vl_rfs.v:4459]
INFO: [Synth 8-638] synthesizing module 'axi_crossbar_v2_1_14_splitter__parameterized0' [c:/TEMP/INF3610_4/1798345_1798492/bonheur/bonheur.srcs/sources_1/bd/design_1/ipshared/f582/hdl/axi_crossbar_v2_1_vl_rfs.v:4459]
INFO: [Synth 8-256] done synthesizing module 'axi_crossbar_v2_1_14_splitter__parameterized0' (6#1) [c:/TEMP/INF3610_4/1798345_1798492/bonheur/bonheur.srcs/sources_1/bd/design_1/ipshared/f582/hdl/axi_crossbar_v2_1_vl_rfs.v:4459]
INFO: [Synth 8-638] synthesizing module 'generic_baseblocks_v2_1_0_mux_enc' [c:/TEMP/INF3610_4/1798345_1798492/bonheur/bonheur.srcs/sources_1/bd/design_1/ipshared/f9c1/hdl/generic_baseblocks_v2_1_vl_rfs.v:2452]
INFO: [Synth 8-256] done synthesizing module 'generic_baseblocks_v2_1_0_mux_enc' (7#1) [c:/TEMP/INF3610_4/1798345_1798492/bonheur/bonheur.srcs/sources_1/bd/design_1/ipshared/f9c1/hdl/generic_baseblocks_v2_1_vl_rfs.v:2452]
INFO: [Synth 8-638] synthesizing module 'generic_baseblocks_v2_1_0_mux_enc__parameterized0' [c:/TEMP/INF3610_4/1798345_1798492/bonheur/bonheur.srcs/sources_1/bd/design_1/ipshared/f9c1/hdl/generic_baseblocks_v2_1_vl_rfs.v:2452]
INFO: [Synth 8-256] done synthesizing module 'generic_baseblocks_v2_1_0_mux_enc__parameterized0' (7#1) [c:/TEMP/INF3610_4/1798345_1798492/bonheur/bonheur.srcs/sources_1/bd/design_1/ipshared/f9c1/hdl/generic_baseblocks_v2_1_vl_rfs.v:2452]
INFO: [Synth 8-638] synthesizing module 'generic_baseblocks_v2_1_0_mux_enc__parameterized1' [c:/TEMP/INF3610_4/1798345_1798492/bonheur/bonheur.srcs/sources_1/bd/design_1/ipshared/f9c1/hdl/generic_baseblocks_v2_1_vl_rfs.v:2452]
INFO: [Synth 8-256] done synthesizing module 'generic_baseblocks_v2_1_0_mux_enc__parameterized1' (7#1) [c:/TEMP/INF3610_4/1798345_1798492/bonheur/bonheur.srcs/sources_1/bd/design_1/ipshared/f9c1/hdl/generic_baseblocks_v2_1_vl_rfs.v:2452]
INFO: [Synth 8-638] synthesizing module 'axi_register_slice_v2_1_13_axic_register_slice' [c:/TEMP/INF3610_4/1798345_1798492/bonheur/bonheur.srcs/sources_1/bd/design_1/ipshared/55c0/hdl/axi_register_slice_v2_1_vl_rfs.v:85]
INFO: [Synth 8-256] done synthesizing module 'axi_register_slice_v2_1_13_axic_register_slice' (8#1) [c:/TEMP/INF3610_4/1798345_1798492/bonheur/bonheur.srcs/sources_1/bd/design_1/ipshared/55c0/hdl/axi_register_slice_v2_1_vl_rfs.v:85]
INFO: [Synth 8-638] synthesizing module 'generic_baseblocks_v2_1_0_mux_enc__parameterized2' [c:/TEMP/INF3610_4/1798345_1798492/bonheur/bonheur.srcs/sources_1/bd/design_1/ipshared/f9c1/hdl/generic_baseblocks_v2_1_vl_rfs.v:2452]
INFO: [Synth 8-256] done synthesizing module 'generic_baseblocks_v2_1_0_mux_enc__parameterized2' (8#1) [c:/TEMP/INF3610_4/1798345_1798492/bonheur/bonheur.srcs/sources_1/bd/design_1/ipshared/f9c1/hdl/generic_baseblocks_v2_1_vl_rfs.v:2452]
INFO: [Synth 8-256] done synthesizing module 'axi_crossbar_v2_1_14_crossbar_sasd' (9#1) [c:/TEMP/INF3610_4/1798345_1798492/bonheur/bonheur.srcs/sources_1/bd/design_1/ipshared/f582/hdl/axi_crossbar_v2_1_vl_rfs.v:1240]
INFO: [Synth 8-256] done synthesizing module 'axi_crossbar_v2_1_14_axi_crossbar' (10#1) [c:/TEMP/INF3610_4/1798345_1798492/bonheur/bonheur.srcs/sources_1/bd/design_1/ipshared/f582/hdl/axi_crossbar_v2_1_vl_rfs.v:4882]
INFO: [Synth 8-256] done synthesizing module 'design_1_xbar_0' (11#1) [c:/TEMP/INF3610_4/1798345_1798492/bonheur/bonheur.srcs/sources_1/bd/design_1/ip/design_1_xbar_0/synth/design_1_xbar_0.v:59]
Finished RTL Elaboration : Time (s): cpu = 00:00:22 ; elapsed = 00:00:26 . Memory (MB): peak = 476.254 ; gain = 202.473
Finished RTL Optimization Phase 1 : Time (s): cpu = 00:00:22 ; elapsed = 00:00:27 . Memory (MB): peak = 476.254 ; gain = 202.473
INFO: [Device 21-403] Loading part xc7z020clg484-1
Constraint Validation Runtime : Time (s): cpu = 00:00:00 ; elapsed = 00:00:00.080 . Memory (MB): peak = 718.559 ; gain = 0.000
Finished Constraint Validation : Time (s): cpu = 00:00:44 ; elapsed = 00:01:51 . Memory (MB): peak = 718.559 ; gain = 444.777
Finished Loading Part and Timing Information : Time (s): cpu = 00:00:44 ; elapsed = 00:01:51 . Memory (MB): peak = 718.559 ; gain = 444.777
Finished applying 'set_property' XDC Constraints : Time (s): cpu = 00:00:44 ; elapsed = 00:01:51 . Memory (MB): peak = 718.559 ; gain = 444.777
Finished RTL Optimization Phase 2 : Time (s): cpu = 00:00:45 ; elapsed = 00:01:52 . Memory (MB): peak = 718.559 ; gain = 444.777
Finished Cross Boundary and Area Optimization : Time (s): cpu = 00:00:47 ; elapsed = 00:01:54 . Memory (MB): peak = 718.559 ; gain = 444.777
Finished Applying XDC Timing Constraints : Time (s): cpu = 00:01:13 ; elapsed = 00:02:23 . Memory (MB): peak = 718.559 ; gain = 444.777
Finished Timing Optimization : Time (s): cpu = 00:01:14 ; elapsed = 00:02:24 . Memory (MB): peak = 718.559 ; gain = 444.777
Finished Technology Mapping : Time (s): cpu = 00:01:14 ; elapsed = 00:02:25 . Memory (MB): peak = 718.559 ; gain = 444.777
Finished IO Insertion : Time (s): cpu = 00:01:16 ; elapsed = 00:02:26 . Memory (MB): peak = 718.559 ; gain = 444.777
Finished Renaming Generated Instances : Time (s): cpu = 00:01:16 ; elapsed = 00:02:26 . Memory (MB): peak = 718.559 ; gain = 444.777
Finished Rebuilding User Hierarchy : Time (s): cpu = 00:01:16 ; elapsed = 00:02:26 . Memory (MB): peak = 718.559 ; gain = 444.777
Finished Renaming Generated Ports : Time (s): cpu = 00:01:16 ; elapsed = 00:02:26 . Memory (MB): peak = 718.559 ; gain = 444.777
Finished Handling Custom Attributes : Time (s): cpu = 00:01:16 ; elapsed = 00:02:26 . Memory (MB): peak = 718.559 ; gain = 444.777
Finished Renaming Generated Nets : Time (s): cpu = 00:01:16 ; elapsed = 00:02:26 . Memory (MB): peak = 718.559 ; gain = 444.777

Report Cell Usage: 
+------+-----+------+
|      |Cell |Count |
+------+-----+------+
|1     |LUT1 |     2|
|2     |LUT2 |    10|
|3     |LUT3 |    40|
|4     |LUT4 |    50|
|5     |LUT5 |    52|
|6     |LUT6 |    26|
|7     |FDRE |   131|
+------+-----+------+
Finished Writing Synthesis Report : Time (s): cpu = 00:01:16 ; elapsed = 00:02:26 . Memory (MB): peak = 718.559 ; gain = 444.777
synth_design: Time (s): cpu = 00:01:19 ; elapsed = 00:02:30 . Memory (MB): peak = 718.559 ; gain = 449.012
