15:16:13 INFO  : Registering command handlers for SDK TCF services
15:16:13 INFO  : Launching XSCT server: xsct.bat -interactive C:\TEMP\3610_4\TP4\TP4.sdk\temp_xsdb_launch_script.tcl
15:16:15 INFO  : XSCT server has started successfully.
15:16:20 INFO  : Successfully done setting XSCT server connection channel  
15:16:20 INFO  : Processing command line option -hwspec C:/TEMP/3610_4/TP4/TP4.sdk/design_1_wrapper.hdf.
15:16:20 INFO  : Successfully done setting SDK workspace  
15:38:22 INFO  : Refreshed build settings on project lab4
16:15:31 INFO  : Registering command handlers for SDK TCF services
16:15:32 INFO  : Launching XSCT server: xsct.bat -interactive C:\TEMP\3610_4\TP4\TP4.sdk\temp_xsdb_launch_script.tcl
16:15:34 INFO  : XSCT server has started successfully.
16:15:38 INFO  : Successfully done setting XSCT server connection channel  
16:15:38 INFO  : Processing command line option -hwspec C:/TEMP/3610_4/TP4/TP4.sdk/design_1_wrapper.hdf.
16:15:38 INFO  : Successfully done setting SDK workspace  
16:15:38 INFO  : Checking for hwspec changes in the project design_1_wrapper_hw_platform_0.
17:22:34 INFO  : Connected to target on host '127.0.0.1' and port '3121'.
17:22:49 INFO  : 'targets -set -filter {jtag_cable_name =~ "Digilent Zed 210248685294" && level==0} -index 1' command is executed.
17:22:52 INFO  : FPGA configured successfully with bitstream "C:/TEMP/3610_4/TP4/TP4.sdk/design_1_wrapper_hw_platform_0/design_1_wrapper.bit"
17:22:59 INFO  : 'targets -set -filter {jtag_cable_name =~ "Digilent Zed 210248685294" && level==0} -index 1' command is executed.
17:22:59 INFO  : 'fpga -state' command is executed.
17:22:59 INFO  : Connected to target on host '127.0.0.1' and port '3121'.
17:23:00 INFO  : Jtag cable 'Digilent Zed 210248685294' is selected.
17:23:00 INFO  : 'jtag frequency' command is executed.
17:23:00 INFO  : Sourcing of 'C:/TEMP/3610_4/TP4/TP4.sdk/design_1_wrapper_hw_platform_0/ps7_init.tcl' is done.
17:23:00 INFO  : Context for 'APU' is selected.
17:23:00 INFO  : Hardware design information is loaded from 'C:/TEMP/3610_4/TP4/TP4.sdk/design_1_wrapper_hw_platform_0/system.hdf'.
17:23:00 INFO  : 'configparams force-mem-access 1' command is executed.
17:23:00 INFO  : Context for 'APU' is selected.
17:23:00 INFO  : 'stop' command is executed.
17:23:00 INFO  : 'ps7_init' command is executed.
17:23:01 INFO  : 'ps7_post_config' command is executed.
17:23:01 INFO  : Context for processor 'ps7_cortexa9_0' is selected.
17:23:01 INFO  : Processor reset is completed for 'ps7_cortexa9_0'.
17:23:01 INFO  : Context for processor 'ps7_cortexa9_0' is selected.
17:23:01 INFO  : The application 'C:/TEMP/3610_4/TP4/TP4.sdk/lab4/Debug/lab4.elf' is downloaded to processor 'ps7_cortexa9_0'.
17:23:01 INFO  : 'configparams force-mem-access 0' command is executed.
17:23:01 INFO  : ----------------XSDB Script----------------
connect -url tcp:127.0.0.1:3121
source C:/TEMP/3610_4/TP4/TP4.sdk/design_1_wrapper_hw_platform_0/ps7_init.tcl
targets -set -nocase -filter {name =~"APU*" && jtag_cable_name =~ "Digilent Zed 210248685294"} -index 0
loadhw -hw C:/TEMP/3610_4/TP4/TP4.sdk/design_1_wrapper_hw_platform_0/system.hdf -mem-ranges [list {0x40000000 0xbfffffff}]
configparams force-mem-access 1
targets -set -nocase -filter {name =~"APU*" && jtag_cable_name =~ "Digilent Zed 210248685294"} -index 0
stop
ps7_init
ps7_post_config
targets -set -nocase -filter {name =~ "ARM*#0" && jtag_cable_name =~ "Digilent Zed 210248685294"} -index 0
rst -processor
targets -set -nocase -filter {name =~ "ARM*#0" && jtag_cable_name =~ "Digilent Zed 210248685294"} -index 0
dow C:/TEMP/3610_4/TP4/TP4.sdk/lab4/Debug/lab4.elf
configparams force-mem-access 0
----------------End of Script----------------

17:23:01 INFO  : Memory regions updated for context APU
17:23:01 INFO  : Context for processor 'ps7_cortexa9_0' is selected.
17:23:01 INFO  : 'con' command is executed.
17:23:01 INFO  : ----------------XSDB Script (After Launch)----------------
targets -set -nocase -filter {name =~ "ARM*#0" && jtag_cable_name =~ "Digilent Zed 210248685294"} -index 0
con
----------------End of Script----------------

17:23:01 INFO  : Launch script is exported to file 'C:\TEMP\3610_4\TP4\TP4.sdk\.sdk\launch_scripts\xilinx_c-c++_application_(system_debugger)\system_debugger_using_debug_lab4.elf_on_local.tcl'
17:24:13 INFO  : Disconnected from the channel tcfchan#1.
17:24:14 INFO  : 'targets -set -filter {jtag_cable_name =~ "Digilent Zed 210248685294" && level==0} -index 1' command is executed.
17:24:14 INFO  : 'fpga -state' command is executed.
17:24:14 INFO  : Connected to target on host '127.0.0.1' and port '3121'.
17:24:15 INFO  : Jtag cable 'Digilent Zed 210248685294' is selected.
17:24:15 INFO  : 'jtag frequency' command is executed.
17:24:15 INFO  : Sourcing of 'C:/TEMP/3610_4/TP4/TP4.sdk/design_1_wrapper_hw_platform_0/ps7_init.tcl' is done.
17:24:15 INFO  : Context for 'APU' is selected.
17:24:18 INFO  : Hardware design information is loaded from 'C:/TEMP/3610_4/TP4/TP4.sdk/design_1_wrapper_hw_platform_0/system.hdf'.
17:24:18 INFO  : 'configparams force-mem-access 1' command is executed.
17:24:18 INFO  : Context for 'APU' is selected.
17:24:18 INFO  : 'stop' command is executed.
17:24:18 INFO  : 'ps7_init' command is executed.
17:24:19 INFO  : 'ps7_post_config' command is executed.
17:24:19 INFO  : Context for processor 'ps7_cortexa9_0' is selected.
17:24:19 INFO  : Processor reset is completed for 'ps7_cortexa9_0'.
17:24:19 INFO  : Context for processor 'ps7_cortexa9_0' is selected.
17:24:19 INFO  : The application 'C:/TEMP/3610_4/TP4/TP4.sdk/lab4/Debug/lab4.elf' is downloaded to processor 'ps7_cortexa9_0'.
17:24:19 INFO  : 'configparams force-mem-access 0' command is executed.
17:24:19 INFO  : ----------------XSDB Script----------------
connect -url tcp:127.0.0.1:3121
source C:/TEMP/3610_4/TP4/TP4.sdk/design_1_wrapper_hw_platform_0/ps7_init.tcl
targets -set -nocase -filter {name =~"APU*" && jtag_cable_name =~ "Digilent Zed 210248685294"} -index 0
loadhw -hw C:/TEMP/3610_4/TP4/TP4.sdk/design_1_wrapper_hw_platform_0/system.hdf -mem-ranges [list {0x40000000 0xbfffffff}]
configparams force-mem-access 1
targets -set -nocase -filter {name =~"APU*" && jtag_cable_name =~ "Digilent Zed 210248685294"} -index 0
stop
ps7_init
ps7_post_config
targets -set -nocase -filter {name =~ "ARM*#0" && jtag_cable_name =~ "Digilent Zed 210248685294"} -index 0
rst -processor
targets -set -nocase -filter {name =~ "ARM*#0" && jtag_cable_name =~ "Digilent Zed 210248685294"} -index 0
dow C:/TEMP/3610_4/TP4/TP4.sdk/lab4/Debug/lab4.elf
configparams force-mem-access 0
----------------End of Script----------------

17:24:19 INFO  : Memory regions updated for context APU
17:24:19 INFO  : Context for processor 'ps7_cortexa9_0' is selected.
17:24:19 INFO  : 'con' command is executed.
17:24:19 INFO  : ----------------XSDB Script (After Launch)----------------
targets -set -nocase -filter {name =~ "ARM*#0" && jtag_cable_name =~ "Digilent Zed 210248685294"} -index 0
con
----------------End of Script----------------

17:24:19 INFO  : Launch script is exported to file 'C:\TEMP\3610_4\TP4\TP4.sdk\.sdk\launch_scripts\xilinx_c-c++_application_(system_debugger)\system_debugger_using_debug_lab4.elf_on_local.tcl'
17:25:14 INFO  : Disconnected from the channel tcfchan#2.
17:25:15 INFO  : 'targets -set -filter {jtag_cable_name =~ "Digilent Zed 210248685294" && level==0} -index 1' command is executed.
17:25:15 INFO  : 'fpga -state' command is executed.
17:25:15 INFO  : Connected to target on host '127.0.0.1' and port '3121'.
17:25:16 INFO  : Jtag cable 'Digilent Zed 210248685294' is selected.
17:25:16 INFO  : 'jtag frequency' command is executed.
17:25:16 INFO  : Sourcing of 'C:/TEMP/3610_4/TP4/TP4.sdk/design_1_wrapper_hw_platform_0/ps7_init.tcl' is done.
17:25:16 INFO  : Context for 'APU' is selected.
17:25:19 INFO  : Hardware design information is loaded from 'C:/TEMP/3610_4/TP4/TP4.sdk/design_1_wrapper_hw_platform_0/system.hdf'.
17:25:19 INFO  : 'configparams force-mem-access 1' command is executed.
17:25:19 INFO  : Context for 'APU' is selected.
17:25:19 INFO  : 'stop' command is executed.
17:25:20 INFO  : 'ps7_init' command is executed.
17:25:20 INFO  : 'ps7_post_config' command is executed.
17:25:20 INFO  : Context for processor 'ps7_cortexa9_0' is selected.
17:25:20 INFO  : Processor reset is completed for 'ps7_cortexa9_0'.
17:25:20 INFO  : Context for processor 'ps7_cortexa9_0' is selected.
17:25:20 INFO  : The application 'C:/TEMP/3610_4/TP4/TP4.sdk/lab4/Debug/lab4.elf' is downloaded to processor 'ps7_cortexa9_0'.
17:25:20 INFO  : 'configparams force-mem-access 0' command is executed.
17:25:20 INFO  : ----------------XSDB Script----------------
connect -url tcp:127.0.0.1:3121
source C:/TEMP/3610_4/TP4/TP4.sdk/design_1_wrapper_hw_platform_0/ps7_init.tcl
targets -set -nocase -filter {name =~"APU*" && jtag_cable_name =~ "Digilent Zed 210248685294"} -index 0
loadhw -hw C:/TEMP/3610_4/TP4/TP4.sdk/design_1_wrapper_hw_platform_0/system.hdf -mem-ranges [list {0x40000000 0xbfffffff}]
configparams force-mem-access 1
targets -set -nocase -filter {name =~"APU*" && jtag_cable_name =~ "Digilent Zed 210248685294"} -index 0
stop
ps7_init
ps7_post_config
targets -set -nocase -filter {name =~ "ARM*#0" && jtag_cable_name =~ "Digilent Zed 210248685294"} -index 0
rst -processor
targets -set -nocase -filter {name =~ "ARM*#0" && jtag_cable_name =~ "Digilent Zed 210248685294"} -index 0
dow C:/TEMP/3610_4/TP4/TP4.sdk/lab4/Debug/lab4.elf
configparams force-mem-access 0
----------------End of Script----------------

17:25:20 INFO  : Memory regions updated for context APU
17:25:21 INFO  : Context for processor 'ps7_cortexa9_0' is selected.
17:25:21 INFO  : 'con' command is executed.
17:25:21 INFO  : ----------------XSDB Script (After Launch)----------------
targets -set -nocase -filter {name =~ "ARM*#0" && jtag_cable_name =~ "Digilent Zed 210248685294"} -index 0
con
----------------End of Script----------------

17:25:21 INFO  : Launch script is exported to file 'C:\TEMP\3610_4\TP4\TP4.sdk\.sdk\launch_scripts\xilinx_c-c++_application_(system_debugger)\system_debugger_using_debug_lab4.elf_on_local.tcl'
17:26:38 INFO  : Connected to target on host '127.0.0.1' and port '3121'.
17:26:39 INFO  : 'targets -set -filter {jtag_cable_name =~ "Digilent Zed 210248685294" && level==0} -index 1' command is executed.
17:26:41 INFO  : FPGA configured successfully with bitstream "C:/TEMP/3610_4/TP4/TP4.sdk/design_1_wrapper_hw_platform_0/design_1_wrapper.bit"
17:41:07 INFO  : Disconnected from the channel tcfchan#3.
17:41:27 INFO  : Registering command handlers for SDK TCF services
17:41:27 INFO  : Launching XSCT server: xsct.bat -interactive C:\TEMP\3610_4\TP4\TP4.sdk\temp_xsdb_launch_script.tcl
17:41:30 INFO  : XSCT server has started successfully.
17:41:30 INFO  : Successfully done setting XSCT server connection channel  
17:41:34 INFO  : Successfully done setting SDK workspace  
17:41:34 INFO  : Processing command line option -hwspec C:/TEMP/3610_4/TP4/TP4.sdk/design_1_wrapper.hdf.
17:41:34 INFO  : Checking for hwspec changes in the project design_1_wrapper_hw_platform_0.
17:41:55 INFO  : Refreshed build settings on project lab4
17:42:05 INFO  : Refreshed build settings on project lab4
18:00:47 INFO  : 'targets -set -filter {jtag_cable_name =~ "Digilent Zed 210248685294" && level==0} -index 1' command is executed.
18:00:47 INFO  : 'fpga -state' command is executed.
18:00:47 INFO  : Connected to target on host '127.0.0.1' and port '3121'.
18:00:48 INFO  : Jtag cable 'Digilent Zed 210248685294' is selected.
18:00:48 INFO  : 'jtag frequency' command is executed.
18:00:48 INFO  : Sourcing of 'C:/TEMP/3610_4/TP4/TP4.sdk/design_1_wrapper_hw_platform_0/ps7_init.tcl' is done.
18:00:48 INFO  : Context for 'APU' is selected.
18:00:48 INFO  : Hardware design information is loaded from 'C:/TEMP/3610_4/TP4/TP4.sdk/design_1_wrapper_hw_platform_0/system.hdf'.
18:00:48 INFO  : 'configparams force-mem-access 1' command is executed.
18:00:48 INFO  : Context for 'APU' is selected.
18:00:48 INFO  : 'stop' command is executed.
18:00:49 INFO  : 'ps7_init' command is executed.
18:00:49 INFO  : 'ps7_post_config' command is executed.
18:00:49 INFO  : Context for processor 'ps7_cortexa9_0' is selected.
18:00:49 INFO  : Processor reset is completed for 'ps7_cortexa9_0'.
18:00:49 INFO  : Context for processor 'ps7_cortexa9_0' is selected.
18:00:50 INFO  : The application 'C:/TEMP/3610_4/TP4/TP4.sdk/lab4/Debug/lab4.elf' is downloaded to processor 'ps7_cortexa9_0'.
18:00:50 INFO  : 'configparams force-mem-access 0' command is executed.
18:00:50 INFO  : ----------------XSDB Script----------------
connect -url tcp:127.0.0.1:3121
source C:/TEMP/3610_4/TP4/TP4.sdk/design_1_wrapper_hw_platform_0/ps7_init.tcl
targets -set -nocase -filter {name =~"APU*" && jtag_cable_name =~ "Digilent Zed 210248685294"} -index 0
loadhw -hw C:/TEMP/3610_4/TP4/TP4.sdk/design_1_wrapper_hw_platform_0/system.hdf -mem-ranges [list {0x40000000 0xbfffffff}]
configparams force-mem-access 1
targets -set -nocase -filter {name =~"APU*" && jtag_cable_name =~ "Digilent Zed 210248685294"} -index 0
stop
ps7_init
ps7_post_config
targets -set -nocase -filter {name =~ "ARM*#0" && jtag_cable_name =~ "Digilent Zed 210248685294"} -index 0
rst -processor
targets -set -nocase -filter {name =~ "ARM*#0" && jtag_cable_name =~ "Digilent Zed 210248685294"} -index 0
dow C:/TEMP/3610_4/TP4/TP4.sdk/lab4/Debug/lab4.elf
configparams force-mem-access 0
----------------End of Script----------------

18:00:50 INFO  : Memory regions updated for context APU
18:00:50 INFO  : Context for processor 'ps7_cortexa9_0' is selected.
18:00:50 INFO  : 'con' command is executed.
18:00:50 INFO  : ----------------XSDB Script (After Launch)----------------
targets -set -nocase -filter {name =~ "ARM*#0" && jtag_cable_name =~ "Digilent Zed 210248685294"} -index 0
con
----------------End of Script----------------

18:00:50 INFO  : Launch script is exported to file 'C:\TEMP\3610_4\TP4\TP4.sdk\.sdk\launch_scripts\xilinx_c-c++_application_(system_debugger)\system_debugger_using_debug_lab4.elf_on_local.tcl'
18:01:35 INFO  : Disconnected from the channel tcfchan#1.
18:01:37 INFO  : 'targets -set -filter {jtag_cable_name =~ "Digilent Zed 210248685294" && level==0} -index 1' command is executed.
18:01:37 INFO  : 'fpga -state' command is executed.
18:01:37 INFO  : Connected to target on host '127.0.0.1' and port '3121'.
18:01:37 INFO  : Jtag cable 'Digilent Zed 210248685294' is selected.
18:01:37 INFO  : 'jtag frequency' command is executed.
18:01:37 INFO  : Sourcing of 'C:/TEMP/3610_4/TP4/TP4.sdk/design_1_wrapper_hw_platform_0/ps7_init.tcl' is done.
18:01:37 INFO  : Context for 'APU' is selected.
18:01:40 INFO  : Hardware design information is loaded from 'C:/TEMP/3610_4/TP4/TP4.sdk/design_1_wrapper_hw_platform_0/system.hdf'.
18:01:40 INFO  : 'configparams force-mem-access 1' command is executed.
18:01:40 INFO  : Context for 'APU' is selected.
18:01:40 INFO  : 'stop' command is executed.
18:01:41 INFO  : 'ps7_init' command is executed.
18:01:41 INFO  : 'ps7_post_config' command is executed.
18:01:41 INFO  : Context for processor 'ps7_cortexa9_0' is selected.
18:01:41 INFO  : Processor reset is completed for 'ps7_cortexa9_0'.
18:01:41 INFO  : Context for processor 'ps7_cortexa9_0' is selected.
18:01:41 INFO  : The application 'C:/TEMP/3610_4/TP4/TP4.sdk/lab4/Debug/lab4.elf' is downloaded to processor 'ps7_cortexa9_0'.
18:01:41 INFO  : 'configparams force-mem-access 0' command is executed.
18:01:41 INFO  : ----------------XSDB Script----------------
connect -url tcp:127.0.0.1:3121
source C:/TEMP/3610_4/TP4/TP4.sdk/design_1_wrapper_hw_platform_0/ps7_init.tcl
targets -set -nocase -filter {name =~"APU*" && jtag_cable_name =~ "Digilent Zed 210248685294"} -index 0
loadhw -hw C:/TEMP/3610_4/TP4/TP4.sdk/design_1_wrapper_hw_platform_0/system.hdf -mem-ranges [list {0x40000000 0xbfffffff}]
configparams force-mem-access 1
targets -set -nocase -filter {name =~"APU*" && jtag_cable_name =~ "Digilent Zed 210248685294"} -index 0
stop
ps7_init
ps7_post_config
targets -set -nocase -filter {name =~ "ARM*#0" && jtag_cable_name =~ "Digilent Zed 210248685294"} -index 0
rst -processor
targets -set -nocase -filter {name =~ "ARM*#0" && jtag_cable_name =~ "Digilent Zed 210248685294"} -index 0
dow C:/TEMP/3610_4/TP4/TP4.sdk/lab4/Debug/lab4.elf
configparams force-mem-access 0
----------------End of Script----------------

18:01:41 INFO  : Memory regions updated for context APU
18:01:42 INFO  : Context for processor 'ps7_cortexa9_0' is selected.
18:01:42 INFO  : 'con' command is executed.
18:01:42 INFO  : ----------------XSDB Script (After Launch)----------------
targets -set -nocase -filter {name =~ "ARM*#0" && jtag_cable_name =~ "Digilent Zed 210248685294"} -index 0
con
----------------End of Script----------------

18:01:42 INFO  : Launch script is exported to file 'C:\TEMP\3610_4\TP4\TP4.sdk\.sdk\launch_scripts\xilinx_c-c++_application_(system_debugger)\system_debugger_using_debug_lab4.elf_on_local.tcl'
18:02:18 INFO  : Disconnected from the channel tcfchan#2.
18:02:19 INFO  : 'targets -set -filter {jtag_cable_name =~ "Digilent Zed 210248685294" && level==0} -index 1' command is executed.
18:02:19 INFO  : 'fpga -state' command is executed.
18:02:19 INFO  : Connected to target on host '127.0.0.1' and port '3121'.
18:02:20 INFO  : Jtag cable 'Digilent Zed 210248685294' is selected.
18:02:20 INFO  : 'jtag frequency' command is executed.
18:02:20 INFO  : Sourcing of 'C:/TEMP/3610_4/TP4/TP4.sdk/design_1_wrapper_hw_platform_0/ps7_init.tcl' is done.
18:02:20 INFO  : Context for 'APU' is selected.
18:02:22 INFO  : Hardware design information is loaded from 'C:/TEMP/3610_4/TP4/TP4.sdk/design_1_wrapper_hw_platform_0/system.hdf'.
18:02:22 INFO  : 'configparams force-mem-access 1' command is executed.
18:02:22 INFO  : Context for 'APU' is selected.
18:02:23 INFO  : 'stop' command is executed.
18:02:23 INFO  : 'ps7_init' command is executed.
18:02:23 INFO  : 'ps7_post_config' command is executed.
18:02:23 INFO  : Context for processor 'ps7_cortexa9_0' is selected.
18:02:23 INFO  : Processor reset is completed for 'ps7_cortexa9_0'.
18:02:23 INFO  : Context for processor 'ps7_cortexa9_0' is selected.
18:02:24 INFO  : The application 'C:/TEMP/3610_4/TP4/TP4.sdk/lab4/Debug/lab4.elf' is downloaded to processor 'ps7_cortexa9_0'.
18:02:24 INFO  : 'configparams force-mem-access 0' command is executed.
18:02:24 INFO  : ----------------XSDB Script----------------
connect -url tcp:127.0.0.1:3121
source C:/TEMP/3610_4/TP4/TP4.sdk/design_1_wrapper_hw_platform_0/ps7_init.tcl
targets -set -nocase -filter {name =~"APU*" && jtag_cable_name =~ "Digilent Zed 210248685294"} -index 0
loadhw -hw C:/TEMP/3610_4/TP4/TP4.sdk/design_1_wrapper_hw_platform_0/system.hdf -mem-ranges [list {0x40000000 0xbfffffff}]
configparams force-mem-access 1
targets -set -nocase -filter {name =~"APU*" && jtag_cable_name =~ "Digilent Zed 210248685294"} -index 0
stop
ps7_init
ps7_post_config
targets -set -nocase -filter {name =~ "ARM*#0" && jtag_cable_name =~ "Digilent Zed 210248685294"} -index 0
rst -processor
targets -set -nocase -filter {name =~ "ARM*#0" && jtag_cable_name =~ "Digilent Zed 210248685294"} -index 0
dow C:/TEMP/3610_4/TP4/TP4.sdk/lab4/Debug/lab4.elf
configparams force-mem-access 0
----------------End of Script----------------

18:02:24 INFO  : Memory regions updated for context APU
18:02:24 INFO  : Context for processor 'ps7_cortexa9_0' is selected.
18:02:24 INFO  : 'con' command is executed.
18:02:24 INFO  : ----------------XSDB Script (After Launch)----------------
targets -set -nocase -filter {name =~ "ARM*#0" && jtag_cable_name =~ "Digilent Zed 210248685294"} -index 0
con
----------------End of Script----------------

18:02:24 INFO  : Launch script is exported to file 'C:\TEMP\3610_4\TP4\TP4.sdk\.sdk\launch_scripts\xilinx_c-c++_application_(system_debugger)\system_debugger_using_debug_lab4.elf_on_local.tcl'
18:02:43 INFO  : Connected to target on host '127.0.0.1' and port '3121'.
18:02:43 INFO  : 'targets -set -filter {jtag_cable_name =~ "Digilent Zed 210248685294" && level==0} -index 1' command is executed.
18:02:45 INFO  : FPGA configured successfully with bitstream "C:/TEMP/3610_4/TP4/TP4.sdk/design_1_wrapper_hw_platform_0/design_1_wrapper.bit"
18:02:52 INFO  : Disconnected from the channel tcfchan#3.
18:02:54 INFO  : 'targets -set -filter {jtag_cable_name =~ "Digilent Zed 210248685294" && level==0} -index 1' command is executed.
18:02:54 INFO  : 'fpga -state' command is executed.
18:02:54 INFO  : Connected to target on host '127.0.0.1' and port '3121'.
18:02:54 INFO  : Jtag cable 'Digilent Zed 210248685294' is selected.
18:02:54 INFO  : 'jtag frequency' command is executed.
18:02:54 INFO  : Sourcing of 'C:/TEMP/3610_4/TP4/TP4.sdk/design_1_wrapper_hw_platform_0/ps7_init.tcl' is done.
18:02:54 INFO  : Context for 'APU' is selected.
18:02:57 INFO  : Hardware design information is loaded from 'C:/TEMP/3610_4/TP4/TP4.sdk/design_1_wrapper_hw_platform_0/system.hdf'.
18:02:57 INFO  : 'configparams force-mem-access 1' command is executed.
18:02:57 INFO  : Context for 'APU' is selected.
18:02:57 INFO  : 'stop' command is executed.
18:02:58 INFO  : 'ps7_init' command is executed.
18:02:58 INFO  : 'ps7_post_config' command is executed.
18:02:58 INFO  : Context for processor 'ps7_cortexa9_0' is selected.
18:02:58 INFO  : Processor reset is completed for 'ps7_cortexa9_0'.
18:02:58 INFO  : Context for processor 'ps7_cortexa9_0' is selected.
18:02:59 INFO  : The application 'C:/TEMP/3610_4/TP4/TP4.sdk/lab4/Debug/lab4.elf' is downloaded to processor 'ps7_cortexa9_0'.
18:02:59 INFO  : 'configparams force-mem-access 0' command is executed.
18:02:59 INFO  : ----------------XSDB Script----------------
connect -url tcp:127.0.0.1:3121
source C:/TEMP/3610_4/TP4/TP4.sdk/design_1_wrapper_hw_platform_0/ps7_init.tcl
targets -set -nocase -filter {name =~"APU*" && jtag_cable_name =~ "Digilent Zed 210248685294"} -index 0
loadhw -hw C:/TEMP/3610_4/TP4/TP4.sdk/design_1_wrapper_hw_platform_0/system.hdf -mem-ranges [list {0x40000000 0xbfffffff}]
configparams force-mem-access 1
targets -set -nocase -filter {name =~"APU*" && jtag_cable_name =~ "Digilent Zed 210248685294"} -index 0
stop
ps7_init
ps7_post_config
targets -set -nocase -filter {name =~ "ARM*#0" && jtag_cable_name =~ "Digilent Zed 210248685294"} -index 0
rst -processor
targets -set -nocase -filter {name =~ "ARM*#0" && jtag_cable_name =~ "Digilent Zed 210248685294"} -index 0
dow C:/TEMP/3610_4/TP4/TP4.sdk/lab4/Debug/lab4.elf
configparams force-mem-access 0
----------------End of Script----------------

18:02:59 INFO  : Memory regions updated for context APU
18:02:59 INFO  : Context for processor 'ps7_cortexa9_0' is selected.
18:02:59 INFO  : 'con' command is executed.
18:02:59 INFO  : ----------------XSDB Script (After Launch)----------------
targets -set -nocase -filter {name =~ "ARM*#0" && jtag_cable_name =~ "Digilent Zed 210248685294"} -index 0
con
----------------End of Script----------------

18:02:59 INFO  : Launch script is exported to file 'C:\TEMP\3610_4\TP4\TP4.sdk\.sdk\launch_scripts\xilinx_c-c++_application_(system_debugger)\system_debugger_using_debug_lab4.elf_on_local.tcl'
18:04:20 INFO  : Connected to target on host '127.0.0.1' and port '3121'.
18:04:22 INFO  : 'targets -set -filter {jtag_cable_name =~ "Digilent Zed 210248685294" && level==0} -index 1' command is executed.
18:04:25 INFO  : FPGA configured successfully with bitstream "C:/TEMP/3610_4/TP4/TP4.sdk/design_1_wrapper_hw_platform_0/design_1_wrapper.bit"
18:04:30 INFO  : Disconnected from the channel tcfchan#4.
18:04:31 INFO  : 'targets -set -filter {jtag_cable_name =~ "Digilent Zed 210248685294" && level==0} -index 1' command is executed.
18:04:31 INFO  : 'fpga -state' command is executed.
18:04:31 INFO  : Connected to target on host '127.0.0.1' and port '3121'.
18:04:31 INFO  : Jtag cable 'Digilent Zed 210248685294' is selected.
18:04:31 INFO  : 'jtag frequency' command is executed.
18:04:31 INFO  : Sourcing of 'C:/TEMP/3610_4/TP4/TP4.sdk/design_1_wrapper_hw_platform_0/ps7_init.tcl' is done.
18:04:31 INFO  : Context for 'APU' is selected.
18:04:34 INFO  : Hardware design information is loaded from 'C:/TEMP/3610_4/TP4/TP4.sdk/design_1_wrapper_hw_platform_0/system.hdf'.
18:04:34 INFO  : 'configparams force-mem-access 1' command is executed.
18:04:34 INFO  : Context for 'APU' is selected.
18:04:34 INFO  : 'stop' command is executed.
18:04:35 INFO  : 'ps7_init' command is executed.
18:04:35 INFO  : 'ps7_post_config' command is executed.
18:04:35 INFO  : Context for processor 'ps7_cortexa9_0' is selected.
18:04:35 INFO  : Processor reset is completed for 'ps7_cortexa9_0'.
18:04:35 INFO  : Context for processor 'ps7_cortexa9_0' is selected.
18:04:36 INFO  : The application 'C:/TEMP/3610_4/TP4/TP4.sdk/lab4/Debug/lab4.elf' is downloaded to processor 'ps7_cortexa9_0'.
18:04:36 INFO  : 'configparams force-mem-access 0' command is executed.
18:04:36 INFO  : ----------------XSDB Script----------------
connect -url tcp:127.0.0.1:3121
source C:/TEMP/3610_4/TP4/TP4.sdk/design_1_wrapper_hw_platform_0/ps7_init.tcl
targets -set -nocase -filter {name =~"APU*" && jtag_cable_name =~ "Digilent Zed 210248685294"} -index 0
loadhw -hw C:/TEMP/3610_4/TP4/TP4.sdk/design_1_wrapper_hw_platform_0/system.hdf -mem-ranges [list {0x40000000 0xbfffffff}]
configparams force-mem-access 1
targets -set -nocase -filter {name =~"APU*" && jtag_cable_name =~ "Digilent Zed 210248685294"} -index 0
stop
ps7_init
ps7_post_config
targets -set -nocase -filter {name =~ "ARM*#0" && jtag_cable_name =~ "Digilent Zed 210248685294"} -index 0
rst -processor
targets -set -nocase -filter {name =~ "ARM*#0" && jtag_cable_name =~ "Digilent Zed 210248685294"} -index 0
dow C:/TEMP/3610_4/TP4/TP4.sdk/lab4/Debug/lab4.elf
configparams force-mem-access 0
----------------End of Script----------------

18:04:36 INFO  : Memory regions updated for context APU
18:04:36 INFO  : Context for processor 'ps7_cortexa9_0' is selected.
18:04:36 INFO  : 'con' command is executed.
18:04:36 INFO  : ----------------XSDB Script (After Launch)----------------
targets -set -nocase -filter {name =~ "ARM*#0" && jtag_cable_name =~ "Digilent Zed 210248685294"} -index 0
con
----------------End of Script----------------

18:04:36 INFO  : Launch script is exported to file 'C:\TEMP\3610_4\TP4\TP4.sdk\.sdk\launch_scripts\xilinx_c-c++_application_(system_debugger)\system_debugger_using_debug_lab4.elf_on_local.tcl'
18:05:47 INFO  : Disconnected from the channel tcfchan#5.
18:05:48 INFO  : 'targets -set -filter {jtag_cable_name =~ "Digilent Zed 210248685294" && level==0} -index 1' command is executed.
18:05:48 INFO  : 'fpga -state' command is executed.
18:05:48 INFO  : Connected to target on host '127.0.0.1' and port '3121'.
18:05:48 INFO  : Jtag cable 'Digilent Zed 210248685294' is selected.
18:05:48 INFO  : 'jtag frequency' command is executed.
18:05:48 INFO  : Sourcing of 'C:/TEMP/3610_4/TP4/TP4.sdk/design_1_wrapper_hw_platform_0/ps7_init.tcl' is done.
18:05:49 INFO  : Context for 'APU' is selected.
18:05:51 INFO  : Hardware design information is loaded from 'C:/TEMP/3610_4/TP4/TP4.sdk/design_1_wrapper_hw_platform_0/system.hdf'.
18:05:51 INFO  : 'configparams force-mem-access 1' command is executed.
18:05:51 INFO  : Context for 'APU' is selected.
18:05:51 INFO  : 'stop' command is executed.
18:05:52 INFO  : 'ps7_init' command is executed.
18:05:52 INFO  : 'ps7_post_config' command is executed.
18:05:52 INFO  : Context for processor 'ps7_cortexa9_0' is selected.
18:05:52 INFO  : Processor reset is completed for 'ps7_cortexa9_0'.
18:05:52 INFO  : Context for processor 'ps7_cortexa9_0' is selected.
18:05:53 INFO  : The application 'C:/TEMP/3610_4/TP4/TP4.sdk/lab4/Debug/lab4.elf' is downloaded to processor 'ps7_cortexa9_0'.
18:05:53 INFO  : 'configparams force-mem-access 0' command is executed.
18:05:53 INFO  : ----------------XSDB Script----------------
connect -url tcp:127.0.0.1:3121
source C:/TEMP/3610_4/TP4/TP4.sdk/design_1_wrapper_hw_platform_0/ps7_init.tcl
targets -set -nocase -filter {name =~"APU*" && jtag_cable_name =~ "Digilent Zed 210248685294"} -index 0
loadhw -hw C:/TEMP/3610_4/TP4/TP4.sdk/design_1_wrapper_hw_platform_0/system.hdf -mem-ranges [list {0x40000000 0xbfffffff}]
configparams force-mem-access 1
targets -set -nocase -filter {name =~"APU*" && jtag_cable_name =~ "Digilent Zed 210248685294"} -index 0
stop
ps7_init
ps7_post_config
targets -set -nocase -filter {name =~ "ARM*#0" && jtag_cable_name =~ "Digilent Zed 210248685294"} -index 0
rst -processor
targets -set -nocase -filter {name =~ "ARM*#0" && jtag_cable_name =~ "Digilent Zed 210248685294"} -index 0
dow C:/TEMP/3610_4/TP4/TP4.sdk/lab4/Debug/lab4.elf
configparams force-mem-access 0
----------------End of Script----------------

18:05:53 INFO  : Memory regions updated for context APU
18:05:53 INFO  : Context for processor 'ps7_cortexa9_0' is selected.
18:05:53 INFO  : 'con' command is executed.
18:05:53 INFO  : ----------------XSDB Script (After Launch)----------------
targets -set -nocase -filter {name =~ "ARM*#0" && jtag_cable_name =~ "Digilent Zed 210248685294"} -index 0
con
----------------End of Script----------------

18:05:53 INFO  : Launch script is exported to file 'C:\TEMP\3610_4\TP4\TP4.sdk\.sdk\launch_scripts\xilinx_c-c++_application_(system_debugger)\system_debugger_using_debug_lab4.elf_on_local.tcl'
18:06:27 INFO  : Disconnected from the channel tcfchan#6.
18:06:28 INFO  : 'targets -set -filter {jtag_cable_name =~ "Digilent Zed 210248685294" && level==0} -index 1' command is executed.
18:06:28 INFO  : 'fpga -state' command is executed.
18:06:28 INFO  : Connected to target on host '127.0.0.1' and port '3121'.
18:06:29 INFO  : Jtag cable 'Digilent Zed 210248685294' is selected.
18:06:29 INFO  : 'jtag frequency' command is executed.
18:06:29 INFO  : Sourcing of 'C:/TEMP/3610_4/TP4/TP4.sdk/design_1_wrapper_hw_platform_0/ps7_init.tcl' is done.
18:06:29 INFO  : Context for 'APU' is selected.
18:06:31 INFO  : Hardware design information is loaded from 'C:/TEMP/3610_4/TP4/TP4.sdk/design_1_wrapper_hw_platform_0/system.hdf'.
18:06:31 INFO  : 'configparams force-mem-access 1' command is executed.
18:06:31 INFO  : Context for 'APU' is selected.
18:06:31 INFO  : 'stop' command is executed.
18:06:32 INFO  : 'ps7_init' command is executed.
18:06:32 INFO  : 'ps7_post_config' command is executed.
18:06:32 INFO  : Context for processor 'ps7_cortexa9_0' is selected.
18:06:32 INFO  : Processor reset is completed for 'ps7_cortexa9_0'.
18:06:32 INFO  : Context for processor 'ps7_cortexa9_0' is selected.
18:06:33 INFO  : The application 'C:/TEMP/3610_4/TP4/TP4.sdk/lab4/Debug/lab4.elf' is downloaded to processor 'ps7_cortexa9_0'.
18:06:33 INFO  : 'configparams force-mem-access 0' command is executed.
18:06:33 INFO  : ----------------XSDB Script----------------
connect -url tcp:127.0.0.1:3121
source C:/TEMP/3610_4/TP4/TP4.sdk/design_1_wrapper_hw_platform_0/ps7_init.tcl
targets -set -nocase -filter {name =~"APU*" && jtag_cable_name =~ "Digilent Zed 210248685294"} -index 0
loadhw -hw C:/TEMP/3610_4/TP4/TP4.sdk/design_1_wrapper_hw_platform_0/system.hdf -mem-ranges [list {0x40000000 0xbfffffff}]
configparams force-mem-access 1
targets -set -nocase -filter {name =~"APU*" && jtag_cable_name =~ "Digilent Zed 210248685294"} -index 0
stop
ps7_init
ps7_post_config
targets -set -nocase -filter {name =~ "ARM*#0" && jtag_cable_name =~ "Digilent Zed 210248685294"} -index 0
rst -processor
targets -set -nocase -filter {name =~ "ARM*#0" && jtag_cable_name =~ "Digilent Zed 210248685294"} -index 0
dow C:/TEMP/3610_4/TP4/TP4.sdk/lab4/Debug/lab4.elf
configparams force-mem-access 0
----------------End of Script----------------

18:06:33 INFO  : Memory regions updated for context APU
18:06:33 INFO  : Context for processor 'ps7_cortexa9_0' is selected.
18:06:33 INFO  : 'con' command is executed.
18:06:33 INFO  : ----------------XSDB Script (After Launch)----------------
targets -set -nocase -filter {name =~ "ARM*#0" && jtag_cable_name =~ "Digilent Zed 210248685294"} -index 0
con
----------------End of Script----------------

18:06:33 INFO  : Launch script is exported to file 'C:\TEMP\3610_4\TP4\TP4.sdk\.sdk\launch_scripts\xilinx_c-c++_application_(system_debugger)\system_debugger_using_debug_lab4.elf_on_local.tcl'
18:07:43 INFO  : Disconnected from the channel tcfchan#7.
18:07:44 INFO  : 'targets -set -filter {jtag_cable_name =~ "Digilent Zed 210248685294" && level==0} -index 1' command is executed.
18:07:44 INFO  : 'fpga -state' command is executed.
18:07:44 INFO  : Connected to target on host '127.0.0.1' and port '3121'.
18:07:44 INFO  : Jtag cable 'Digilent Zed 210248685294' is selected.
18:07:44 INFO  : 'jtag frequency' command is executed.
18:07:44 INFO  : Sourcing of 'C:/TEMP/3610_4/TP4/TP4.sdk/design_1_wrapper_hw_platform_0/ps7_init.tcl' is done.
18:07:44 INFO  : Context for 'APU' is selected.
18:07:47 INFO  : Hardware design information is loaded from 'C:/TEMP/3610_4/TP4/TP4.sdk/design_1_wrapper_hw_platform_0/system.hdf'.
18:07:47 INFO  : 'configparams force-mem-access 1' command is executed.
18:07:48 INFO  : Context for 'APU' is selected.
18:07:48 INFO  : 'stop' command is executed.
18:07:48 INFO  : 'ps7_init' command is executed.
18:07:48 INFO  : 'ps7_post_config' command is executed.
18:07:48 INFO  : Context for processor 'ps7_cortexa9_0' is selected.
18:07:48 INFO  : Processor reset is completed for 'ps7_cortexa9_0'.
18:07:48 INFO  : Context for processor 'ps7_cortexa9_0' is selected.
18:07:49 INFO  : The application 'C:/TEMP/3610_4/TP4/TP4.sdk/lab4/Debug/lab4.elf' is downloaded to processor 'ps7_cortexa9_0'.
18:07:49 INFO  : 'configparams force-mem-access 0' command is executed.
18:07:49 INFO  : ----------------XSDB Script----------------
connect -url tcp:127.0.0.1:3121
source C:/TEMP/3610_4/TP4/TP4.sdk/design_1_wrapper_hw_platform_0/ps7_init.tcl
targets -set -nocase -filter {name =~"APU*" && jtag_cable_name =~ "Digilent Zed 210248685294"} -index 0
loadhw -hw C:/TEMP/3610_4/TP4/TP4.sdk/design_1_wrapper_hw_platform_0/system.hdf -mem-ranges [list {0x40000000 0xbfffffff}]
configparams force-mem-access 1
targets -set -nocase -filter {name =~"APU*" && jtag_cable_name =~ "Digilent Zed 210248685294"} -index 0
stop
ps7_init
ps7_post_config
targets -set -nocase -filter {name =~ "ARM*#0" && jtag_cable_name =~ "Digilent Zed 210248685294"} -index 0
rst -processor
targets -set -nocase -filter {name =~ "ARM*#0" && jtag_cable_name =~ "Digilent Zed 210248685294"} -index 0
dow C:/TEMP/3610_4/TP4/TP4.sdk/lab4/Debug/lab4.elf
configparams force-mem-access 0
----------------End of Script----------------

18:07:49 INFO  : Memory regions updated for context APU
18:07:49 INFO  : Context for processor 'ps7_cortexa9_0' is selected.
18:07:49 INFO  : 'con' command is executed.
18:07:49 INFO  : ----------------XSDB Script (After Launch)----------------
targets -set -nocase -filter {name =~ "ARM*#0" && jtag_cable_name =~ "Digilent Zed 210248685294"} -index 0
con
----------------End of Script----------------

18:07:49 INFO  : Launch script is exported to file 'C:\TEMP\3610_4\TP4\TP4.sdk\.sdk\launch_scripts\xilinx_c-c++_application_(system_debugger)\system_debugger_using_debug_lab4.elf_on_local.tcl'
18:08:06 INFO  : Disconnected from the channel tcfchan#8.
18:08:07 INFO  : 'targets -set -filter {jtag_cable_name =~ "Digilent Zed 210248685294" && level==0} -index 1' command is executed.
18:08:07 INFO  : 'fpga -state' command is executed.
18:08:07 INFO  : Connected to target on host '127.0.0.1' and port '3121'.
18:08:08 INFO  : Jtag cable 'Digilent Zed 210248685294' is selected.
18:08:08 INFO  : 'jtag frequency' command is executed.
18:08:08 INFO  : Sourcing of 'C:/TEMP/3610_4/TP4/TP4.sdk/design_1_wrapper_hw_platform_0/ps7_init.tcl' is done.
18:08:08 INFO  : Context for 'APU' is selected.
18:08:11 INFO  : Hardware design information is loaded from 'C:/TEMP/3610_4/TP4/TP4.sdk/design_1_wrapper_hw_platform_0/system.hdf'.
18:08:11 INFO  : 'configparams force-mem-access 1' command is executed.
18:08:11 INFO  : Context for 'APU' is selected.
18:08:11 INFO  : 'stop' command is executed.
18:08:12 INFO  : 'ps7_init' command is executed.
18:08:12 INFO  : 'ps7_post_config' command is executed.
18:08:12 INFO  : Context for processor 'ps7_cortexa9_0' is selected.
18:08:12 INFO  : Processor reset is completed for 'ps7_cortexa9_0'.
18:08:12 INFO  : Context for processor 'ps7_cortexa9_0' is selected.
18:08:13 INFO  : The application 'C:/TEMP/3610_4/TP4/TP4.sdk/lab4/Debug/lab4.elf' is downloaded to processor 'ps7_cortexa9_0'.
18:08:13 INFO  : 'configparams force-mem-access 0' command is executed.
18:08:13 INFO  : ----------------XSDB Script----------------
connect -url tcp:127.0.0.1:3121
source C:/TEMP/3610_4/TP4/TP4.sdk/design_1_wrapper_hw_platform_0/ps7_init.tcl
targets -set -nocase -filter {name =~"APU*" && jtag_cable_name =~ "Digilent Zed 210248685294"} -index 0
loadhw -hw C:/TEMP/3610_4/TP4/TP4.sdk/design_1_wrapper_hw_platform_0/system.hdf -mem-ranges [list {0x40000000 0xbfffffff}]
configparams force-mem-access 1
targets -set -nocase -filter {name =~"APU*" && jtag_cable_name =~ "Digilent Zed 210248685294"} -index 0
stop
ps7_init
ps7_post_config
targets -set -nocase -filter {name =~ "ARM*#0" && jtag_cable_name =~ "Digilent Zed 210248685294"} -index 0
rst -processor
targets -set -nocase -filter {name =~ "ARM*#0" && jtag_cable_name =~ "Digilent Zed 210248685294"} -index 0
dow C:/TEMP/3610_4/TP4/TP4.sdk/lab4/Debug/lab4.elf
configparams force-mem-access 0
----------------End of Script----------------

18:08:13 INFO  : Memory regions updated for context APU
18:08:13 INFO  : Context for processor 'ps7_cortexa9_0' is selected.
18:08:13 INFO  : 'con' command is executed.
18:08:13 INFO  : ----------------XSDB Script (After Launch)----------------
targets -set -nocase -filter {name =~ "ARM*#0" && jtag_cable_name =~ "Digilent Zed 210248685294"} -index 0
con
----------------End of Script----------------

18:08:13 INFO  : Launch script is exported to file 'C:\TEMP\3610_4\TP4\TP4.sdk\.sdk\launch_scripts\xilinx_c-c++_application_(system_debugger)\system_debugger_using_debug_lab4.elf_on_local.tcl'
18:08:51 INFO  : Disconnected from the channel tcfchan#9.
18:08:52 INFO  : 'targets -set -filter {jtag_cable_name =~ "Digilent Zed 210248685294" && level==0} -index 1' command is executed.
18:08:52 INFO  : 'fpga -state' command is executed.
18:08:52 INFO  : Connected to target on host '127.0.0.1' and port '3121'.
18:08:52 INFO  : Jtag cable 'Digilent Zed 210248685294' is selected.
18:08:52 INFO  : 'jtag frequency' command is executed.
18:08:52 INFO  : Sourcing of 'C:/TEMP/3610_4/TP4/TP4.sdk/design_1_wrapper_hw_platform_0/ps7_init.tcl' is done.
18:08:52 INFO  : Context for 'APU' is selected.
18:08:56 INFO  : Hardware design information is loaded from 'C:/TEMP/3610_4/TP4/TP4.sdk/design_1_wrapper_hw_platform_0/system.hdf'.
18:08:56 INFO  : 'configparams force-mem-access 1' command is executed.
18:08:56 INFO  : Context for 'APU' is selected.
18:08:56 INFO  : 'stop' command is executed.
18:08:56 INFO  : 'ps7_init' command is executed.
18:08:56 INFO  : 'ps7_post_config' command is executed.
18:08:56 INFO  : Context for processor 'ps7_cortexa9_0' is selected.
18:08:57 INFO  : Processor reset is completed for 'ps7_cortexa9_0'.
18:08:57 INFO  : Context for processor 'ps7_cortexa9_0' is selected.
18:08:57 INFO  : The application 'C:/TEMP/3610_4/TP4/TP4.sdk/lab4/Debug/lab4.elf' is downloaded to processor 'ps7_cortexa9_0'.
18:08:57 INFO  : 'configparams force-mem-access 0' command is executed.
18:08:57 INFO  : ----------------XSDB Script----------------
connect -url tcp:127.0.0.1:3121
source C:/TEMP/3610_4/TP4/TP4.sdk/design_1_wrapper_hw_platform_0/ps7_init.tcl
targets -set -nocase -filter {name =~"APU*" && jtag_cable_name =~ "Digilent Zed 210248685294"} -index 0
loadhw -hw C:/TEMP/3610_4/TP4/TP4.sdk/design_1_wrapper_hw_platform_0/system.hdf -mem-ranges [list {0x40000000 0xbfffffff}]
configparams force-mem-access 1
targets -set -nocase -filter {name =~"APU*" && jtag_cable_name =~ "Digilent Zed 210248685294"} -index 0
stop
ps7_init
ps7_post_config
targets -set -nocase -filter {name =~ "ARM*#0" && jtag_cable_name =~ "Digilent Zed 210248685294"} -index 0
rst -processor
targets -set -nocase -filter {name =~ "ARM*#0" && jtag_cable_name =~ "Digilent Zed 210248685294"} -index 0
dow C:/TEMP/3610_4/TP4/TP4.sdk/lab4/Debug/lab4.elf
configparams force-mem-access 0
----------------End of Script----------------

18:08:57 INFO  : Memory regions updated for context APU
18:08:57 INFO  : Context for processor 'ps7_cortexa9_0' is selected.
18:08:57 INFO  : 'con' command is executed.
18:08:57 INFO  : ----------------XSDB Script (After Launch)----------------
targets -set -nocase -filter {name =~ "ARM*#0" && jtag_cable_name =~ "Digilent Zed 210248685294"} -index 0
con
----------------End of Script----------------

18:08:57 INFO  : Launch script is exported to file 'C:\TEMP\3610_4\TP4\TP4.sdk\.sdk\launch_scripts\xilinx_c-c++_application_(system_debugger)\system_debugger_using_debug_lab4.elf_on_local.tcl'
18:09:11 INFO  : Disconnected from the channel tcfchan#10.
18:09:12 INFO  : 'targets -set -filter {jtag_cable_name =~ "Digilent Zed 210248685294" && level==0} -index 1' command is executed.
18:09:12 INFO  : 'fpga -state' command is executed.
18:09:12 INFO  : Connected to target on host '127.0.0.1' and port '3121'.
18:09:13 INFO  : Jtag cable 'Digilent Zed 210248685294' is selected.
18:09:13 INFO  : 'jtag frequency' command is executed.
18:09:13 INFO  : Sourcing of 'C:/TEMP/3610_4/TP4/TP4.sdk/design_1_wrapper_hw_platform_0/ps7_init.tcl' is done.
18:09:13 INFO  : Context for 'APU' is selected.
18:09:16 INFO  : Hardware design information is loaded from 'C:/TEMP/3610_4/TP4/TP4.sdk/design_1_wrapper_hw_platform_0/system.hdf'.
18:09:16 INFO  : 'configparams force-mem-access 1' command is executed.
18:09:16 INFO  : Context for 'APU' is selected.
18:09:16 INFO  : 'stop' command is executed.
18:09:17 INFO  : 'ps7_init' command is executed.
18:09:17 INFO  : 'ps7_post_config' command is executed.
18:09:17 INFO  : Context for processor 'ps7_cortexa9_0' is selected.
18:09:17 INFO  : Processor reset is completed for 'ps7_cortexa9_0'.
18:09:17 INFO  : Context for processor 'ps7_cortexa9_0' is selected.
18:09:18 INFO  : The application 'C:/TEMP/3610_4/TP4/TP4.sdk/lab4/Debug/lab4.elf' is downloaded to processor 'ps7_cortexa9_0'.
18:09:18 INFO  : 'configparams force-mem-access 0' command is executed.
18:09:18 INFO  : ----------------XSDB Script----------------
connect -url tcp:127.0.0.1:3121
source C:/TEMP/3610_4/TP4/TP4.sdk/design_1_wrapper_hw_platform_0/ps7_init.tcl
targets -set -nocase -filter {name =~"APU*" && jtag_cable_name =~ "Digilent Zed 210248685294"} -index 0
loadhw -hw C:/TEMP/3610_4/TP4/TP4.sdk/design_1_wrapper_hw_platform_0/system.hdf -mem-ranges [list {0x40000000 0xbfffffff}]
configparams force-mem-access 1
targets -set -nocase -filter {name =~"APU*" && jtag_cable_name =~ "Digilent Zed 210248685294"} -index 0
stop
ps7_init
ps7_post_config
targets -set -nocase -filter {name =~ "ARM*#0" && jtag_cable_name =~ "Digilent Zed 210248685294"} -index 0
rst -processor
targets -set -nocase -filter {name =~ "ARM*#0" && jtag_cable_name =~ "Digilent Zed 210248685294"} -index 0
dow C:/TEMP/3610_4/TP4/TP4.sdk/lab4/Debug/lab4.elf
configparams force-mem-access 0
----------------End of Script----------------

18:09:18 INFO  : Memory regions updated for context APU
18:09:18 INFO  : Context for processor 'ps7_cortexa9_0' is selected.
18:09:18 INFO  : 'con' command is executed.
18:09:18 INFO  : ----------------XSDB Script (After Launch)----------------
targets -set -nocase -filter {name =~ "ARM*#0" && jtag_cable_name =~ "Digilent Zed 210248685294"} -index 0
con
----------------End of Script----------------

18:09:18 INFO  : Launch script is exported to file 'C:\TEMP\3610_4\TP4\TP4.sdk\.sdk\launch_scripts\xilinx_c-c++_application_(system_debugger)\system_debugger_using_debug_lab4.elf_on_local.tcl'
18:14:09 INFO  : Disconnected from the channel tcfchan#11.
18:14:10 INFO  : 'targets -set -filter {jtag_cable_name =~ "Digilent Zed 210248685294" && level==0} -index 1' command is executed.
18:14:10 INFO  : 'fpga -state' command is executed.
18:14:10 INFO  : Connected to target on host '127.0.0.1' and port '3121'.
18:14:10 INFO  : Jtag cable 'Digilent Zed 210248685294' is selected.
18:14:10 INFO  : 'jtag frequency' command is executed.
18:14:10 INFO  : Sourcing of 'C:/TEMP/3610_4/TP4/TP4.sdk/design_1_wrapper_hw_platform_0/ps7_init.tcl' is done.
18:14:10 INFO  : Context for 'APU' is selected.
18:14:13 INFO  : Hardware design information is loaded from 'C:/TEMP/3610_4/TP4/TP4.sdk/design_1_wrapper_hw_platform_0/system.hdf'.
18:14:13 INFO  : 'configparams force-mem-access 1' command is executed.
18:14:13 INFO  : Context for 'APU' is selected.
18:14:13 INFO  : 'stop' command is executed.
18:14:14 INFO  : 'ps7_init' command is executed.
18:14:14 INFO  : 'ps7_post_config' command is executed.
18:14:14 INFO  : Context for processor 'ps7_cortexa9_0' is selected.
18:14:14 INFO  : Processor reset is completed for 'ps7_cortexa9_0'.
18:14:14 INFO  : Context for processor 'ps7_cortexa9_0' is selected.
18:14:15 INFO  : The application 'C:/TEMP/3610_4/TP4/TP4.sdk/lab4/Debug/lab4.elf' is downloaded to processor 'ps7_cortexa9_0'.
18:14:15 INFO  : 'configparams force-mem-access 0' command is executed.
18:14:15 INFO  : ----------------XSDB Script----------------
connect -url tcp:127.0.0.1:3121
source C:/TEMP/3610_4/TP4/TP4.sdk/design_1_wrapper_hw_platform_0/ps7_init.tcl
targets -set -nocase -filter {name =~"APU*" && jtag_cable_name =~ "Digilent Zed 210248685294"} -index 0
loadhw -hw C:/TEMP/3610_4/TP4/TP4.sdk/design_1_wrapper_hw_platform_0/system.hdf -mem-ranges [list {0x40000000 0xbfffffff}]
configparams force-mem-access 1
targets -set -nocase -filter {name =~"APU*" && jtag_cable_name =~ "Digilent Zed 210248685294"} -index 0
stop
ps7_init
ps7_post_config
targets -set -nocase -filter {name =~ "ARM*#0" && jtag_cable_name =~ "Digilent Zed 210248685294"} -index 0
rst -processor
targets -set -nocase -filter {name =~ "ARM*#0" && jtag_cable_name =~ "Digilent Zed 210248685294"} -index 0
dow C:/TEMP/3610_4/TP4/TP4.sdk/lab4/Debug/lab4.elf
configparams force-mem-access 0
----------------End of Script----------------

18:14:15 INFO  : Memory regions updated for context APU
18:14:15 INFO  : Context for processor 'ps7_cortexa9_0' is selected.
18:14:15 INFO  : 'con' command is executed.
18:14:15 INFO  : ----------------XSDB Script (After Launch)----------------
targets -set -nocase -filter {name =~ "ARM*#0" && jtag_cable_name =~ "Digilent Zed 210248685294"} -index 0
con
----------------End of Script----------------

18:14:15 INFO  : Launch script is exported to file 'C:\TEMP\3610_4\TP4\TP4.sdk\.sdk\launch_scripts\xilinx_c-c++_application_(system_debugger)\system_debugger_using_debug_lab4.elf_on_local.tcl'
18:15:39 INFO  : Connected to target on host '127.0.0.1' and port '3121'.
18:15:40 INFO  : 'targets -set -filter {jtag_cable_name =~ "Digilent Zed 210248685294" && level==0} -index 1' command is executed.
18:15:43 INFO  : FPGA configured successfully with bitstream "C:/TEMP/3610_4/TP4/TP4.sdk/design_1_wrapper_hw_platform_0/design_1_wrapper.bit"
18:15:46 INFO  : Disconnected from the channel tcfchan#12.
18:15:47 INFO  : 'targets -set -filter {jtag_cable_name =~ "Digilent Zed 210248685294" && level==0} -index 1' command is executed.
18:15:47 INFO  : 'fpga -state' command is executed.
18:15:47 INFO  : Connected to target on host '127.0.0.1' and port '3121'.
18:15:48 INFO  : Jtag cable 'Digilent Zed 210248685294' is selected.
18:15:48 INFO  : 'jtag frequency' command is executed.
18:15:48 INFO  : Sourcing of 'C:/TEMP/3610_4/TP4/TP4.sdk/design_1_wrapper_hw_platform_0/ps7_init.tcl' is done.
18:15:48 INFO  : Context for 'APU' is selected.
18:15:51 INFO  : Hardware design information is loaded from 'C:/TEMP/3610_4/TP4/TP4.sdk/design_1_wrapper_hw_platform_0/system.hdf'.
18:15:51 INFO  : 'configparams force-mem-access 1' command is executed.
18:15:51 INFO  : Context for 'APU' is selected.
18:15:51 INFO  : 'stop' command is executed.
18:15:52 INFO  : 'ps7_init' command is executed.
18:15:52 INFO  : 'ps7_post_config' command is executed.
18:15:52 INFO  : Context for processor 'ps7_cortexa9_0' is selected.
18:15:52 INFO  : Processor reset is completed for 'ps7_cortexa9_0'.
18:15:52 INFO  : Context for processor 'ps7_cortexa9_0' is selected.
18:15:52 INFO  : The application 'C:/TEMP/3610_4/TP4/TP4.sdk/lab4/Debug/lab4.elf' is downloaded to processor 'ps7_cortexa9_0'.
18:15:52 INFO  : 'configparams force-mem-access 0' command is executed.
18:15:52 INFO  : ----------------XSDB Script----------------
connect -url tcp:127.0.0.1:3121
source C:/TEMP/3610_4/TP4/TP4.sdk/design_1_wrapper_hw_platform_0/ps7_init.tcl
targets -set -nocase -filter {name =~"APU*" && jtag_cable_name =~ "Digilent Zed 210248685294"} -index 0
loadhw -hw C:/TEMP/3610_4/TP4/TP4.sdk/design_1_wrapper_hw_platform_0/system.hdf -mem-ranges [list {0x40000000 0xbfffffff}]
configparams force-mem-access 1
targets -set -nocase -filter {name =~"APU*" && jtag_cable_name =~ "Digilent Zed 210248685294"} -index 0
stop
ps7_init
ps7_post_config
targets -set -nocase -filter {name =~ "ARM*#0" && jtag_cable_name =~ "Digilent Zed 210248685294"} -index 0
rst -processor
targets -set -nocase -filter {name =~ "ARM*#0" && jtag_cable_name =~ "Digilent Zed 210248685294"} -index 0
dow C:/TEMP/3610_4/TP4/TP4.sdk/lab4/Debug/lab4.elf
configparams force-mem-access 0
----------------End of Script----------------

18:15:52 INFO  : Memory regions updated for context APU
18:15:53 INFO  : Context for processor 'ps7_cortexa9_0' is selected.
18:15:53 INFO  : 'con' command is executed.
18:15:53 INFO  : ----------------XSDB Script (After Launch)----------------
targets -set -nocase -filter {name =~ "ARM*#0" && jtag_cable_name =~ "Digilent Zed 210248685294"} -index 0
con
----------------End of Script----------------

18:15:53 INFO  : Launch script is exported to file 'C:\TEMP\3610_4\TP4\TP4.sdk\.sdk\launch_scripts\xilinx_c-c++_application_(system_debugger)\system_debugger_using_debug_lab4.elf_on_local.tcl'
18:16:23 INFO  : Disconnected from the channel tcfchan#13.
18:16:24 INFO  : 'targets -set -filter {jtag_cable_name =~ "Digilent Zed 210248685294" && level==0} -index 1' command is executed.
18:16:24 INFO  : 'fpga -state' command is executed.
18:16:24 INFO  : Connected to target on host '127.0.0.1' and port '3121'.
18:16:25 INFO  : Jtag cable 'Digilent Zed 210248685294' is selected.
18:16:25 INFO  : 'jtag frequency' command is executed.
18:16:25 INFO  : Sourcing of 'C:/TEMP/3610_4/TP4/TP4.sdk/design_1_wrapper_hw_platform_0/ps7_init.tcl' is done.
18:16:25 INFO  : Context for 'APU' is selected.
18:16:28 INFO  : Hardware design information is loaded from 'C:/TEMP/3610_4/TP4/TP4.sdk/design_1_wrapper_hw_platform_0/system.hdf'.
18:16:28 INFO  : 'configparams force-mem-access 1' command is executed.
18:16:28 INFO  : Context for 'APU' is selected.
18:16:28 INFO  : 'stop' command is executed.
18:16:29 INFO  : 'ps7_init' command is executed.
18:16:29 INFO  : 'ps7_post_config' command is executed.
18:16:29 INFO  : Context for processor 'ps7_cortexa9_0' is selected.
18:16:29 INFO  : Processor reset is completed for 'ps7_cortexa9_0'.
18:16:29 INFO  : Context for processor 'ps7_cortexa9_0' is selected.
18:16:30 INFO  : The application 'C:/TEMP/3610_4/TP4/TP4.sdk/lab4/Debug/lab4.elf' is downloaded to processor 'ps7_cortexa9_0'.
18:16:30 INFO  : 'configparams force-mem-access 0' command is executed.
18:16:30 INFO  : ----------------XSDB Script----------------
connect -url tcp:127.0.0.1:3121
source C:/TEMP/3610_4/TP4/TP4.sdk/design_1_wrapper_hw_platform_0/ps7_init.tcl
targets -set -nocase -filter {name =~"APU*" && jtag_cable_name =~ "Digilent Zed 210248685294"} -index 0
loadhw -hw C:/TEMP/3610_4/TP4/TP4.sdk/design_1_wrapper_hw_platform_0/system.hdf -mem-ranges [list {0x40000000 0xbfffffff}]
configparams force-mem-access 1
targets -set -nocase -filter {name =~"APU*" && jtag_cable_name =~ "Digilent Zed 210248685294"} -index 0
stop
ps7_init
ps7_post_config
targets -set -nocase -filter {name =~ "ARM*#0" && jtag_cable_name =~ "Digilent Zed 210248685294"} -index 0
rst -processor
targets -set -nocase -filter {name =~ "ARM*#0" && jtag_cable_name =~ "Digilent Zed 210248685294"} -index 0
dow C:/TEMP/3610_4/TP4/TP4.sdk/lab4/Debug/lab4.elf
configparams force-mem-access 0
----------------End of Script----------------

18:16:30 INFO  : Memory regions updated for context APU
18:16:30 INFO  : Context for processor 'ps7_cortexa9_0' is selected.
18:16:30 INFO  : 'con' command is executed.
18:16:30 INFO  : ----------------XSDB Script (After Launch)----------------
targets -set -nocase -filter {name =~ "ARM*#0" && jtag_cable_name =~ "Digilent Zed 210248685294"} -index 0
con
----------------End of Script----------------

18:16:30 INFO  : Launch script is exported to file 'C:\TEMP\3610_4\TP4\TP4.sdk\.sdk\launch_scripts\xilinx_c-c++_application_(system_debugger)\system_debugger_using_debug_lab4.elf_on_local.tcl'
18:19:49 INFO  : Disconnected from the channel tcfchan#14.
18:19:50 INFO  : 'targets -set -filter {jtag_cable_name =~ "Digilent Zed 210248685294" && level==0} -index 1' command is executed.
18:19:50 INFO  : 'fpga -state' command is executed.
18:19:50 INFO  : Connected to target on host '127.0.0.1' and port '3121'.
18:19:51 INFO  : Jtag cable 'Digilent Zed 210248685294' is selected.
18:19:51 INFO  : 'jtag frequency' command is executed.
18:19:51 INFO  : Sourcing of 'C:/TEMP/3610_4/TP4/TP4.sdk/design_1_wrapper_hw_platform_0/ps7_init.tcl' is done.
18:19:51 INFO  : Context for 'APU' is selected.
18:19:54 INFO  : Hardware design information is loaded from 'C:/TEMP/3610_4/TP4/TP4.sdk/design_1_wrapper_hw_platform_0/system.hdf'.
18:19:54 INFO  : 'configparams force-mem-access 1' command is executed.
18:19:54 INFO  : Context for 'APU' is selected.
18:19:54 INFO  : 'stop' command is executed.
18:19:54 INFO  : 'ps7_init' command is executed.
18:19:55 INFO  : 'ps7_post_config' command is executed.
18:19:55 INFO  : Context for processor 'ps7_cortexa9_0' is selected.
18:19:55 INFO  : Processor reset is completed for 'ps7_cortexa9_0'.
18:19:55 INFO  : Context for processor 'ps7_cortexa9_0' is selected.
18:19:55 INFO  : The application 'C:/TEMP/3610_4/TP4/TP4.sdk/lab4/Debug/lab4.elf' is downloaded to processor 'ps7_cortexa9_0'.
18:19:55 INFO  : 'configparams force-mem-access 0' command is executed.
18:19:55 INFO  : ----------------XSDB Script----------------
connect -url tcp:127.0.0.1:3121
source C:/TEMP/3610_4/TP4/TP4.sdk/design_1_wrapper_hw_platform_0/ps7_init.tcl
targets -set -nocase -filter {name =~"APU*" && jtag_cable_name =~ "Digilent Zed 210248685294"} -index 0
loadhw -hw C:/TEMP/3610_4/TP4/TP4.sdk/design_1_wrapper_hw_platform_0/system.hdf -mem-ranges [list {0x40000000 0xbfffffff}]
configparams force-mem-access 1
targets -set -nocase -filter {name =~"APU*" && jtag_cable_name =~ "Digilent Zed 210248685294"} -index 0
stop
ps7_init
ps7_post_config
targets -set -nocase -filter {name =~ "ARM*#0" && jtag_cable_name =~ "Digilent Zed 210248685294"} -index 0
rst -processor
targets -set -nocase -filter {name =~ "ARM*#0" && jtag_cable_name =~ "Digilent Zed 210248685294"} -index 0
dow C:/TEMP/3610_4/TP4/TP4.sdk/lab4/Debug/lab4.elf
configparams force-mem-access 0
----------------End of Script----------------

18:19:55 INFO  : Memory regions updated for context APU
18:19:56 INFO  : Context for processor 'ps7_cortexa9_0' is selected.
18:19:56 INFO  : 'con' command is executed.
18:19:56 INFO  : ----------------XSDB Script (After Launch)----------------
targets -set -nocase -filter {name =~ "ARM*#0" && jtag_cable_name =~ "Digilent Zed 210248685294"} -index 0
con
----------------End of Script----------------

18:19:56 INFO  : Launch script is exported to file 'C:\TEMP\3610_4\TP4\TP4.sdk\.sdk\launch_scripts\xilinx_c-c++_application_(system_debugger)\system_debugger_using_debug_lab4.elf_on_local.tcl'
18:20:17 INFO  : Disconnected from the channel tcfchan#15.
18:20:18 INFO  : 'targets -set -filter {jtag_cable_name =~ "Digilent Zed 210248685294" && level==0} -index 1' command is executed.
18:20:18 INFO  : 'fpga -state' command is executed.
18:20:18 INFO  : Connected to target on host '127.0.0.1' and port '3121'.
18:20:18 INFO  : Jtag cable 'Digilent Zed 210248685294' is selected.
18:20:18 INFO  : 'jtag frequency' command is executed.
18:20:18 INFO  : Sourcing of 'C:/TEMP/3610_4/TP4/TP4.sdk/design_1_wrapper_hw_platform_0/ps7_init.tcl' is done.
18:20:19 INFO  : Context for 'APU' is selected.
18:20:21 INFO  : Hardware design information is loaded from 'C:/TEMP/3610_4/TP4/TP4.sdk/design_1_wrapper_hw_platform_0/system.hdf'.
18:20:21 INFO  : 'configparams force-mem-access 1' command is executed.
18:20:21 INFO  : Context for 'APU' is selected.
18:20:21 INFO  : 'stop' command is executed.
18:20:22 INFO  : 'ps7_init' command is executed.
18:20:22 INFO  : 'ps7_post_config' command is executed.
18:20:22 INFO  : Context for processor 'ps7_cortexa9_0' is selected.
18:20:22 INFO  : Processor reset is completed for 'ps7_cortexa9_0'.
18:20:22 INFO  : Context for processor 'ps7_cortexa9_0' is selected.
18:20:23 INFO  : The application 'C:/TEMP/3610_4/TP4/TP4.sdk/lab4/Debug/lab4.elf' is downloaded to processor 'ps7_cortexa9_0'.
18:20:23 INFO  : 'configparams force-mem-access 0' command is executed.
18:20:23 INFO  : ----------------XSDB Script----------------
connect -url tcp:127.0.0.1:3121
source C:/TEMP/3610_4/TP4/TP4.sdk/design_1_wrapper_hw_platform_0/ps7_init.tcl
targets -set -nocase -filter {name =~"APU*" && jtag_cable_name =~ "Digilent Zed 210248685294"} -index 0
loadhw -hw C:/TEMP/3610_4/TP4/TP4.sdk/design_1_wrapper_hw_platform_0/system.hdf -mem-ranges [list {0x40000000 0xbfffffff}]
configparams force-mem-access 1
targets -set -nocase -filter {name =~"APU*" && jtag_cable_name =~ "Digilent Zed 210248685294"} -index 0
stop
ps7_init
ps7_post_config
targets -set -nocase -filter {name =~ "ARM*#0" && jtag_cable_name =~ "Digilent Zed 210248685294"} -index 0
rst -processor
targets -set -nocase -filter {name =~ "ARM*#0" && jtag_cable_name =~ "Digilent Zed 210248685294"} -index 0
dow C:/TEMP/3610_4/TP4/TP4.sdk/lab4/Debug/lab4.elf
configparams force-mem-access 0
----------------End of Script----------------

18:20:23 INFO  : Memory regions updated for context APU
18:20:23 INFO  : Context for processor 'ps7_cortexa9_0' is selected.
18:20:23 INFO  : 'con' command is executed.
18:20:23 INFO  : ----------------XSDB Script (After Launch)----------------
targets -set -nocase -filter {name =~ "ARM*#0" && jtag_cable_name =~ "Digilent Zed 210248685294"} -index 0
con
----------------End of Script----------------

18:20:23 INFO  : Launch script is exported to file 'C:\TEMP\3610_4\TP4\TP4.sdk\.sdk\launch_scripts\xilinx_c-c++_application_(system_debugger)\system_debugger_using_debug_lab4.elf_on_local.tcl'
18:20:51 INFO  : Disconnected from the channel tcfchan#16.
18:20:52 INFO  : 'targets -set -filter {jtag_cable_name =~ "Digilent Zed 210248685294" && level==0} -index 1' command is executed.
18:20:52 INFO  : 'fpga -state' command is executed.
18:20:52 INFO  : Connected to target on host '127.0.0.1' and port '3121'.
18:20:52 INFO  : Jtag cable 'Digilent Zed 210248685294' is selected.
18:20:52 INFO  : 'jtag frequency' command is executed.
18:20:52 INFO  : Sourcing of 'C:/TEMP/3610_4/TP4/TP4.sdk/design_1_wrapper_hw_platform_0/ps7_init.tcl' is done.
18:20:52 INFO  : Context for 'APU' is selected.
18:20:56 INFO  : Hardware design information is loaded from 'C:/TEMP/3610_4/TP4/TP4.sdk/design_1_wrapper_hw_platform_0/system.hdf'.
18:20:56 INFO  : 'configparams force-mem-access 1' command is executed.
18:20:56 INFO  : Context for 'APU' is selected.
18:20:56 INFO  : 'stop' command is executed.
18:20:56 INFO  : 'ps7_init' command is executed.
18:20:56 INFO  : 'ps7_post_config' command is executed.
18:20:56 INFO  : Context for processor 'ps7_cortexa9_0' is selected.
18:20:56 INFO  : Processor reset is completed for 'ps7_cortexa9_0'.
18:20:57 INFO  : Context for processor 'ps7_cortexa9_0' is selected.
18:20:57 INFO  : The application 'C:/TEMP/3610_4/TP4/TP4.sdk/lab4/Debug/lab4.elf' is downloaded to processor 'ps7_cortexa9_0'.
18:20:57 INFO  : 'configparams force-mem-access 0' command is executed.
18:20:57 INFO  : ----------------XSDB Script----------------
connect -url tcp:127.0.0.1:3121
source C:/TEMP/3610_4/TP4/TP4.sdk/design_1_wrapper_hw_platform_0/ps7_init.tcl
targets -set -nocase -filter {name =~"APU*" && jtag_cable_name =~ "Digilent Zed 210248685294"} -index 0
loadhw -hw C:/TEMP/3610_4/TP4/TP4.sdk/design_1_wrapper_hw_platform_0/system.hdf -mem-ranges [list {0x40000000 0xbfffffff}]
configparams force-mem-access 1
targets -set -nocase -filter {name =~"APU*" && jtag_cable_name =~ "Digilent Zed 210248685294"} -index 0
stop
ps7_init
ps7_post_config
targets -set -nocase -filter {name =~ "ARM*#0" && jtag_cable_name =~ "Digilent Zed 210248685294"} -index 0
rst -processor
targets -set -nocase -filter {name =~ "ARM*#0" && jtag_cable_name =~ "Digilent Zed 210248685294"} -index 0
dow C:/TEMP/3610_4/TP4/TP4.sdk/lab4/Debug/lab4.elf
configparams force-mem-access 0
----------------End of Script----------------

18:20:57 INFO  : Memory regions updated for context APU
18:20:57 INFO  : Context for processor 'ps7_cortexa9_0' is selected.
18:20:57 INFO  : 'con' command is executed.
18:20:57 INFO  : ----------------XSDB Script (After Launch)----------------
targets -set -nocase -filter {name =~ "ARM*#0" && jtag_cable_name =~ "Digilent Zed 210248685294"} -index 0
con
----------------End of Script----------------

18:20:57 INFO  : Launch script is exported to file 'C:\TEMP\3610_4\TP4\TP4.sdk\.sdk\launch_scripts\xilinx_c-c++_application_(system_debugger)\system_debugger_using_debug_lab4.elf_on_local.tcl'
18:21:24 INFO  : Disconnected from the channel tcfchan#17.
18:21:25 INFO  : 'targets -set -filter {jtag_cable_name =~ "Digilent Zed 210248685294" && level==0} -index 1' command is executed.
18:21:25 INFO  : 'fpga -state' command is executed.
18:21:25 INFO  : Connected to target on host '127.0.0.1' and port '3121'.
18:21:26 INFO  : Jtag cable 'Digilent Zed 210248685294' is selected.
18:21:26 INFO  : 'jtag frequency' command is executed.
18:21:26 INFO  : Sourcing of 'C:/TEMP/3610_4/TP4/TP4.sdk/design_1_wrapper_hw_platform_0/ps7_init.tcl' is done.
18:21:26 INFO  : Context for 'APU' is selected.
18:21:29 INFO  : Hardware design information is loaded from 'C:/TEMP/3610_4/TP4/TP4.sdk/design_1_wrapper_hw_platform_0/system.hdf'.
18:21:29 INFO  : 'configparams force-mem-access 1' command is executed.
18:21:29 INFO  : Context for 'APU' is selected.
18:21:29 INFO  : 'stop' command is executed.
18:21:30 INFO  : 'ps7_init' command is executed.
18:21:30 INFO  : 'ps7_post_config' command is executed.
18:21:30 INFO  : Context for processor 'ps7_cortexa9_0' is selected.
18:21:30 INFO  : Processor reset is completed for 'ps7_cortexa9_0'.
18:21:30 INFO  : Context for processor 'ps7_cortexa9_0' is selected.
18:21:30 INFO  : The application 'C:/TEMP/3610_4/TP4/TP4.sdk/lab4/Debug/lab4.elf' is downloaded to processor 'ps7_cortexa9_0'.
18:21:30 INFO  : 'configparams force-mem-access 0' command is executed.
18:21:30 INFO  : ----------------XSDB Script----------------
connect -url tcp:127.0.0.1:3121
source C:/TEMP/3610_4/TP4/TP4.sdk/design_1_wrapper_hw_platform_0/ps7_init.tcl
targets -set -nocase -filter {name =~"APU*" && jtag_cable_name =~ "Digilent Zed 210248685294"} -index 0
loadhw -hw C:/TEMP/3610_4/TP4/TP4.sdk/design_1_wrapper_hw_platform_0/system.hdf -mem-ranges [list {0x40000000 0xbfffffff}]
configparams force-mem-access 1
targets -set -nocase -filter {name =~"APU*" && jtag_cable_name =~ "Digilent Zed 210248685294"} -index 0
stop
ps7_init
ps7_post_config
targets -set -nocase -filter {name =~ "ARM*#0" && jtag_cable_name =~ "Digilent Zed 210248685294"} -index 0
rst -processor
targets -set -nocase -filter {name =~ "ARM*#0" && jtag_cable_name =~ "Digilent Zed 210248685294"} -index 0
dow C:/TEMP/3610_4/TP4/TP4.sdk/lab4/Debug/lab4.elf
configparams force-mem-access 0
----------------End of Script----------------

18:21:30 INFO  : Memory regions updated for context APU
18:21:31 INFO  : Context for processor 'ps7_cortexa9_0' is selected.
18:21:31 INFO  : 'con' command is executed.
18:21:31 INFO  : ----------------XSDB Script (After Launch)----------------
targets -set -nocase -filter {name =~ "ARM*#0" && jtag_cable_name =~ "Digilent Zed 210248685294"} -index 0
con
----------------End of Script----------------

18:21:31 INFO  : Launch script is exported to file 'C:\TEMP\3610_4\TP4\TP4.sdk\.sdk\launch_scripts\xilinx_c-c++_application_(system_debugger)\system_debugger_using_debug_lab4.elf_on_local.tcl'
18:22:13 INFO  : Disconnected from the channel tcfchan#18.
18:22:14 INFO  : 'targets -set -filter {jtag_cable_name =~ "Digilent Zed 210248685294" && level==0} -index 1' command is executed.
18:22:14 INFO  : 'fpga -state' command is executed.
18:22:14 INFO  : Connected to target on host '127.0.0.1' and port '3121'.
18:22:14 INFO  : Jtag cable 'Digilent Zed 210248685294' is selected.
18:22:14 INFO  : 'jtag frequency' command is executed.
18:22:14 INFO  : Sourcing of 'C:/TEMP/3610_4/TP4/TP4.sdk/design_1_wrapper_hw_platform_0/ps7_init.tcl' is done.
18:22:14 INFO  : Context for 'APU' is selected.
18:22:17 INFO  : Hardware design information is loaded from 'C:/TEMP/3610_4/TP4/TP4.sdk/design_1_wrapper_hw_platform_0/system.hdf'.
18:22:17 INFO  : 'configparams force-mem-access 1' command is executed.
18:22:18 INFO  : Context for 'APU' is selected.
18:22:18 INFO  : 'stop' command is executed.
18:22:18 INFO  : 'ps7_init' command is executed.
18:22:18 INFO  : 'ps7_post_config' command is executed.
18:22:18 INFO  : Context for processor 'ps7_cortexa9_0' is selected.
18:22:18 INFO  : Processor reset is completed for 'ps7_cortexa9_0'.
18:22:18 INFO  : Context for processor 'ps7_cortexa9_0' is selected.
18:22:19 INFO  : The application 'C:/TEMP/3610_4/TP4/TP4.sdk/lab4/Debug/lab4.elf' is downloaded to processor 'ps7_cortexa9_0'.
18:22:19 INFO  : 'configparams force-mem-access 0' command is executed.
18:22:19 INFO  : ----------------XSDB Script----------------
connect -url tcp:127.0.0.1:3121
source C:/TEMP/3610_4/TP4/TP4.sdk/design_1_wrapper_hw_platform_0/ps7_init.tcl
targets -set -nocase -filter {name =~"APU*" && jtag_cable_name =~ "Digilent Zed 210248685294"} -index 0
loadhw -hw C:/TEMP/3610_4/TP4/TP4.sdk/design_1_wrapper_hw_platform_0/system.hdf -mem-ranges [list {0x40000000 0xbfffffff}]
configparams force-mem-access 1
targets -set -nocase -filter {name =~"APU*" && jtag_cable_name =~ "Digilent Zed 210248685294"} -index 0
stop
ps7_init
ps7_post_config
targets -set -nocase -filter {name =~ "ARM*#0" && jtag_cable_name =~ "Digilent Zed 210248685294"} -index 0
rst -processor
targets -set -nocase -filter {name =~ "ARM*#0" && jtag_cable_name =~ "Digilent Zed 210248685294"} -index 0
dow C:/TEMP/3610_4/TP4/TP4.sdk/lab4/Debug/lab4.elf
configparams force-mem-access 0
----------------End of Script----------------

18:22:19 INFO  : Memory regions updated for context APU
18:22:19 INFO  : Context for processor 'ps7_cortexa9_0' is selected.
18:22:19 INFO  : 'con' command is executed.
18:22:19 INFO  : ----------------XSDB Script (After Launch)----------------
targets -set -nocase -filter {name =~ "ARM*#0" && jtag_cable_name =~ "Digilent Zed 210248685294"} -index 0
con
----------------End of Script----------------

18:22:19 INFO  : Launch script is exported to file 'C:\TEMP\3610_4\TP4\TP4.sdk\.sdk\launch_scripts\xilinx_c-c++_application_(system_debugger)\system_debugger_using_debug_lab4.elf_on_local.tcl'
18:22:49 INFO  : Connected to target on host '127.0.0.1' and port '3121'.
18:22:49 INFO  : 'targets -set -filter {jtag_cable_name =~ "Digilent Zed 210248685294" && level==0} -index 1' command is executed.
18:22:52 INFO  : FPGA configured successfully with bitstream "C:/TEMP/3610_4/TP4/TP4.sdk/design_1_wrapper_hw_platform_0/design_1_wrapper.bit"
18:22:55 INFO  : Disconnected from the channel tcfchan#19.
18:22:56 INFO  : 'targets -set -filter {jtag_cable_name =~ "Digilent Zed 210248685294" && level==0} -index 1' command is executed.
18:22:56 INFO  : 'fpga -state' command is executed.
18:22:56 INFO  : Connected to target on host '127.0.0.1' and port '3121'.
18:22:57 INFO  : Jtag cable 'Digilent Zed 210248685294' is selected.
18:22:57 INFO  : 'jtag frequency' command is executed.
18:22:57 INFO  : Sourcing of 'C:/TEMP/3610_4/TP4/TP4.sdk/design_1_wrapper_hw_platform_0/ps7_init.tcl' is done.
18:22:57 INFO  : Context for 'APU' is selected.
18:22:59 INFO  : Hardware design information is loaded from 'C:/TEMP/3610_4/TP4/TP4.sdk/design_1_wrapper_hw_platform_0/system.hdf'.
18:23:00 INFO  : 'configparams force-mem-access 1' command is executed.
18:23:00 INFO  : Context for 'APU' is selected.
18:23:00 INFO  : 'stop' command is executed.
18:23:00 INFO  : 'ps7_init' command is executed.
18:23:00 INFO  : 'ps7_post_config' command is executed.
18:23:00 INFO  : Context for processor 'ps7_cortexa9_0' is selected.
18:23:00 INFO  : Processor reset is completed for 'ps7_cortexa9_0'.
18:23:00 INFO  : Context for processor 'ps7_cortexa9_0' is selected.
18:23:01 INFO  : The application 'C:/TEMP/3610_4/TP4/TP4.sdk/lab4/Debug/lab4.elf' is downloaded to processor 'ps7_cortexa9_0'.
18:23:01 INFO  : 'configparams force-mem-access 0' command is executed.
18:23:01 INFO  : ----------------XSDB Script----------------
connect -url tcp:127.0.0.1:3121
source C:/TEMP/3610_4/TP4/TP4.sdk/design_1_wrapper_hw_platform_0/ps7_init.tcl
targets -set -nocase -filter {name =~"APU*" && jtag_cable_name =~ "Digilent Zed 210248685294"} -index 0
loadhw -hw C:/TEMP/3610_4/TP4/TP4.sdk/design_1_wrapper_hw_platform_0/system.hdf -mem-ranges [list {0x40000000 0xbfffffff}]
configparams force-mem-access 1
targets -set -nocase -filter {name =~"APU*" && jtag_cable_name =~ "Digilent Zed 210248685294"} -index 0
stop
ps7_init
ps7_post_config
targets -set -nocase -filter {name =~ "ARM*#0" && jtag_cable_name =~ "Digilent Zed 210248685294"} -index 0
rst -processor
targets -set -nocase -filter {name =~ "ARM*#0" && jtag_cable_name =~ "Digilent Zed 210248685294"} -index 0
dow C:/TEMP/3610_4/TP4/TP4.sdk/lab4/Debug/lab4.elf
configparams force-mem-access 0
----------------End of Script----------------

18:23:01 INFO  : Memory regions updated for context APU
18:23:01 INFO  : Context for processor 'ps7_cortexa9_0' is selected.
18:23:01 INFO  : 'con' command is executed.
18:23:01 INFO  : ----------------XSDB Script (After Launch)----------------
targets -set -nocase -filter {name =~ "ARM*#0" && jtag_cable_name =~ "Digilent Zed 210248685294"} -index 0
con
----------------End of Script----------------

18:23:01 INFO  : Launch script is exported to file 'C:\TEMP\3610_4\TP4\TP4.sdk\.sdk\launch_scripts\xilinx_c-c++_application_(system_debugger)\system_debugger_using_debug_lab4.elf_on_local.tcl'
18:31:29 INFO  : Connected to target on host '127.0.0.1' and port '3121'.
18:31:29 INFO  : 'targets -set -filter {jtag_cable_name =~ "Digilent Zed 210248685294" && level==0} -index 1' command is executed.
18:31:32 INFO  : FPGA configured successfully with bitstream "C:/TEMP/3610_4/TP4/TP4.sdk/design_1_wrapper_hw_platform_0/design_1_wrapper.bit"
18:31:35 INFO  : Disconnected from the channel tcfchan#20.
18:31:37 INFO  : 'targets -set -filter {jtag_cable_name =~ "Digilent Zed 210248685294" && level==0} -index 1' command is executed.
18:31:37 INFO  : 'fpga -state' command is executed.
18:31:37 INFO  : Connected to target on host '127.0.0.1' and port '3121'.
18:31:37 INFO  : Jtag cable 'Digilent Zed 210248685294' is selected.
18:31:37 INFO  : 'jtag frequency' command is executed.
18:31:37 INFO  : Sourcing of 'C:/TEMP/3610_4/TP4/TP4.sdk/design_1_wrapper_hw_platform_0/ps7_init.tcl' is done.
18:31:37 INFO  : Context for 'APU' is selected.
18:31:40 INFO  : Hardware design information is loaded from 'C:/TEMP/3610_4/TP4/TP4.sdk/design_1_wrapper_hw_platform_0/system.hdf'.
18:31:40 INFO  : 'configparams force-mem-access 1' command is executed.
18:31:40 INFO  : Context for 'APU' is selected.
18:31:40 INFO  : 'stop' command is executed.
18:31:40 INFO  : 'ps7_init' command is executed.
18:31:40 INFO  : 'ps7_post_config' command is executed.
18:31:41 INFO  : Context for processor 'ps7_cortexa9_0' is selected.
18:31:41 INFO  : Processor reset is completed for 'ps7_cortexa9_0'.
18:31:41 INFO  : Context for processor 'ps7_cortexa9_0' is selected.
18:31:41 INFO  : The application 'C:/TEMP/3610_4/TP4/TP4.sdk/lab4/Debug/lab4.elf' is downloaded to processor 'ps7_cortexa9_0'.
18:31:41 INFO  : 'configparams force-mem-access 0' command is executed.
18:31:41 INFO  : ----------------XSDB Script----------------
connect -url tcp:127.0.0.1:3121
source C:/TEMP/3610_4/TP4/TP4.sdk/design_1_wrapper_hw_platform_0/ps7_init.tcl
targets -set -nocase -filter {name =~"APU*" && jtag_cable_name =~ "Digilent Zed 210248685294"} -index 0
loadhw -hw C:/TEMP/3610_4/TP4/TP4.sdk/design_1_wrapper_hw_platform_0/system.hdf -mem-ranges [list {0x40000000 0xbfffffff}]
configparams force-mem-access 1
targets -set -nocase -filter {name =~"APU*" && jtag_cable_name =~ "Digilent Zed 210248685294"} -index 0
stop
ps7_init
ps7_post_config
targets -set -nocase -filter {name =~ "ARM*#0" && jtag_cable_name =~ "Digilent Zed 210248685294"} -index 0
rst -processor
targets -set -nocase -filter {name =~ "ARM*#0" && jtag_cable_name =~ "Digilent Zed 210248685294"} -index 0
dow C:/TEMP/3610_4/TP4/TP4.sdk/lab4/Debug/lab4.elf
configparams force-mem-access 0
----------------End of Script----------------

18:31:41 INFO  : Memory regions updated for context APU
18:31:41 INFO  : Context for processor 'ps7_cortexa9_0' is selected.
18:31:41 INFO  : 'con' command is executed.
18:31:41 INFO  : ----------------XSDB Script (After Launch)----------------
targets -set -nocase -filter {name =~ "ARM*#0" && jtag_cable_name =~ "Digilent Zed 210248685294"} -index 0
con
----------------End of Script----------------

18:31:41 INFO  : Launch script is exported to file 'C:\TEMP\3610_4\TP4\TP4.sdk\.sdk\launch_scripts\xilinx_c-c++_application_(system_debugger)\system_debugger_using_debug_lab4.elf_on_local.tcl'
18:32:35 INFO  : Connected to target on host '127.0.0.1' and port '3121'.
18:32:41 INFO  : 'targets -set -filter {jtag_cable_name =~ "Digilent Zed 210248685294" && level==0} -index 1' command is executed.
18:32:44 INFO  : FPGA configured successfully with bitstream "C:/TEMP/3610_4/TP4/TP4.sdk/design_1_wrapper_hw_platform_0/design_1_wrapper.bit"
18:32:49 INFO  : Disconnected from the channel tcfchan#21.
18:32:50 INFO  : 'targets -set -filter {jtag_cable_name =~ "Digilent Zed 210248685294" && level==0} -index 1' command is executed.
18:32:50 INFO  : 'fpga -state' command is executed.
18:32:50 INFO  : Connected to target on host '127.0.0.1' and port '3121'.
18:32:51 INFO  : Jtag cable 'Digilent Zed 210248685294' is selected.
18:32:51 INFO  : 'jtag frequency' command is executed.
18:32:51 INFO  : Sourcing of 'C:/TEMP/3610_4/TP4/TP4.sdk/design_1_wrapper_hw_platform_0/ps7_init.tcl' is done.
18:32:51 INFO  : Context for 'APU' is selected.
18:32:54 INFO  : Hardware design information is loaded from 'C:/TEMP/3610_4/TP4/TP4.sdk/design_1_wrapper_hw_platform_0/system.hdf'.
18:32:54 INFO  : 'configparams force-mem-access 1' command is executed.
18:32:54 INFO  : Context for 'APU' is selected.
18:32:54 INFO  : 'stop' command is executed.
18:32:55 INFO  : 'ps7_init' command is executed.
18:32:55 INFO  : 'ps7_post_config' command is executed.
18:32:55 INFO  : Context for processor 'ps7_cortexa9_0' is selected.
18:32:55 INFO  : Processor reset is completed for 'ps7_cortexa9_0'.
18:32:55 INFO  : Context for processor 'ps7_cortexa9_0' is selected.
18:32:56 INFO  : The application 'C:/TEMP/3610_4/TP4/TP4.sdk/lab4/Debug/lab4.elf' is downloaded to processor 'ps7_cortexa9_0'.
18:32:56 INFO  : 'configparams force-mem-access 0' command is executed.
18:32:56 INFO  : ----------------XSDB Script----------------
connect -url tcp:127.0.0.1:3121
source C:/TEMP/3610_4/TP4/TP4.sdk/design_1_wrapper_hw_platform_0/ps7_init.tcl
targets -set -nocase -filter {name =~"APU*" && jtag_cable_name =~ "Digilent Zed 210248685294"} -index 0
loadhw -hw C:/TEMP/3610_4/TP4/TP4.sdk/design_1_wrapper_hw_platform_0/system.hdf -mem-ranges [list {0x40000000 0xbfffffff}]
configparams force-mem-access 1
targets -set -nocase -filter {name =~"APU*" && jtag_cable_name =~ "Digilent Zed 210248685294"} -index 0
stop
ps7_init
ps7_post_config
targets -set -nocase -filter {name =~ "ARM*#0" && jtag_cable_name =~ "Digilent Zed 210248685294"} -index 0
rst -processor
targets -set -nocase -filter {name =~ "ARM*#0" && jtag_cable_name =~ "Digilent Zed 210248685294"} -index 0
dow C:/TEMP/3610_4/TP4/TP4.sdk/lab4/Debug/lab4.elf
configparams force-mem-access 0
----------------End of Script----------------

18:32:56 INFO  : Memory regions updated for context APU
18:32:56 INFO  : Context for processor 'ps7_cortexa9_0' is selected.
18:32:56 INFO  : 'con' command is executed.
18:32:56 INFO  : ----------------XSDB Script (After Launch)----------------
targets -set -nocase -filter {name =~ "ARM*#0" && jtag_cable_name =~ "Digilent Zed 210248685294"} -index 0
con
----------------End of Script----------------

18:32:56 INFO  : Launch script is exported to file 'C:\TEMP\3610_4\TP4\TP4.sdk\.sdk\launch_scripts\xilinx_c-c++_application_(system_debugger)\system_debugger_using_debug_lab4.elf_on_local.tcl'
18:35:55 INFO  : Connected to target on host '127.0.0.1' and port '3121'.
18:36:01 INFO  : 'targets -set -filter {jtag_cable_name =~ "Digilent Zed 210248685294" && level==0} -index 1' command is executed.
18:36:03 INFO  : FPGA configured successfully with bitstream "C:/TEMP/3610_4/TP4/TP4.sdk/design_1_wrapper_hw_platform_0/design_1_wrapper.bit"
18:36:07 INFO  : Disconnected from the channel tcfchan#22.
18:36:08 INFO  : 'targets -set -filter {jtag_cable_name =~ "Digilent Zed 210248685294" && level==0} -index 1' command is executed.
18:36:08 INFO  : 'fpga -state' command is executed.
18:36:08 INFO  : Connected to target on host '127.0.0.1' and port '3121'.
18:36:08 INFO  : Jtag cable 'Digilent Zed 210248685294' is selected.
18:36:08 INFO  : 'jtag frequency' command is executed.
18:36:08 INFO  : Sourcing of 'C:/TEMP/3610_4/TP4/TP4.sdk/design_1_wrapper_hw_platform_0/ps7_init.tcl' is done.
18:36:08 INFO  : Context for 'APU' is selected.
18:36:11 INFO  : Hardware design information is loaded from 'C:/TEMP/3610_4/TP4/TP4.sdk/design_1_wrapper_hw_platform_0/system.hdf'.
18:36:11 INFO  : 'configparams force-mem-access 1' command is executed.
18:36:11 INFO  : Context for 'APU' is selected.
18:36:11 INFO  : 'stop' command is executed.
18:36:11 INFO  : 'ps7_init' command is executed.
18:36:11 INFO  : 'ps7_post_config' command is executed.
18:36:12 INFO  : Context for processor 'ps7_cortexa9_0' is selected.
18:36:12 INFO  : Processor reset is completed for 'ps7_cortexa9_0'.
18:36:12 INFO  : Context for processor 'ps7_cortexa9_0' is selected.
18:36:12 INFO  : The application 'C:/TEMP/3610_4/TP4/TP4.sdk/lab4/Debug/lab4.elf' is downloaded to processor 'ps7_cortexa9_0'.
18:36:12 INFO  : 'configparams force-mem-access 0' command is executed.
18:36:12 INFO  : ----------------XSDB Script----------------
connect -url tcp:127.0.0.1:3121
source C:/TEMP/3610_4/TP4/TP4.sdk/design_1_wrapper_hw_platform_0/ps7_init.tcl
targets -set -nocase -filter {name =~"APU*" && jtag_cable_name =~ "Digilent Zed 210248685294"} -index 0
loadhw -hw C:/TEMP/3610_4/TP4/TP4.sdk/design_1_wrapper_hw_platform_0/system.hdf -mem-ranges [list {0x40000000 0xbfffffff}]
configparams force-mem-access 1
targets -set -nocase -filter {name =~"APU*" && jtag_cable_name =~ "Digilent Zed 210248685294"} -index 0
stop
ps7_init
ps7_post_config
targets -set -nocase -filter {name =~ "ARM*#0" && jtag_cable_name =~ "Digilent Zed 210248685294"} -index 0
rst -processor
targets -set -nocase -filter {name =~ "ARM*#0" && jtag_cable_name =~ "Digilent Zed 210248685294"} -index 0
dow C:/TEMP/3610_4/TP4/TP4.sdk/lab4/Debug/lab4.elf
configparams force-mem-access 0
----------------End of Script----------------

18:36:12 INFO  : Memory regions updated for context APU
18:36:12 INFO  : Context for processor 'ps7_cortexa9_0' is selected.
18:36:12 INFO  : 'con' command is executed.
18:36:12 INFO  : ----------------XSDB Script (After Launch)----------------
targets -set -nocase -filter {name =~ "ARM*#0" && jtag_cable_name =~ "Digilent Zed 210248685294"} -index 0
con
----------------End of Script----------------

18:36:12 INFO  : Launch script is exported to file 'C:\TEMP\3610_4\TP4\TP4.sdk\.sdk\launch_scripts\xilinx_c-c++_application_(system_debugger)\system_debugger_using_debug_lab4.elf_on_local.tcl'
18:38:08 INFO  : Disconnected from the channel tcfchan#23.
15:55:54 INFO  : Registering command handlers for SDK TCF services
15:55:54 INFO  : Launching XSCT server: xsct.bat -interactive C:\TEMP\3610_4\TP4\TP4.sdk\temp_xsdb_launch_script.tcl
15:55:56 INFO  : XSCT server has started successfully.
15:55:56 INFO  : Successfully done setting XSCT server connection channel  
15:56:00 INFO  : Successfully done setting SDK workspace  
15:56:00 INFO  : Processing command line option -hwspec C:/TEMP/3610_4/TP4/TP4.sdk/design_1_wrapper.hdf.
15:56:00 INFO  : Checking for hwspec changes in the project design_1_wrapper_hw_platform_0.
15:56:03 INFO  : SDK has detected change in the last modified timestamps for source hardware specification file Source:1523908353330,  Project:1523473866491
15:56:03 INFO  : The hardware specification for project 'design_1_wrapper_hw_platform_0' is different from C:/TEMP/3610_4/TP4/TP4.sdk/design_1_wrapper.hdf.
15:56:03 INFO  : Copied contents of C:/TEMP/3610_4/TP4/TP4.sdk/design_1_wrapper.hdf into \design_1_wrapper_hw_platform_0\system.hdf.
15:57:16 INFO  : Synchronizing projects in the workspace with the hardware platform specification changes.
15:57:22 INFO  : 
15:57:23 INFO  : Updating hardware inferred compiler options for lab4.
15:57:23 INFO  : Clearing existing target manager status.
15:57:47 INFO  : Connected to target on host '127.0.0.1' and port '3121'.
15:57:47 INFO  : 'targets -set -filter {jtag_cable_name =~ "Digilent Zed 210248685295" && level==0} -index 1' command is executed.
15:57:50 INFO  : FPGA configured successfully with bitstream "C:/TEMP/3610_4/TP4/TP4.sdk/design_1_wrapper_hw_platform_0/design_1_wrapper.bit"
15:58:05 INFO  : 'targets -set -filter {jtag_cable_name =~ "Digilent Zed 210248685295" && level==0} -index 1' command is executed.
15:58:05 INFO  : 'fpga -state' command is executed.
15:58:05 INFO  : Connected to target on host '127.0.0.1' and port '3121'.
15:58:05 INFO  : Jtag cable 'Digilent Zed 210248685295' is selected.
15:58:05 INFO  : 'jtag frequency' command is executed.
15:58:05 INFO  : Sourcing of 'C:/TEMP/3610_4/TP4/TP4.sdk/design_1_wrapper_hw_platform_0/ps7_init.tcl' is done.
15:58:05 INFO  : Context for 'APU' is selected.
15:58:05 INFO  : Hardware design information is loaded from 'C:/TEMP/3610_4/TP4/TP4.sdk/design_1_wrapper_hw_platform_0/system.hdf'.
15:58:05 INFO  : 'configparams force-mem-access 1' command is executed.
15:58:05 INFO  : Context for 'APU' is selected.
15:58:05 INFO  : 'stop' command is executed.
15:58:06 INFO  : 'ps7_init' command is executed.
15:58:06 INFO  : 'ps7_post_config' command is executed.
15:58:06 INFO  : Context for processor 'ps7_cortexa9_0' is selected.
15:58:06 INFO  : Processor reset is completed for 'ps7_cortexa9_0'.
15:58:06 INFO  : Context for processor 'ps7_cortexa9_0' is selected.
15:58:07 INFO  : The application 'C:/TEMP/3610_4/TP4/TP4.sdk/lab4/Debug/lab4.elf' is downloaded to processor 'ps7_cortexa9_0'.
15:58:07 INFO  : 'configparams force-mem-access 0' command is executed.
15:58:07 INFO  : ----------------XSDB Script----------------
connect -url tcp:127.0.0.1:3121
source C:/TEMP/3610_4/TP4/TP4.sdk/design_1_wrapper_hw_platform_0/ps7_init.tcl
targets -set -nocase -filter {name =~"APU*" && jtag_cable_name =~ "Digilent Zed 210248685295"} -index 0
loadhw -hw C:/TEMP/3610_4/TP4/TP4.sdk/design_1_wrapper_hw_platform_0/system.hdf -mem-ranges [list {0x40000000 0xbfffffff}]
configparams force-mem-access 1
targets -set -nocase -filter {name =~"APU*" && jtag_cable_name =~ "Digilent Zed 210248685295"} -index 0
stop
ps7_init
ps7_post_config
targets -set -nocase -filter {name =~ "ARM*#0" && jtag_cable_name =~ "Digilent Zed 210248685295"} -index 0
rst -processor
targets -set -nocase -filter {name =~ "ARM*#0" && jtag_cable_name =~ "Digilent Zed 210248685295"} -index 0
dow C:/TEMP/3610_4/TP4/TP4.sdk/lab4/Debug/lab4.elf
configparams force-mem-access 0
----------------End of Script----------------

15:58:07 INFO  : Memory regions updated for context APU
15:58:07 INFO  : Context for processor 'ps7_cortexa9_0' is selected.
15:58:07 INFO  : 'con' command is executed.
15:58:07 INFO  : ----------------XSDB Script (After Launch)----------------
targets -set -nocase -filter {name =~ "ARM*#0" && jtag_cable_name =~ "Digilent Zed 210248685295"} -index 0
con
----------------End of Script----------------

15:58:07 INFO  : Launch script is exported to file 'C:\TEMP\3610_4\TP4\TP4.sdk\.sdk\launch_scripts\xilinx_c-c++_application_(system_debugger)\system_debugger_using_debug_lab4.elf_on_local.tcl'
16:04:01 INFO  : Connected to target on host '127.0.0.1' and port '3121'.
16:04:04 INFO  : 'targets -set -filter {jtag_cable_name =~ "Digilent Zed 210248685295" && level==0} -index 1' command is executed.
16:04:06 INFO  : FPGA configured successfully with bitstream "C:/TEMP/3610_4/TP4/TP4.sdk/design_1_wrapper_hw_platform_0/design_1_wrapper.bit"
16:04:09 INFO  : Disconnected from the channel tcfchan#1.
16:04:10 INFO  : 'targets -set -filter {jtag_cable_name =~ "Digilent Zed 210248685295" && level==0} -index 1' command is executed.
16:04:10 INFO  : 'fpga -state' command is executed.
16:04:10 INFO  : Connected to target on host '127.0.0.1' and port '3121'.
16:04:11 INFO  : Jtag cable 'Digilent Zed 210248685295' is selected.
16:04:11 INFO  : 'jtag frequency' command is executed.
16:04:11 INFO  : Sourcing of 'C:/TEMP/3610_4/TP4/TP4.sdk/design_1_wrapper_hw_platform_0/ps7_init.tcl' is done.
16:04:11 INFO  : Context for 'APU' is selected.
16:04:13 INFO  : Hardware design information is loaded from 'C:/TEMP/3610_4/TP4/TP4.sdk/design_1_wrapper_hw_platform_0/system.hdf'.
16:04:13 INFO  : 'configparams force-mem-access 1' command is executed.
16:04:13 INFO  : Context for 'APU' is selected.
16:04:13 INFO  : 'stop' command is executed.
16:04:14 INFO  : 'ps7_init' command is executed.
16:04:14 INFO  : 'ps7_post_config' command is executed.
16:04:14 INFO  : Context for processor 'ps7_cortexa9_0' is selected.
16:04:14 INFO  : Processor reset is completed for 'ps7_cortexa9_0'.
16:04:14 INFO  : Context for processor 'ps7_cortexa9_0' is selected.
16:04:15 INFO  : The application 'C:/TEMP/3610_4/TP4/TP4.sdk/lab4/Debug/lab4.elf' is downloaded to processor 'ps7_cortexa9_0'.
16:04:15 INFO  : 'configparams force-mem-access 0' command is executed.
16:04:15 INFO  : ----------------XSDB Script----------------
connect -url tcp:127.0.0.1:3121
source C:/TEMP/3610_4/TP4/TP4.sdk/design_1_wrapper_hw_platform_0/ps7_init.tcl
targets -set -nocase -filter {name =~"APU*" && jtag_cable_name =~ "Digilent Zed 210248685295"} -index 0
loadhw -hw C:/TEMP/3610_4/TP4/TP4.sdk/design_1_wrapper_hw_platform_0/system.hdf -mem-ranges [list {0x40000000 0xbfffffff}]
configparams force-mem-access 1
targets -set -nocase -filter {name =~"APU*" && jtag_cable_name =~ "Digilent Zed 210248685295"} -index 0
stop
ps7_init
ps7_post_config
targets -set -nocase -filter {name =~ "ARM*#0" && jtag_cable_name =~ "Digilent Zed 210248685295"} -index 0
rst -processor
targets -set -nocase -filter {name =~ "ARM*#0" && jtag_cable_name =~ "Digilent Zed 210248685295"} -index 0
dow C:/TEMP/3610_4/TP4/TP4.sdk/lab4/Debug/lab4.elf
configparams force-mem-access 0
----------------End of Script----------------

16:04:15 INFO  : Memory regions updated for context APU
16:04:15 INFO  : Context for processor 'ps7_cortexa9_0' is selected.
16:04:15 INFO  : 'con' command is executed.
16:04:15 INFO  : ----------------XSDB Script (After Launch)----------------
targets -set -nocase -filter {name =~ "ARM*#0" && jtag_cable_name =~ "Digilent Zed 210248685295"} -index 0
con
----------------End of Script----------------

16:04:15 INFO  : Launch script is exported to file 'C:\TEMP\3610_4\TP4\TP4.sdk\.sdk\launch_scripts\xilinx_c-c++_application_(system_debugger)\system_debugger_using_debug_lab4.elf_on_local.tcl'
16:34:42 INFO  : SDK has detected change in the last modified timestamps for source hardware specification file Source:1523910591258,  Project:1523908353330
16:34:42 INFO  : Project design_1_wrapper_hw_platform_0's source hardware specification located at C:/TEMP/3610_4/TP4/TP4.sdk/design_1_wrapper.hdf is now different from the local copy.
		 The local copy will be replaced with the source specification and your workspace will be updated.
16:36:39 INFO  : Copied contents of C:/TEMP/3610_4/TP4/TP4.sdk/design_1_wrapper.hdf into \design_1_wrapper_hw_platform_0\system.hdf.
16:36:45 INFO  : Synchronizing projects in the workspace with the hardware platform specification changes.
16:36:48 INFO  : 
16:36:49 INFO  : Updating hardware inferred compiler options for lab4.
16:36:49 INFO  : Clearing existing target manager status.
16:36:49 INFO  : Closing and re-opening the MSS file of ther project standalone_bsp_1
16:36:50 INFO  : Workspace synchronized with the new hardware specification file. Cleaning dependent projects...
16:36:54 WARN  : Linker script will not be updated automatically. Users need to update it manually.
16:37:12 INFO  : Connected to target on host '127.0.0.1' and port '3121'.
16:37:12 INFO  : 'targets -set -filter {jtag_cable_name =~ "Digilent Zed 210248685295" && level==0} -index 1' command is executed.
16:37:14 INFO  : FPGA configured successfully with bitstream "C:/TEMP/3610_4/TP4/TP4.sdk/design_1_wrapper_hw_platform_0/design_1_wrapper.bit"
16:38:09 INFO  : Disconnected from the channel tcfchan#2.
16:38:36 INFO  : 'targets -set -filter {jtag_cable_name =~ "Digilent Zed 210248685295" && level==0} -index 1' command is executed.
16:38:36 INFO  : 'fpga -state' command is executed.
16:38:36 INFO  : Connected to target on host '127.0.0.1' and port '3121'.
16:38:36 INFO  : Jtag cable 'Digilent Zed 210248685295' is selected.
16:38:36 INFO  : 'jtag frequency' command is executed.
16:38:36 INFO  : Sourcing of 'C:/TEMP/3610_4/TP4/TP4.sdk/design_1_wrapper_hw_platform_0/ps7_init.tcl' is done.
16:38:36 INFO  : Context for 'APU' is selected.
16:38:36 INFO  : Hardware design information is loaded from 'C:/TEMP/3610_4/TP4/TP4.sdk/design_1_wrapper_hw_platform_0/system.hdf'.
16:38:36 INFO  : 'configparams force-mem-access 1' command is executed.
16:38:36 INFO  : Context for 'APU' is selected.
16:38:37 INFO  : 'stop' command is executed.
16:38:37 INFO  : 'ps7_init' command is executed.
16:38:37 INFO  : 'ps7_post_config' command is executed.
16:38:37 INFO  : 'configparams force-mem-access 0' command is executed.
16:38:37 INFO  : ----------------XSDB Script----------------
connect -url tcp:127.0.0.1:3121
source C:/TEMP/3610_4/TP4/TP4.sdk/design_1_wrapper_hw_platform_0/ps7_init.tcl
targets -set -nocase -filter {name =~"APU*" && jtag_cable_name =~ "Digilent Zed 210248685295"} -index 0
loadhw -hw C:/TEMP/3610_4/TP4/TP4.sdk/design_1_wrapper_hw_platform_0/system.hdf -mem-ranges [list {0x40000000 0xbfffffff}]
configparams force-mem-access 1
targets -set -nocase -filter {name =~"APU*" && jtag_cable_name =~ "Digilent Zed 210248685295"} -index 0
stop
ps7_init
ps7_post_config
configparams force-mem-access 0
----------------End of Script----------------

16:38:37 INFO  : Memory regions updated for context APU
16:38:37 INFO  : Launch script is exported to file 'C:\TEMP\3610_4\TP4\TP4.sdk\.sdk\launch_scripts\xilinx_c-c++_application_(system_debugger)\system_debugger_using_debug_lab4.elf_on_local.tcl'
16:39:09 INFO  : Disconnected from the channel tcfchan#3.
16:42:32 ERROR : Unexpected error while parsing XMD response ?: com.google.gson.JsonSyntaxException: com.google.gson.stream.MalformedJsonException: invalid number or unquoted string near 
