
*** Running vivado
    with args -log design_1_v_tc_0_1.vds -m64 -product Vivado -mode batch -messageDb vivado.pb -notrace -source design_1_v_tc_0_1.tcl


****** Vivado v2017.2 (64-bit)
  **** SW Build 1909853 on Thu Jun 15 18:39:09 MDT 2017
  **** IP Build 1909766 on Thu Jun 15 19:58:00 MDT 2017
    ** Copyright 1986-2017 Xilinx, Inc. All Rights Reserved.

source design_1_v_tc_0_1.tcl -notrace
Starting RTL Elaboration : Time (s): cpu = 00:00:04 ; elapsed = 00:00:05 . Memory (MB): peak = 340.973 ; gain = 79.195
INFO: [Synth 8-638] synthesizing module 'design_1_v_tc_0_1' [c:/TEMP/3610_4/TP4/TP4.srcs/sources_1/bd/design_1/ip/design_1_v_tc_0_1/synth/design_1_v_tc_0_1.vhd:96]
INFO: [Synth 8-638] synthesizing module 'axi_lite_ipif' [c:/TEMP/3610_4/TP4/TP4.srcs/sources_1/bd/design_1/ipshared/0ba0/hdl/axi_lite_ipif_v3_0_vh_rfs.vhd:2948]
INFO: [Synth 8-638] synthesizing module 'slave_attachment' [c:/TEMP/3610_4/TP4/TP4.srcs/sources_1/bd/design_1/ipshared/0ba0/hdl/axi_lite_ipif_v3_0_vh_rfs.vhd:2341]
INFO: [Synth 8-638] synthesizing module 'address_decoder' [c:/TEMP/3610_4/TP4/TP4.srcs/sources_1/bd/design_1/ipshared/0ba0/hdl/axi_lite_ipif_v3_0_vh_rfs.vhd:1775]
INFO: [Synth 8-638] synthesizing module 'pselect_f' [c:/TEMP/3610_4/TP4/TP4.srcs/sources_1/bd/design_1/ipshared/0ba0/hdl/axi_lite_ipif_v3_0_vh_rfs.vhd:1534]
INFO: [Synth 8-256] done synthesizing module 'pselect_f' (1#1) [c:/TEMP/3610_4/TP4/TP4.srcs/sources_1/bd/design_1/ipshared/0ba0/hdl/axi_lite_ipif_v3_0_vh_rfs.vhd:1534]
INFO: [Synth 8-638] synthesizing module 'pselect_f__parameterized0' [c:/TEMP/3610_4/TP4/TP4.srcs/sources_1/bd/design_1/ipshared/0ba0/hdl/axi_lite_ipif_v3_0_vh_rfs.vhd:1534]
INFO: [Synth 8-256] done synthesizing module 'pselect_f__parameterized0' (1#1) [c:/TEMP/3610_4/TP4/TP4.srcs/sources_1/bd/design_1/ipshared/0ba0/hdl/axi_lite_ipif_v3_0_vh_rfs.vhd:1534]
INFO: [Synth 8-256] done synthesizing module 'address_decoder' (2#1) [c:/TEMP/3610_4/TP4/TP4.srcs/sources_1/bd/design_1/ipshared/0ba0/hdl/axi_lite_ipif_v3_0_vh_rfs.vhd:1775]
INFO: [Synth 8-256] done synthesizing module 'slave_attachment' (3#1) [c:/TEMP/3610_4/TP4/TP4.srcs/sources_1/bd/design_1/ipshared/0ba0/hdl/axi_lite_ipif_v3_0_vh_rfs.vhd:2341]
INFO: [Synth 8-256] done synthesizing module 'axi_lite_ipif' (4#1) [c:/TEMP/3610_4/TP4/TP4.srcs/sources_1/bd/design_1/ipshared/0ba0/hdl/axi_lite_ipif_v3_0_vh_rfs.vhd:2948]
INFO: [Synth 8-256] done synthesizing module 'design_1_v_tc_0_1' (11#1) [c:/TEMP/3610_4/TP4/TP4.srcs/sources_1/bd/design_1/ip/design_1_v_tc_0_1/synth/design_1_v_tc_0_1.vhd:96]
Finished RTL Elaboration : Time (s): cpu = 00:00:12 ; elapsed = 00:00:13 . Memory (MB): peak = 502.992 ; gain = 241.215
Finished RTL Optimization Phase 1 : Time (s): cpu = 00:00:12 ; elapsed = 00:00:13 . Memory (MB): peak = 502.992 ; gain = 241.215
INFO: [Device 21-403] Loading part xc7z020clg484-1
Constraint Validation Runtime : Time (s): cpu = 00:00:00 ; elapsed = 00:00:00.134 . Memory (MB): peak = 745.227 ; gain = 0.000
Finished Constraint Validation : Time (s): cpu = 00:00:30 ; elapsed = 00:01:32 . Memory (MB): peak = 745.227 ; gain = 483.449
Finished Loading Part and Timing Information : Time (s): cpu = 00:00:30 ; elapsed = 00:01:32 . Memory (MB): peak = 745.227 ; gain = 483.449
Finished applying 'set_property' XDC Constraints : Time (s): cpu = 00:00:30 ; elapsed = 00:01:32 . Memory (MB): peak = 745.227 ; gain = 483.449
Finished RTL Optimization Phase 2 : Time (s): cpu = 00:00:35 ; elapsed = 00:01:37 . Memory (MB): peak = 745.227 ; gain = 483.449
Finished Cross Boundary and Area Optimization : Time (s): cpu = 00:00:44 ; elapsed = 00:01:46 . Memory (MB): peak = 745.227 ; gain = 483.449
Finished Applying XDC Timing Constraints : Time (s): cpu = 00:01:01 ; elapsed = 00:02:03 . Memory (MB): peak = 745.227 ; gain = 483.449
Finished Timing Optimization : Time (s): cpu = 00:01:02 ; elapsed = 00:02:05 . Memory (MB): peak = 745.227 ; gain = 483.449
Finished Technology Mapping : Time (s): cpu = 00:01:05 ; elapsed = 00:02:08 . Memory (MB): peak = 745.227 ; gain = 483.449
Finished IO Insertion : Time (s): cpu = 00:01:06 ; elapsed = 00:02:09 . Memory (MB): peak = 745.227 ; gain = 483.449
Finished Renaming Generated Instances : Time (s): cpu = 00:01:06 ; elapsed = 00:02:09 . Memory (MB): peak = 745.227 ; gain = 483.449
Finished Rebuilding User Hierarchy : Time (s): cpu = 00:01:07 ; elapsed = 00:02:09 . Memory (MB): peak = 745.227 ; gain = 483.449
Finished Renaming Generated Ports : Time (s): cpu = 00:01:07 ; elapsed = 00:02:09 . Memory (MB): peak = 745.227 ; gain = 483.449
Finished Handling Custom Attributes : Time (s): cpu = 00:01:07 ; elapsed = 00:02:09 . Memory (MB): peak = 745.227 ; gain = 483.449
Finished Renaming Generated Nets : Time (s): cpu = 00:01:07 ; elapsed = 00:02:10 . Memory (MB): peak = 745.227 ; gain = 483.449

Report Cell Usage: 
+------+-------+------+
|      |Cell   |Count |
+------+-------+------+
|1     |CARRY4 |    31|
|2     |LUT1   |    84|
|3     |LUT2   |    47|
|4     |LUT3   |   540|
|5     |LUT4   |    78|
|6     |LUT5   |    99|
|7     |LUT6   |   424|
|8     |MUXF7  |   134|
|9     |SRL16E |     6|
|10    |FDRE   |  2736|
|11    |FDSE   |   188|
+------+-------+------+
Finished Writing Synthesis Report : Time (s): cpu = 00:01:07 ; elapsed = 00:02:10 . Memory (MB): peak = 745.227 ; gain = 483.449
synth_design: Time (s): cpu = 00:01:11 ; elapsed = 00:02:13 . Memory (MB): peak = 745.227 ; gain = 485.078
