Copyright 1986-2017 Xilinx, Inc. All Rights Reserved.
------------------------------------------------------------------------------------
| Tool Version : Vivado v.2017.2 (win64) Build 1909853 Thu Jun 15 18:39:09 MDT 2017
| Date         : Mon Apr 16 17:37:53 2018
| Host         : L3712-06 running 64-bit major release  (build 9200)
| Command      : upgrade_ip
| Device       : xc7z020clg484-1
------------------------------------------------------------------------------------

Upgrade Log for IP 'design_1_sobel_filter_0_4'

1. Summary
----------

SUCCESS in the upgrade of design_1_sobel_filter_0_4 (polymtl.ca:hls:sobel_filter:1.0) from (Rev. 1804161718) to (Rev. 1804161736)






Copyright 1986-2017 Xilinx, Inc. All Rights Reserved.
------------------------------------------------------------------------------------
| Tool Version : Vivado v.2017.2 (win64) Build 1909853 Thu Jun 15 18:39:09 MDT 2017
| Date         : Mon Apr 16 17:19:33 2018
| Host         : L3712-06 running 64-bit major release  (build 9200)
| Command      : upgrade_ip
| Device       : xc7z020clg484-1
------------------------------------------------------------------------------------

Upgrade Log for IP 'design_1_sobel_filter_0_4'

1. Summary
----------

SUCCESS in the upgrade of design_1_sobel_filter_0_4 (polymtl.ca:hls:sobel_filter:1.0) from (Rev. 1804161651) to (Rev. 1804161718)






Copyright 1986-2017 Xilinx, Inc. All Rights Reserved.
------------------------------------------------------------------------------------
| Tool Version : Vivado v.2017.2 (win64) Build 1909853 Thu Jun 15 18:39:09 MDT 2017
| Date         : Mon Apr 16 16:52:13 2018
| Host         : L3712-06 running 64-bit major release  (build 9200)
| Command      : upgrade_ip
| Device       : xc7z020clg484-1
------------------------------------------------------------------------------------

Upgrade Log for IP 'design_1_sobel_filter_0_4'

1. Summary
----------

SUCCESS in the upgrade of design_1_sobel_filter_0_4 (polymtl.ca:hls:sobel_filter:1.0) from (Rev. 1804161619) to (Rev. 1804161651)






Copyright 1986-2017 Xilinx, Inc. All Rights Reserved.
------------------------------------------------------------------------------------
| Tool Version : Vivado v.2017.2 (win64) Build 1909853 Thu Jun 15 18:39:09 MDT 2017
| Date         : Mon Apr 16 16:20:50 2018
| Host         : L3712-06 running 64-bit major release  (build 9200)
| Command      : upgrade_ip
| Device       : xc7z020clg484-1
------------------------------------------------------------------------------------

Upgrade Log for IP 'design_1_sobel_filter_0_4'

1. Summary
----------

SUCCESS in the upgrade of design_1_sobel_filter_0_4 (polymtl.ca:hls:sobel_filter:1.0) from (Rev. 1804161521) to (Rev. 1804161619)






Copyright 1986-2017 Xilinx, Inc. All Rights Reserved.
------------------------------------------------------------------------------------
| Tool Version : Vivado v.2017.2 (win64) Build 1909853 Thu Jun 15 18:39:09 MDT 2017
| Date         : Mon Apr 16 15:36:40 2018
| Host         : L3712-06 running 64-bit major release  (build 9200)
| Command      : upgrade_ip
| Device       : xc7z020clg484-1
------------------------------------------------------------------------------------

Upgrade Log for IP 'design_1_sobel_filter_0_4'

1. Summary
----------

SUCCESS in the upgrade of design_1_sobel_filter_0_4 (polymtl.ca:hls:sobel_filter:1.0) from (Rev. 1804111705) to (Rev. 1804161521)






Copyright 1986-2017 Xilinx, Inc. All Rights Reserved.
------------------------------------------------------------------------------------
| Tool Version : Vivado v.2017.2 (win64) Build 1909853 Thu Jun 15 18:39:09 MDT 2017
| Date         : Wed Apr 11 17:06:14 2018
| Host         : L3712-22 running 64-bit major release  (build 9200)
| Command      : upgrade_ip
| Device       : xc7z020clg484-1
------------------------------------------------------------------------------------

Upgrade Log for IP 'design_1_sobel_filter_0_4'

1. Summary
----------

SUCCESS in the upgrade of design_1_sobel_filter_0_4 (polymtl.ca:hls:sobel_filter:1.0) from (Rev. 1804111449) to (Rev. 1804111705)

