#-----------------------------------------------------------
# Vivado v2017.2 (64-bit)
# SW Build 1909853 on Thu Jun 15 18:39:09 MDT 2017
# IP Build 1909766 on Thu Jun 15 19:58:00 MDT 2017
# Start of session at: Wed Apr 11 14:18:09 2018
# Process ID: 17168
# Current directory: C:/TEMP/3610_4/TP4
# Command line: vivado.exe -gui_launcher_event rodinguilauncherevent19260 C:\TEMP\3610_4\TP4\TP4.xpr
# Log file: C:/TEMP/3610_4/TP4/vivado.log
# Journal file: C:/TEMP/3610_4/TP4\vivado.jou
#-----------------------------------------------------------
start_gui
open_project C:/TEMP/3610_4/TP4/TP4.xpr
CRITICAL WARNING: [Project 1-19] Could not find the file 'C:/TEMP/3610_4/1728325_1728235/ip_repo/AVNET_ZED_HDMI/constraints/zedboard_hdmi_display.xdc'.
Scanning sources...
Finished scanning sources
WARNING: [filemgmt 56-3] IP Repository Path: Could not find the directory 'C:/TEMP/3610_4/1728325_1728235/ip_repo'.
INFO: [IP_Flow 19-234] Refreshing IP repositories
WARNING: [IP_Flow 19-2248] Failed to load user IP repository 'c:/TEMP/3610_4/1728325_1728235/ip_repo'; Can't find the specified path.
If this directory should no longer be in your list of user repositories, go to the IP Settings dialog and remove it.
INFO: [IP_Flow 19-2313] Loaded Vivado IP repository 'C:/Logiciels/Xilinx/Vivado/2017.2/data/ip'.
WARNING: [BD 41-1661] One or more IPs have been locked in the design 'design_1.bd'. Please run report_ip_status for more details and recommendations on how to fix this issue.
List of locked IPs:
design_1_v_cresample_0_1
design_1_zed_hdmi_out_0_1

open_project: Time (s): cpu = 00:00:22 ; elapsed = 00:00:12 . Memory (MB): peak = 861.852 ; gain = 83.297
update_compile_order -fileset sources_1
open_bd_design {C:/TEMP/3610_4/TP4/TP4.srcs/sources_1/bd/design_1/design_1.bd}
Adding cell -- xilinx.com:ip:processing_system7:5.5 - processing_system7_0
Adding cell -- xilinx.com:ip:clk_wiz:5.4 - clk_wiz_0
Adding cell -- xilinx.com:ip:axi_iic:2.0 - zed_hdmi_iic_0
Adding cell -- xilinx.com:ip:proc_sys_reset:5.0 - rst_ps7_0_76M
CRITICAL WARNING: [BD 41-52] Could not find the abstraction definition specified by the vlnv: avnet.com:interface:avnet_hdmi_rtl:1.0 
CRITICAL WARNING: [BD 41-181] Type specified by the VLNV: 'avnet.com:interface:avnet_hdmi_rtl:1.0', cannot be found. Interface port: 'hdmio_io' cannot be created
CRITICAL WARNING: [BD 41-52] Could not find the abstraction definition specified by the vlnv: avnet.com:interface:avnet_hdmi_rtl:1.0 
CRITICAL WARNING: [BD 41-181] Type specified by the VLNV: 'avnet.com:interface:avnet_hdmi_rtl:1.0', cannot be found. Interface port: 'hdmio_io' cannot be created
CRITICAL WARNING: [BD 41-52] Could not find the abstraction definition specified by the vlnv: avnet.com:interface:avnet_hdmi_rtl:1.0 
CRITICAL WARNING: [BD 41-181] Type specified by the VLNV: 'avnet.com:interface:avnet_hdmi_rtl:1.0', cannot be found. Interface port: 'hdmio_io' cannot be created
Adding cell -- xilinx.com:ip:axi_vdma:6.3 - axi_vdma_0
Adding cell -- xilinx.com:ip:axis_subset_converter:1.1 - axis_subset_converter_0
Adding cell -- xilinx.com:ip:xlconstant:1.1 - gnd
Adding cell -- xilinx.com:ip:proc_sys_reset:5.0 - proc_sys_reset
Adding cell -- xilinx.com:ip:v_axi4s_vid_out:4.0 - v_axi4s_vid_out_0
Adding cell -- polymtl.ca:hls:CrappyButFreeChromaResampler:1.0 - v_cresample_0
Adding cell -- xilinx.com:ip:v_rgb2ycrcb:7.1 - v_rgb2ycrcb_0
Adding cell -- xilinx.com:ip:v_tc:6.1 - v_tc_0
Adding cell -- xilinx.com:ip:xlconstant:1.1 - vcc
Adding cell -- avnet:zedboard:zed_hdmi_out:2.0 - zed_hdmi_out_0
CRITICAL WARNING: [BD 41-51] Could not find bus definition for the interface: IO_HDMIO 
CRITICAL WARNING: [BD 41-49] Could not find abstraction definition for the interface: IO_HDMIO 
CRITICAL WARNING: [BD 41-49] Could not find abstraction definition for the interface: IO_HDMIO 
CRITICAL WARNING: [BD 41-52] Could not find the abstraction definition specified by the vlnv: avnet.com:interface:avnet_hdmi_rtl:1.0 
CRITICAL WARNING: [BD 41-181] Type specified by the VLNV: 'avnet.com:interface:avnet_hdmi_rtl:1.0', cannot be found. Interface port: 'hdmio_io' cannot be created
CRITICAL WARNING: [BD 41-52] Could not find the abstraction definition specified by the vlnv: avnet.com:interface:avnet_hdmi_rtl:1.0 
CRITICAL WARNING: [BD 41-181] Type specified by the VLNV: 'avnet.com:interface:avnet_hdmi_rtl:1.0', cannot be found. Interface port: 'hdmio_io' cannot be created
Adding cell -- xilinx.com:ip:axi_protocol_converter:2.1 - auto_pc
Adding cell -- xilinx.com:ip:axi_crossbar:2.1 - xbar
Adding cell -- xilinx.com:ip:axi_protocol_converter:2.1 - auto_pc
Successfully read diagram <design_1> from BD file <C:/TEMP/3610_4/TP4/TP4.srcs/sources_1/bd/design_1/design_1.bd>
open_bd_design: Time (s): cpu = 00:00:11 ; elapsed = 00:00:09 . Memory (MB): peak = 980.844 ; gain = 13.672
exit
INFO: [Common 17-206] Exiting Vivado at Wed Apr 11 14:21:09 2018...
