#-----------------------------------------------------------
# Vivado v2017.2 (64-bit)
# SW Build 1909853 on Thu Jun 15 18:39:09 MDT 2017
# IP Build 1909766 on Thu Jun 15 19:58:00 MDT 2017
# Start of session at: Wed Apr 11 13:28:42 2018
# Process ID: 19836
# Current directory: C:/TEMP/3610_4/TP4
# Command line: vivado.exe -gui_launcher_event rodinguilauncherevent7380 C:\TEMP\3610_4\TP4\TP4.xpr
# Log file: C:/TEMP/3610_4/TP4/vivado.log
# Journal file: C:/TEMP/3610_4/TP4\vivado.jou
#-----------------------------------------------------------
start_gui
open_project C:/TEMP/3610_4/TP4/TP4.xpr
Scanning sources...
Finished scanning sources
INFO: [IP_Flow 19-234] Refreshing IP repositories
INFO: [IP_Flow 19-1700] Loaded user IP repository 'c:/TEMP/3610_4/1728325_1728235/ip_repo'.
INFO: [IP_Flow 19-2313] Loaded Vivado IP repository 'C:/Logiciels/Xilinx/Vivado/2017.2/data/ip'.
open_project: Time (s): cpu = 00:00:23 ; elapsed = 00:00:13 . Memory (MB): peak = 917.168 ; gain = 180.848
update_compile_order -fileset sources_1
open_bd_design {C:/TEMP/3610_4/TP4/TP4.srcs/sources_1/bd/design_1/design_1.bd}
Adding cell -- xilinx.com:ip:processing_system7:5.5 - processing_system7_0
Adding cell -- xilinx.com:ip:clk_wiz:5.4 - clk_wiz_0
Adding cell -- xilinx.com:ip:axi_iic:2.0 - zed_hdmi_iic_0
Adding cell -- xilinx.com:ip:proc_sys_reset:5.0 - rst_ps7_0_76M
Adding cell -- xilinx.com:ip:axi_vdma:6.3 - axi_vdma_0
Adding cell -- xilinx.com:ip:axis_subset_converter:1.1 - axis_subset_converter_0
Adding cell -- xilinx.com:ip:xlconstant:1.1 - gnd
Adding cell -- xilinx.com:ip:proc_sys_reset:5.0 - proc_sys_reset
Adding cell -- xilinx.com:ip:v_axi4s_vid_out:4.0 - v_axi4s_vid_out_0
Adding cell -- polymtl.ca:hls:CrappyButFreeChromaResampler:1.0 - v_cresample_0
Adding cell -- xilinx.com:ip:v_rgb2ycrcb:7.1 - v_rgb2ycrcb_0
Adding cell -- xilinx.com:ip:v_tc:6.1 - v_tc_0
Adding cell -- xilinx.com:ip:xlconstant:1.1 - vcc
Adding cell -- avnet:zedboard:zed_hdmi_out:2.0 - zed_hdmi_out_0
Adding cell -- xilinx.com:ip:axi_protocol_converter:2.1 - auto_pc
Adding cell -- xilinx.com:ip:axi_crossbar:2.1 - xbar
Adding cell -- xilinx.com:ip:axi_protocol_converter:2.1 - auto_pc
Successfully read diagram <design_1> from BD file <C:/TEMP/3610_4/TP4/TP4.srcs/sources_1/bd/design_1/design_1.bd>
open_bd_design: Time (s): cpu = 00:00:12 ; elapsed = 00:00:09 . Memory (MB): peak = 961.746 ; gain = 42.883
launch_sdk -workspace C:/TEMP/3610_4/TP4/TP4.sdk -hwspec C:/TEMP/3610_4/TP4/TP4.sdk/design_1_wrapper.hdf
INFO: [Vivado 12-393] Launching SDK...
INFO: [Vivado 12-417] Running xsdk -workspace C:/TEMP/3610_4/TP4/TP4.sdk -hwspec C:/TEMP/3610_4/TP4/TP4.sdk/design_1_wrapper.hdf
INFO: [Vivado 12-3157] SDK launch initiated. Please check console for any further messages.
exit
INFO: [Common 17-206] Exiting Vivado at Wed Apr 11 14:04:18 2018...
