#-----------------------------------------------------------
# Vivado v2017.2 (64-bit)
# SW Build 1909853 on Thu Jun 15 18:39:09 MDT 2017
# IP Build 1909766 on Thu Jun 15 19:58:00 MDT 2017
# Start of session at: Mon Apr 16 15:13:36 2018
# Process ID: 4916
# Current directory: C:/TEMP/3610_4/TP4
# Command line: vivado.exe -gui_launcher_event rodinguilauncherevent7264 C:\TEMP\3610_4\TP4\TP4.xpr
# Log file: C:/TEMP/3610_4/TP4/vivado.log
# Journal file: C:/TEMP/3610_4/TP4\vivado.jou
#-----------------------------------------------------------
start_gui
open_project C:/TEMP/3610_4/TP4/TP4.xpr
Scanning sources...
Finished scanning sources
WARNING: [filemgmt 56-3] IP Repository Path: Could not find the directory 'C:/TEMP/inf3610-lab4/1798345_1798492/SobelLab4'.
WARNING: [filemgmt 56-3] IP Repository Path: Could not find the directory 'C:/TEMP/inf3610-lab4/1798345_1798492/ip_repo'.
INFO: [IP_Flow 19-234] Refreshing IP repositories
WARNING: [IP_Flow 19-2248] Failed to load user IP repository 'c:/TEMP/inf3610-lab4/1798345_1798492/SobelLab4'; Can't find the specified path.
If this directory should no longer be in your list of user repositories, go to the IP Settings dialog and remove it.
WARNING: [IP_Flow 19-2248] Failed to load user IP repository 'c:/TEMP/inf3610-lab4/1798345_1798492/ip_repo'; Can't find the specified path.
If this directory should no longer be in your list of user repositories, go to the IP Settings dialog and remove it.
INFO: [IP_Flow 19-2313] Loaded Vivado IP repository 'C:/Logiciels/Xilinx/Vivado/2017.2/data/ip'.
WARNING: [IP_Flow 19-3664] IP 'design_1_auto_pc_1' generated file not found 'c:/TEMP/3610_4/TP4/TP4.srcs/sources_1/bd/design_1/ip/design_1_auto_pc_1/stats.txt'. Please regenerate to continue.
WARNING: [IP_Flow 19-3664] IP 'design_1_auto_cc_0' generated file not found 'c:/TEMP/3610_4/TP4/TP4.srcs/sources_1/bd/design_1/ip/design_1_auto_cc_0/stats.txt'. Please regenerate to continue.
WARNING: [IP_Flow 19-3664] IP 'design_1_auto_pc_0' generated file not found 'c:/TEMP/3610_4/TP4/TP4.srcs/sources_1/bd/design_1/ip/design_1_auto_pc_0/stats.txt'. Please regenerate to continue.
WARNING: [BD 41-1661] One or more IPs have been locked in the design 'design_1.bd'. Please run report_ip_status for more details and recommendations on how to fix this issue.
List of locked IPs:
design_1_v_cresample_0_1
design_1_sobel_filter_0_4
design_1_zed_hdmi_out_0_1

open_project: Time (s): cpu = 00:00:28 ; elapsed = 00:00:16 . Memory (MB): peak = 915.707 ; gain = 148.820
update_compile_order -fileset sources_1
open_bd_design {C:/TEMP/3610_4/TP4/TP4.srcs/sources_1/bd/design_1/design_1.bd}
Adding cell -- xilinx.com:ip:processing_system7:5.5 - processing_system7_0
Adding cell -- xilinx.com:ip:clk_wiz:5.4 - clk_wiz_0
Adding cell -- xilinx.com:ip:axi_iic:2.0 - zed_hdmi_iic_0
Adding cell -- xilinx.com:ip:proc_sys_reset:5.0 - rst_ps7_0_76M
CRITICAL WARNING: [BD 41-52] Could not find the abstraction definition specified by the vlnv: avnet.com:interface:avnet_hdmi_rtl:1.0 
CRITICAL WARNING: [BD 41-181] Type specified by the VLNV: 'avnet.com:interface:avnet_hdmi_rtl:1.0', cannot be found. Interface port: 'hdmio_io' cannot be created
Adding cell -- xilinx.com:ip:smartconnect:1.0 - axi_smc
Adding cell -- xilinx.com:ip:proc_sys_reset:5.0 - rst_ps7_0_100M
Adding cell -- xilinx.com:ip:smartconnect:1.0 - axi_smc_1
Adding cell -- polymtl.ca:hls:sobel_filter:1.0 - sobel_filter_0
CRITICAL WARNING: [BD 41-52] Could not find the abstraction definition specified by the vlnv: avnet.com:interface:avnet_hdmi_rtl:1.0 
CRITICAL WARNING: [BD 41-181] Type specified by the VLNV: 'avnet.com:interface:avnet_hdmi_rtl:1.0', cannot be found. Interface port: 'hdmio_io' cannot be created
CRITICAL WARNING: [BD 41-52] Could not find the abstraction definition specified by the vlnv: avnet.com:interface:avnet_hdmi_rtl:1.0 
CRITICAL WARNING: [BD 41-181] Type specified by the VLNV: 'avnet.com:interface:avnet_hdmi_rtl:1.0', cannot be found. Interface port: 'hdmio_io' cannot be created
Adding cell -- xilinx.com:ip:axi_vdma:6.3 - axi_vdma_0
Adding cell -- xilinx.com:ip:axis_subset_converter:1.1 - axis_subset_converter_0
Adding cell -- xilinx.com:ip:xlconstant:1.1 - gnd
Adding cell -- xilinx.com:ip:proc_sys_reset:5.0 - proc_sys_reset
Adding cell -- xilinx.com:ip:v_axi4s_vid_out:4.0 - v_axi4s_vid_out_0
Adding cell -- polymtl.ca:hls:CrappyButFreeChromaResampler:1.0 - v_cresample_0
Adding cell -- xilinx.com:ip:v_rgb2ycrcb:7.1 - v_rgb2ycrcb_0
Adding cell -- xilinx.com:ip:v_tc:6.1 - v_tc_0
Adding cell -- xilinx.com:ip:xlconstant:1.1 - vcc
Adding cell -- avnet:zedboard:zed_hdmi_out:2.0 - zed_hdmi_out_0
CRITICAL WARNING: [BD 41-51] Could not find bus definition for the interface: IO_HDMIO 
CRITICAL WARNING: [BD 41-49] Could not find abstraction definition for the interface: IO_HDMIO 
CRITICAL WARNING: [BD 41-49] Could not find abstraction definition for the interface: IO_HDMIO 
CRITICAL WARNING: [BD 41-52] Could not find the abstraction definition specified by the vlnv: avnet.com:interface:avnet_hdmi_rtl:1.0 
CRITICAL WARNING: [BD 41-181] Type specified by the VLNV: 'avnet.com:interface:avnet_hdmi_rtl:1.0', cannot be found. Interface port: 'hdmio_io' cannot be created
CRITICAL WARNING: [BD 41-52] Could not find the abstraction definition specified by the vlnv: avnet.com:interface:avnet_hdmi_rtl:1.0 
CRITICAL WARNING: [BD 41-181] Type specified by the VLNV: 'avnet.com:interface:avnet_hdmi_rtl:1.0', cannot be found. Interface port: 'hdmio_io' cannot be created
Adding cell -- xilinx.com:ip:axi_protocol_converter:2.1 - auto_pc
Adding cell -- xilinx.com:ip:axi_crossbar:2.1 - xbar
Adding cell -- xilinx.com:ip:axi_clock_converter:2.1 - auto_cc
Adding cell -- xilinx.com:ip:axi_protocol_converter:2.1 - auto_pc
Successfully read diagram <design_1> from BD file <C:/TEMP/3610_4/TP4/TP4.srcs/sources_1/bd/design_1/design_1.bd>
open_bd_design: Time (s): cpu = 00:00:11 ; elapsed = 00:00:09 . Memory (MB): peak = 973.102 ; gain = 25.426
update_ip_catalog -rebuild -repo_path c:/TEMP/inf3610-lab4/1798345_1798492/ip_repo
CRITICAL WARNING: [IP_Flow 19-1681] Failed to reload user IP repository 'c:/TEMP/inf3610-lab4/1798345_1798492/ip_repo'. ''c:/TEMP/inf3610-lab4/1798345_1798492/ip_repo' is not valid: Can't find the specified path.'
0
delete_bd_objs [get_bd_intf_nets ps7_0_axi_periph_M03_AXI] [get_bd_intf_nets sobel_filter_0_m_axi_gmem] [get_bd_intf_nets sobel_filter_0_m_axi_gmem2] [get_bd_cells sobel_filter_0]
update_ip_catalog -rebuild
INFO: [IP_Flow 19-234] Refreshing IP repositories
WARNING: [IP_Flow 19-2248] Failed to load user IP repository 'c:/TEMP/inf3610-lab4/1798345_1798492/SobelLab4'; Can't find the specified path.
If this directory should no longer be in your list of user repositories, go to the IP Settings dialog and remove it.
WARNING: [IP_Flow 19-2248] Failed to load user IP repository 'c:/TEMP/inf3610-lab4/1798345_1798492/ip_repo'; Can't find the specified path.
If this directory should no longer be in your list of user repositories, go to the IP Settings dialog and remove it.
update_ip_catalog -rebuild
INFO: [IP_Flow 19-234] Refreshing IP repositories
WARNING: [IP_Flow 19-2248] Failed to load user IP repository 'c:/TEMP/inf3610-lab4/1798345_1798492/SobelLab4'; Can't find the specified path.
If this directory should no longer be in your list of user repositories, go to the IP Settings dialog and remove it.
WARNING: [IP_Flow 19-2248] Failed to load user IP repository 'c:/TEMP/inf3610-lab4/1798345_1798492/ip_repo'; Can't find the specified path.
If this directory should no longer be in your list of user repositories, go to the IP Settings dialog and remove it.
update_ip_catalog -rebuild
INFO: [IP_Flow 19-234] Refreshing IP repositories
WARNING: [IP_Flow 19-2248] Failed to load user IP repository 'c:/TEMP/inf3610-lab4/1798345_1798492/SobelLab4'; Can't find the specified path.
If this directory should no longer be in your list of user repositories, go to the IP Settings dialog and remove it.
WARNING: [IP_Flow 19-2248] Failed to load user IP repository 'c:/TEMP/inf3610-lab4/1798345_1798492/ip_repo'; Can't find the specified path.
If this directory should no longer be in your list of user repositories, go to the IP Settings dialog and remove it.
set_property  ip_repo_paths  {c:/TEMP/inf3610-lab4/1798345_1798492/SobelLab4 C:/TEMP/3610_4/1798345_1798492/SobelLab4 c:/TEMP/inf3610-lab4/1798345_1798492/ip_repo} [current_project]
update_ip_catalog
INFO: [IP_Flow 19-234] Refreshing IP repositories
WARNING: [IP_Flow 19-2248] Failed to load user IP repository 'c:/TEMP/inf3610-lab4/1798345_1798492/SobelLab4'; Can't find the specified path.
If this directory should no longer be in your list of user repositories, go to the IP Settings dialog and remove it.
INFO: [IP_Flow 19-1700] Loaded user IP repository 'c:/TEMP/3610_4/1798345_1798492/SobelLab4'.
WARNING: [IP_Flow 19-2248] Failed to load user IP repository 'c:/TEMP/inf3610-lab4/1798345_1798492/ip_repo'; Can't find the specified path.
If this directory should no longer be in your list of user repositories, go to the IP Settings dialog and remove it.
update_ip_catalog -rebuild
INFO: [IP_Flow 19-234] Refreshing IP repositories
WARNING: [IP_Flow 19-2248] Failed to load user IP repository 'c:/TEMP/inf3610-lab4/1798345_1798492/SobelLab4'; Can't find the specified path.
If this directory should no longer be in your list of user repositories, go to the IP Settings dialog and remove it.
INFO: [IP_Flow 19-1700] Loaded user IP repository 'c:/TEMP/3610_4/1798345_1798492/SobelLab4'.
WARNING: [IP_Flow 19-2248] Failed to load user IP repository 'c:/TEMP/inf3610-lab4/1798345_1798492/ip_repo'; Can't find the specified path.
If this directory should no longer be in your list of user repositories, go to the IP Settings dialog and remove it.
set_property  ip_repo_paths  {c:/TEMP/3610_4/1798345_1798492/SobelLab4 c:/TEMP/inf3610-lab4/1798345_1798492/ip_repo} [current_project]
update_ip_catalog
INFO: [IP_Flow 19-234] Refreshing IP repositories
INFO: [IP_Flow 19-1700] Loaded user IP repository 'c:/TEMP/3610_4/1798345_1798492/SobelLab4'.
WARNING: [IP_Flow 19-2248] Failed to load user IP repository 'c:/TEMP/inf3610-lab4/1798345_1798492/ip_repo'; Can't find the specified path.
If this directory should no longer be in your list of user repositories, go to the IP Settings dialog and remove it.
set_property  ip_repo_paths  c:/TEMP/3610_4/1798345_1798492/SobelLab4 [current_project]
update_ip_catalog
INFO: [IP_Flow 19-234] Refreshing IP repositories
INFO: [IP_Flow 19-1700] Loaded user IP repository 'c:/TEMP/3610_4/1798345_1798492/SobelLab4'.
set_property  ip_repo_paths  {c:/TEMP/3610_4/1798345_1798492/SobelLab4 C:/TEMP/3610_4/1798345_1798492/ip_repo} [current_project]
update_ip_catalog
INFO: [IP_Flow 19-234] Refreshing IP repositories
INFO: [IP_Flow 19-1700] Loaded user IP repository 'c:/TEMP/3610_4/1798345_1798492/SobelLab4'.
INFO: [IP_Flow 19-1700] Loaded user IP repository 'c:/TEMP/3610_4/1798345_1798492/ip_repo'.
startgroup
create_bd_cell -type ip -vlnv polymtl.ca:hls:sobel_filter:1.0 sobel_filter_0
endgroup
set_property location {3 869 691} [get_bd_cells sobel_filter_0]
connect_bd_intf_net -boundary_type upper [get_bd_intf_pins ps7_0_axi_periph/M03_AXI] [get_bd_intf_pins sobel_filter_0/s_axi_AXILiteS]
connect_bd_net [get_bd_pins sobel_filter_0/ap_clk] [get_bd_pins processing_system7_0/FCLK_CLK3]
connect_bd_net [get_bd_pins sobel_filter_0/ap_rst_n] [get_bd_pins rst_ps7_0_100M/peripheral_aresetn]
connect_bd_intf_net [get_bd_intf_pins sobel_filter_0/m_axi_gmem] [get_bd_intf_pins axi_smc/S00_AXI]
connect_bd_intf_net [get_bd_intf_pins sobel_filter_0/m_axi_gmem2] [get_bd_intf_pins axi_smc_1/S00_AXI]
save_bd_design
Wrote  : <C:/TEMP/3610_4/TP4/TP4.srcs/sources_1/bd/design_1/design_1.bd> 
Wrote  : <C:/TEMP/3610_4/TP4/TP4.srcs/sources_1/bd/design_1/ui/bd_1f5defd0.ui> 
open_bd_design {C:/TEMP/3610_4/TP4/TP4.srcs/sources_1/bd/design_1/design_1.bd}
reset_run synth_1
launch_runs synth_1 -jobs 8
WARNING: [Vivado 12-4802] The synthesis checkpoint for IP 'c:/TEMP/3610_4/TP4/TP4.srcs/sources_1/bd/design_1/ip/design_1_sobel_filter_0_0/design_1_sobel_filter_0_0.xci' is not generated and IP is locked. An out-of-context (OOC) run will be created and/or launched, but synthesis may not be able to complete or could result in incorrect behavior.
Please select 'Report IP Status' from the 'Tools/Report' menu or run Tcl command 'report_ip_status' for more information.
WARNING: [Runs 36-337] The following IPs are either missing output products or output products are not up-to-date for Synthesis target. Since these IPs are locked, no update to the output products can be done. 
Please select 'Report IP Status' from the 'Tools/Report' menu or run Tcl command 'report_ip_status' for more information.
C:/TEMP/3610_4/TP4/TP4.srcs/sources_1/bd/design_1/design_1.bd

WARNING: [Runs 36-337] The following IPs are either missing output products or output products are not up-to-date for Implementation target. Since these IPs are locked, no update to the output products can be done. 
Please select 'Report IP Status' from the 'Tools/Report' menu or run Tcl command 'report_ip_status' for more information.
C:/TEMP/3610_4/TP4/TP4.srcs/sources_1/bd/design_1/design_1.bd

[Mon Apr 16 15:28:24 2018] Launched design_1_sobel_filter_0_0_synth_1...
Run output will be captured here: C:/TEMP/3610_4/TP4/TP4.runs/design_1_sobel_filter_0_0_synth_1/runme.log
[Mon Apr 16 15:28:24 2018] Launched synth_1...
Run output will be captured here: C:/TEMP/3610_4/TP4/TP4.runs/synth_1/runme.log
open_bd_design {C:/TEMP/3610_4/TP4/TP4.srcs/sources_1/bd/design_1/design_1.bd}
delete_bd_objs [get_bd_intf_nets ps7_0_axi_periph_M03_AXI] [get_bd_intf_nets sobel_filter_0_m_axi_gmem] [get_bd_intf_nets sobel_filter_0_m_axi_gmem2] [get_bd_cells sobel_filter_0]
