#-----------------------------------------------------------
# Vivado v2017.2 (64-bit)
# SW Build 1909853 on Thu Jun 15 18:39:09 MDT 2017
# IP Build 1909766 on Thu Jun 15 19:58:00 MDT 2017
# Start of session at: Mon Apr 16 12:54:13 2018
# Process ID: 10960
# Current directory: C:/TEMP/3610_4/TP4
# Command line: vivado.exe -gui_launcher_event rodinguilauncherevent8656 C:\TEMP\3610_4\TP4\TP4.xpr
# Log file: C:/TEMP/3610_4/TP4/vivado.log
# Journal file: C:/TEMP/3610_4/TP4\vivado.jou
#-----------------------------------------------------------
start_gui
open_project C:/TEMP/3610_4/TP4/TP4.xpr
Scanning sources...
Finished scanning sources
WARNING: [filemgmt 56-3] IP Repository Path: Could not find the directory 'C:/TEMP/adam/INF3610-Lab4/1798345_1798492/SobelLab4'.
WARNING: [filemgmt 56-3] IP Repository Path: Could not find the directory 'C:/TEMP/adam/INF3610-Lab4/1798345_1798492/ip_repo'.
INFO: [IP_Flow 19-234] Refreshing IP repositories
WARNING: [IP_Flow 19-2248] Failed to load user IP repository 'c:/TEMP/adam/INF3610-Lab4/1798345_1798492/SobelLab4'; Can't find the specified path.
If this directory should no longer be in your list of user repositories, go to the IP Settings dialog and remove it.
WARNING: [IP_Flow 19-2248] Failed to load user IP repository 'c:/TEMP/adam/INF3610-Lab4/1798345_1798492/ip_repo'; Can't find the specified path.
If this directory should no longer be in your list of user repositories, go to the IP Settings dialog and remove it.
INFO: [IP_Flow 19-2313] Loaded Vivado IP repository 'C:/Logiciels/Xilinx/Vivado/2017.2/data/ip'.
WARNING: [IP_Flow 19-3664] IP 'design_1_auto_pc_1' generated file not found 'c:/TEMP/3610_4/TP4/TP4.srcs/sources_1/bd/design_1/ip/design_1_auto_pc_1/stats.txt'. Please regenerate to continue.
WARNING: [IP_Flow 19-3664] IP 'design_1_auto_cc_0' generated file not found 'c:/TEMP/3610_4/TP4/TP4.srcs/sources_1/bd/design_1/ip/design_1_auto_cc_0/stats.txt'. Please regenerate to continue.
WARNING: [IP_Flow 19-3664] IP 'design_1_auto_pc_0' generated file not found 'c:/TEMP/3610_4/TP4/TP4.srcs/sources_1/bd/design_1/ip/design_1_auto_pc_0/stats.txt'. Please regenerate to continue.
WARNING: [BD 41-1661] One or more IPs have been locked in the design 'design_1.bd'. Please run report_ip_status for more details and recommendations on how to fix this issue.
List of locked IPs:
design_1_v_cresample_0_1
design_1_sobel_filter_0_4
design_1_zed_hdmi_out_0_1

open_project: Time (s): cpu = 00:00:26 ; elapsed = 00:00:24 . Memory (MB): peak = 864.395 ; gain = 154.988
update_compile_order -fileset sources_1
INFO: [Vivado 12-4158] Exported Hardware file is out of date. Exported hardware information may be inconsistent with respect to the current state of the design. It is recommended that you re-export the design and launch SDK otherwise SDK is launched with out of date hardware system file.
launch_sdk -workspace C:/TEMP/3610_4/TP4/TP4.sdk -hwspec C:/TEMP/3610_4/TP4/TP4.sdk/design_1_wrapper.hdf
INFO: [Vivado 12-393] Launching SDK...
INFO: [Vivado 12-417] Running xsdk -workspace C:/TEMP/3610_4/TP4/TP4.sdk -hwspec C:/TEMP/3610_4/TP4/TP4.sdk/design_1_wrapper.hdf
INFO: [Vivado 12-3157] SDK launch initiated. Please check console for any further messages.
open_bd_design {C:/TEMP/3610_4/TP4/TP4.srcs/sources_1/bd/design_1/design_1.bd}
Adding cell -- xilinx.com:ip:processing_system7:5.5 - processing_system7_0
Adding cell -- xilinx.com:ip:clk_wiz:5.4 - clk_wiz_0
Adding cell -- xilinx.com:ip:axi_iic:2.0 - zed_hdmi_iic_0
Adding cell -- xilinx.com:ip:proc_sys_reset:5.0 - rst_ps7_0_76M
CRITICAL WARNING: [BD 41-52] Could not find the abstraction definition specified by the vlnv: avnet.com:interface:avnet_hdmi_rtl:1.0 
CRITICAL WARNING: [BD 41-181] Type specified by the VLNV: 'avnet.com:interface:avnet_hdmi_rtl:1.0', cannot be found. Interface port: 'hdmio_io' cannot be created
Adding cell -- xilinx.com:ip:smartconnect:1.0 - axi_smc
Adding cell -- xilinx.com:ip:proc_sys_reset:5.0 - rst_ps7_0_100M
Adding cell -- xilinx.com:ip:smartconnect:1.0 - axi_smc_1
Adding cell -- polymtl.ca:hls:sobel_filter:1.0 - sobel_filter_0
CRITICAL WARNING: [BD 41-52] Could not find the abstraction definition specified by the vlnv: avnet.com:interface:avnet_hdmi_rtl:1.0 
CRITICAL WARNING: [BD 41-181] Type specified by the VLNV: 'avnet.com:interface:avnet_hdmi_rtl:1.0', cannot be found. Interface port: 'hdmio_io' cannot be created
CRITICAL WARNING: [BD 41-52] Could not find the abstraction definition specified by the vlnv: avnet.com:interface:avnet_hdmi_rtl:1.0 
CRITICAL WARNING: [BD 41-181] Type specified by the VLNV: 'avnet.com:interface:avnet_hdmi_rtl:1.0', cannot be found. Interface port: 'hdmio_io' cannot be created
Adding cell -- xilinx.com:ip:axi_vdma:6.3 - axi_vdma_0
Adding cell -- xilinx.com:ip:axis_subset_converter:1.1 - axis_subset_converter_0
Adding cell -- xilinx.com:ip:xlconstant:1.1 - gnd
Adding cell -- xilinx.com:ip:proc_sys_reset:5.0 - proc_sys_reset
Adding cell -- xilinx.com:ip:v_axi4s_vid_out:4.0 - v_axi4s_vid_out_0
Adding cell -- polymtl.ca:hls:CrappyButFreeChromaResampler:1.0 - v_cresample_0
Adding cell -- xilinx.com:ip:v_rgb2ycrcb:7.1 - v_rgb2ycrcb_0
Adding cell -- xilinx.com:ip:v_tc:6.1 - v_tc_0
Adding cell -- xilinx.com:ip:xlconstant:1.1 - vcc
Adding cell -- avnet:zedboard:zed_hdmi_out:2.0 - zed_hdmi_out_0
CRITICAL WARNING: [BD 41-51] Could not find bus definition for the interface: IO_HDMIO 
CRITICAL WARNING: [BD 41-49] Could not find abstraction definition for the interface: IO_HDMIO 
CRITICAL WARNING: [BD 41-49] Could not find abstraction definition for the interface: IO_HDMIO 
CRITICAL WARNING: [BD 41-52] Could not find the abstraction definition specified by the vlnv: avnet.com:interface:avnet_hdmi_rtl:1.0 
CRITICAL WARNING: [BD 41-181] Type specified by the VLNV: 'avnet.com:interface:avnet_hdmi_rtl:1.0', cannot be found. Interface port: 'hdmio_io' cannot be created
CRITICAL WARNING: [BD 41-52] Could not find the abstraction definition specified by the vlnv: avnet.com:interface:avnet_hdmi_rtl:1.0 
CRITICAL WARNING: [BD 41-181] Type specified by the VLNV: 'avnet.com:interface:avnet_hdmi_rtl:1.0', cannot be found. Interface port: 'hdmio_io' cannot be created
Adding cell -- xilinx.com:ip:axi_protocol_converter:2.1 - auto_pc
Adding cell -- xilinx.com:ip:axi_crossbar:2.1 - xbar
Adding cell -- xilinx.com:ip:axi_clock_converter:2.1 - auto_cc
Adding cell -- xilinx.com:ip:axi_protocol_converter:2.1 - auto_pc
Successfully read diagram <design_1> from BD file <C:/TEMP/3610_4/TP4/TP4.srcs/sources_1/bd/design_1/design_1.bd>
open_bd_design: Time (s): cpu = 00:00:15 ; elapsed = 00:00:13 . Memory (MB): peak = 928.273 ; gain = 54.059
INFO: [Vivado 12-4158] Exported Hardware file is out of date. Exported hardware information may be inconsistent with respect to the current state of the design. It is recommended that you re-export the design and launch SDK otherwise SDK is launched with out of date hardware system file.
launch_sdk -workspace C:/TEMP/3610_4/TP4/TP4.sdk -hwspec C:/TEMP/3610_4/TP4/TP4.sdk/design_1_wrapper.hdf
INFO: [Vivado 12-393] Launching SDK...
INFO: [Vivado 12-417] Running xsdk -workspace C:/TEMP/3610_4/TP4/TP4.sdk -hwspec C:/TEMP/3610_4/TP4/TP4.sdk/design_1_wrapper.hdf
INFO: [Vivado 12-3157] SDK launch initiated. Please check console for any further messages.
update_ip_catalog -rebuild
INFO: [IP_Flow 19-234] Refreshing IP repositories
WARNING: [IP_Flow 19-2248] Failed to load user IP repository 'c:/TEMP/adam/INF3610-Lab4/1798345_1798492/SobelLab4'; Can't find the specified path.
If this directory should no longer be in your list of user repositories, go to the IP Settings dialog and remove it.
WARNING: [IP_Flow 19-2248] Failed to load user IP repository 'c:/TEMP/adam/INF3610-Lab4/1798345_1798492/ip_repo'; Can't find the specified path.
If this directory should no longer be in your list of user repositories, go to the IP Settings dialog and remove it.
set_property  ip_repo_paths  {c:/TEMP/adam/INF3610-Lab4/1798345_1798492/SobelLab4 C:/TEMP/inf3610-lab4/1798345_1798492/SobelLab4 c:/TEMP/adam/INF3610-Lab4/1798345_1798492/ip_repo} [current_project]
update_ip_catalog
INFO: [IP_Flow 19-234] Refreshing IP repositories
WARNING: [IP_Flow 19-2248] Failed to load user IP repository 'c:/TEMP/adam/INF3610-Lab4/1798345_1798492/SobelLab4'; Can't find the specified path.
If this directory should no longer be in your list of user repositories, go to the IP Settings dialog and remove it.
INFO: [IP_Flow 19-1700] Loaded user IP repository 'c:/TEMP/inf3610-lab4/1798345_1798492/SobelLab4'.
WARNING: [IP_Flow 19-2248] Failed to load user IP repository 'c:/TEMP/adam/INF3610-Lab4/1798345_1798492/ip_repo'; Can't find the specified path.
If this directory should no longer be in your list of user repositories, go to the IP Settings dialog and remove it.
update_ip_catalog -rebuild
INFO: [IP_Flow 19-234] Refreshing IP repositories
WARNING: [IP_Flow 19-2248] Failed to load user IP repository 'c:/TEMP/adam/INF3610-Lab4/1798345_1798492/SobelLab4'; Can't find the specified path.
If this directory should no longer be in your list of user repositories, go to the IP Settings dialog and remove it.
INFO: [IP_Flow 19-1700] Loaded user IP repository 'c:/TEMP/inf3610-lab4/1798345_1798492/SobelLab4'.
WARNING: [IP_Flow 19-2248] Failed to load user IP repository 'c:/TEMP/adam/INF3610-Lab4/1798345_1798492/ip_repo'; Can't find the specified path.
If this directory should no longer be in your list of user repositories, go to the IP Settings dialog and remove it.
set_property  ip_repo_paths  {c:/TEMP/adam/INF3610-Lab4/1798345_1798492/SobelLab4 c:/TEMP/adam/INF3610-Lab4/1798345_1798492/ip_repo} [current_project]
update_ip_catalog
INFO: [IP_Flow 19-234] Refreshing IP repositories
WARNING: [IP_Flow 19-2248] Failed to load user IP repository 'c:/TEMP/adam/INF3610-Lab4/1798345_1798492/SobelLab4'; Can't find the specified path.
If this directory should no longer be in your list of user repositories, go to the IP Settings dialog and remove it.
WARNING: [IP_Flow 19-2248] Failed to load user IP repository 'c:/TEMP/adam/INF3610-Lab4/1798345_1798492/ip_repo'; Can't find the specified path.
If this directory should no longer be in your list of user repositories, go to the IP Settings dialog and remove it.
set_property  ip_repo_paths  c:/TEMP/adam/INF3610-Lab4/1798345_1798492/ip_repo [current_project]
update_ip_catalog
INFO: [IP_Flow 19-234] Refreshing IP repositories
WARNING: [IP_Flow 19-2248] Failed to load user IP repository 'c:/TEMP/adam/INF3610-Lab4/1798345_1798492/ip_repo'; Can't find the specified path.
If this directory should no longer be in your list of user repositories, go to the IP Settings dialog and remove it.
set_property  ip_repo_paths  {} [current_project]
update_ip_catalog
INFO: [IP_Flow 19-234] Refreshing IP repositories
INFO: [IP_Flow 19-1704] No user IP repositories specified
set_property  ip_repo_paths  C:/TEMP/3610_4/1728325_1728235/SobelLab4 [current_project]
update_ip_catalog
INFO: [IP_Flow 19-234] Refreshing IP repositories
INFO: [IP_Flow 19-1700] Loaded user IP repository 'c:/TEMP/3610_4/1728325_1728235/SobelLab4'.
reset_run synth_1
launch_runs impl_1 -to_step write_bitstream -jobs 8
[Mon Apr 16 13:48:14 2018] Launched synth_1...
Run output will be captured here: C:/TEMP/3610_4/TP4/TP4.runs/synth_1/runme.log
[Mon Apr 16 13:48:14 2018] Launched impl_1...
Run output will be captured here: C:/TEMP/3610_4/TP4/TP4.runs/impl_1/runme.log
reset_run impl_1
update_ip_catalog -rebuild
INFO: [IP_Flow 19-234] Refreshing IP repositories
WARNING: [IP_Flow 19-2248] Failed to load user IP repository 'c:/TEMP/3610_4/1728325_1728235/SobelLab4'; Can't find the specified path.
If this directory should no longer be in your list of user repositories, go to the IP Settings dialog and remove it.
set_property  ip_repo_paths  {} [current_project]
update_ip_catalog
INFO: [IP_Flow 19-234] Refreshing IP repositories
INFO: [IP_Flow 19-1704] No user IP repositories specified
set_property  ip_repo_paths  C:/TEMP/inf3610-lab4/1798345_1798492/SobelLab4 [current_project]
update_ip_catalog
INFO: [IP_Flow 19-234] Refreshing IP repositories
INFO: [IP_Flow 19-1700] Loaded user IP repository 'c:/TEMP/inf3610-lab4/1798345_1798492/SobelLab4'.
set_property  ip_repo_paths  {c:/TEMP/inf3610-lab4/1798345_1798492/SobelLab4 C:/TEMP/inf3610-lab4/1798345_1798492/ip_repo} [current_project]
update_ip_catalog
INFO: [IP_Flow 19-234] Refreshing IP repositories
INFO: [IP_Flow 19-1700] Loaded user IP repository 'c:/TEMP/inf3610-lab4/1798345_1798492/SobelLab4'.
INFO: [IP_Flow 19-1700] Loaded user IP repository 'c:/TEMP/inf3610-lab4/1798345_1798492/ip_repo'.
launch_runs impl_1 -to_step write_bitstream -jobs 8
[Mon Apr 16 13:51:49 2018] Launched impl_1...
Run output will be captured here: C:/TEMP/3610_4/TP4/TP4.runs/impl_1/runme.log
add_files -fileset constrs_1 -norecurse C:/TEMP/3610_4/1798345_1798492/ip_repo/AVNET_ZED_HDMI/constraints/zedboard_hdmi_display.xdc
reset_run synth_1
launch_runs impl_1 -to_step write_bitstream -jobs 8
[Mon Apr 16 13:55:06 2018] Launched synth_1...
Run output will be captured here: C:/TEMP/3610_4/TP4/TP4.runs/synth_1/runme.log
[Mon Apr 16 13:55:06 2018] Launched impl_1...
Run output will be captured here: C:/TEMP/3610_4/TP4/TP4.runs/impl_1/runme.log
update_files -from_files C:/TEMP/3610_4/1798345_1798492/ip_repo/AVNET_ZED_HDMI/constraints/zedboard_hdmi_display.xdc -to_files C:/TEMP/3610_4/1728325_1728235/ip_repo/AVNET_ZED_HDMI/constraints/zedboard_hdmi_display.xdc -filesets [get_filesets *]
INFO: [filemgmt 20-762] Replacing file 'C:/TEMP/3610_4/1728325_1728235/ip_repo/AVNET_ZED_HDMI/constraints/zedboard_hdmi_display.xdc' with file 'C:/TEMP/3610_4/1798345_1798492/ip_repo/AVNET_ZED_HDMI/constraints/zedboard_hdmi_display.xdc'.
reset_run synth_1
launch_runs impl_1 -to_step write_bitstream -jobs 8
[Mon Apr 16 13:57:33 2018] Launched synth_1...
Run output will be captured here: C:/TEMP/3610_4/TP4/TP4.runs/synth_1/runme.log
[Mon Apr 16 13:57:33 2018] Launched impl_1...
Run output will be captured here: C:/TEMP/3610_4/TP4/TP4.runs/impl_1/runme.log
file copy -force C:/TEMP/3610_4/TP4/TP4.runs/impl_1/design_1_wrapper.sysdef C:/TEMP/3610_4/TP4/TP4.sdk/design_1_wrapper.hdf

launch_sdk -workspace C:/TEMP/3610_4/TP4/TP4.sdk -hwspec C:/TEMP/3610_4/TP4/TP4.sdk/design_1_wrapper.hdf
INFO: [Vivado 12-393] Launching SDK...
INFO: [Vivado 12-417] Running xsdk -workspace C:/TEMP/3610_4/TP4/TP4.sdk -hwspec C:/TEMP/3610_4/TP4/TP4.sdk/design_1_wrapper.hdf
INFO: [Vivado 12-3157] SDK launch initiated. Please check console for any further messages.
launch_sdk -workspace C:/TEMP/3610_4/TP4/TP4.sdk -hwspec C:/TEMP/3610_4/TP4/TP4.sdk/design_1_wrapper.hdf
INFO: [Vivado 12-393] Launching SDK...
INFO: [Vivado 12-417] Running xsdk -workspace C:/TEMP/3610_4/TP4/TP4.sdk -hwspec C:/TEMP/3610_4/TP4/TP4.sdk/design_1_wrapper.hdf
INFO: [Vivado 12-3157] SDK launch initiated. Please check console for any further messages.
regenerate_bd_layout -routing
regenerate_bd_layout
regenerate_bd_layout -routing
open_bd_design {C:/TEMP/3610_4/TP4/TP4.srcs/sources_1/bd/design_1/design_1.bd}
regenerate_bd_layout
save_bd_design
Wrote  : <C:/TEMP/3610_4/TP4/TP4.srcs/sources_1/bd/design_1/ui/bd_1f5defd0.ui> 
regenerate_bd_layout
regenerate_bd_layout -routing
save_bd_design
reset_run synth_1
launch_runs synth_1 -jobs 8
[Mon Apr 16 14:59:36 2018] Launched synth_1...
Run output will be captured here: C:/TEMP/3610_4/TP4/TP4.runs/synth_1/runme.log
launch_runs impl_1 -jobs 8
[Mon Apr 16 15:01:03 2018] Launched impl_1...
Run output will be captured here: C:/TEMP/3610_4/TP4/TP4.runs/impl_1/runme.log
launch_runs impl_1 -to_step write_bitstream -jobs 8
[Mon Apr 16 15:05:27 2018] Launched impl_1...
Run output will be captured here: C:/TEMP/3610_4/TP4/TP4.runs/impl_1/runme.log
file copy -force C:/TEMP/3610_4/TP4/TP4.runs/impl_1/design_1_wrapper.sysdef C:/TEMP/3610_4/TP4/TP4.sdk/design_1_wrapper.hdf

open_bd_design {C:/TEMP/3610_4/TP4/TP4.srcs/sources_1/bd/design_1/design_1.bd}
update_ip_catalog -rebuild
INFO: [IP_Flow 19-234] Refreshing IP repositories
WARNING: [IP_Flow 19-2248] Failed to load user IP repository 'c:/TEMP/inf3610-lab4/1798345_1798492/SobelLab4'; Can't find the specified path.
If this directory should no longer be in your list of user repositories, go to the IP Settings dialog and remove it.
WARNING: [IP_Flow 19-2248] Failed to load user IP repository 'c:/TEMP/inf3610-lab4/1798345_1798492/ip_repo'; Can't find the specified path.
If this directory should no longer be in your list of user repositories, go to the IP Settings dialog and remove it.
update_ip_catalog -rebuild -repo_path c:/TEMP/inf3610-lab4/1798345_1798492/SobelLab4
CRITICAL WARNING: [IP_Flow 19-1681] Failed to reload user IP repository 'c:/TEMP/inf3610-lab4/1798345_1798492/SobelLab4'. ''c:/TEMP/inf3610-lab4/1798345_1798492/SobelLab4' is not valid: Can't find the specified path.'
0
exit
INFO: [Common 17-206] Exiting Vivado at Mon Apr 16 15:13:28 2018...
