14:33:49 INFO  : Registering command handlers for SDK TCF services
14:33:52 INFO  : Launching XSCT server: xsct.bat -interactive C:\TEMP\INF3610_4\1798345_1798492\bonheur\bonheur.sdk\temp_xsdb_launch_script.tcl
14:34:03 INFO  : XSCT server has started successfully.
14:34:03 INFO  : Successfully done setting XSCT server connection channel  
14:34:18 INFO  : Successfully done setting SDK workspace  
14:34:18 INFO  : Processing command line option -hwspec C:/TEMP/INF3610_4/1798345_1798492/bonheur/bonheur.sdk/design_1_wrapper.hdf.
15:00:02 INFO  : Connected to target on host '127.0.0.1' and port '3121'.
15:00:03 INFO  : 'targets -set -filter {jtag_cable_name =~ "Digilent Zed 210248775228" && level==0} -index 1' command is executed.
15:00:06 INFO  : FPGA configured successfully with bitstream "C:/TEMP/INF3610_4/1798345_1798492/bonheur/bonheur.sdk/design_1_wrapper_hw_platform_0/design_1_wrapper.bit"
15:00:21 INFO  : 'targets -set -filter {jtag_cable_name =~ "Digilent Zed 210248775228" && level==0} -index 1' command is executed.
15:00:21 INFO  : 'fpga -state' command is executed.
15:00:21 INFO  : Connected to target on host '127.0.0.1' and port '3121'.
15:00:22 INFO  : Jtag cable 'Digilent Zed 210248775228' is selected.
15:00:22 INFO  : 'jtag frequency' command is executed.
15:00:22 INFO  : Sourcing of 'C:/TEMP/INF3610_4/1798345_1798492/bonheur/bonheur.sdk/design_1_wrapper_hw_platform_0/ps7_init.tcl' is done.
15:00:22 INFO  : Context for 'APU' is selected.
15:00:22 INFO  : Hardware design information is loaded from 'C:/TEMP/INF3610_4/1798345_1798492/bonheur/bonheur.sdk/design_1_wrapper_hw_platform_0/system.hdf'.
15:00:22 INFO  : 'configparams force-mem-access 1' command is executed.
15:00:22 INFO  : Context for 'APU' is selected.
15:00:22 INFO  : 'stop' command is executed.
15:00:23 INFO  : 'ps7_init' command is executed.
15:00:23 INFO  : 'ps7_post_config' command is executed.
15:00:23 INFO  : Context for processor 'ps7_cortexa9_0' is selected.
15:00:23 INFO  : Processor reset is completed for 'ps7_cortexa9_0'.
15:00:23 INFO  : Context for processor 'ps7_cortexa9_0' is selected.
15:00:23 INFO  : The application 'C:/TEMP/INF3610_4/1798345_1798492/bonheur/bonheur.sdk/lab4/Debug/lab4.elf' is downloaded to processor 'ps7_cortexa9_0'.
15:00:23 INFO  : 'configparams force-mem-access 0' command is executed.
15:00:23 INFO  : ----------------XSDB Script----------------
connect -url tcp:127.0.0.1:3121
source C:/TEMP/INF3610_4/1798345_1798492/bonheur/bonheur.sdk/design_1_wrapper_hw_platform_0/ps7_init.tcl
targets -set -nocase -filter {name =~"APU*" && jtag_cable_name =~ "Digilent Zed 210248775228"} -index 0
loadhw -hw C:/TEMP/INF3610_4/1798345_1798492/bonheur/bonheur.sdk/design_1_wrapper_hw_platform_0/system.hdf -mem-ranges [list {0x40000000 0xbfffffff}]
configparams force-mem-access 1
targets -set -nocase -filter {name =~"APU*" && jtag_cable_name =~ "Digilent Zed 210248775228"} -index 0
stop
ps7_init
ps7_post_config
targets -set -nocase -filter {name =~ "ARM*#0" && jtag_cable_name =~ "Digilent Zed 210248775228"} -index 0
rst -processor
targets -set -nocase -filter {name =~ "ARM*#0" && jtag_cable_name =~ "Digilent Zed 210248775228"} -index 0
dow C:/TEMP/INF3610_4/1798345_1798492/bonheur/bonheur.sdk/lab4/Debug/lab4.elf
configparams force-mem-access 0
----------------End of Script----------------

15:00:24 INFO  : Memory regions updated for context APU
15:00:24 INFO  : Context for processor 'ps7_cortexa9_0' is selected.
15:00:24 INFO  : 'con' command is executed.
15:00:24 INFO  : ----------------XSDB Script (After Launch)----------------
targets -set -nocase -filter {name =~ "ARM*#0" && jtag_cable_name =~ "Digilent Zed 210248775228"} -index 0
con
----------------End of Script----------------

15:00:24 INFO  : Launch script is exported to file 'C:\TEMP\INF3610_4\1798345_1798492\bonheur\bonheur.sdk\.sdk\launch_scripts\xilinx_c-c++_application_(system_debugger)\system_debugger_using_debug_lab4.elf_on_local.tcl'
15:04:00 INFO  : Disconnected from the channel tcfchan#1.
15:04:01 INFO  : 'targets -set -filter {jtag_cable_name =~ "Digilent Zed 210248775228" && level==0} -index 1' command is executed.
15:04:01 INFO  : 'fpga -state' command is executed.
15:04:01 INFO  : Connected to target on host '127.0.0.1' and port '3121'.
15:04:01 INFO  : Jtag cable 'Digilent Zed 210248775228' is selected.
15:04:01 INFO  : 'jtag frequency' command is executed.
15:04:01 INFO  : Sourcing of 'C:/TEMP/INF3610_4/1798345_1798492/bonheur/bonheur.sdk/design_1_wrapper_hw_platform_0/ps7_init.tcl' is done.
15:04:01 INFO  : Context for 'APU' is selected.
15:04:05 INFO  : Hardware design information is loaded from 'C:/TEMP/INF3610_4/1798345_1798492/bonheur/bonheur.sdk/design_1_wrapper_hw_platform_0/system.hdf'.
15:04:05 INFO  : 'configparams force-mem-access 1' command is executed.
15:04:05 INFO  : Context for 'APU' is selected.
15:04:05 INFO  : 'stop' command is executed.
15:04:05 INFO  : 'ps7_init' command is executed.
15:04:05 INFO  : 'ps7_post_config' command is executed.
15:04:05 INFO  : Context for processor 'ps7_cortexa9_0' is selected.
15:04:05 INFO  : Processor reset is completed for 'ps7_cortexa9_0'.
15:04:05 INFO  : Context for processor 'ps7_cortexa9_0' is selected.
15:04:06 INFO  : The application 'C:/TEMP/INF3610_4/1798345_1798492/bonheur/bonheur.sdk/lab4/Debug/lab4.elf' is downloaded to processor 'ps7_cortexa9_0'.
15:04:06 INFO  : 'configparams force-mem-access 0' command is executed.
15:04:06 INFO  : ----------------XSDB Script----------------
connect -url tcp:127.0.0.1:3121
source C:/TEMP/INF3610_4/1798345_1798492/bonheur/bonheur.sdk/design_1_wrapper_hw_platform_0/ps7_init.tcl
targets -set -nocase -filter {name =~"APU*" && jtag_cable_name =~ "Digilent Zed 210248775228"} -index 0
loadhw -hw C:/TEMP/INF3610_4/1798345_1798492/bonheur/bonheur.sdk/design_1_wrapper_hw_platform_0/system.hdf -mem-ranges [list {0x40000000 0xbfffffff}]
configparams force-mem-access 1
targets -set -nocase -filter {name =~"APU*" && jtag_cable_name =~ "Digilent Zed 210248775228"} -index 0
stop
ps7_init
ps7_post_config
targets -set -nocase -filter {name =~ "ARM*#0" && jtag_cable_name =~ "Digilent Zed 210248775228"} -index 0
rst -processor
targets -set -nocase -filter {name =~ "ARM*#0" && jtag_cable_name =~ "Digilent Zed 210248775228"} -index 0
dow C:/TEMP/INF3610_4/1798345_1798492/bonheur/bonheur.sdk/lab4/Debug/lab4.elf
configparams force-mem-access 0
----------------End of Script----------------

15:04:06 INFO  : Memory regions updated for context APU
15:04:06 INFO  : Context for processor 'ps7_cortexa9_0' is selected.
15:04:06 INFO  : 'con' command is executed.
15:04:06 INFO  : ----------------XSDB Script (After Launch)----------------
targets -set -nocase -filter {name =~ "ARM*#0" && jtag_cable_name =~ "Digilent Zed 210248775228"} -index 0
con
----------------End of Script----------------

15:04:06 INFO  : Launch script is exported to file 'C:\TEMP\INF3610_4\1798345_1798492\bonheur\bonheur.sdk\.sdk\launch_scripts\xilinx_c-c++_application_(system_debugger)\system_debugger_using_debug_lab4.elf_on_local.tcl'
15:07:54 INFO  : Connected to target on host '127.0.0.1' and port '3121'.
15:07:56 INFO  : 'targets -set -filter {jtag_cable_name =~ "Digilent Zed 210248775228" && level==0} -index 1' command is executed.
15:07:58 INFO  : FPGA configured successfully with bitstream "C:/TEMP/INF3610_4/1798345_1798492/bonheur/bonheur.sdk/design_1_wrapper_hw_platform_0/design_1_wrapper.bit"
15:08:06 INFO  : Disconnected from the channel tcfchan#2.
15:08:07 INFO  : 'targets -set -filter {jtag_cable_name =~ "Digilent Zed 210248775228" && level==0} -index 1' command is executed.
15:08:07 INFO  : 'fpga -state' command is executed.
15:08:07 INFO  : Connected to target on host '127.0.0.1' and port '3121'.
15:08:07 INFO  : Jtag cable 'Digilent Zed 210248775228' is selected.
15:08:07 INFO  : 'jtag frequency' command is executed.
15:08:07 INFO  : Sourcing of 'C:/TEMP/INF3610_4/1798345_1798492/bonheur/bonheur.sdk/design_1_wrapper_hw_platform_0/ps7_init.tcl' is done.
15:08:07 INFO  : Context for 'APU' is selected.
15:08:11 INFO  : Hardware design information is loaded from 'C:/TEMP/INF3610_4/1798345_1798492/bonheur/bonheur.sdk/design_1_wrapper_hw_platform_0/system.hdf'.
15:08:11 INFO  : 'configparams force-mem-access 1' command is executed.
15:08:11 INFO  : Context for 'APU' is selected.
15:08:11 INFO  : 'stop' command is executed.
15:08:11 INFO  : 'ps7_init' command is executed.
15:08:11 INFO  : 'ps7_post_config' command is executed.
15:08:11 INFO  : Context for processor 'ps7_cortexa9_0' is selected.
15:08:11 INFO  : Processor reset is completed for 'ps7_cortexa9_0'.
15:08:11 INFO  : Context for processor 'ps7_cortexa9_0' is selected.
15:08:12 INFO  : The application 'C:/TEMP/INF3610_4/1798345_1798492/bonheur/bonheur.sdk/lab4/Debug/lab4.elf' is downloaded to processor 'ps7_cortexa9_0'.
15:08:12 INFO  : 'configparams force-mem-access 0' command is executed.
15:08:12 INFO  : ----------------XSDB Script----------------
connect -url tcp:127.0.0.1:3121
source C:/TEMP/INF3610_4/1798345_1798492/bonheur/bonheur.sdk/design_1_wrapper_hw_platform_0/ps7_init.tcl
targets -set -nocase -filter {name =~"APU*" && jtag_cable_name =~ "Digilent Zed 210248775228"} -index 0
loadhw -hw C:/TEMP/INF3610_4/1798345_1798492/bonheur/bonheur.sdk/design_1_wrapper_hw_platform_0/system.hdf -mem-ranges [list {0x40000000 0xbfffffff}]
configparams force-mem-access 1
targets -set -nocase -filter {name =~"APU*" && jtag_cable_name =~ "Digilent Zed 210248775228"} -index 0
stop
ps7_init
ps7_post_config
targets -set -nocase -filter {name =~ "ARM*#0" && jtag_cable_name =~ "Digilent Zed 210248775228"} -index 0
rst -processor
targets -set -nocase -filter {name =~ "ARM*#0" && jtag_cable_name =~ "Digilent Zed 210248775228"} -index 0
dow C:/TEMP/INF3610_4/1798345_1798492/bonheur/bonheur.sdk/lab4/Debug/lab4.elf
configparams force-mem-access 0
----------------End of Script----------------

15:08:12 INFO  : Memory regions updated for context APU
15:08:12 INFO  : Context for processor 'ps7_cortexa9_0' is selected.
15:08:12 INFO  : 'con' command is executed.
15:08:12 INFO  : ----------------XSDB Script (After Launch)----------------
targets -set -nocase -filter {name =~ "ARM*#0" && jtag_cable_name =~ "Digilent Zed 210248775228"} -index 0
con
----------------End of Script----------------

15:08:12 INFO  : Launch script is exported to file 'C:\TEMP\INF3610_4\1798345_1798492\bonheur\bonheur.sdk\.sdk\launch_scripts\xilinx_c-c++_application_(system_debugger)\system_debugger_using_debug_lab4.elf_on_local.tcl'
15:20:18 INFO  : Disconnected from the channel tcfchan#3.
15:20:19 INFO  : 'targets -set -filter {jtag_cable_name =~ "Digilent Zed 210248775228" && level==0} -index 1' command is executed.
15:20:19 INFO  : 'fpga -state' command is executed.
15:20:19 INFO  : Connected to target on host '127.0.0.1' and port '3121'.
15:20:20 INFO  : Jtag cable 'Digilent Zed 210248775228' is selected.
15:20:20 INFO  : 'jtag frequency' command is executed.
15:20:20 INFO  : Sourcing of 'C:/TEMP/INF3610_4/1798345_1798492/bonheur/bonheur.sdk/design_1_wrapper_hw_platform_0/ps7_init.tcl' is done.
15:20:20 INFO  : Context for 'APU' is selected.
15:20:22 INFO  : Hardware design information is loaded from 'C:/TEMP/INF3610_4/1798345_1798492/bonheur/bonheur.sdk/design_1_wrapper_hw_platform_0/system.hdf'.
15:20:22 INFO  : 'configparams force-mem-access 1' command is executed.
15:20:22 INFO  : Context for 'APU' is selected.
15:20:22 INFO  : 'stop' command is executed.
15:20:23 INFO  : 'ps7_init' command is executed.
15:20:23 INFO  : 'ps7_post_config' command is executed.
15:20:23 INFO  : Context for processor 'ps7_cortexa9_0' is selected.
15:20:23 INFO  : Processor reset is completed for 'ps7_cortexa9_0'.
15:20:23 INFO  : Context for processor 'ps7_cortexa9_0' is selected.
15:20:24 INFO  : The application 'C:/TEMP/INF3610_4/1798345_1798492/bonheur/bonheur.sdk/lab4/Debug/lab4.elf' is downloaded to processor 'ps7_cortexa9_0'.
15:20:24 INFO  : 'configparams force-mem-access 0' command is executed.
15:20:24 INFO  : ----------------XSDB Script----------------
connect -url tcp:127.0.0.1:3121
source C:/TEMP/INF3610_4/1798345_1798492/bonheur/bonheur.sdk/design_1_wrapper_hw_platform_0/ps7_init.tcl
targets -set -nocase -filter {name =~"APU*" && jtag_cable_name =~ "Digilent Zed 210248775228"} -index 0
loadhw -hw C:/TEMP/INF3610_4/1798345_1798492/bonheur/bonheur.sdk/design_1_wrapper_hw_platform_0/system.hdf -mem-ranges [list {0x40000000 0xbfffffff}]
configparams force-mem-access 1
targets -set -nocase -filter {name =~"APU*" && jtag_cable_name =~ "Digilent Zed 210248775228"} -index 0
stop
ps7_init
ps7_post_config
targets -set -nocase -filter {name =~ "ARM*#0" && jtag_cable_name =~ "Digilent Zed 210248775228"} -index 0
rst -processor
targets -set -nocase -filter {name =~ "ARM*#0" && jtag_cable_name =~ "Digilent Zed 210248775228"} -index 0
dow C:/TEMP/INF3610_4/1798345_1798492/bonheur/bonheur.sdk/lab4/Debug/lab4.elf
configparams force-mem-access 0
----------------End of Script----------------

15:20:24 INFO  : Memory regions updated for context APU
15:20:24 INFO  : Context for processor 'ps7_cortexa9_0' is selected.
15:20:24 INFO  : 'con' command is executed.
15:20:24 INFO  : ----------------XSDB Script (After Launch)----------------
targets -set -nocase -filter {name =~ "ARM*#0" && jtag_cable_name =~ "Digilent Zed 210248775228"} -index 0
con
----------------End of Script----------------

15:20:24 INFO  : Launch script is exported to file 'C:\TEMP\INF3610_4\1798345_1798492\bonheur\bonheur.sdk\.sdk\launch_scripts\xilinx_c-c++_application_(system_debugger)\system_debugger_using_debug_lab4.elf_on_local.tcl'
15:20:52 INFO  : Disconnected from the channel tcfchan#4.
15:20:53 INFO  : 'targets -set -filter {jtag_cable_name =~ "Digilent Zed 210248775228" && level==0} -index 1' command is executed.
15:20:53 INFO  : 'fpga -state' command is executed.
15:20:53 INFO  : Connected to target on host '127.0.0.1' and port '3121'.
15:20:54 INFO  : Jtag cable 'Digilent Zed 210248775228' is selected.
15:20:54 INFO  : 'jtag frequency' command is executed.
15:20:54 INFO  : Sourcing of 'C:/TEMP/INF3610_4/1798345_1798492/bonheur/bonheur.sdk/design_1_wrapper_hw_platform_0/ps7_init.tcl' is done.
15:20:54 INFO  : Context for 'APU' is selected.
15:20:56 INFO  : Hardware design information is loaded from 'C:/TEMP/INF3610_4/1798345_1798492/bonheur/bonheur.sdk/design_1_wrapper_hw_platform_0/system.hdf'.
15:20:56 INFO  : 'configparams force-mem-access 1' command is executed.
15:20:56 INFO  : Context for 'APU' is selected.
15:20:56 INFO  : 'stop' command is executed.
15:20:57 INFO  : 'ps7_init' command is executed.
15:20:57 INFO  : 'ps7_post_config' command is executed.
15:20:57 INFO  : Context for processor 'ps7_cortexa9_0' is selected.
15:20:57 INFO  : Processor reset is completed for 'ps7_cortexa9_0'.
15:20:57 INFO  : Context for processor 'ps7_cortexa9_0' is selected.
15:20:58 INFO  : The application 'C:/TEMP/INF3610_4/1798345_1798492/bonheur/bonheur.sdk/lab4/Debug/lab4.elf' is downloaded to processor 'ps7_cortexa9_0'.
15:20:58 INFO  : 'configparams force-mem-access 0' command is executed.
15:20:58 INFO  : ----------------XSDB Script----------------
connect -url tcp:127.0.0.1:3121
source C:/TEMP/INF3610_4/1798345_1798492/bonheur/bonheur.sdk/design_1_wrapper_hw_platform_0/ps7_init.tcl
targets -set -nocase -filter {name =~"APU*" && jtag_cable_name =~ "Digilent Zed 210248775228"} -index 0
loadhw -hw C:/TEMP/INF3610_4/1798345_1798492/bonheur/bonheur.sdk/design_1_wrapper_hw_platform_0/system.hdf -mem-ranges [list {0x40000000 0xbfffffff}]
configparams force-mem-access 1
targets -set -nocase -filter {name =~"APU*" && jtag_cable_name =~ "Digilent Zed 210248775228"} -index 0
stop
ps7_init
ps7_post_config
targets -set -nocase -filter {name =~ "ARM*#0" && jtag_cable_name =~ "Digilent Zed 210248775228"} -index 0
rst -processor
targets -set -nocase -filter {name =~ "ARM*#0" && jtag_cable_name =~ "Digilent Zed 210248775228"} -index 0
dow C:/TEMP/INF3610_4/1798345_1798492/bonheur/bonheur.sdk/lab4/Debug/lab4.elf
configparams force-mem-access 0
----------------End of Script----------------

15:20:58 INFO  : Memory regions updated for context APU
15:20:58 INFO  : Context for processor 'ps7_cortexa9_0' is selected.
15:20:58 INFO  : 'con' command is executed.
15:20:58 INFO  : ----------------XSDB Script (After Launch)----------------
targets -set -nocase -filter {name =~ "ARM*#0" && jtag_cable_name =~ "Digilent Zed 210248775228"} -index 0
con
----------------End of Script----------------

15:20:58 INFO  : Launch script is exported to file 'C:\TEMP\INF3610_4\1798345_1798492\bonheur\bonheur.sdk\.sdk\launch_scripts\xilinx_c-c++_application_(system_debugger)\system_debugger_using_debug_lab4.elf_on_local.tcl'
