
*** Running vivado
    with args -log design_1_clk_wiz_0_0.vds -m64 -product Vivado -mode batch -messageDb vivado.pb -notrace -source design_1_clk_wiz_0_0.tcl


****** Vivado v2017.2 (64-bit)
  **** SW Build 1909853 on Thu Jun 15 18:39:09 MDT 2017
  **** IP Build 1909766 on Thu Jun 15 19:58:00 MDT 2017
    ** Copyright 1986-2017 Xilinx, Inc. All Rights Reserved.

source design_1_clk_wiz_0_0.tcl -notrace
Starting RTL Elaboration : Time (s): cpu = 00:00:06 ; elapsed = 00:00:06 . Memory (MB): peak = 340.957 ; gain = 78.918
INFO: [Synth 8-638] synthesizing module 'design_1_clk_wiz_0_0' [c:/TEMP/3610_4/TP4/TP4.srcs/sources_1/bd/design_1/ip/design_1_clk_wiz_0_0/design_1_clk_wiz_0_0.v:70]
INFO: [Synth 8-638] synthesizing module 'design_1_clk_wiz_0_0_clk_wiz' [c:/TEMP/3610_4/TP4/TP4.srcs/sources_1/bd/design_1/ip/design_1_clk_wiz_0_0/design_1_clk_wiz_0_0_clk_wiz.v:68]
INFO: [Synth 8-638] synthesizing module 'IBUF' [C:/Logiciels/Xilinx/Vivado/2017.2/scripts/rt/data/unisim_comp.v:14470]
INFO: [Synth 8-256] done synthesizing module 'IBUF' (1#1) [C:/Logiciels/Xilinx/Vivado/2017.2/scripts/rt/data/unisim_comp.v:14470]
INFO: [Synth 8-638] synthesizing module 'MMCME2_ADV' [C:/Logiciels/Xilinx/Vivado/2017.2/scripts/rt/data/unisim_comp.v:20759]
INFO: [Synth 8-256] done synthesizing module 'MMCME2_ADV' (2#1) [C:/Logiciels/Xilinx/Vivado/2017.2/scripts/rt/data/unisim_comp.v:20759]
INFO: [Synth 8-638] synthesizing module 'BUFG' [C:/Logiciels/Xilinx/Vivado/2017.2/scripts/rt/data/unisim_comp.v:607]
INFO: [Synth 8-256] done synthesizing module 'BUFG' (3#1) [C:/Logiciels/Xilinx/Vivado/2017.2/scripts/rt/data/unisim_comp.v:607]
INFO: [Synth 8-256] done synthesizing module 'design_1_clk_wiz_0_0_clk_wiz' (4#1) [c:/TEMP/3610_4/TP4/TP4.srcs/sources_1/bd/design_1/ip/design_1_clk_wiz_0_0/design_1_clk_wiz_0_0_clk_wiz.v:68]
INFO: [Synth 8-256] done synthesizing module 'design_1_clk_wiz_0_0' (5#1) [c:/TEMP/3610_4/TP4/TP4.srcs/sources_1/bd/design_1/ip/design_1_clk_wiz_0_0/design_1_clk_wiz_0_0.v:70]
Finished RTL Elaboration : Time (s): cpu = 00:00:07 ; elapsed = 00:00:08 . Memory (MB): peak = 382.039 ; gain = 120.000
Finished RTL Optimization Phase 1 : Time (s): cpu = 00:00:07 ; elapsed = 00:00:08 . Memory (MB): peak = 382.039 ; gain = 120.000
INFO: [Device 21-403] Loading part xc7z020clg484-1
Constraint Validation Runtime : Time (s): cpu = 00:00:00 ; elapsed = 00:00:00.070 . Memory (MB): peak = 618.625 ; gain = 0.000
Finished Constraint Validation : Time (s): cpu = 00:00:20 ; elapsed = 00:01:21 . Memory (MB): peak = 618.625 ; gain = 356.586
Finished Loading Part and Timing Information : Time (s): cpu = 00:00:20 ; elapsed = 00:01:21 . Memory (MB): peak = 618.625 ; gain = 356.586
Finished applying 'set_property' XDC Constraints : Time (s): cpu = 00:00:20 ; elapsed = 00:01:21 . Memory (MB): peak = 618.625 ; gain = 356.586
Finished RTL Optimization Phase 2 : Time (s): cpu = 00:00:20 ; elapsed = 00:01:21 . Memory (MB): peak = 618.625 ; gain = 356.586
Finished Cross Boundary and Area Optimization : Time (s): cpu = 00:00:20 ; elapsed = 00:01:21 . Memory (MB): peak = 618.625 ; gain = 356.586
Finished Applying XDC Timing Constraints : Time (s): cpu = 00:00:36 ; elapsed = 00:01:37 . Memory (MB): peak = 642.875 ; gain = 380.836
Finished Timing Optimization : Time (s): cpu = 00:00:36 ; elapsed = 00:01:37 . Memory (MB): peak = 642.875 ; gain = 380.836
Finished Technology Mapping : Time (s): cpu = 00:00:36 ; elapsed = 00:01:37 . Memory (MB): peak = 653.016 ; gain = 390.977
Finished IO Insertion : Time (s): cpu = 00:00:37 ; elapsed = 00:01:38 . Memory (MB): peak = 653.016 ; gain = 390.977
Finished Renaming Generated Instances : Time (s): cpu = 00:00:37 ; elapsed = 00:01:38 . Memory (MB): peak = 653.016 ; gain = 390.977
Finished Rebuilding User Hierarchy : Time (s): cpu = 00:00:37 ; elapsed = 00:01:38 . Memory (MB): peak = 653.016 ; gain = 390.977
Finished Renaming Generated Ports : Time (s): cpu = 00:00:37 ; elapsed = 00:01:38 . Memory (MB): peak = 653.016 ; gain = 390.977
Finished Handling Custom Attributes : Time (s): cpu = 00:00:37 ; elapsed = 00:01:38 . Memory (MB): peak = 653.016 ; gain = 390.977
Finished Renaming Generated Nets : Time (s): cpu = 00:00:37 ; elapsed = 00:01:38 . Memory (MB): peak = 653.016 ; gain = 390.977

Report Cell Usage: 
+------+-----------+------+
|      |Cell       |Count |
+------+-----------+------+
|1     |BUFG       |     2|
|2     |MMCME2_ADV |     1|
|3     |IBUF       |     1|
+------+-----------+------+
Finished Writing Synthesis Report : Time (s): cpu = 00:00:37 ; elapsed = 00:01:38 . Memory (MB): peak = 653.016 ; gain = 390.977
synth_design: Time (s): cpu = 00:00:38 ; elapsed = 00:01:40 . Memory (MB): peak = 666.535 ; gain = 407.121
